Using pre-set license
Built from '2021.3/staging' branch; Version is '2021.3.11f1 (0a5ca18544bf) revision 679073'; Using compiler version '192829333'; Build Type 'Release'
OS: 'Windows 10  (10.0.19044) 64bit Core' Language: 'en' Physical Memory: 8013 MB
BatchMode: 1, IsHumanControllingUs: 0, StartBugReporterOnCrash: 0, Is64bit: 1, IsPro: 1

COMMAND LINE ARGUMENTS:
C:\Program Files\Unity\Hub\Editor\2021.3.11f1\Editor\Unity.exe
-adb2
-batchMode
-noUpm
-name
AssetImportWorker2
-projectPath
C:/Users/Code Ninjas Markham/Documents/Tyler-Lin-Purple/SuperShapes-TL
-logFile
Logs/AssetImportWorker2.log
-srvPort
53027
Successfully changed project path to: C:/Users/Code Ninjas Markham/Documents/Tyler-Lin-Purple/SuperShapes-TL
C:/Users/Code Ninjas Markham/Documents/Tyler-Lin-Purple/SuperShapes-TL
[UnityMemory] Configuration Parameters - Can be set up in boot.config
    "memorysetup-bucket-allocator-granularity=16"
    "memorysetup-bucket-allocator-bucket-count=8"
    "memorysetup-bucket-allocator-block-size=33554432"
    "memorysetup-bucket-allocator-block-count=8"
    "memorysetup-main-allocator-block-size=16777216"
    "memorysetup-thread-allocator-block-size=16777216"
    "memorysetup-gfx-main-allocator-block-size=16777216"
    "memorysetup-gfx-thread-allocator-block-size=16777216"
    "memorysetup-cache-allocator-block-size=4194304"
    "memorysetup-typetree-allocator-block-size=2097152"
    "memorysetup-profiler-bucket-allocator-granularity=16"
    "memorysetup-profiler-bucket-allocator-bucket-count=8"
    "memorysetup-profiler-bucket-allocator-block-size=33554432"
    "memorysetup-profiler-bucket-allocator-block-count=8"
    "memorysetup-profiler-allocator-block-size=16777216"
    "memorysetup-profiler-editor-allocator-block-size=1048576"
    "memorysetup-temp-allocator-size-main=16777216"
    "memorysetup-job-temp-allocator-block-size=2097152"
    "memorysetup-job-temp-allocator-block-size-background=1048576"
    "memorysetup-job-temp-allocator-reduction-small-platforms=262144"
    "memorysetup-temp-allocator-size-background-worker=32768"
    "memorysetup-temp-allocator-size-job-worker=262144"
    "memorysetup-temp-allocator-size-preload-manager=33554432"
    "memorysetup-temp-allocator-size-nav-mesh-worker=65536"
    "memorysetup-temp-allocator-size-audio-worker=65536"
    "memorysetup-temp-allocator-size-cloud-worker=32768"
    "memorysetup-temp-allocator-size-gi-baking-worker=262144"
    "memorysetup-temp-allocator-size-gfx=262144"
Refreshing native plugins compatible for Editor in 47.36 ms, found 3 plugins.
Preloading 0 native plugins for Editor in 0.00 ms.
Initialize engine version: 2021.3.11f1 (0a5ca18544bf)
[Subsystems] Discovering subsystems at path C:/Program Files/Unity/Hub/Editor/2021.3.11f1/Editor/Data/Resources/UnitySubsystems
[Subsystems] Discovering subsystems at path C:/Users/Code Ninjas Markham/Documents/Tyler-Lin-Purple/SuperShapes-TL/Assets
GfxDevice: creating device client; threaded=0; jobified=0
Direct3D:
    Version:  Direct3D 11.0 [level 11.1]
    Renderer: NVIDIA GeForce GTX 1650 with Max-Q Design (ID=0x1f9d)
    Vendor:   NVIDIA
    VRAM:     3962 MB
    Driver:   31.0.15.1659
Initialize mono
Mono path[0] = 'C:/Program Files/Unity/Hub/Editor/2021.3.11f1/Editor/Data/Managed'
Mono path[1] = 'C:/Program Files/Unity/Hub/Editor/2021.3.11f1/Editor/Data/MonoBleedingEdge/lib/mono/unityjit-win32'
Mono config path = 'C:/Program Files/Unity/Hub/Editor/2021.3.11f1/Editor/Data/MonoBleedingEdge/etc'
Using monoOptions --debugger-agent=transport=dt_socket,embedding=1,server=y,suspend=n,address=127.0.0.1:56920
Begin MonoManager ReloadAssembly
Registering precompiled unity dll's ...
Register platform support module: C:/Program Files/Unity/Hub/Editor/2021.3.11f1/Editor/Data/PlaybackEngines/WebGLSupport/UnityEditor.WebGL.Extensions.dll
Register platform support module: C:/Program Files/Unity/Hub/Editor/2021.3.11f1/Editor/Data/PlaybackEngines/WindowsStandaloneSupport/UnityEditor.WindowsStandalone.Extensions.dll
Registered in 0.009714 seconds.
Native extension for WindowsStandalone target not found
Native extension for WebGL target not found
Refreshing native plugins compatible for Editor in 39.45 ms, found 3 plugins.
Preloading 0 native plugins for Editor in 0.00 ms.
Mono: successfully reloaded assembly
- Completed reload, in  0.652 seconds
Domain Reload Profiling:
	ReloadAssembly (652ms)
		BeginReloadAssembly (151ms)
			ExecutionOrderSort (0ms)
			DisableScriptedObjects (0ms)
			BackupInstance (0ms)
			ReleaseScriptingObjects (0ms)
			CreateAndSetChildDomain (1ms)
		EndReloadAssembly (397ms)
			LoadAssemblies (150ms)
			RebuildTransferFunctionScriptingTraits (0ms)
			SetupTypeCache (97ms)
			ReleaseScriptCaches (0ms)
			RebuildScriptCaches (26ms)
			SetupLoadedEditorAssemblies (227ms)
				LogAssemblyErrors (0ms)
				InitializePlatformSupportModulesInManaged (11ms)
				SetLoadedEditorAssemblies (0ms)
				RefreshPlugins (40ms)
				BeforeProcessingInitializeOnLoad (1ms)
				ProcessInitializeOnLoadAttributes (129ms)
				ProcessInitializeOnLoadMethodAttributes (46ms)
				AfterProcessingInitializeOnLoad (0ms)
				EditorAssembliesLoaded (0ms)
			ExecutionOrderSort2 (0ms)
			AwakeInstancesAfterBackupRestoration (0ms)
Platform modules already initialized, skipping
Registering precompiled user dll's ...
Registered in 0.013103 seconds.
Begin MonoManager ReloadAssembly
Native extension for WindowsStandalone target not found
Native extension for WebGL target not found
Refreshing native plugins compatible for Editor in 36.64 ms, found 3 plugins.
Preloading 0 native plugins for Editor in 0.00 ms.
Mono: successfully reloaded assembly
- Completed reload, in  0.962 seconds
Domain Reload Profiling:
	ReloadAssembly (963ms)
		BeginReloadAssembly (109ms)
			ExecutionOrderSort (0ms)
			DisableScriptedObjects (6ms)
			BackupInstance (0ms)
			ReleaseScriptingObjects (0ms)
			CreateAndSetChildDomain (19ms)
		EndReloadAssembly (746ms)
			LoadAssemblies (117ms)
			RebuildTransferFunctionScriptingTraits (0ms)
			SetupTypeCache (173ms)
			ReleaseScriptCaches (0ms)
			RebuildScriptCaches (43ms)
			SetupLoadedEditorAssemblies (370ms)
				LogAssemblyErrors (0ms)
				InitializePlatformSupportModulesInManaged (5ms)
				SetLoadedEditorAssemblies (0ms)
				RefreshPlugins (37ms)
				BeforeProcessingInitializeOnLoad (68ms)
				ProcessInitializeOnLoadAttributes (206ms)
				ProcessInitializeOnLoadMethodAttributes (44ms)
				AfterProcessingInitializeOnLoad (10ms)
				EditorAssembliesLoaded (1ms)
			ExecutionOrderSort2 (0ms)
			AwakeInstancesAfterBackupRestoration (7ms)
Platform modules already initialized, skipping
========================================================================
Worker process is ready to serve import requests
Launched and connected shader compiler UnityShaderCompiler.exe after 0.04 seconds
Refreshing native plugins compatible for Editor in 0.55 ms, found 3 plugins.
Preloading 0 native plugins for Editor in 0.00 ms.
Unloading 2555 Unused Serialized files (Serialized files now loaded: 0)
Unloading 37 unused Assets / (132.3 KB). Loaded Objects now: 3024.
Memory consumption went from 129.8 MB to 129.6 MB.
Total: 3.967700 ms (FindLiveObjects: 0.254900 ms CreateObjectMapping: 0.285800 ms MarkObjects: 3.217900 ms  DeleteObjects: 0.208400 ms)

AssetImportParameters requested are different than current active one (requested -> active):
  custom:video-decoder-ogg-theora: a1e56fd34408186e4bbccfd4996cb3dc -> 
  custom:container-muxer-webm: aa71ff27fc2769a1b78a27578f13a17b -> 
  custom:container-demuxer-webm: 4f35f7cbe854078d1ac9338744f61a02 -> 
  custom:video-encoder-webm-vp8: eb34c28f22e8b96e1ab97ce403110664 -> 
  custom:audio-encoder-webm-vorbis: bf7c407c2cedff20999df2af8eb42d56 -> 
  custom:framework-win-MediaFoundation: 216162199b28c13a410421893ffa2e32 -> 
  custom:container-demuxer-ogg: 62fdf1f143b41e24485cea50d1cbac27 -> 
  custom:video-decoder-webm-vp8: 9c59270c3fd7afecdb556c50c9e8de78 -> 
  custom:audio-decoder-ogg-vorbis: bf7c407c2cedff20999df2af8eb42d56 -> 
========================================================================
Received Import Request.
  Time since last request: 150171.158002 seconds.
  path: Assets/Prefabs/3 Sides 1.prefab
  artifactKey: Guid(0a360af1ca04d6a42b49a728a2809a7b) Importer(815301076,1909f56bfc062723c751e8b465ee728b)
Start importing Assets/Prefabs/3 Sides 1.prefab using Guid(0a360af1ca04d6a42b49a728a2809a7b) Importer(815301076,1909f56bfc062723c751e8b465ee728b)  -> (artifact id: '747e8554091ec73db9b6c84cf6bad941') in 0.125799 seconds 
========================================================================
Received Import Request.
  Time since last request: 3.024399 seconds.
  path: Assets/Prefabs/3 Sides.prefab
  artifactKey: Guid(d147164ba903349459e2b69461634b0a) Importer(815301076,1909f56bfc062723c751e8b465ee728b)
Start importing Assets/Prefabs/3 Sides.prefab using Guid(d147164ba903349459e2b69461634b0a) Importer(815301076,1909f56bfc062723c751e8b465ee728b)  -> (artifact id: '7b41dbe109ef22a9ecd487db32514c61') in 0.011086 seconds 
========================================================================
Received Import Request.
  Time since last request: 2.262979 seconds.
  path: Assets/Prefabs/Hexagon 1.prefab
  artifactKey: Guid(52a2692731724864a81dae3b8aa7eb1a) Importer(815301076,1909f56bfc062723c751e8b465ee728b)
Start importing Assets/Prefabs/Hexagon 1.prefab using Guid(52a2692731724864a81dae3b8aa7eb1a) Importer(815301076,1909f56bfc062723c751e8b465ee728b)  -> (artifact id: 'c502760964feafa4cea5ef8176822cf9') in 0.018884 seconds 
========================================================================
Received Import Request.
  Time since last request: 1.943696 seconds.
  path: Assets/Prefabs/Hexagon.prefab
  artifactKey: Guid(b9974bbe1181ab348968ea07c769aa47) Importer(815301076,1909f56bfc062723c751e8b465ee728b)
Start importing Assets/Prefabs/Hexagon.prefab using Guid(b9974bbe1181ab348968ea07c769aa47) Importer(815301076,1909f56bfc062723c751e8b465ee728b)  -> (artifact id: '0efaf0f1b1815ab1d5bc3f18c660a6d8') in 0.013708 seconds 
========================================================================
Received Import Request.
  Time since last request: 1.683787 seconds.
  path: Assets/Prefabs/Pentagon 1.prefab
  artifactKey: Guid(b584d68ce6f363540b19b2b551dbb6a0) Importer(815301076,1909f56bfc062723c751e8b465ee728b)
Start importing Assets/Prefabs/Pentagon 1.prefab using Guid(b584d68ce6f363540b19b2b551dbb6a0) Importer(815301076,1909f56bfc062723c751e8b465ee728b)  -> (artifact id: 'b45485a9b1803ea95d06f88ff6e8d572') in 0.010579 seconds 
========================================================================
Received Import Request.
  Time since last request: 7.661988 seconds.
  path: Assets/Prefabs/Triangle 1.prefab
  artifactKey: Guid(32299eeeb5c4a9b49a749806b993152c) Importer(815301076,1909f56bfc062723c751e8b465ee728b)
Start importing Assets/Prefabs/Triangle 1.prefab using Guid(32299eeeb5c4a9b49a749806b993152c) Importer(815301076,1909f56bfc062723c751e8b465ee728b)  -> (artifact id: '352fee894ec37f4bf3f568c0cba1ac58') in 0.011650 seconds 
========================================================================
Received Import Request.
  Time since last request: 2.009595 seconds.
  path: Assets/Prefabs/Triangle.prefab
  artifactKey: Guid(a7a20bb749b744044bb235ea1e406d4b) Importer(815301076,1909f56bfc062723c751e8b465ee728b)
Start importing Assets/Prefabs/Triangle.prefab using Guid(a7a20bb749b744044bb235ea1e406d4b) Importer(815301076,1909f56bfc062723c751e8b465ee728b)  -> (artifact id: 'b8f464d69c876107894f9b2925805556') in 0.010792 seconds 
========================================================================
Received Prepare
Registering precompiled user dll's ...
Registered in 0.004779 seconds.
Begin MonoManager ReloadAssembly
Native extension for WindowsStandalone target not found
Native extension for WebGL target not found
Refreshing native plugins compatible for Editor in 0.94 ms, found 3 plugins.
Preloading 0 native plugins for Editor in 0.00 ms.
Mono: successfully reloaded assembly
- Completed reload, in  1.000 seconds
Domain Reload Profiling:
	ReloadAssembly (1000ms)
		BeginReloadAssembly (123ms)
			ExecutionOrderSort (0ms)
			DisableScriptedObjects (6ms)
			BackupInstance (0ms)
			ReleaseScriptingObjects (0ms)
			CreateAndSetChildDomain (32ms)
		EndReloadAssembly (785ms)
			LoadAssemblies (78ms)
			RebuildTransferFunctionScriptingTraits (0ms)
			SetupTypeCache (200ms)
			ReleaseScriptCaches (1ms)
			RebuildScriptCaches (39ms)
			SetupLoadedEditorAssemblies (414ms)
				LogAssemblyErrors (0ms)
				InitializePlatformSupportModulesInManaged (16ms)
				SetLoadedEditorAssemblies (1ms)
				RefreshPlugins (1ms)
				BeforeProcessingInitializeOnLoad (74ms)
				ProcessInitializeOnLoadAttributes (251ms)
				ProcessInitializeOnLoadMethodAttributes (62ms)
				AfterProcessingInitializeOnLoad (9ms)
				EditorAssembliesLoaded (0ms)
			ExecutionOrderSort2 (0ms)
			AwakeInstancesAfterBackupRestoration (11ms)
Platform modules already initialized, skipping
Refreshing native plugins compatible for Editor in 4.65 ms, found 3 plugins.
Preloading 0 native plugins for Editor in 0.00 ms.
Unloading 2500 Unused Serialized files (Serialized files now loaded: 0)
Unloading 25 unused Assets / (103.4 KB). Loaded Objects now: 3036.
Memory consumption went from 128.4 MB to 128.2 MB.
Total: 7.420800 ms (FindLiveObjects: 0.456200 ms CreateObjectMapping: 0.251700 ms MarkObjects: 6.369600 ms  DeleteObjects: 0.341100 ms)

AssetImportParameters requested are different than current active one (requested -> active):
  custom:video-decoder-ogg-theora: a1e56fd34408186e4bbccfd4996cb3dc -> 
  custom:container-muxer-webm: aa71ff27fc2769a1b78a27578f13a17b -> 
  custom:container-demuxer-webm: 4f35f7cbe854078d1ac9338744f61a02 -> 
  custom:video-encoder-webm-vp8: eb34c28f22e8b96e1ab97ce403110664 -> 
  custom:audio-encoder-webm-vorbis: bf7c407c2cedff20999df2af8eb42d56 -> 
  custom:framework-win-MediaFoundation: 216162199b28c13a410421893ffa2e32 -> 
  custom:container-demuxer-ogg: 62fdf1f143b41e24485cea50d1cbac27 -> 
  custom:video-decoder-webm-vp8: 9c59270c3fd7afecdb556c50c9e8de78 -> 
  custom:audio-decoder-ogg-vorbis: bf7c407c2cedff20999df2af8eb42d56 -> 
========================================================================
Received Prepare
Registering precompiled user dll's ...
Registered in 0.004803 seconds.
Begin MonoManager ReloadAssembly
Native extension for WindowsStandalone target not found
Native extension for WebGL target not found
Refreshing native plugins compatible for Editor in 0.59 ms, found 3 plugins.
Preloading 0 native plugins for Editor in 0.00 ms.
Mono: successfully reloaded assembly
- Completed reload, in  0.937 seconds
Domain Reload Profiling:
	ReloadAssembly (937ms)
		BeginReloadAssembly (126ms)
			ExecutionOrderSort (0ms)
			DisableScriptedObjects (7ms)
			BackupInstance (0ms)
			ReleaseScriptingObjects (0ms)
			CreateAndSetChildDomain (30ms)
		EndReloadAssembly (718ms)
			LoadAssemblies (82ms)
			RebuildTransferFunctionScriptingTraits (0ms)
			SetupTypeCache (203ms)
			ReleaseScriptCaches (1ms)
			RebuildScriptCaches (56ms)
			SetupLoadedEditorAssemblies (326ms)
				LogAssemblyErrors (0ms)
				InitializePlatformSupportModulesInManaged (15ms)
				SetLoadedEditorAssemblies (0ms)
				RefreshPlugins (1ms)
				BeforeProcessingInitializeOnLoad (64ms)
				ProcessInitializeOnLoadAttributes (196ms)
				ProcessInitializeOnLoadMethodAttributes (42ms)
				AfterProcessingInitializeOnLoad (8ms)
				EditorAssembliesLoaded (0ms)
			ExecutionOrderSort2 (0ms)
			AwakeInstancesAfterBackupRestoration (11ms)
Platform modules already initialized, skipping
Refreshing native plugins compatible for Editor in 3.22 ms, found 3 plugins.
Preloading 0 native plugins for Editor in 0.00 ms.
Unloading 2500 Unused Serialized files (Serialized files now loaded: 0)
Unloading 24 unused Assets / (102.4 KB). Loaded Objects now: 3039.
Memory consumption went from 128.4 MB to 128.3 MB.
Total: 8.264200 ms (FindLiveObjects: 0.335700 ms CreateObjectMapping: 0.293600 ms MarkObjects: 7.373400 ms  DeleteObjects: 0.259500 ms)

AssetImportParameters requested are different than current active one (requested -> active):
  custom:video-decoder-ogg-theora: a1e56fd34408186e4bbccfd4996cb3dc -> 
  custom:container-muxer-webm: aa71ff27fc2769a1b78a27578f13a17b -> 
  custom:container-demuxer-webm: 4f35f7cbe854078d1ac9338744f61a02 -> 
  custom:video-encoder-webm-vp8: eb34c28f22e8b96e1ab97ce403110664 -> 
  custom:audio-encoder-webm-vorbis: bf7c407c2cedff20999df2af8eb42d56 -> 
  custom:framework-win-MediaFoundation: 216162199b28c13a410421893ffa2e32 -> 
  custom:container-demuxer-ogg: 62fdf1f143b41e24485cea50d1cbac27 -> 
  custom:video-decoder-webm-vp8: 9c59270c3fd7afecdb556c50c9e8de78 -> 
  custom:audio-decoder-ogg-vorbis: bf7c407c2cedff20999df2af8eb42d56 -> 
========================================================================
Received Import Request.
  Time since last request: 133.176545 seconds.
  path: Assets/Prefabs/3 Sides.prefab
  artifactKey: Guid(d147164ba903349459e2b69461634b0a) Importer(815301076,1909f56bfc062723c751e8b465ee728b)
Start importing Assets/Prefabs/3 Sides.prefab using Guid(d147164ba903349459e2b69461634b0a) Importer(815301076,1909f56bfc062723c751e8b465ee728b)  -> (artifact id: '5d79f5773761c03f442de354867deffe') in 0.121325 seconds 
========================================================================
Received Import Request.
  Time since last request: 0.000017 seconds.
  path: Assets/Prefabs/Hexagon 1.prefab
  artifactKey: Guid(52a2692731724864a81dae3b8aa7eb1a) Importer(815301076,1909f56bfc062723c751e8b465ee728b)
Start importing Assets/Prefabs/Hexagon 1.prefab using Guid(52a2692731724864a81dae3b8aa7eb1a) Importer(815301076,1909f56bfc062723c751e8b465ee728b)  -> (artifact id: 'fd19775f4c74340c6783fcb4a5ca9aec') in 0.025941 seconds 
========================================================================
Received Import Request.
  Time since last request: 0.000032 seconds.
  path: Assets/Prefabs/Hexagon.prefab
  artifactKey: Guid(b9974bbe1181ab348968ea07c769aa47) Importer(815301076,1909f56bfc062723c751e8b465ee728b)
Start importing Assets/Prefabs/Hexagon.prefab using Guid(b9974bbe1181ab348968ea07c769aa47) Importer(815301076,1909f56bfc062723c751e8b465ee728b)  -> (artifact id: '2b2bd74b29643fa933634f8988d44f9e') in 0.033160 seconds 
========================================================================
Received Import Request.
  Time since last request: 0.000030 seconds.
  path: Assets/Prefabs/Triangle.prefab
  artifactKey: Guid(a7a20bb749b744044bb235ea1e406d4b) Importer(815301076,1909f56bfc062723c751e8b465ee728b)
Start importing Assets/Prefabs/Triangle.prefab using Guid(a7a20bb749b744044bb235ea1e406d4b) Importer(815301076,1909f56bfc062723c751e8b465ee728b)  -> (artifact id: 'aa3829c3f24f09ea2f9d732fa6de1980') in 0.015985 seconds 
========================================================================
Received Import Request.
  Time since last request: 0.000050 seconds.
  path: Assets/Prefabs/3 Sides 1.prefab
  artifactKey: Guid(0a360af1ca04d6a42b49a728a2809a7b) Importer(815301076,1909f56bfc062723c751e8b465ee728b)
Start importing Assets/Prefabs/3 Sides 1.prefab using Guid(0a360af1ca04d6a42b49a728a2809a7b) Importer(815301076,1909f56bfc062723c751e8b465ee728b)  -> (artifact id: 'bc53a753ae4dcaa86bcd61d04b2f4262') in 0.014058 seconds 
========================================================================
Received Import Request.
  Time since last request: 1.203825 seconds.
  path: Assets/Prefabs/Triangle.prefab
  artifactKey: Guid(a7a20bb749b744044bb235ea1e406d4b) Importer(815301076,1909f56bfc062723c751e8b465ee728b)
Start importing Assets/Prefabs/Triangle.prefab using Guid(a7a20bb749b744044bb235ea1e406d4b) Importer(815301076,1909f56bfc062723c751e8b465ee728b)  -> (artifact id: '5a6f7d921071f1c869ea24dcc1498a83') in 0.010253 seconds 
========================================================================
Received Import Request.
  Time since last request: 1.956062 seconds.
  path: Assets/Prefabs/Triangle 1.prefab
  artifactKey: Guid(32299eeeb5c4a9b49a749806b993152c) Importer(815301076,1909f56bfc062723c751e8b465ee728b)
Start importing Assets/Prefabs/Triangle 1.prefab using Guid(32299eeeb5c4a9b49a749806b993152c) Importer(815301076,1909f56bfc062723c751e8b465ee728b)  -> (artifact id: '7a63473defaf0492b3fea001b8929ab5') in 0.009914 seconds 
========================================================================
Received Import Request.
  Time since last request: 5.620451 seconds.
  path: Assets/Prefabs/Pentagon 1.prefab
  artifactKey: Guid(b584d68ce6f363540b19b2b551dbb6a0) Importer(815301076,1909f56bfc062723c751e8b465ee728b)
Start importing Assets/Prefabs/Pentagon 1.prefab using Guid(b584d68ce6f363540b19b2b551dbb6a0) Importer(815301076,1909f56bfc062723c751e8b465ee728b)  -> (artifact id: 'fcffae925761182fd0d8c3df4bba966b') in 0.011102 seconds 
========================================================================
Received Import Request.
  Time since last request: 2.675721 seconds.
  path: Assets/Prefabs/Hexagon.prefab
  artifactKey: Guid(b9974bbe1181ab348968ea07c769aa47) Importer(815301076,1909f56bfc062723c751e8b465ee728b)
Start importing Assets/Prefabs/Hexagon.prefab using Guid(b9974bbe1181ab348968ea07c769aa47) Importer(815301076,1909f56bfc062723c751e8b465ee728b)  -> (artifact id: 'e35e19e46e325067704dd8a66297d2aa') in 0.016245 seconds 
========================================================================
Received Import Request.
  Time since last request: 1.783843 seconds.
  path: Assets/Prefabs/Hexagon 1.prefab
  artifactKey: Guid(52a2692731724864a81dae3b8aa7eb1a) Importer(815301076,1909f56bfc062723c751e8b465ee728b)
Start importing Assets/Prefabs/Hexagon 1.prefab using Guid(52a2692731724864a81dae3b8aa7eb1a) Importer(815301076,1909f56bfc062723c751e8b465ee728b)  -> (artifact id: '5a7ded748c9e1b3bcfe45855cc74f210') in 0.013753 seconds 
========================================================================
Received Import Request.
  Time since last request: 2.976283 seconds.
  path: Assets/Prefabs/3 Sides.prefab
  artifactKey: Guid(d147164ba903349459e2b69461634b0a) Importer(815301076,1909f56bfc062723c751e8b465ee728b)
Start importing Assets/Prefabs/3 Sides.prefab using Guid(d147164ba903349459e2b69461634b0a) Importer(815301076,1909f56bfc062723c751e8b465ee728b)  -> (artifact id: 'd88130458726179ef1cff14ff1b6a07b') in 0.010429 seconds 
========================================================================
Received Import Request.
  Time since last request: 2.810292 seconds.
  path: Assets/Prefabs/3 Sides 1.prefab
  artifactKey: Guid(0a360af1ca04d6a42b49a728a2809a7b) Importer(815301076,1909f56bfc062723c751e8b465ee728b)
Start importing Assets/Prefabs/3 Sides 1.prefab using Guid(0a360af1ca04d6a42b49a728a2809a7b) Importer(815301076,1909f56bfc062723c751e8b465ee728b)  -> (artifact id: '8e506a68428686f630625bd8b647c64e') in 0.012101 seconds 
========================================================================
Received Prepare
Registering precompiled user dll's ...
Registered in 0.004685 seconds.
Begin MonoManager ReloadAssembly
Native extension for WindowsStandalone target not found
Native extension for WebGL target not found
Refreshing native plugins compatible for Editor in 1.05 ms, found 3 plugins.
Preloading 0 native plugins for Editor in 0.00 ms.
Mono: successfully reloaded assembly
- Completed reload, in  1.052 seconds
Domain Reload Profiling:
	ReloadAssembly (1053ms)
		BeginReloadAssembly (127ms)
			ExecutionOrderSort (0ms)
			DisableScriptedObjects (6ms)
			BackupInstance (0ms)
			ReleaseScriptingObjects (0ms)
			CreateAndSetChildDomain (32ms)
		EndReloadAssembly (824ms)
			LoadAssemblies (84ms)
			RebuildTransferFunctionScriptingTraits (0ms)
			SetupTypeCache (203ms)
			ReleaseScriptCaches (1ms)
			RebuildScriptCaches (44ms)
			SetupLoadedEditorAssemblies (435ms)
				LogAssemblyErrors (0ms)
				InitializePlatformSupportModulesInManaged (15ms)
				SetLoadedEditorAssemblies (0ms)
				RefreshPlugins (1ms)
				BeforeProcessingInitializeOnLoad (74ms)
				ProcessInitializeOnLoadAttributes (289ms)
				ProcessInitializeOnLoadMethodAttributes (48ms)
				AfterProcessingInitializeOnLoad (8ms)
				EditorAssembliesLoaded (0ms)
			ExecutionOrderSort2 (0ms)
			AwakeInstancesAfterBackupRestoration (12ms)
Platform modules already initialized, skipping
Refreshing native plugins compatible for Editor in 6.40 ms, found 3 plugins.
Preloading 0 native plugins for Editor in 0.00 ms.
Unloading 2500 Unused Serialized files (Serialized files now loaded: 0)
Unloading 25 unused Assets / (103.5 KB). Loaded Objects now: 3042.
Memory consumption went from 128.4 MB to 128.3 MB.
Total: 8.387300 ms (FindLiveObjects: 0.603800 ms CreateObjectMapping: 0.819000 ms MarkObjects: 6.297200 ms  DeleteObjects: 0.664400 ms)

AssetImportParameters requested are different than current active one (requested -> active):
  custom:video-decoder-ogg-theora: a1e56fd34408186e4bbccfd4996cb3dc -> 
  custom:container-muxer-webm: aa71ff27fc2769a1b78a27578f13a17b -> 
  custom:container-demuxer-webm: 4f35f7cbe854078d1ac9338744f61a02 -> 
  custom:video-encoder-webm-vp8: eb34c28f22e8b96e1ab97ce403110664 -> 
  custom:audio-encoder-webm-vorbis: bf7c407c2cedff20999df2af8eb42d56 -> 
  custom:framework-win-MediaFoundation: 216162199b28c13a410421893ffa2e32 -> 
  custom:container-demuxer-ogg: 62fdf1f143b41e24485cea50d1cbac27 -> 
  custom:video-decoder-webm-vp8: 9c59270c3fd7afecdb556c50c9e8de78 -> 
  custom:audio-decoder-ogg-vorbis: bf7c407c2cedff20999df2af8eb42d56 -> 
========================================================================
Received Prepare
Registering precompiled user dll's ...
Registered in 0.004807 seconds.
Begin MonoManager ReloadAssembly
Native extension for WindowsStandalone target not found
Native extension for WebGL target not found
Refreshing native plugins compatible for Editor in 0.66 ms, found 3 plugins.
Preloading 0 native plugins for Editor in 0.00 ms.
Mono: successfully reloaded assembly
- Completed reload, in  1.015 seconds
Domain Reload Profiling:
	ReloadAssembly (1016ms)
		BeginReloadAssembly (122ms)
			ExecutionOrderSort (0ms)
			DisableScriptedObjects (7ms)
			BackupInstance (0ms)
			ReleaseScriptingObjects (0ms)
			CreateAndSetChildDomain (30ms)
		EndReloadAssembly (805ms)
			LoadAssemblies (77ms)
			RebuildTransferFunctionScriptingTraits (0ms)
			SetupTypeCache (200ms)
			ReleaseScriptCaches (2ms)
			RebuildScriptCaches (57ms)
			SetupLoadedEditorAssemblies (408ms)
				LogAssemblyErrors (0ms)
				InitializePlatformSupportModulesInManaged (16ms)
				SetLoadedEditorAssemblies (1ms)
				RefreshPlugins (1ms)
				BeforeProcessingInitializeOnLoad (74ms)
				ProcessInitializeOnLoadAttributes (252ms)
				ProcessInitializeOnLoadMethodAttributes (55ms)
				AfterProcessingInitializeOnLoad (10ms)
				EditorAssembliesLoaded (0ms)
			ExecutionOrderSort2 (0ms)
			AwakeInstancesAfterBackupRestoration (10ms)
Platform modules already initialized, skipping
Refreshing native plugins compatible for Editor in 11.99 ms, found 3 plugins.
Preloading 0 native plugins for Editor in 0.00 ms.
Unloading 2500 Unused Serialized files (Serialized files now loaded: 0)
Unloading 24 unused Assets / (102.6 KB). Loaded Objects now: 3045.
Memory consumption went from 128.4 MB to 128.3 MB.
Total: 8.073700 ms (FindLiveObjects: 0.372800 ms CreateObjectMapping: 0.899800 ms MarkObjects: 6.356100 ms  DeleteObjects: 0.442700 ms)

AssetImportParameters requested are different than current active one (requested -> active):
  custom:video-decoder-ogg-theora: a1e56fd34408186e4bbccfd4996cb3dc -> 
  custom:container-muxer-webm: aa71ff27fc2769a1b78a27578f13a17b -> 
  custom:container-demuxer-webm: 4f35f7cbe854078d1ac9338744f61a02 -> 
  custom:video-encoder-webm-vp8: eb34c28f22e8b96e1ab97ce403110664 -> 
  custom:audio-encoder-webm-vorbis: bf7c407c2cedff20999df2af8eb42d56 -> 
  custom:framework-win-MediaFoundation: 216162199b28c13a410421893ffa2e32 -> 
  custom:container-demuxer-ogg: 62fdf1f143b41e24485cea50d1cbac27 -> 
  custom:video-decoder-webm-vp8: 9c59270c3fd7afecdb556c50c9e8de78 -> 
  custom:audio-decoder-ogg-vorbis: bf7c407c2cedff20999df2af8eb42d56 -> 
