Using pre-set license
Built from '2020.3/staging' branch; Version is '2020.3.0f1 (c7b5465681fb) revision 13088070'; Using compiler version '192528614'; Build Type 'Release'
OS: 'Windows 10 Home; OS build 19044.1526; Version 2009; 64bit' Language: 'en' Physical Memory: 8013 MB
BatchMode: 1, IsHumanControllingUs: 0, StartBugReporterOnCrash: 0, Is64bit: 1, IsPro: 0

 COMMAND LINE ARGUMENTS:
C:\Program Files\Unity\Hub\Editor\2020.3.0f1\Editor\Unity.exe
-adb2
-batchMode
-noUpm
-name
AssetImportWorker0
-projectPath
C:/Users/Code Ninjas Markham/Documents/Tyler-Lin-Purple/SuperShapes-TL
-logFile
Logs/AssetImportWorker0.log
-srvPort
61791
Successfully changed project path to: C:/Users/Code Ninjas Markham/Documents/Tyler-Lin-Purple/SuperShapes-TL
C:/Users/Code Ninjas Markham/Documents/Tyler-Lin-Purple/SuperShapes-TL
Using Asset Import Pipeline V2.
Refreshing native plugins compatible for Editor in 30.89 ms, found 1 plugins.
Preloading 0 native plugins for Editor in 0.00 ms.
Initialize engine version: 2020.3.0f1 (c7b5465681fb)
[Subsystems] Discovering subsystems at path C:/Program Files/Unity/Hub/Editor/2020.3.0f1/Editor/Data/Resources/UnitySubsystems
[Subsystems] Discovering subsystems at path C:/Users/Code Ninjas Markham/Documents/Tyler-Lin-Purple/SuperShapes-TL/Assets
GfxDevice: creating device client; threaded=0
Direct3D:
    Version:  Direct3D 11.0 [level 11.1]
    Renderer: NVIDIA GeForce GTX 1650 with Max-Q Design (ID=0x1f9d)
    Vendor:   
    VRAM:     3962 MB
    Driver:   27.21.14.6221
Initialize mono
Mono path[0] = 'C:/Program Files/Unity/Hub/Editor/2020.3.0f1/Editor/Data/Managed'
Mono path[1] = 'C:/Program Files/Unity/Hub/Editor/2020.3.0f1/Editor/Data/MonoBleedingEdge/lib/mono/unityjit'
Mono config path = 'C:/Program Files/Unity/Hub/Editor/2020.3.0f1/Editor/Data/MonoBleedingEdge/etc'
Using monoOptions --debugger-agent=transport=dt_socket,embedding=1,server=y,suspend=n,address=127.0.0.1:56964
Begin MonoManager ReloadAssembly
Registering precompiled unity dll's ...
Register platform support module: C:/Program Files/Unity/Hub/Editor/2020.3.0f1/Editor/Data/PlaybackEngines/WindowsStandaloneSupport/UnityEditor.WindowsStandalone.Extensions.dll
Registered in 0.001717 seconds.
Native extension for WindowsStandalone target not found
Refreshing native plugins compatible for Editor in 30.61 ms, found 1 plugins.
Preloading 0 native plugins for Editor in 0.00 ms.
Invoked RoslynAnalysisRunner static constructor.
RoslynAnalysisRunner will not be running.
RoslynAnalysisRunner has terminated.
Mono: successfully reloaded assembly
- Completed reload, in  0.855 seconds
Platform modules already initialized, skipping
Registering precompiled user dll's ...
Registered in 0.000772 seconds.
Begin MonoManager ReloadAssembly
Native extension for WindowsStandalone target not found
Refreshing native plugins compatible for Editor in 31.47 ms, found 1 plugins.
Preloading 0 native plugins for Editor in 0.00 ms.
Invoked RoslynAnalysisRunner static constructor.
RoslynAnalysisRunner will not be running.
RoslynAnalysisRunner has terminated.
Mono: successfully reloaded assembly
- Completed reload, in  0.781 seconds
Platform modules already initialized, skipping
========================================================================
Worker process is ready to serve import requests
Launched and connected shader compiler UnityShaderCompiler.exe after 0.04 seconds
Refreshing native plugins compatible for Editor in 0.36 ms, found 1 plugins.
Preloading 0 native plugins for Editor in 0.00 ms.
Unloading 1887 Unused Serialized files (Serialized files now loaded: 0)
System memory in use before: 103.1 MB.
System memory in use after: 103.0 MB.

Unloading 28 unused Assets to reduce memory usage. Loaded Objects now: 2335.
Total: 2.475400 ms (FindLiveObjects: 0.374300 ms CreateObjectMapping: 0.110400 ms MarkObjects: 1.771300 ms  DeleteObjects: 0.218500 ms)

========================================================================
Received Import Request.
  path: Assets/Scenes/SuperShapes.unity
  artifactKey: Guid(ce8d8c8800c975241b0a809646550ac5) Importer(815301076,1909f56bfc062723c751e8b465ee728b)
Start importing Assets/Scenes/SuperShapes.unity using Guid(ce8d8c8800c975241b0a809646550ac5) Importer(815301076,1909f56bfc062723c751e8b465ee728b)  -> (artifact id: 'efcbc58f900e762297a9c3105d37dec4') in 0.015642 seconds
  Import took 0.018222 seconds .

========================================================================
Received Prepare
Registering precompiled user dll's ...
Registered in 0.000796 seconds.
Begin MonoManager ReloadAssembly
Native extension for WindowsStandalone target not found
Refreshing native plugins compatible for Editor in 0.36 ms, found 1 plugins.
Preloading 0 native plugins for Editor in 0.00 ms.
Invoked RoslynAnalysisRunner static constructor.
RoslynAnalysisRunner will not be running.
RoslynAnalysisRunner has terminated.
Mono: successfully reloaded assembly
- Completed reload, in  0.680 seconds
Platform modules already initialized, skipping
Refreshing native plugins compatible for Editor in 0.37 ms, found 1 plugins.
Preloading 0 native plugins for Editor in 0.00 ms.
Unloading 1838 Unused Serialized files (Serialized files now loaded: 0)
System memory in use before: 99.5 MB.
System memory in use after: 99.4 MB.

Unloading 16 unused Assets to reduce memory usage. Loaded Objects now: 2339.
Total: 2.048900 ms (FindLiveObjects: 0.275800 ms CreateObjectMapping: 0.064500 ms MarkObjects: 1.490600 ms  DeleteObjects: 0.217200 ms)

========================================================================
Received Import Request.
  Time since last request: 650.721696 seconds.
  path: Assets/Prefabs/3 Sides.prefab
  artifactKey: Guid(d147164ba903349459e2b69461634b0a) Importer(815301076,1909f56bfc062723c751e8b465ee728b)
Start importing Assets/Prefabs/3 Sides.prefab using Guid(d147164ba903349459e2b69461634b0a) Importer(815301076,1909f56bfc062723c751e8b465ee728b)  -> (artifact id: '00ba16ffcbee2fbbab2babaadb8209de') in 0.160583 seconds
  Import took 0.163859 seconds .

========================================================================
Received Import Request.
  Time since last request: 0.000233 seconds.
  path: Assets/Prefabs/Hexagon.prefab
  artifactKey: Guid(b9974bbe1181ab348968ea07c769aa47) Importer(815301076,1909f56bfc062723c751e8b465ee728b)
Start importing Assets/Prefabs/Hexagon.prefab using Guid(b9974bbe1181ab348968ea07c769aa47) Importer(815301076,1909f56bfc062723c751e8b465ee728b)  -> (artifact id: '519cadb6e1c99e90bb18ee2260a315c5') in 0.026361 seconds
  Import took 0.029757 seconds .

========================================================================
Received Import Request.
  Time since last request: 0.000225 seconds.
  path: Assets/Prefabs/Player.prefab
  artifactKey: Guid(32230ba6f4513df4ab41f396e814f8d1) Importer(815301076,1909f56bfc062723c751e8b465ee728b)
Start importing Assets/Prefabs/Player.prefab using Guid(32230ba6f4513df4ab41f396e814f8d1) Importer(815301076,1909f56bfc062723c751e8b465ee728b)  -> (artifact id: 'a13371ae87bba3d660e65dc2b99d88cb') in 0.017290 seconds
  Import took 0.021778 seconds .

========================================================================
Received Import Request.
  Time since last request: 0.000231 seconds.
  path: Assets/Prefabs/GameOverCanvas.prefab
  artifactKey: Guid(4d260ae53ea38094e968ca102d743526) Importer(815301076,1909f56bfc062723c751e8b465ee728b)
Start importing Assets/Prefabs/GameOverCanvas.prefab using Guid(4d260ae53ea38094e968ca102d743526) Importer(815301076,1909f56bfc062723c751e8b465ee728b)  -> (artifact id: '52ebe130192986ac65a02a852a643d70') in 0.024479 seconds
  Import took 0.029369 seconds .

========================================================================
Received Import Request.
  Time since last request: 0.000459 seconds.
  path: Assets/Prefabs/Triangle.prefab
  artifactKey: Guid(a7a20bb749b744044bb235ea1e406d4b) Importer(815301076,1909f56bfc062723c751e8b465ee728b)
Start importing Assets/Prefabs/Triangle.prefab using Guid(a7a20bb749b744044bb235ea1e406d4b) Importer(815301076,1909f56bfc062723c751e8b465ee728b)  -> (artifact id: '287ee62d68be58194c36c50c1d2f574a') in 0.016863 seconds
  Import took 0.019846 seconds .

========================================================================
Received Import Request.
  Time since last request: 0.000186 seconds.
  path: Assets/Prefabs/Pentagon.prefab
  artifactKey: Guid(e9a3ccafa5cb3c243b896ab583de24d7) Importer(815301076,1909f56bfc062723c751e8b465ee728b)
Start importing Assets/Prefabs/Pentagon.prefab using Guid(e9a3ccafa5cb3c243b896ab583de24d7) Importer(815301076,1909f56bfc062723c751e8b465ee728b)  -> (artifact id: 'abe98d1e1f3aeb3f90987e00e2e03e11') in 0.025656 seconds
  Import took 0.029989 seconds .

========================================================================
Received Import Request.
  Time since last request: 0.000372 seconds.
  path: Assets/Prefabs/ScoreCanvas.prefab
  artifactKey: Guid(558a0c94bad7986428cff0ec67b8a6ed) Importer(815301076,1909f56bfc062723c751e8b465ee728b)
Start importing Assets/Prefabs/ScoreCanvas.prefab using Guid(558a0c94bad7986428cff0ec67b8a6ed) Importer(815301076,1909f56bfc062723c751e8b465ee728b)  -> (artifact id: 'b3e76511479fcf23dd9245d3a6bdee90') in 0.007449 seconds
  Import took 0.011308 seconds .

========================================================================
Received Prepare
Registering precompiled user dll's ...
Registered in 0.000834 seconds.
Begin MonoManager ReloadAssembly
Native extension for WindowsStandalone target not found
Refreshing native plugins compatible for Editor in 0.36 ms, found 1 plugins.
Preloading 0 native plugins for Editor in 0.00 ms.
Invoked RoslynAnalysisRunner static constructor.
RoslynAnalysisRunner will not be running.
RoslynAnalysisRunner has terminated.
Mono: successfully reloaded assembly
- Completed reload, in  0.702 seconds
Platform modules already initialized, skipping
Refreshing native plugins compatible for Editor in 0.35 ms, found 1 plugins.
Preloading 0 native plugins for Editor in 0.00 ms.
Unloading 1838 Unused Serialized files (Serialized files now loaded: 0)
System memory in use before: 102.7 MB.
System memory in use after: 102.6 MB.

Unloading 19 unused Assets to reduce memory usage. Loaded Objects now: 2350.
Total: 1.838800 ms (FindLiveObjects: 0.210500 ms CreateObjectMapping: 0.074000 ms MarkObjects: 1.370200 ms  DeleteObjects: 0.183600 ms)

========================================================================
Received Import Request.
  Time since last request: 34.785318 seconds.
  path: Assets/Prefabs/3 Sides.prefab
  artifactKey: Guid(d147164ba903349459e2b69461634b0a) Importer(815301076,1909f56bfc062723c751e8b465ee728b)
Start importing Assets/Prefabs/3 Sides.prefab using Guid(d147164ba903349459e2b69461634b0a) Importer(815301076,1909f56bfc062723c751e8b465ee728b)  -> (artifact id: '0c88017db566750b0dfcda914eef947e') in 0.046227 seconds
  Import took 0.048907 seconds .

========================================================================
Received Import Request.
  Time since last request: 2.187375 seconds.
  path: Assets/Prefabs/3 Sides.prefab
  artifactKey: Guid(d147164ba903349459e2b69461634b0a) Importer(815301076,1909f56bfc062723c751e8b465ee728b)
Start importing Assets/Prefabs/3 Sides.prefab using Guid(d147164ba903349459e2b69461634b0a) Importer(815301076,1909f56bfc062723c751e8b465ee728b)  -> (artifact id: '01162140589905d1deaf9ccbad3956cf') in 0.008208 seconds
  Import took 0.011303 seconds .

========================================================================
Received Import Request.
  Time since last request: 14.540990 seconds.
  path: Assets/Prefabs/3 Sides.prefab
  artifactKey: Guid(d147164ba903349459e2b69461634b0a) Importer(815301076,1909f56bfc062723c751e8b465ee728b)
Start importing Assets/Prefabs/3 Sides.prefab using Guid(d147164ba903349459e2b69461634b0a) Importer(815301076,1909f56bfc062723c751e8b465ee728b)  -> (artifact id: '11e0240fb0a9045c0540ba0e6ee84229') in 0.009884 seconds
  Import took 0.013586 seconds .

========================================================================
Received Import Request.
  Time since last request: 5.635047 seconds.
  path: Assets/Prefabs/3 Sides.prefab
  artifactKey: Guid(d147164ba903349459e2b69461634b0a) Importer(815301076,1909f56bfc062723c751e8b465ee728b)
Start importing Assets/Prefabs/3 Sides.prefab using Guid(d147164ba903349459e2b69461634b0a) Importer(815301076,1909f56bfc062723c751e8b465ee728b)  -> (artifact id: '27d11cb89e900dbca554f183a4e60269') in 0.008284 seconds
  Import took 0.011665 seconds .

========================================================================
Received Prepare
Registering precompiled user dll's ...
Registered in 0.000845 seconds.
Begin MonoManager ReloadAssembly
Native extension for WindowsStandalone target not found
Refreshing native plugins compatible for Editor in 0.36 ms, found 1 plugins.
Preloading 0 native plugins for Editor in 0.00 ms.
Invoked RoslynAnalysisRunner static constructor.
RoslynAnalysisRunner will not be running.
RoslynAnalysisRunner has terminated.
Mono: successfully reloaded assembly
- Completed reload, in  0.708 seconds
Platform modules already initialized, skipping
Refreshing native plugins compatible for Editor in 0.40 ms, found 1 plugins.
Preloading 0 native plugins for Editor in 0.00 ms.
Unloading 1838 Unused Serialized files (Serialized files now loaded: 0)
System memory in use before: 102.9 MB.
System memory in use after: 102.9 MB.

Unloading 16 unused Assets to reduce memory usage. Loaded Objects now: 2355.
Total: 1.914000 ms (FindLiveObjects: 0.204500 ms CreateObjectMapping: 0.081200 ms MarkObjects: 1.445500 ms  DeleteObjects: 0.182000 ms)

========================================================================
Received Import Request.
  Time since last request: 352.357581 seconds.
  path: Assets/Prefabs/3 Sides.prefab
  artifactKey: Guid(d147164ba903349459e2b69461634b0a) Importer(815301076,1909f56bfc062723c751e8b465ee728b)
Start importing Assets/Prefabs/3 Sides.prefab using Guid(d147164ba903349459e2b69461634b0a) Importer(815301076,1909f56bfc062723c751e8b465ee728b)  -> (artifact id: '61a22f7517d0938420d50e7d3266eaac') in 0.049703 seconds
  Import took 0.052730 seconds .

========================================================================
Received Import Request.
  Time since last request: 14.726363 seconds.
  path: Assets/Prefabs/Hexagon.prefab
  artifactKey: Guid(b9974bbe1181ab348968ea07c769aa47) Importer(815301076,1909f56bfc062723c751e8b465ee728b)
Start importing Assets/Prefabs/Hexagon.prefab using Guid(b9974bbe1181ab348968ea07c769aa47) Importer(815301076,1909f56bfc062723c751e8b465ee728b)  -> (artifact id: 'f3090701ca8e5456e1ae4aa0d14bf016') in 0.012980 seconds
  Import took 0.016960 seconds .

========================================================================
Received Import Request.
  Time since last request: 1.563364 seconds.
  path: Assets/Prefabs/Hexagon.prefab
  artifactKey: Guid(b9974bbe1181ab348968ea07c769aa47) Importer(815301076,1909f56bfc062723c751e8b465ee728b)
Start importing Assets/Prefabs/Hexagon.prefab using Guid(b9974bbe1181ab348968ea07c769aa47) Importer(815301076,1909f56bfc062723c751e8b465ee728b)  -> (artifact id: '922249df2093a43a7990362e7bafaf82') in 0.026419 seconds
  Import took 0.029541 seconds .

========================================================================
Received Import Request.
  Time since last request: 3.659185 seconds.
  path: Assets/Prefabs/Hexagon.prefab
  artifactKey: Guid(b9974bbe1181ab348968ea07c769aa47) Importer(815301076,1909f56bfc062723c751e8b465ee728b)
Start importing Assets/Prefabs/Hexagon.prefab using Guid(b9974bbe1181ab348968ea07c769aa47) Importer(815301076,1909f56bfc062723c751e8b465ee728b)  -> (artifact id: 'd8ea853789972a505cda0345bde5ec0b') in 0.011003 seconds
  Import took 0.014760 seconds .

========================================================================
Received Import Request.
  Time since last request: 5.350219 seconds.
  path: Assets/Prefabs/Hexagon.prefab
  artifactKey: Guid(b9974bbe1181ab348968ea07c769aa47) Importer(815301076,1909f56bfc062723c751e8b465ee728b)
Start importing Assets/Prefabs/Hexagon.prefab using Guid(b9974bbe1181ab348968ea07c769aa47) Importer(815301076,1909f56bfc062723c751e8b465ee728b)  -> (artifact id: 'f00d34391f4990a38f3111089190a38b') in 0.010970 seconds
  Import took 0.014151 seconds .

========================================================================
Received Import Request.
  Time since last request: 6.210306 seconds.
  path: Assets/Prefabs/Hexagon.prefab
  artifactKey: Guid(b9974bbe1181ab348968ea07c769aa47) Importer(815301076,1909f56bfc062723c751e8b465ee728b)
Start importing Assets/Prefabs/Hexagon.prefab using Guid(b9974bbe1181ab348968ea07c769aa47) Importer(815301076,1909f56bfc062723c751e8b465ee728b)  -> (artifact id: '6719bc548ffb7d9016de5bdb2ba9e608') in 0.010785 seconds
  Import took 0.013928 seconds .

========================================================================
Received Import Request.
  Time since last request: 6.041847 seconds.
  path: Assets/Prefabs/Hexagon.prefab
  artifactKey: Guid(b9974bbe1181ab348968ea07c769aa47) Importer(815301076,1909f56bfc062723c751e8b465ee728b)
Start importing Assets/Prefabs/Hexagon.prefab using Guid(b9974bbe1181ab348968ea07c769aa47) Importer(815301076,1909f56bfc062723c751e8b465ee728b)  -> (artifact id: 'ba7eff3166cb181e1af6a541ab43eb0e') in 0.013556 seconds
  Import took 0.017728 seconds .

========================================================================
Received Import Request.
  Time since last request: 7.031566 seconds.
  path: Assets/Prefabs/Hexagon.prefab
  artifactKey: Guid(b9974bbe1181ab348968ea07c769aa47) Importer(815301076,1909f56bfc062723c751e8b465ee728b)
Start importing Assets/Prefabs/Hexagon.prefab using Guid(b9974bbe1181ab348968ea07c769aa47) Importer(815301076,1909f56bfc062723c751e8b465ee728b)  -> (artifact id: '55cb6582496d40dba69f4c6360fa0c17') in 0.012101 seconds
  Import took 0.015419 seconds .

========================================================================
Received Import Request.
  Time since last request: 21.759774 seconds.
  path: Assets/Prefabs/Hexagon.prefab
  artifactKey: Guid(b9974bbe1181ab348968ea07c769aa47) Importer(815301076,1909f56bfc062723c751e8b465ee728b)
Start importing Assets/Prefabs/Hexagon.prefab using Guid(b9974bbe1181ab348968ea07c769aa47) Importer(815301076,1909f56bfc062723c751e8b465ee728b)  -> (artifact id: 'e908078de998ae4c8b5726523af00aba') in 0.008998 seconds
  Import took 0.012411 seconds .

========================================================================
Received Import Request.
  Time since last request: 14.645123 seconds.
  path: Assets/Prefabs/Pentagon.prefab
  artifactKey: Guid(e9a3ccafa5cb3c243b896ab583de24d7) Importer(815301076,1909f56bfc062723c751e8b465ee728b)
Start importing Assets/Prefabs/Pentagon.prefab using Guid(e9a3ccafa5cb3c243b896ab583de24d7) Importer(815301076,1909f56bfc062723c751e8b465ee728b)  -> (artifact id: '9fe41b5993ea8c53ce2b021471a2326c') in 0.007793 seconds
  Import took 0.010948 seconds .

========================================================================
Received Import Request.
  Time since last request: 5.229138 seconds.
  path: Assets/Prefabs/Pentagon.prefab
  artifactKey: Guid(e9a3ccafa5cb3c243b896ab583de24d7) Importer(815301076,1909f56bfc062723c751e8b465ee728b)
Start importing Assets/Prefabs/Pentagon.prefab using Guid(e9a3ccafa5cb3c243b896ab583de24d7) Importer(815301076,1909f56bfc062723c751e8b465ee728b)  -> (artifact id: '077b4096933a268c5e5382801db361f1') in 0.008031 seconds
  Import took 0.011152 seconds .

========================================================================
Received Import Request.
  Time since last request: 2.416496 seconds.
  path: Assets/Prefabs/Pentagon.prefab
  artifactKey: Guid(e9a3ccafa5cb3c243b896ab583de24d7) Importer(815301076,1909f56bfc062723c751e8b465ee728b)
Start importing Assets/Prefabs/Pentagon.prefab using Guid(e9a3ccafa5cb3c243b896ab583de24d7) Importer(815301076,1909f56bfc062723c751e8b465ee728b)  -> (artifact id: '4a1f35b3e495d2314d6c6ca410c4186b') in 0.017367 seconds
  Import took 0.021443 seconds .

========================================================================
Received Import Request.
  Time since last request: 3.402392 seconds.
  path: Assets/Prefabs/Pentagon.prefab
  artifactKey: Guid(e9a3ccafa5cb3c243b896ab583de24d7) Importer(815301076,1909f56bfc062723c751e8b465ee728b)
Start importing Assets/Prefabs/Pentagon.prefab using Guid(e9a3ccafa5cb3c243b896ab583de24d7) Importer(815301076,1909f56bfc062723c751e8b465ee728b)  -> (artifact id: '3c10001b217a218fe8a5583a8aa4517a') in 0.008110 seconds
  Import took 0.012548 seconds .

========================================================================
Received Import Request.
  Time since last request: 2.410490 seconds.
  path: Assets/Prefabs/Pentagon.prefab
  artifactKey: Guid(e9a3ccafa5cb3c243b896ab583de24d7) Importer(815301076,1909f56bfc062723c751e8b465ee728b)
Start importing Assets/Prefabs/Pentagon.prefab using Guid(e9a3ccafa5cb3c243b896ab583de24d7) Importer(815301076,1909f56bfc062723c751e8b465ee728b)  -> (artifact id: '257fa04a669f64d041f244fea06f1205') in 0.007832 seconds
  Import took 0.011489 seconds .

========================================================================
Received Import Request.
  Time since last request: 2.200290 seconds.
  path: Assets/Prefabs/Pentagon.prefab
  artifactKey: Guid(e9a3ccafa5cb3c243b896ab583de24d7) Importer(815301076,1909f56bfc062723c751e8b465ee728b)
Start importing Assets/Prefabs/Pentagon.prefab using Guid(e9a3ccafa5cb3c243b896ab583de24d7) Importer(815301076,1909f56bfc062723c751e8b465ee728b)  -> (artifact id: '810cd7d395d0a42f2c4132463e6dc579') in 0.008136 seconds
  Import took 0.011452 seconds .

========================================================================
Received Import Request.
  Time since last request: 18.386757 seconds.
  path: Assets/Prefabs/Triangle.prefab
  artifactKey: Guid(a7a20bb749b744044bb235ea1e406d4b) Importer(815301076,1909f56bfc062723c751e8b465ee728b)
Start importing Assets/Prefabs/Triangle.prefab using Guid(a7a20bb749b744044bb235ea1e406d4b) Importer(815301076,1909f56bfc062723c751e8b465ee728b)  -> (artifact id: 'ad6cd303414ff4ec459e17ef7907911e') in 0.010449 seconds
  Import took 0.014225 seconds .

========================================================================
Received Import Request.
  Time since last request: 2.128285 seconds.
  path: Assets/Prefabs/Triangle.prefab
  artifactKey: Guid(a7a20bb749b744044bb235ea1e406d4b) Importer(815301076,1909f56bfc062723c751e8b465ee728b)
Start importing Assets/Prefabs/Triangle.prefab using Guid(a7a20bb749b744044bb235ea1e406d4b) Importer(815301076,1909f56bfc062723c751e8b465ee728b)  -> (artifact id: '06b1f282b900c4bf5da59a17e771cbf2') in 0.007684 seconds
  Import took 0.011655 seconds .

========================================================================
Received Import Request.
  Time since last request: 6.639889 seconds.
  path: Assets/Prefabs/Triangle.prefab
  artifactKey: Guid(a7a20bb749b744044bb235ea1e406d4b) Importer(815301076,1909f56bfc062723c751e8b465ee728b)
Start importing Assets/Prefabs/Triangle.prefab using Guid(a7a20bb749b744044bb235ea1e406d4b) Importer(815301076,1909f56bfc062723c751e8b465ee728b)  -> (artifact id: 'f4e36d35a66d789ac88e06a13ea68e88') in 0.007511 seconds
  Import took 0.011029 seconds .

========================================================================
Received Import Request.
  Time since last request: 1.597046 seconds.
  path: Assets/Prefabs/Triangle.prefab
  artifactKey: Guid(a7a20bb749b744044bb235ea1e406d4b) Importer(815301076,1909f56bfc062723c751e8b465ee728b)
Start importing Assets/Prefabs/Triangle.prefab using Guid(a7a20bb749b744044bb235ea1e406d4b) Importer(815301076,1909f56bfc062723c751e8b465ee728b)  -> (artifact id: '9eef733b99fd6da46307d158e9b0397d') in 0.009434 seconds
  Import took 0.013265 seconds .

========================================================================
Received Import Request.
  Time since last request: 3.822391 seconds.
  path: Assets/Prefabs/Triangle.prefab
  artifactKey: Guid(a7a20bb749b744044bb235ea1e406d4b) Importer(815301076,1909f56bfc062723c751e8b465ee728b)
Start importing Assets/Prefabs/Triangle.prefab using Guid(a7a20bb749b744044bb235ea1e406d4b) Importer(815301076,1909f56bfc062723c751e8b465ee728b)  -> (artifact id: '579e5a2a185f65f3f7df8fd92fcee2f0') in 0.007612 seconds
  Import took 0.010749 seconds .

========================================================================
Received Import Request.
  Time since last request: 4.213203 seconds.
  path: Assets/Prefabs/Triangle.prefab
  artifactKey: Guid(a7a20bb749b744044bb235ea1e406d4b) Importer(815301076,1909f56bfc062723c751e8b465ee728b)
Start importing Assets/Prefabs/Triangle.prefab using Guid(a7a20bb749b744044bb235ea1e406d4b) Importer(815301076,1909f56bfc062723c751e8b465ee728b)  -> (artifact id: '1aaae526262f350abb5ce4c74262167b') in 0.006448 seconds
  Import took 0.010032 seconds .

========================================================================
Received Prepare
Registering precompiled user dll's ...
Registered in 0.000850 seconds.
Begin MonoManager ReloadAssembly
Native extension for WindowsStandalone target not found
Refreshing native plugins compatible for Editor in 0.47 ms, found 1 plugins.
Preloading 0 native plugins for Editor in 0.00 ms.
Invoked RoslynAnalysisRunner static constructor.
RoslynAnalysisRunner will not be running.
RoslynAnalysisRunner has terminated.
Mono: successfully reloaded assembly
- Completed reload, in  0.702 seconds
Platform modules already initialized, skipping
Refreshing native plugins compatible for Editor in 0.35 ms, found 1 plugins.
Preloading 0 native plugins for Editor in 0.00 ms.
Unloading 1838 Unused Serialized files (Serialized files now loaded: 0)
System memory in use before: 103.0 MB.
System memory in use after: 102.9 MB.

Unloading 16 unused Assets to reduce memory usage. Loaded Objects now: 2360.
Total: 1.992300 ms (FindLiveObjects: 0.187200 ms CreateObjectMapping: 0.114200 ms MarkObjects: 1.516000 ms  DeleteObjects: 0.174200 ms)

========================================================================
Received Prepare
Registering precompiled user dll's ...
Registered in 0.000740 seconds.
Begin MonoManager ReloadAssembly
Native extension for WindowsStandalone target not found
Refreshing native plugins compatible for Editor in 0.38 ms, found 1 plugins.
Preloading 0 native plugins for Editor in 0.00 ms.
Invoked RoslynAnalysisRunner static constructor.
RoslynAnalysisRunner will not be running.
RoslynAnalysisRunner has terminated.
Mono: successfully reloaded assembly
- Completed reload, in  0.693 seconds
Platform modules already initialized, skipping
Refreshing native plugins compatible for Editor in 0.36 ms, found 1 plugins.
Preloading 0 native plugins for Editor in 0.00 ms.
Unloading 1838 Unused Serialized files (Serialized files now loaded: 0)
System memory in use before: 103.0 MB.
System memory in use after: 102.9 MB.

Unloading 16 unused Assets to reduce memory usage. Loaded Objects now: 2364.
Total: 1.919600 ms (FindLiveObjects: 0.202900 ms CreateObjectMapping: 0.113500 ms MarkObjects: 1.421400 ms  DeleteObjects: 0.180700 ms)

========================================================================
Received Prepare
Registering precompiled user dll's ...
Registered in 0.001277 seconds.
Begin MonoManager ReloadAssembly
Native extension for WindowsStandalone target not found
Refreshing native plugins compatible for Editor in 0.35 ms, found 1 plugins.
Preloading 0 native plugins for Editor in 0.00 ms.
Invoked RoslynAnalysisRunner static constructor.
RoslynAnalysisRunner will not be running.
RoslynAnalysisRunner has terminated.
Mono: successfully reloaded assembly
- Completed reload, in  0.728 seconds
Platform modules already initialized, skipping
Refreshing native plugins compatible for Editor in 0.35 ms, found 1 plugins.
Preloading 0 native plugins for Editor in 0.00 ms.
Unloading 1838 Unused Serialized files (Serialized files now loaded: 0)
System memory in use before: 103.0 MB.
System memory in use after: 102.9 MB.

Unloading 16 unused Assets to reduce memory usage. Loaded Objects now: 2368.
Total: 2.791300 ms (FindLiveObjects: 0.670100 ms CreateObjectMapping: 0.156500 ms MarkObjects: 1.726800 ms  DeleteObjects: 0.236600 ms)

========================================================================
Received Prepare
Registering precompiled user dll's ...
Registered in 0.000825 seconds.
Begin MonoManager ReloadAssembly
Native extension for WindowsStandalone target not found
Refreshing native plugins compatible for Editor in 0.37 ms, found 1 plugins.
Preloading 0 native plugins for Editor in 0.00 ms.
Invoked RoslynAnalysisRunner static constructor.
RoslynAnalysisRunner will not be running.
RoslynAnalysisRunner has terminated.
Mono: successfully reloaded assembly
- Completed reload, in  0.688 seconds
Platform modules already initialized, skipping
Refreshing native plugins compatible for Editor in 0.36 ms, found 1 plugins.
Preloading 0 native plugins for Editor in 0.00 ms.
Unloading 1838 Unused Serialized files (Serialized files now loaded: 0)
System memory in use before: 103.0 MB.
System memory in use after: 102.9 MB.

Unloading 16 unused Assets to reduce memory usage. Loaded Objects now: 2372.
Total: 1.887500 ms (FindLiveObjects: 0.201900 ms CreateObjectMapping: 0.094300 ms MarkObjects: 1.409000 ms  DeleteObjects: 0.181500 ms)

========================================================================
Received Import Request.
  Time since last request: 790.041885 seconds.
  path: Assets/Scripts/PlayerControls.cs
  artifactKey: Guid(c69b5a5069339314b8cf1115fa71ac8f) Importer(815301076,1909f56bfc062723c751e8b465ee728b)
Start importing Assets/Scripts/PlayerControls.cs using Guid(c69b5a5069339314b8cf1115fa71ac8f) Importer(815301076,1909f56bfc062723c751e8b465ee728b)  -> (artifact id: 'ef99ad3b2509793f86a4c64677a9fe5f') in 0.011390 seconds
  Import took 0.014353 seconds .

========================================================================
Received Import Request.
  Time since last request: 0.014501 seconds.
  path: Assets/Scripts/PlayerControls.cs
  artifactKey: Guid(c69b5a5069339314b8cf1115fa71ac8f) Importer(815301076,1909f56bfc062723c751e8b465ee728b)
Start importing Assets/Scripts/PlayerControls.cs using Guid(c69b5a5069339314b8cf1115fa71ac8f) Importer(815301076,1909f56bfc062723c751e8b465ee728b)  -> (artifact id: 'ef99ad3b2509793f86a4c64677a9fe5f') in 0.001748 seconds
  Import took 0.004735 seconds .

========================================================================
Received Prepare
Registering precompiled user dll's ...
Registered in 0.000820 seconds.
Begin MonoManager ReloadAssembly
Native extension for WindowsStandalone target not found
Refreshing native plugins compatible for Editor in 0.35 ms, found 1 plugins.
Preloading 0 native plugins for Editor in 0.00 ms.
Invoked RoslynAnalysisRunner static constructor.
RoslynAnalysisRunner will not be running.
RoslynAnalysisRunner has terminated.
Mono: successfully reloaded assembly
- Completed reload, in  0.724 seconds
Platform modules already initialized, skipping
Refreshing native plugins compatible for Editor in 0.35 ms, found 1 plugins.
Preloading 0 native plugins for Editor in 0.00 ms.
Unloading 1838 Unused Serialized files (Serialized files now loaded: 0)
System memory in use before: 103.0 MB.
System memory in use after: 102.9 MB.

Unloading 16 unused Assets to reduce memory usage. Loaded Objects now: 2376.
Total: 1.905200 ms (FindLiveObjects: 0.219700 ms CreateObjectMapping: 0.082800 ms MarkObjects: 1.416500 ms  DeleteObjects: 0.185100 ms)

========================================================================
Received Import Request.
  Time since last request: 88.290532 seconds.
  path: Assets/Scripts/Shape.cs
  artifactKey: Guid(12e8373552587ed4bab05c035de8de2b) Importer(815301076,1909f56bfc062723c751e8b465ee728b)
Start importing Assets/Scripts/Shape.cs using Guid(12e8373552587ed4bab05c035de8de2b) Importer(815301076,1909f56bfc062723c751e8b465ee728b)  -> (artifact id: '7abebf00d6d2fa68c193da95ac29aa79') in 0.008876 seconds
  Import took 0.012947 seconds .

========================================================================
Received Import Request.
  Time since last request: 0.001623 seconds.
  path: Assets/Scripts/Shape.cs
  artifactKey: Guid(12e8373552587ed4bab05c035de8de2b) Importer(815301076,1909f56bfc062723c751e8b465ee728b)
Start importing Assets/Scripts/Shape.cs using Guid(12e8373552587ed4bab05c035de8de2b) Importer(815301076,1909f56bfc062723c751e8b465ee728b)  -> (artifact id: '7abebf00d6d2fa68c193da95ac29aa79') in 0.001636 seconds
  Import took 0.005280 seconds .

========================================================================
Received Prepare
Registering precompiled user dll's ...
Registered in 0.000879 seconds.
Begin MonoManager ReloadAssembly
Native extension for WindowsStandalone target not found
Refreshing native plugins compatible for Editor in 0.35 ms, found 1 plugins.
Preloading 0 native plugins for Editor in 0.00 ms.
Invoked RoslynAnalysisRunner static constructor.
RoslynAnalysisRunner will not be running.
RoslynAnalysisRunner has terminated.
Mono: successfully reloaded assembly
- Completed reload, in  0.694 seconds
Platform modules already initialized, skipping
Refreshing native plugins compatible for Editor in 0.35 ms, found 1 plugins.
Preloading 0 native plugins for Editor in 0.00 ms.
Unloading 1838 Unused Serialized files (Serialized files now loaded: 0)
System memory in use before: 103.0 MB.
System memory in use after: 103.0 MB.

Unloading 16 unused Assets to reduce memory usage. Loaded Objects now: 2380.
Total: 2.265900 ms (FindLiveObjects: 0.241200 ms CreateObjectMapping: 0.080300 ms MarkObjects: 1.751000 ms  DeleteObjects: 0.192100 ms)

========================================================================
Received Import Request.
  Time since last request: 37.660836 seconds.
  path: Assets/Scripts/Shape.cs
  artifactKey: Guid(12e8373552587ed4bab05c035de8de2b) Importer(815301076,1909f56bfc062723c751e8b465ee728b)
Start importing Assets/Scripts/Shape.cs using Guid(12e8373552587ed4bab05c035de8de2b) Importer(815301076,1909f56bfc062723c751e8b465ee728b)  -> (artifact id: 'e69944e67c75064986e9cefe69a12e64') in 0.004063 seconds
  Import took 0.007257 seconds .

========================================================================
Received Prepare
Registering precompiled user dll's ...
Registered in 0.000890 seconds.
Begin MonoManager ReloadAssembly
Native extension for WindowsStandalone target not found
Refreshing native plugins compatible for Editor in 0.38 ms, found 1 plugins.
Preloading 0 native plugins for Editor in 0.00 ms.
Invoked RoslynAnalysisRunner static constructor.
RoslynAnalysisRunner will not be running.
RoslynAnalysisRunner has terminated.
Mono: successfully reloaded assembly
- Completed reload, in  0.707 seconds
Platform modules already initialized, skipping
Refreshing native plugins compatible for Editor in 0.34 ms, found 1 plugins.
Preloading 0 native plugins for Editor in 0.00 ms.
Unloading 1838 Unused Serialized files (Serialized files now loaded: 0)
System memory in use before: 103.0 MB.
System memory in use after: 103.0 MB.

Unloading 16 unused Assets to reduce memory usage. Loaded Objects now: 2384.
Total: 1.961700 ms (FindLiveObjects: 0.195800 ms CreateObjectMapping: 0.075800 ms MarkObjects: 1.472900 ms  DeleteObjects: 0.216500 ms)

========================================================================
Received Import Request.
  Time since last request: 93.711402 seconds.
  path: Assets/Scripts/PlayerControls.cs
  artifactKey: Guid(c69b5a5069339314b8cf1115fa71ac8f) Importer(815301076,1909f56bfc062723c751e8b465ee728b)
Start importing Assets/Scripts/PlayerControls.cs using Guid(c69b5a5069339314b8cf1115fa71ac8f) Importer(815301076,1909f56bfc062723c751e8b465ee728b)  -> (artifact id: 'c8ea84a5256eb2da07bb0efa17acf832') in 0.003840 seconds
  Import took 0.006599 seconds .

========================================================================
Received Import Request.
  Time since last request: 2.415540 seconds.
  path: Assets/Scripts/GameController.cs
  artifactKey: Guid(86b769aa40b77e84bab5a665839ac8c8) Importer(815301076,1909f56bfc062723c751e8b465ee728b)
Start importing Assets/Scripts/GameController.cs using Guid(86b769aa40b77e84bab5a665839ac8c8) Importer(815301076,1909f56bfc062723c751e8b465ee728b)  -> (artifact id: '7b45dbe9c5a361d9addf23a48fec3a93') in 0.005352 seconds
  Import took 0.008534 seconds .

========================================================================
Received Prepare
Registering precompiled user dll's ...
Registered in 0.000899 seconds.
Begin MonoManager ReloadAssembly
Native extension for WindowsStandalone target not found
Refreshing native plugins compatible for Editor in 0.36 ms, found 1 plugins.
Preloading 0 native plugins for Editor in 0.00 ms.
Invoked RoslynAnalysisRunner static constructor.
RoslynAnalysisRunner will not be running.
RoslynAnalysisRunner has terminated.
Mono: successfully reloaded assembly
- Completed reload, in  0.694 seconds
Platform modules already initialized, skipping
Refreshing native plugins compatible for Editor in 0.35 ms, found 1 plugins.
Preloading 0 native plugins for Editor in 0.00 ms.
Unloading 1838 Unused Serialized files (Serialized files now loaded: 0)
System memory in use before: 103.0 MB.
System memory in use after: 103.0 MB.

Unloading 16 unused Assets to reduce memory usage. Loaded Objects now: 2388.
Total: 2.143500 ms (FindLiveObjects: 0.335600 ms CreateObjectMapping: 0.110000 ms MarkObjects: 1.507700 ms  DeleteObjects: 0.189600 ms)

========================================================================
Received Import Request.
  Time since last request: 39.322917 seconds.
  path: Assets/Scripts/GameController.cs
  artifactKey: Guid(86b769aa40b77e84bab5a665839ac8c8) Importer(815301076,1909f56bfc062723c751e8b465ee728b)
Start importing Assets/Scripts/GameController.cs using Guid(86b769aa40b77e84bab5a665839ac8c8) Importer(815301076,1909f56bfc062723c751e8b465ee728b)  -> (artifact id: '954d26c57e84b64c0da79edf2cd403b1') in 0.003825 seconds
  Import took 0.006434 seconds .

========================================================================
Received Prepare
Registering precompiled user dll's ...
Registered in 0.000785 seconds.
Begin MonoManager ReloadAssembly
Native extension for WindowsStandalone target not found
Refreshing native plugins compatible for Editor in 0.34 ms, found 1 plugins.
Preloading 0 native plugins for Editor in 0.00 ms.
Invoked RoslynAnalysisRunner static constructor.
RoslynAnalysisRunner will not be running.
RoslynAnalysisRunner has terminated.
Mono: successfully reloaded assembly
- Completed reload, in  0.688 seconds
Platform modules already initialized, skipping
Refreshing native plugins compatible for Editor in 0.36 ms, found 1 plugins.
Preloading 0 native plugins for Editor in 0.00 ms.
Unloading 1838 Unused Serialized files (Serialized files now loaded: 0)
System memory in use before: 103.1 MB.
System memory in use after: 103.0 MB.

Unloading 16 unused Assets to reduce memory usage. Loaded Objects now: 2392.
Total: 1.888300 ms (FindLiveObjects: 0.228500 ms CreateObjectMapping: 0.075100 ms MarkObjects: 1.399700 ms  DeleteObjects: 0.184100 ms)

========================================================================
Received Prepare
Registering precompiled user dll's ...
Registered in 0.000786 seconds.
Begin MonoManager ReloadAssembly
Native extension for WindowsStandalone target not found
Refreshing native plugins compatible for Editor in 0.36 ms, found 1 plugins.
Preloading 0 native plugins for Editor in 0.00 ms.
Invoked RoslynAnalysisRunner static constructor.
RoslynAnalysisRunner will not be running.
RoslynAnalysisRunner has terminated.
Mono: successfully reloaded assembly
- Completed reload, in  0.685 seconds
Platform modules already initialized, skipping
Refreshing native plugins compatible for Editor in 0.36 ms, found 1 plugins.
Preloading 0 native plugins for Editor in 0.00 ms.
Unloading 1838 Unused Serialized files (Serialized files now loaded: 0)
System memory in use before: 103.1 MB.
System memory in use after: 103.0 MB.

Unloading 16 unused Assets to reduce memory usage. Loaded Objects now: 2396.
Total: 2.367100 ms (FindLiveObjects: 0.247500 ms CreateObjectMapping: 0.079200 ms MarkObjects: 1.844700 ms  DeleteObjects: 0.195000 ms)

========================================================================
Received Prepare
Registering precompiled user dll's ...
Registered in 0.000771 seconds.
Begin MonoManager ReloadAssembly
Native extension for WindowsStandalone target not found
Refreshing native plugins compatible for Editor in 0.38 ms, found 1 plugins.
Preloading 0 native plugins for Editor in 0.00 ms.
Invoked RoslynAnalysisRunner static constructor.
RoslynAnalysisRunner will not be running.
RoslynAnalysisRunner has terminated.
Mono: successfully reloaded assembly
- Completed reload, in  0.685 seconds
Platform modules already initialized, skipping
Refreshing native plugins compatible for Editor in 0.35 ms, found 1 plugins.
Preloading 0 native plugins for Editor in 0.00 ms.
Unloading 1838 Unused Serialized files (Serialized files now loaded: 0)
System memory in use before: 103.1 MB.
System memory in use after: 103.0 MB.

Unloading 16 unused Assets to reduce memory usage. Loaded Objects now: 2400.
Total: 2.040100 ms (FindLiveObjects: 0.237200 ms CreateObjectMapping: 0.077200 ms MarkObjects: 1.541400 ms  DeleteObjects: 0.183600 ms)

========================================================================
Received Prepare
Registering precompiled user dll's ...
Registered in 0.000758 seconds.
Begin MonoManager ReloadAssembly
Native extension for WindowsStandalone target not found
Refreshing native plugins compatible for Editor in 0.44 ms, found 1 plugins.
Preloading 0 native plugins for Editor in 0.00 ms.
Invoked RoslynAnalysisRunner static constructor.
RoslynAnalysisRunner will not be running.
RoslynAnalysisRunner has terminated.
Mono: successfully reloaded assembly
- Completed reload, in  0.680 seconds
Platform modules already initialized, skipping
Refreshing native plugins compatible for Editor in 0.40 ms, found 1 plugins.
Preloading 0 native plugins for Editor in 0.00 ms.
Unloading 1838 Unused Serialized files (Serialized files now loaded: 0)
System memory in use before: 103.1 MB.
System memory in use after: 103.0 MB.

Unloading 16 unused Assets to reduce memory usage. Loaded Objects now: 2404.
Total: 2.107200 ms (FindLiveObjects: 0.234800 ms CreateObjectMapping: 0.081500 ms MarkObjects: 1.590700 ms  DeleteObjects: 0.199300 ms)

========================================================================
Received Prepare
Registering precompiled user dll's ...
Registered in 0.000872 seconds.
Begin MonoManager ReloadAssembly
Native extension for WindowsStandalone target not found
Refreshing native plugins compatible for Editor in 0.34 ms, found 1 plugins.
Preloading 0 native plugins for Editor in 0.00 ms.
Invoked RoslynAnalysisRunner static constructor.
RoslynAnalysisRunner will not be running.
RoslynAnalysisRunner has terminated.
Mono: successfully reloaded assembly
- Completed reload, in  0.689 seconds
Platform modules already initialized, skipping
Refreshing native plugins compatible for Editor in 0.35 ms, found 1 plugins.
Preloading 0 native plugins for Editor in 0.00 ms.
Unloading 1838 Unused Serialized files (Serialized files now loaded: 0)
System memory in use before: 103.1 MB.
System memory in use after: 103.0 MB.

Unloading 16 unused Assets to reduce memory usage. Loaded Objects now: 2408.
Total: 2.097200 ms (FindLiveObjects: 0.203200 ms CreateObjectMapping: 0.076400 ms MarkObjects: 1.628100 ms  DeleteObjects: 0.188200 ms)

AssetImportWorkerClient::OnTransportError - code=2 error=End of file
