Using pre-set license
Built from '2020.3/staging' branch; Version is '2020.3.23f1 (c5d91304a876) revision 12966163'; Using compiler version '192528614'; Build Type 'Release'
OS: 'Windows 10 Home; OS build 22000.856; Version 2009; 64bit' Language: 'en' Physical Memory: 8013 MB
BatchMode: 1, IsHumanControllingUs: 0, StartBugReporterOnCrash: 0, Is64bit: 1, IsPro: 0

COMMAND LINE ARGUMENTS:
C:\Program Files\Unity\Hub\Editor\2020.3.23f1\Editor\Unity.exe
-adb2
-batchMode
-noUpm
-name
AssetImportWorker0
-projectPath
C:/Users/Code Ninjas Markham/Documents/Tyler-Lin-Purple/Amazing Ninja Worlds-TL
-logFile
Logs/AssetImportWorker0.log
-srvPort
62281
Successfully changed project path to: C:/Users/Code Ninjas Markham/Documents/Tyler-Lin-Purple/Amazing Ninja Worlds-TL
C:/Users/Code Ninjas Markham/Documents/Tyler-Lin-Purple/Amazing Ninja Worlds-TL
Using Asset Import Pipeline V2.
Refreshing native plugins compatible for Editor in 30.81 ms, found 2 plugins.
Preloading 0 native plugins for Editor in 0.00 ms.
Initialize engine version: 2020.3.23f1 (c5d91304a876)
[Subsystems] Discovering subsystems at path C:/Program Files/Unity/Hub/Editor/2020.3.23f1/Editor/Data/Resources/UnitySubsystems
[Subsystems] Discovering subsystems at path C:/Users/Code Ninjas Markham/Documents/Tyler-Lin-Purple/Amazing Ninja Worlds-TL/Assets
GfxDevice: creating device client; threaded=0
Direct3D:
    Version:  Direct3D 11.0 [level 11.1]
    Renderer: NVIDIA GeForce GTX 1650 with Max-Q Design (ID=0x1f9d)
    Vendor:   
    VRAM:     3962 MB
    Driver:   31.0.15.1659
Initialize mono
Mono path[0] = 'C:/Program Files/Unity/Hub/Editor/2020.3.23f1/Editor/Data/Managed'
Mono path[1] = 'C:/Program Files/Unity/Hub/Editor/2020.3.23f1/Editor/Data/MonoBleedingEdge/lib/mono/unityjit'
Mono config path = 'C:/Program Files/Unity/Hub/Editor/2020.3.23f1/Editor/Data/MonoBleedingEdge/etc'
Using monoOptions --debugger-agent=transport=dt_socket,embedding=1,server=y,suspend=n,address=127.0.0.1:56472
Begin MonoManager ReloadAssembly
Registering precompiled unity dll's ...
Register platform support module: C:/Program Files/Unity/Hub/Editor/2020.3.23f1/Editor/Data/PlaybackEngines/WindowsStandaloneSupport/UnityEditor.WindowsStandalone.Extensions.dll
Registered in 0.001115 seconds.
Native extension for WindowsStandalone target not found
Refreshing native plugins compatible for Editor in 30.45 ms, found 2 plugins.
Preloading 0 native plugins for Editor in 0.00 ms.
Mono: successfully reloaded assembly
- Completed reload, in  0.485 seconds
Domain Reload Profiling:
	ReloadAssembly (485ms)
		BeginReloadAssembly (41ms)
			ExecutionOrderSort (0ms)
			DisableScriptedObjects (0ms)
			BackupInstance (0ms)
			ReleaseScriptingObjects (0ms)
			CreateAndSetChildDomain (1ms)
		EndReloadAssembly (383ms)
			LoadAssemblies (39ms)
			RebuildTransferFunctionScriptingTraits (0ms)
			SetupTypeCache (128ms)
			ReleaseScriptCaches (0ms)
			RebuildScriptCaches (26ms)
			SetupLoadedEditorAssemblies (144ms)
				LogAssemblyErrors (0ms)
				InitializePlatformSupportModulesInManaged (3ms)
				SetLoadedEditorAssemblies (0ms)
				RefreshPlugins (30ms)
				BeforeProcessingInitializeOnLoad (14ms)
				ProcessInitializeOnLoadAttributes (70ms)
				ProcessInitializeOnLoadMethodAttributes (25ms)
				AfterProcessingInitializeOnLoad (0ms)
				EditorAssembliesLoaded (0ms)
			ExecutionOrderSort2 (0ms)
			AwakeInstancesAfterBackupRestoration (0ms)
Platform modules already initialized, skipping
Registering precompiled user dll's ...
Registered in 0.004767 seconds.
Begin MonoManager ReloadAssembly
Native extension for WindowsStandalone target not found
Refreshing native plugins compatible for Editor in 0.36 ms, found 2 plugins.
Preloading 0 native plugins for Editor in 0.00 ms.
Mono: successfully reloaded assembly
- Completed reload, in  0.962 seconds
Domain Reload Profiling:
	ReloadAssembly (963ms)
		BeginReloadAssembly (121ms)
			ExecutionOrderSort (0ms)
			DisableScriptedObjects (4ms)
			BackupInstance (0ms)
			ReleaseScriptingObjects (0ms)
			CreateAndSetChildDomain (16ms)
		EndReloadAssembly (791ms)
			LoadAssemblies (72ms)
			RebuildTransferFunctionScriptingTraits (0ms)
			SetupTypeCache (328ms)
			ReleaseScriptCaches (0ms)
			RebuildScriptCaches (41ms)
			SetupLoadedEditorAssemblies (266ms)
				LogAssemblyErrors (0ms)
				InitializePlatformSupportModulesInManaged (4ms)
				SetLoadedEditorAssemblies (0ms)
				RefreshPlugins (0ms)
				BeforeProcessingInitializeOnLoad (68ms)
				ProcessInitializeOnLoadAttributes (182ms)
				ProcessInitializeOnLoadMethodAttributes (8ms)
				AfterProcessingInitializeOnLoad (4ms)
				EditorAssembliesLoaded (0ms)
			ExecutionOrderSort2 (0ms)
			AwakeInstancesAfterBackupRestoration (5ms)
Platform modules already initialized, skipping
========================================================================
Worker process is ready to serve import requests
Launched and connected shader compiler UnityShaderCompiler.exe after 0.03 seconds
Refreshing native plugins compatible for Editor in 0.39 ms, found 2 plugins.
Preloading 0 native plugins for Editor in 0.00 ms.
Unloading 1702 Unused Serialized files (Serialized files now loaded: 0)
System memory in use before: 76.9 MB.
System memory in use after: 77.0 MB.

Unloading 20 unused Assets to reduce memory usage. Loaded Objects now: 2134.
Total: 2.384000 ms (FindLiveObjects: 0.163200 ms CreateObjectMapping: 0.072600 ms MarkObjects: 2.093500 ms  DeleteObjects: 0.053700 ms)

AssetImportParameters requested are different than current active one (requested -> active):
  custom:framework-win-MediaFoundation: 216162199b28c13a410421893ffa2e32 -> 
  custom:video-decoder-ogg-theora: a1e56fd34408186e4bbccfd4996cb3dc -> 
  custom:container-muxer-webm: aa71ff27fc2769a1b78a27578f13a17b -> 
  custom:container-demuxer-webm: 4f35f7cbe854078d1ac9338744f61a02 -> 
  custom:container-demuxer-ogg: 62fdf1f143b41e24485cea50d1cbac27 -> 
  custom:video-encoder-webm-vp8: eb34c28f22e8b96e1ab97ce403110664 -> 
  custom:video-decoder-webm-vp8: 9c59270c3fd7afecdb556c50c9e8de78 -> 
  custom:audio-decoder-ogg-vorbis: bf7c407c2cedff20999df2af8eb42d56 -> 
  custom:audio-encoder-webm-vorbis: bf7c407c2cedff20999df2af8eb42d56 -> 
========================================================================
Received Import Request.
  path: Assets/Sprite/gemGreen.png
  artifactKey: Guid(f953a0fa2b14179409c88753abbe9be5) Importer(815301076,1909f56bfc062723c751e8b465ee728b)
Start importing Assets/Sprite/gemGreen.png using Guid(f953a0fa2b14179409c88753abbe9be5) Importer(815301076,1909f56bfc062723c751e8b465ee728b)  -> (artifact id: 'c50dcda60a11a40ff5f9fc43d927078c') in 0.091001 seconds 
  Import took 0.093498 seconds .

========================================================================
Received Import Request.
  Time since last request: 0.000135 seconds.
  path: Assets/Sprite/gemRed.png
  artifactKey: Guid(d53239e16a15c7e44b642051b73888f7) Importer(815301076,1909f56bfc062723c751e8b465ee728b)
Start importing Assets/Sprite/gemRed.png using Guid(d53239e16a15c7e44b642051b73888f7) Importer(815301076,1909f56bfc062723c751e8b465ee728b)  -> (artifact id: '6ac84b8aab48e586a1a2b8929cc4d83d') in 0.017056 seconds 
  Import took 0.019645 seconds .

========================================================================
Received Import Request.
  Time since last request: 0.000145 seconds.
  path: Assets/Sprite/checkPoint.png
  artifactKey: Guid(f9339aabdb7abcc49a1643fb2096baa7) Importer(815301076,1909f56bfc062723c751e8b465ee728b)
Start importing Assets/Sprite/checkPoint.png using Guid(f9339aabdb7abcc49a1643fb2096baa7) Importer(815301076,1909f56bfc062723c751e8b465ee728b)  -> (artifact id: '3ef69022c77ff785b9750bfec986b6b8') in 0.016536 seconds 
  Import took 0.019700 seconds .

========================================================================
Received Import Request.
  Time since last request: 0.000122 seconds.
  path: Assets/Sprite/gem.png
  artifactKey: Guid(a66b1b80f6c33f34da4c6c9aa2d10504) Importer(815301076,1909f56bfc062723c751e8b465ee728b)
Start importing Assets/Sprite/gem.png using Guid(a66b1b80f6c33f34da4c6c9aa2d10504) Importer(815301076,1909f56bfc062723c751e8b465ee728b)  -> (artifact id: '84b34f69c0df3fe7562e982afa400325') in 0.016114 seconds 
  Import took 0.019383 seconds .

========================================================================
Received Import Request.
  Time since last request: 0.000367 seconds.
  path: Assets/Sprite/pagoda.png
  artifactKey: Guid(1497a11f339c4334db8eaa42baf96a9e) Importer(815301076,1909f56bfc062723c751e8b465ee728b)
Start importing Assets/Sprite/pagoda.png using Guid(1497a11f339c4334db8eaa42baf96a9e) Importer(815301076,1909f56bfc062723c751e8b465ee728b)  -> (artifact id: '74aeda964c1a94315a1b1d99896954d5') in 0.016297 seconds 
  Import took 0.020309 seconds .

========================================================================
Received Import Request.
  Time since last request: 0.000209 seconds.
  path: Assets/Scenes/Level1.unity
  artifactKey: Guid(be907c4a8f5050a44b320048ff4ed148) Importer(815301076,1909f56bfc062723c751e8b465ee728b)
Start importing Assets/Scenes/Level1.unity using Guid(be907c4a8f5050a44b320048ff4ed148) Importer(815301076,1909f56bfc062723c751e8b465ee728b)  -> (artifact id: '858f2527360a5a7db6652e0d1957b586') in 0.005877 seconds 
  Import took 0.008636 seconds .

========================================================================
Received Import Request.
  Time since last request: 263.382033 seconds.
  path: Assets/Textures/BGfarLevel3.png
  artifactKey: Guid(081783fc93a2dbb44b14cf1a0e6c0b2b) Importer(815301076,1909f56bfc062723c751e8b465ee728b)
Start importing Assets/Textures/BGfarLevel3.png using Guid(081783fc93a2dbb44b14cf1a0e6c0b2b) Importer(815301076,1909f56bfc062723c751e8b465ee728b)  -> (artifact id: '3fe11c58fc4b96c3222c5032fe8e7806') in 0.053507 seconds 
  Import took 0.057597 seconds .

========================================================================
Received Import Request.
  Time since last request: 0.000179 seconds.
  path: Assets/Textures/BGnearLevel3.png
  artifactKey: Guid(3726340f1d3636347b2aef23003b6f12) Importer(815301076,1909f56bfc062723c751e8b465ee728b)
Start importing Assets/Textures/BGnearLevel3.png using Guid(3726340f1d3636347b2aef23003b6f12) Importer(815301076,1909f56bfc062723c751e8b465ee728b)  -> (artifact id: 'f010e9b1b96de3a3bdf4467312d071c0') in 0.022097 seconds 
  Import took 0.025056 seconds .

========================================================================
Received Import Request.
  Time since last request: 0.000173 seconds.
  path: Assets/Textures/BGLevel3.png
  artifactKey: Guid(d1ba05faf34b6d74f850bdb7a5e78e94) Importer(815301076,1909f56bfc062723c751e8b465ee728b)
Start importing Assets/Textures/BGLevel3.png using Guid(d1ba05faf34b6d74f850bdb7a5e78e94) Importer(815301076,1909f56bfc062723c751e8b465ee728b)  -> (artifact id: 'd442c239194bc590e9cad726afc52806') in 0.014500 seconds 
  Import took 0.017534 seconds .

========================================================================
Received Import Request.
  Time since last request: 0.000358 seconds.
  path: Assets/Textures/caveTexture.png
  artifactKey: Guid(6e1e5ed8e85560a45a920b71d5aac0d8) Importer(815301076,1909f56bfc062723c751e8b465ee728b)
Start importing Assets/Textures/caveTexture.png using Guid(6e1e5ed8e85560a45a920b71d5aac0d8) Importer(815301076,1909f56bfc062723c751e8b465ee728b)  -> (artifact id: '951f5ca4a584bf36151700e73076f3fc') in 0.013095 seconds 
  Import took 0.016138 seconds .

========================================================================
Received Import Request.
  Time since last request: 0.000136 seconds.
  path: Assets/Textures/CodeyTexture.jpg
  artifactKey: Guid(495f0c5f80111714abd9d375e2235087) Importer(815301076,1909f56bfc062723c751e8b465ee728b)
Start importing Assets/Textures/CodeyTexture.jpg using Guid(495f0c5f80111714abd9d375e2235087) Importer(815301076,1909f56bfc062723c751e8b465ee728b)  -> (artifact id: 'd75707ce651e150cc67c3254b83997bc') in 0.017539 seconds 
  Import took 0.020187 seconds .

========================================================================
Received Import Request.
  Time since last request: 0.000128 seconds.
  path: Assets/Textures/healthHeart.png
  artifactKey: Guid(11c6742ae99c58b408a8341503865c32) Importer(815301076,1909f56bfc062723c751e8b465ee728b)
Start importing Assets/Textures/healthHeart.png using Guid(11c6742ae99c58b408a8341503865c32) Importer(815301076,1909f56bfc062723c751e8b465ee728b)  -> (artifact id: 'a660dd7a227358c1aee9c23ec583604e') in 0.015976 seconds 
  Import took 0.018736 seconds .

========================================================================
Received Import Request.
  Time since last request: 0.000204 seconds.
  path: Assets/Textures/world1.png
  artifactKey: Guid(7aeff649f4f757645be3c783eac54aad) Importer(815301076,1909f56bfc062723c751e8b465ee728b)
Start importing Assets/Textures/world1.png using Guid(7aeff649f4f757645be3c783eac54aad) Importer(815301076,1909f56bfc062723c751e8b465ee728b)  -> (artifact id: 'fa97a0f817c6ded4ec54ef53ee547ba6') in 0.015460 seconds 
  Import took 0.019624 seconds .

========================================================================
Received Import Request.
  Time since last request: 0.000167 seconds.
  path: Assets/Textures/NinjaWorldSplash.png
  artifactKey: Guid(9cfddac391cbe0a4aa8e1f610a0182f4) Importer(815301076,1909f56bfc062723c751e8b465ee728b)
Start importing Assets/Textures/NinjaWorldSplash.png using Guid(9cfddac391cbe0a4aa8e1f610a0182f4) Importer(815301076,1909f56bfc062723c751e8b465ee728b)  -> (artifact id: 'fc0e1fd6da12ccb9df946744e379a4d1') in 0.017396 seconds 
  Import took 0.020577 seconds .

========================================================================
Received Import Request.
  Time since last request: 0.000162 seconds.
  path: Assets/Textures/spaceBGNearLevel2.png
  artifactKey: Guid(5fadc5ab7857e3543b631a13bffc551a) Importer(815301076,1909f56bfc062723c751e8b465ee728b)
Start importing Assets/Textures/spaceBGNearLevel2.png using Guid(5fadc5ab7857e3543b631a13bffc551a) Importer(815301076,1909f56bfc062723c751e8b465ee728b)  -> (artifact id: '9631157ff43538775d5815ffa6f1ee6f') in 0.018670 seconds 
  Import took 0.021327 seconds .

========================================================================
Received Import Request.
  Time since last request: 0.000135 seconds.
  path: Assets/Textures/spaceBG.png
  artifactKey: Guid(2093cb52e18255f4784556cf64fa63a0) Importer(815301076,1909f56bfc062723c751e8b465ee728b)
Start importing Assets/Textures/spaceBG.png using Guid(2093cb52e18255f4784556cf64fa63a0) Importer(815301076,1909f56bfc062723c751e8b465ee728b)  -> (artifact id: 'ac7ffb6dee90c3b550dda93d2c0879e9') in 0.033616 seconds 
  Import took 0.036274 seconds .

========================================================================
Received Import Request.
  Time since last request: 0.000177 seconds.
  path: Assets/Textures/snowTop.png
  artifactKey: Guid(757745edd379ffd429f16ea4f8fe8d2e) Importer(815301076,1909f56bfc062723c751e8b465ee728b)
Start importing Assets/Textures/snowTop.png using Guid(757745edd379ffd429f16ea4f8fe8d2e) Importer(815301076,1909f56bfc062723c751e8b465ee728b)  -> (artifact id: 'a009d1565735e615c7d4f5edb2a0da31') in 0.016573 seconds 
  Import took 0.021324 seconds .

========================================================================
Received Import Request.
  Time since last request: 0.000152 seconds.
  path: Assets/Textures/world3.png
  artifactKey: Guid(223a2ffaa204b7b4db41cf3e9cb378f3) Importer(815301076,1909f56bfc062723c751e8b465ee728b)
Start importing Assets/Textures/world3.png using Guid(223a2ffaa204b7b4db41cf3e9cb378f3) Importer(815301076,1909f56bfc062723c751e8b465ee728b)  -> (artifact id: 'f0cf268d0d32f9c19adc82b8dd243baa') in 0.016577 seconds 
  Import took 0.019493 seconds .

========================================================================
Received Import Request.
  Time since last request: 0.000180 seconds.
  path: Assets/Textures/button.png
  artifactKey: Guid(23fff49df13fef5488952affda416312) Importer(815301076,1909f56bfc062723c751e8b465ee728b)
Start importing Assets/Textures/button.png using Guid(23fff49df13fef5488952affda416312) Importer(815301076,1909f56bfc062723c751e8b465ee728b)  -> (artifact id: 'cde0a602d63f1130b3648ed4cbaa31f2') in 0.013810 seconds 
  Import took 0.016427 seconds .

========================================================================
Received Import Request.
  Time since last request: 0.000173 seconds.
  path: Assets/Textures/spaceBGfar.png
  artifactKey: Guid(74aa79ef71975c1498daf0fd20e1ce21) Importer(815301076,1909f56bfc062723c751e8b465ee728b)
Start importing Assets/Textures/spaceBGfar.png using Guid(74aa79ef71975c1498daf0fd20e1ce21) Importer(815301076,1909f56bfc062723c751e8b465ee728b)  -> (artifact id: '732e121a298c8e4fa5291eba778e57df') in 0.013383 seconds 
  Import took 0.016369 seconds .

========================================================================
Received Import Request.
  Time since last request: 0.000217 seconds.
  path: Assets/Textures/vines.png
  artifactKey: Guid(04659a953323bba4486dd2f07bab1d5f) Importer(815301076,1909f56bfc062723c751e8b465ee728b)
Start importing Assets/Textures/vines.png using Guid(04659a953323bba4486dd2f07bab1d5f) Importer(815301076,1909f56bfc062723c751e8b465ee728b)  -> (artifact id: '8ab98d997abc866df782eaca1afc4e15') in 0.016454 seconds 
  Import took 0.019629 seconds .

========================================================================
Received Import Request.
  Time since last request: 0.000137 seconds.
  path: Assets/Textures/MountainPart2.png
  artifactKey: Guid(3be541844b44d664cb3d22b34a3afe94) Importer(815301076,1909f56bfc062723c751e8b465ee728b)
Start importing Assets/Textures/MountainPart2.png using Guid(3be541844b44d664cb3d22b34a3afe94) Importer(815301076,1909f56bfc062723c751e8b465ee728b)  -> (artifact id: '3345acafc0b92bba92246fe5444e8468') in 0.018468 seconds 
  Import took 0.021404 seconds .

========================================================================
Received Import Request.
  Time since last request: 0.000234 seconds.
  path: Assets/Textures/MountainPart3.png
  artifactKey: Guid(d062a8f0f4a23ee4da0426688c045565) Importer(815301076,1909f56bfc062723c751e8b465ee728b)
Start importing Assets/Textures/MountainPart3.png using Guid(d062a8f0f4a23ee4da0426688c045565) Importer(815301076,1909f56bfc062723c751e8b465ee728b)  -> (artifact id: 'ec817a2f5054cdf251be5475438f425a') in 0.020484 seconds 
  Import took 0.023877 seconds .

========================================================================
Received Import Request.
  Time since last request: 0.000192 seconds.
  path: Assets/Textures/health1.png
  artifactKey: Guid(368b13134e82a3841aba8a8d397987b4) Importer(815301076,1909f56bfc062723c751e8b465ee728b)
Start importing Assets/Textures/health1.png using Guid(368b13134e82a3841aba8a8d397987b4) Importer(815301076,1909f56bfc062723c751e8b465ee728b)  -> (artifact id: '95fef1473a07a5332ff8cb82203c1e61') in 0.013439 seconds 
  Import took 0.016459 seconds .

========================================================================
Received Import Request.
  Time since last request: 0.000203 seconds.
  path: Assets/Textures/MountainPart1.png
  artifactKey: Guid(0bf1b213d7feda6459114ba74578b705) Importer(815301076,1909f56bfc062723c751e8b465ee728b)
Start importing Assets/Textures/MountainPart1.png using Guid(0bf1b213d7feda6459114ba74578b705) Importer(815301076,1909f56bfc062723c751e8b465ee728b)  -> (artifact id: 'd4b8511548a709f7d84938d912bca233') in 0.015732 seconds 
  Import took 0.018840 seconds .

========================================================================
Received Import Request.
  Time since last request: 0.000196 seconds.
  path: Assets/Textures/spaceBGLevel2.png
  artifactKey: Guid(7470ffe5097605c44a16d3cdc0145d3d) Importer(815301076,1909f56bfc062723c751e8b465ee728b)
Start importing Assets/Textures/spaceBGLevel2.png using Guid(7470ffe5097605c44a16d3cdc0145d3d) Importer(815301076,1909f56bfc062723c751e8b465ee728b)  -> (artifact id: '79dddd4457ef34bdead84235990afb14') in 0.019559 seconds 
  Import took 0.022364 seconds .

========================================================================
Received Import Request.
  Time since last request: 0.000149 seconds.
  path: Assets/Textures/spaceBGNear.png
  artifactKey: Guid(70369c9b8c7e3c449b8a799adb28d93d) Importer(815301076,1909f56bfc062723c751e8b465ee728b)
Start importing Assets/Textures/spaceBGNear.png using Guid(70369c9b8c7e3c449b8a799adb28d93d) Importer(815301076,1909f56bfc062723c751e8b465ee728b)  -> (artifact id: '9f7c91ece04cf6d10472858a9e6ed8a8') in 0.013064 seconds 
  Import took 0.015954 seconds .

========================================================================
Received Import Request.
  Time since last request: 0.000133 seconds.
  path: Assets/Textures/spaceBGfarLevel2.png
  artifactKey: Guid(9a4fafbedbaaa7a418e4dab878989059) Importer(815301076,1909f56bfc062723c751e8b465ee728b)
Start importing Assets/Textures/spaceBGfarLevel2.png using Guid(9a4fafbedbaaa7a418e4dab878989059) Importer(815301076,1909f56bfc062723c751e8b465ee728b)  -> (artifact id: '83a2ab67f8d28687a1b92e2c88a588b1') in 0.016682 seconds 
  Import took 0.019657 seconds .

========================================================================
Received Import Request.
  Time since last request: 0.000307 seconds.
  path: Assets/Textures/UIShape.png
  artifactKey: Guid(44053c5c47d00ab458287971337efa2b) Importer(815301076,1909f56bfc062723c751e8b465ee728b)
Start importing Assets/Textures/UIShape.png using Guid(44053c5c47d00ab458287971337efa2b) Importer(815301076,1909f56bfc062723c751e8b465ee728b)  -> (artifact id: '75eb7577d2ef5ada0f0440abe35a1ef0') in 0.018563 seconds 
  Import took 0.023270 seconds .

========================================================================
Received Import Request.
  Time since last request: 0.000235 seconds.
  path: Assets/Textures/world2.png
  artifactKey: Guid(8d89dd823a81de44899132a2a611e763) Importer(815301076,1909f56bfc062723c751e8b465ee728b)
Start importing Assets/Textures/world2.png using Guid(8d89dd823a81de44899132a2a611e763) Importer(815301076,1909f56bfc062723c751e8b465ee728b)  -> (artifact id: '7fe4928986ef618cf5c1f8c2f68c92f2') in 0.014641 seconds 
  Import took 0.017271 seconds .

========================================================================
Received Import Request.
  Time since last request: 0.000254 seconds.
  path: Assets/Textures/BGnearestLevel3.png
  artifactKey: Guid(aeeae6327a65ee548afcf1497587b51a) Importer(815301076,1909f56bfc062723c751e8b465ee728b)
Start importing Assets/Textures/BGnearestLevel3.png using Guid(aeeae6327a65ee548afcf1497587b51a) Importer(815301076,1909f56bfc062723c751e8b465ee728b)  -> (artifact id: 'aea042ee4bf1d8eaf1497445869b86ec') in 0.021678 seconds 
  Import took 0.025216 seconds .

========================================================================
Received Import Request.
  Time since last request: 93.904565 seconds.
  path: ProjectSettings/TagManager.asset
  artifactKey: Guid(00000000000000003000000000000000) Importer(815301076,1909f56bfc062723c751e8b465ee728b)
Start importing ProjectSettings/TagManager.asset using Guid(00000000000000003000000000000000) Importer(815301076,1909f56bfc062723c751e8b465ee728b)  -> (artifact id: 'ce6a35c3cddc746e7501c0bd0ed6d4ce') in 0.009262 seconds 
  Import took 0.012373 seconds .

========================================================================
Received Prepare
Registering precompiled user dll's ...
Registered in 0.009685 seconds.
Begin MonoManager ReloadAssembly
Native extension for WindowsStandalone target not found
Refreshing native plugins compatible for Editor in 0.36 ms, found 2 plugins.
Preloading 0 native plugins for Editor in 0.00 ms.
Mono: successfully reloaded assembly
- Completed reload, in  0.849 seconds
Domain Reload Profiling:
	ReloadAssembly (850ms)
		BeginReloadAssembly (93ms)
			ExecutionOrderSort (0ms)
			DisableScriptedObjects (4ms)
			BackupInstance (0ms)
			ReleaseScriptingObjects (0ms)
			CreateAndSetChildDomain (28ms)
		EndReloadAssembly (703ms)
			LoadAssemblies (98ms)
			RebuildTransferFunctionScriptingTraits (0ms)
			SetupTypeCache (238ms)
			ReleaseScriptCaches (1ms)
			RebuildScriptCaches (34ms)
			SetupLoadedEditorAssemblies (249ms)
				LogAssemblyErrors (0ms)
				InitializePlatformSupportModulesInManaged (4ms)
				SetLoadedEditorAssemblies (0ms)
				RefreshPlugins (0ms)
				BeforeProcessingInitializeOnLoad (60ms)
				ProcessInitializeOnLoadAttributes (171ms)
				ProcessInitializeOnLoadMethodAttributes (10ms)
				AfterProcessingInitializeOnLoad (4ms)
				EditorAssembliesLoaded (0ms)
			ExecutionOrderSort2 (0ms)
			AwakeInstancesAfterBackupRestoration (5ms)
Platform modules already initialized, skipping
Refreshing native plugins compatible for Editor in 0.37 ms, found 2 plugins.
Preloading 0 native plugins for Editor in 0.00 ms.
Unloading 1683 Unused Serialized files (Serialized files now loaded: 0)
System memory in use before: 78.7 MB.
System memory in use after: 78.8 MB.

Unloading 16 unused Assets to reduce memory usage. Loaded Objects now: 2182.
Total: 2.304800 ms (FindLiveObjects: 0.161300 ms CreateObjectMapping: 0.055300 ms MarkObjects: 2.052500 ms  DeleteObjects: 0.015000 ms)

AssetImportParameters requested are different than current active one (requested -> active):
  custom:framework-win-MediaFoundation: 216162199b28c13a410421893ffa2e32 -> 
  custom:video-decoder-ogg-theora: a1e56fd34408186e4bbccfd4996cb3dc -> 
  custom:container-muxer-webm: aa71ff27fc2769a1b78a27578f13a17b -> 
  custom:container-demuxer-webm: 4f35f7cbe854078d1ac9338744f61a02 -> 
  custom:container-demuxer-ogg: 62fdf1f143b41e24485cea50d1cbac27 -> 
  custom:video-encoder-webm-vp8: eb34c28f22e8b96e1ab97ce403110664 -> 
  custom:video-decoder-webm-vp8: 9c59270c3fd7afecdb556c50c9e8de78 -> 
  custom:audio-decoder-ogg-vorbis: bf7c407c2cedff20999df2af8eb42d56 -> 
  custom:audio-encoder-webm-vorbis: bf7c407c2cedff20999df2af8eb42d56 -> 
AssetImportWorkerClient::OnTransportError - code=2 error=End of file
