Using pre-set license
Built from '2020.3/staging' branch; Version is '2020.3.0f1 (c7b5465681fb) revision 13088070'; Using compiler version '192528614'; Build Type 'Release'
OS: 'Windows 10 Home; OS build 19044.1526; Version 2009; 64bit' Language: 'en' Physical Memory: 8013 MB
BatchMode: 1, IsHumanControllingUs: 0, StartBugReporterOnCrash: 0, Is64bit: 1, IsPro: 0

 COMMAND LINE ARGUMENTS:
C:\Program Files\Unity\Hub\Editor\2020.3.0f1\Editor\Unity.exe
-adb2
-batchMode
-noUpm
-name
AssetImportWorker0
-projectPath
C:/Users/Code Ninjas Markham/Documents/Tyler-Lin-Purple/New Unity Project (1)/SketchHead-TL
-logFile
Logs/AssetImportWorker0.log
-srvPort
54077
Successfully changed project path to: C:/Users/Code Ninjas Markham/Documents/Tyler-Lin-Purple/New Unity Project (1)/SketchHead-TL
C:/Users/Code Ninjas Markham/Documents/Tyler-Lin-Purple/New Unity Project (1)/SketchHead-TL
Using Asset Import Pipeline V2.
Refreshing native plugins compatible for Editor in 28.98 ms, found 1 plugins.
Preloading 0 native plugins for Editor in 0.00 ms.
Initialize engine version: 2020.3.0f1 (c7b5465681fb)
[Subsystems] Discovering subsystems at path C:/Program Files/Unity/Hub/Editor/2020.3.0f1/Editor/Data/Resources/UnitySubsystems
[Subsystems] Discovering subsystems at path C:/Users/Code Ninjas Markham/Documents/Tyler-Lin-Purple/New Unity Project (1)/SketchHead-TL/Assets
GfxDevice: creating device client; threaded=0
Direct3D:
    Version:  Direct3D 11.0 [level 11.1]
    Renderer: NVIDIA GeForce GTX 1650 with Max-Q Design (ID=0x1f9d)
    Vendor:   
    VRAM:     3962 MB
    Driver:   27.21.14.6221
Initialize mono
Mono path[0] = 'C:/Program Files/Unity/Hub/Editor/2020.3.0f1/Editor/Data/Managed'
Mono path[1] = 'C:/Program Files/Unity/Hub/Editor/2020.3.0f1/Editor/Data/MonoBleedingEdge/lib/mono/unityjit'
Mono config path = 'C:/Program Files/Unity/Hub/Editor/2020.3.0f1/Editor/Data/MonoBleedingEdge/etc'
Using monoOptions --debugger-agent=transport=dt_socket,embedding=1,server=y,suspend=n,address=127.0.0.1:56224
Begin MonoManager ReloadAssembly
Registering precompiled unity dll's ...
Register platform support module: C:/Program Files/Unity/Hub/Editor/2020.3.0f1/Editor/Data/PlaybackEngines/WindowsStandaloneSupport/UnityEditor.WindowsStandalone.Extensions.dll
Registered in 0.001239 seconds.
Native extension for WindowsStandalone target not found
Refreshing native plugins compatible for Editor in 29.15 ms, found 1 plugins.
Preloading 0 native plugins for Editor in 0.00 ms.
Invoked RoslynAnalysisRunner static constructor.
RoslynAnalysisRunner will not be running.
RoslynAnalysisRunner has terminated.
Mono: successfully reloaded assembly
- Completed reload, in  0.779 seconds
Platform modules already initialized, skipping
Registering precompiled user dll's ...
Registered in 0.000681 seconds.
Begin MonoManager ReloadAssembly
Native extension for WindowsStandalone target not found
Refreshing native plugins compatible for Editor in 31.35 ms, found 1 plugins.
Preloading 0 native plugins for Editor in 0.00 ms.
Invoked RoslynAnalysisRunner static constructor.
RoslynAnalysisRunner will not be running.
RoslynAnalysisRunner has terminated.
Mono: successfully reloaded assembly
- Completed reload, in  0.788 seconds
Platform modules already initialized, skipping
========================================================================
Worker process is ready to serve import requests
Launched and connected shader compiler UnityShaderCompiler.exe after 0.03 seconds
Refreshing native plugins compatible for Editor in 0.71 ms, found 1 plugins.
Preloading 0 native plugins for Editor in 0.00 ms.
Unloading 1812 Unused Serialized files (Serialized files now loaded: 0)
System memory in use before: 85.5 MB.
System memory in use after: 85.4 MB.

Unloading 24 unused Assets to reduce memory usage. Loaded Objects now: 2256.
Total: 3.374600 ms (FindLiveObjects: 0.636600 ms CreateObjectMapping: 0.299400 ms MarkObjects: 2.319300 ms  DeleteObjects: 0.116700 ms)

========================================================================
Received Import Request.
  path: Assets/Resources/Icons/1f3ae.png
  artifactKey: Guid(39e9a147bb3eced4ab5b82a84df774b0) Importer(815301076,1909f56bfc062723c751e8b465ee728b)
Start importing Assets/Resources/Icons/1f3ae.png using Guid(39e9a147bb3eced4ab5b82a84df774b0) Importer(815301076,1909f56bfc062723c751e8b465ee728b)  -> (artifact id: '24147f66dc11c55392598fd3194d52be') in 0.087310 seconds
  Import took 0.089946 seconds .

========================================================================
Received Import Request.
  Time since last request: 0.007964 seconds.
  path: Assets/Resources/Icons/Leaves.png
  artifactKey: Guid(ea4eb54cafca4b9428d7c096f69deed7) Importer(815301076,1909f56bfc062723c751e8b465ee728b)
Start importing Assets/Resources/Icons/Leaves.png using Guid(ea4eb54cafca4b9428d7c096f69deed7) Importer(815301076,1909f56bfc062723c751e8b465ee728b)  -> (artifact id: '29e9076e23a8ed941f4d88a26f4674b8') in 0.009276 seconds
  Import took 0.013152 seconds .

========================================================================
Received Import Request.
  Time since last request: 0.032321 seconds.
  path: Assets/Font/Lefthandkids_demo.ttf
  artifactKey: Guid(96fd30e82e8e1db40b68781c3d59fbb2) Importer(815301076,1909f56bfc062723c751e8b465ee728b)
Start importing Assets/Font/Lefthandkids_demo.ttf using Guid(96fd30e82e8e1db40b68781c3d59fbb2) Importer(815301076,1909f56bfc062723c751e8b465ee728b)  -> (artifact id: '7c762a8df9d1cd5eb5ec405f55ce595a') in 0.071834 seconds
  Import took 0.075518 seconds .

========================================================================
Received Import Request.
  Time since last request: 0.002782 seconds.
  path: Assets/Resources/Icons
  artifactKey: Guid(0fdebd28d616f354981dc48ccbbe7b42) Importer(815301076,1909f56bfc062723c751e8b465ee728b)
Start importing Assets/Resources/Icons using Guid(0fdebd28d616f354981dc48ccbbe7b42) Importer(815301076,1909f56bfc062723c751e8b465ee728b)  -> (artifact id: '9a6fe57587d80b2b241c5b24e7c01613') in 0.005232 seconds
  Import took 0.007732 seconds .

========================================================================
Received Import Request.
  Time since last request: 0.004354 seconds.
  path: Assets/Scripts/Restart.cs
  artifactKey: Guid(9e4cf276accd1864ab16bb60d0d26acc) Importer(815301076,1909f56bfc062723c751e8b465ee728b)
Start importing Assets/Scripts/Restart.cs using Guid(9e4cf276accd1864ab16bb60d0d26acc) Importer(815301076,1909f56bfc062723c751e8b465ee728b)  -> (artifact id: '135d94804d44d74fbd45aae0c66113d9') in 0.016196 seconds
  Import took 0.019618 seconds .

========================================================================
Received Import Request.
  Time since last request: 0.008396 seconds.
  path: Assets/Resources/Icons/kisspng-computer-icons-symbol-rotation-5adc05925036b7.1369357215243687863286.png
  artifactKey: Guid(0c6478fc627cacd44bbbb1adfdcd64fe) Importer(815301076,1909f56bfc062723c751e8b465ee728b)
Start importing Assets/Resources/Icons/kisspng-computer-icons-symbol-rotation-5adc05925036b7.1369357215243687863286.png using Guid(0c6478fc627cacd44bbbb1adfdcd64fe) Importer(815301076,1909f56bfc062723c751e8b465ee728b)  -> (artifact id: '88ddd98044c7cb256fd9081e12dbab11') in 0.007714 seconds
  Import took 0.010363 seconds .

========================================================================
Received Import Request.
  Time since last request: 0.003911 seconds.
  path: Assets/Scripts
  artifactKey: Guid(8be9db07819a43a418ef42b8b2131ac6) Importer(815301076,1909f56bfc062723c751e8b465ee728b)
Start importing Assets/Scripts using Guid(8be9db07819a43a418ef42b8b2131ac6) Importer(815301076,1909f56bfc062723c751e8b465ee728b)  -> (artifact id: '100102b06338c21b216f5ae2b6b8e9ad') in 0.004219 seconds
  Import took 0.006861 seconds .

========================================================================
Received Import Request.
  Time since last request: 0.002755 seconds.
  path: Assets/Prefabs
  artifactKey: Guid(a4bd7445accd77d44ae4ec611c65ac8c) Importer(815301076,1909f56bfc062723c751e8b465ee728b)
Start importing Assets/Prefabs using Guid(a4bd7445accd77d44ae4ec611c65ac8c) Importer(815301076,1909f56bfc062723c751e8b465ee728b)  -> (artifact id: '4ab8c44aa7b5fc74ee508812c1fde522') in 0.003992 seconds
  Import took 0.007295 seconds .

========================================================================
Received Import Request.
  Time since last request: 0.011251 seconds.
  path: Assets/Resources/Icons/reset.png
  artifactKey: Guid(7aa3faa8702ed2d45b4bae5c39511876) Importer(815301076,1909f56bfc062723c751e8b465ee728b)
Start importing Assets/Resources/Icons/reset.png using Guid(7aa3faa8702ed2d45b4bae5c39511876) Importer(815301076,1909f56bfc062723c751e8b465ee728b)  -> (artifact id: '8064b55029ce6ec1b55163df7eafc02f') in 0.009120 seconds
  Import took 0.011772 seconds .

========================================================================
Received Import Request.
  Time since last request: 0.008984 seconds.
  path: Assets/Scripts/GameController.cs
  artifactKey: Guid(076bff893bad6e6429485a8c11bc2f32) Importer(815301076,1909f56bfc062723c751e8b465ee728b)
Start importing Assets/Scripts/GameController.cs using Guid(076bff893bad6e6429485a8c11bc2f32) Importer(815301076,1909f56bfc062723c751e8b465ee728b)  -> (artifact id: '9955a88364053b76a48e6905fce12e60') in 0.004360 seconds
  Import took 0.008529 seconds .

========================================================================
Received Import Request.
  Time since last request: 0.007911 seconds.
  path: Assets/Resources
  artifactKey: Guid(eab0f190df1cf464cbbe83dfbbcc3af8) Importer(815301076,1909f56bfc062723c751e8b465ee728b)
Start importing Assets/Resources using Guid(eab0f190df1cf464cbbe83dfbbcc3af8) Importer(815301076,1909f56bfc062723c751e8b465ee728b)  -> (artifact id: 'c49b5416118b546994d681108ab2df9c') in 0.004334 seconds
  Import took 0.008214 seconds .

========================================================================
Received Import Request.
  Time since last request: 0.008823 seconds.
  path: Assets/Resources/Icons/score.png
  artifactKey: Guid(bedad306b2c9c7c45b3dede9288ba435) Importer(815301076,1909f56bfc062723c751e8b465ee728b)
Start importing Assets/Resources/Icons/score.png using Guid(bedad306b2c9c7c45b3dede9288ba435) Importer(815301076,1909f56bfc062723c751e8b465ee728b)  -> (artifact id: '35c2755d60aa36fa057f0e4fdd3ed526') in 0.006303 seconds
  Import took 0.008902 seconds .

========================================================================
Received Import Request.
  Time since last request: 0.009267 seconds.
  path: Assets/Resources/Icons/collectables.png
  artifactKey: Guid(29f4a7575f7dbda4bbd9ca2de8852c66) Importer(815301076,1909f56bfc062723c751e8b465ee728b)
Start importing Assets/Resources/Icons/collectables.png using Guid(29f4a7575f7dbda4bbd9ca2de8852c66) Importer(815301076,1909f56bfc062723c751e8b465ee728b)  -> (artifact id: '1b2ecd5f7cbbda2a0d24712c4bdc6c94') in 0.006592 seconds
  Import took 0.009280 seconds .

========================================================================
Received Import Request.
  Time since last request: 0.003095 seconds.
  path: Assets/Font
  artifactKey: Guid(8ac1f9753cc0ba543b466207b884edf7) Importer(815301076,1909f56bfc062723c751e8b465ee728b)
Start importing Assets/Font using Guid(8ac1f9753cc0ba543b466207b884edf7) Importer(815301076,1909f56bfc062723c751e8b465ee728b)  -> (artifact id: '6250bc13b0b0aad08f726947c2b2d870') in 0.005836 seconds
  Import took 0.008598 seconds .

========================================================================
Received Import Request.
  Time since last request: 0.004205 seconds.
  path: Assets/Scripts/Destroyer.cs
  artifactKey: Guid(90d6870cb2f81434fa086ef35155ab6e) Importer(815301076,1909f56bfc062723c751e8b465ee728b)
Start importing Assets/Scripts/Destroyer.cs using Guid(90d6870cb2f81434fa086ef35155ab6e) Importer(815301076,1909f56bfc062723c751e8b465ee728b)  -> (artifact id: '29ef8c13282ef56977fe03f078a1fc71') in 0.004492 seconds
  Import took 0.008399 seconds .

========================================================================
Received Import Request.
  Time since last request: 0.003487 seconds.
  path: Assets/Physics
  artifactKey: Guid(8bfc8442bb1fb4343bc2c4f8a1bd20ac) Importer(815301076,1909f56bfc062723c751e8b465ee728b)
Start importing Assets/Physics using Guid(8bfc8442bb1fb4343bc2c4f8a1bd20ac) Importer(815301076,1909f56bfc062723c751e8b465ee728b)  -> (artifact id: 'bfe1e98f749a1d28efdcb779465b85bb') in 0.003830 seconds
  Import took 0.006343 seconds .

========================================================================
Received Import Request.
  Time since last request: 0.005553 seconds.
  path: Assets/Resources/Icons/img_542833.png
  artifactKey: Guid(0980736648babc64492f8d6eb0a59980) Importer(815301076,1909f56bfc062723c751e8b465ee728b)
Start importing Assets/Resources/Icons/img_542833.png using Guid(0980736648babc64492f8d6eb0a59980) Importer(815301076,1909f56bfc062723c751e8b465ee728b)  -> (artifact id: '1ea783b934ecd3925306aa2deb6bb68c') in 0.018402 seconds
  Import took 0.021548 seconds .

========================================================================
Received Import Request.
  Time since last request: 0.004974 seconds.
  path: Assets/Resources/Icons/pngkey.com-arrow-design-png-2456607.png
  artifactKey: Guid(a7730bab8c2b4eb4eab06a05fa5543a3) Importer(815301076,1909f56bfc062723c751e8b465ee728b)
Start importing Assets/Resources/Icons/pngkey.com-arrow-design-png-2456607.png using Guid(a7730bab8c2b4eb4eab06a05fa5543a3) Importer(815301076,1909f56bfc062723c751e8b465ee728b)  -> (artifact id: '9ce1ede4295a92ed2dc54f7a19333361') in 0.060284 seconds
  Import took 0.064022 seconds .

========================================================================
Received Import Request.
  Time since last request: 0.012680 seconds.
  path: Assets/Resources/Icons/DestroyOverTime.png
  artifactKey: Guid(151215a4c5ecdf840a1fbee697c505b6) Importer(815301076,1909f56bfc062723c751e8b465ee728b)
Start importing Assets/Resources/Icons/DestroyOverTime.png using Guid(151215a4c5ecdf840a1fbee697c505b6) Importer(815301076,1909f56bfc062723c751e8b465ee728b)  -> (artifact id: 'c43dddd50bf02b48f0da67e48c0f416d') in 0.007458 seconds
  Import took 0.010088 seconds .

========================================================================
Received Import Request.
  Time since last request: 0.004824 seconds.
  path: Assets/Sprite
  artifactKey: Guid(89d9f2b508359cc4dbd8688eb144d5eb) Importer(815301076,1909f56bfc062723c751e8b465ee728b)
Start importing Assets/Sprite using Guid(89d9f2b508359cc4dbd8688eb144d5eb) Importer(815301076,1909f56bfc062723c751e8b465ee728b)  -> (artifact id: 'b430e752473945350c8f845c3cf119a5') in 0.004208 seconds
  Import took 0.006826 seconds .

========================================================================
Received Import Request.
  Time since last request: 0.002658 seconds.
  path: Assets/Background
  artifactKey: Guid(1e1b3d151a628f04980b4bfc7f325939) Importer(815301076,1909f56bfc062723c751e8b465ee728b)
Start importing Assets/Background using Guid(1e1b3d151a628f04980b4bfc7f325939) Importer(815301076,1909f56bfc062723c751e8b465ee728b)  -> (artifact id: '20ba3e79c2c3db9151235f667233f087') in 0.005085 seconds
  Import took 0.007909 seconds .

========================================================================
Received Import Request.
  Time since last request: 0.014788 seconds.
  path: Assets/Resources/Icons/button_shape_polygon-512.png
  artifactKey: Guid(bc209e0ceb1603645b0952f923bd1775) Importer(815301076,1909f56bfc062723c751e8b465ee728b)
Start importing Assets/Resources/Icons/button_shape_polygon-512.png using Guid(bc209e0ceb1603645b0952f923bd1775) Importer(815301076,1909f56bfc062723c751e8b465ee728b)  -> (artifact id: '35d2b161b9c535f3eb39dcb0929a4b8c') in 0.008071 seconds
  Import took 0.010764 seconds .

========================================================================
Received Import Request.
  Time since last request: 0.007349 seconds.
  path: Assets/Resources/Icons/cfc9f698e9821ac6ecbad6abfea1b49e-flat-and-simple-camera-icon-by-vexels.png
  artifactKey: Guid(6b1fe035d60ede844a39e8e107be17e3) Importer(815301076,1909f56bfc062723c751e8b465ee728b)
Start importing Assets/Resources/Icons/cfc9f698e9821ac6ecbad6abfea1b49e-flat-and-simple-camera-icon-by-vexels.png using Guid(6b1fe035d60ede844a39e8e107be17e3) Importer(815301076,1909f56bfc062723c751e8b465ee728b)  -> (artifact id: '8964e69bafd830afbc0bde58e26a5417') in 0.008179 seconds
  Import took 0.011049 seconds .

========================================================================
Received Import Request.
  Time since last request: 0.007991 seconds.
  path: Assets/Resources/Icons/teleport.png
  artifactKey: Guid(16c31b1270e811f44b87f181efc9edcb) Importer(815301076,1909f56bfc062723c751e8b465ee728b)
Start importing Assets/Resources/Icons/teleport.png using Guid(16c31b1270e811f44b87f181efc9edcb) Importer(815301076,1909f56bfc062723c751e8b465ee728b)  -> (artifact id: 'a99d12c353918db5d813cbb448c5658d') in 0.007260 seconds
  Import took 0.010226 seconds .

========================================================================
Received Import Request.
  Time since last request: 0.004413 seconds.
  path: Assets/Scenes
  artifactKey: Guid(a143d5b712e278e4aa4c89d330c01d22) Importer(815301076,1909f56bfc062723c751e8b465ee728b)
Start importing Assets/Scenes using Guid(a143d5b712e278e4aa4c89d330c01d22) Importer(815301076,1909f56bfc062723c751e8b465ee728b)  -> (artifact id: 'feb6200626498a6dbec39285fcb96e62') in 0.005323 seconds
  Import took 0.008139 seconds .

========================================================================
Received Import Request.
  Time since last request: 0.005283 seconds.
  path: Assets/Resources/Icons/boundaries.png
  artifactKey: Guid(774823e620ef6a64dab09d752fc623e2) Importer(815301076,1909f56bfc062723c751e8b465ee728b)
Start importing Assets/Resources/Icons/boundaries.png using Guid(774823e620ef6a64dab09d752fc623e2) Importer(815301076,1909f56bfc062723c751e8b465ee728b)  -> (artifact id: 'dc99b2924df09333a472dfe9c8852e05') in 0.006942 seconds
  Import took 0.010144 seconds .

========================================================================
Received Import Request.
  Time since last request: 0.005153 seconds.
  path: Assets/Resources/Icons/how-to-create-a-png-1.png
  artifactKey: Guid(7d249436758a73e4bacd1038f09189fe) Importer(815301076,1909f56bfc062723c751e8b465ee728b)
Start importing Assets/Resources/Icons/how-to-create-a-png-1.png using Guid(7d249436758a73e4bacd1038f09189fe) Importer(815301076,1909f56bfc062723c751e8b465ee728b)  -> (artifact id: '6948507118a5d69d19abbd8b49e992dd') in 0.007709 seconds
  Import took 0.010355 seconds .

========================================================================
Received Import Request.
  Time since last request: 0.004145 seconds.
  path: Assets/Scenes/SampleScene.unity
  artifactKey: Guid(2cda990e2423bbf4892e6590ba056729) Importer(815301076,1909f56bfc062723c751e8b465ee728b)
Start importing Assets/Scenes/SampleScene.unity using Guid(2cda990e2423bbf4892e6590ba056729) Importer(815301076,1909f56bfc062723c751e8b465ee728b)  -> (artifact id: '421b6821611a97da20e0a848a3611c96') in 0.005539 seconds
  Import took 0.008260 seconds .

========================================================================
Received Import Request.
  Time since last request: 0.004806 seconds.
  path: Assets/Scenes/SketchHead.unity
  artifactKey: Guid(62b23e04ae3f9446c8a574786ea66a17) Importer(815301076,1909f56bfc062723c751e8b465ee728b)
Start importing Assets/Scenes/SketchHead.unity using Guid(62b23e04ae3f9446c8a574786ea66a17) Importer(815301076,1909f56bfc062723c751e8b465ee728b)  -> (artifact id: '3e86815cecb0d7b3a8348d7807f37d89') in 0.005572 seconds
  Import took 0.009302 seconds .

========================================================================
Received Prepare
Registering precompiled user dll's ...
Registered in 0.000706 seconds.
Begin MonoManager ReloadAssembly
Native extension for WindowsStandalone target not found
Refreshing native plugins compatible for Editor in 0.33 ms, found 1 plugins.
Preloading 0 native plugins for Editor in 0.00 ms.
Invoked RoslynAnalysisRunner static constructor.
RoslynAnalysisRunner will not be running.
RoslynAnalysisRunner has terminated.
Mono: successfully reloaded assembly
- Completed reload, in  0.700 seconds
Platform modules already initialized, skipping
Refreshing native plugins compatible for Editor in 0.31 ms, found 1 plugins.
Preloading 0 native plugins for Editor in 0.00 ms.
Unloading 1806 Unused Serialized files (Serialized files now loaded: 0)
System memory in use before: 88.9 MB.
System memory in use after: 88.9 MB.

Unloading 13 unused Assets to reduce memory usage. Loaded Objects now: 2306.
Total: 1.948600 ms (FindLiveObjects: 0.194300 ms CreateObjectMapping: 0.059900 ms MarkObjects: 1.597800 ms  DeleteObjects: 0.095100 ms)

========================================================================
Received Prepare
Registering precompiled user dll's ...
Registered in 0.000666 seconds.
Begin MonoManager ReloadAssembly
Native extension for WindowsStandalone target not found
Refreshing native plugins compatible for Editor in 0.41 ms, found 1 plugins.
Preloading 0 native plugins for Editor in 0.00 ms.
Invoked RoslynAnalysisRunner static constructor.
RoslynAnalysisRunner will not be running.
RoslynAnalysisRunner has terminated.
Mono: successfully reloaded assembly
- Completed reload, in  0.681 seconds
Platform modules already initialized, skipping
Refreshing native plugins compatible for Editor in 0.33 ms, found 1 plugins.
Preloading 0 native plugins for Editor in 0.00 ms.
Unloading 1806 Unused Serialized files (Serialized files now loaded: 0)
System memory in use before: 89.0 MB.
System memory in use after: 88.9 MB.

Unloading 12 unused Assets to reduce memory usage. Loaded Objects now: 2310.
Total: 2.233100 ms (FindLiveObjects: 0.261700 ms CreateObjectMapping: 0.084300 ms MarkObjects: 1.747300 ms  DeleteObjects: 0.139100 ms)

========================================================================
Received Prepare
Registering precompiled user dll's ...
Registered in 0.000764 seconds.
Begin MonoManager ReloadAssembly
Native extension for WindowsStandalone target not found
Refreshing native plugins compatible for Editor in 0.35 ms, found 1 plugins.
Preloading 0 native plugins for Editor in 0.00 ms.
Invoked RoslynAnalysisRunner static constructor.
RoslynAnalysisRunner will not be running.
RoslynAnalysisRunner has terminated.
Mono: successfully reloaded assembly
- Completed reload, in  0.671 seconds
Platform modules already initialized, skipping
Refreshing native plugins compatible for Editor in 0.34 ms, found 1 plugins.
Preloading 0 native plugins for Editor in 0.00 ms.
Unloading 1806 Unused Serialized files (Serialized files now loaded: 0)
System memory in use before: 89.0 MB.
System memory in use after: 89.0 MB.

Unloading 12 unused Assets to reduce memory usage. Loaded Objects now: 2314.
Total: 2.052000 ms (FindLiveObjects: 0.213900 ms CreateObjectMapping: 0.069500 ms MarkObjects: 1.626900 ms  DeleteObjects: 0.141000 ms)

========================================================================
Received Prepare
Registering precompiled user dll's ...
Registered in 0.000754 seconds.
Begin MonoManager ReloadAssembly
Native extension for WindowsStandalone target not found
Refreshing native plugins compatible for Editor in 0.35 ms, found 1 plugins.
Preloading 0 native plugins for Editor in 0.00 ms.
Invoked RoslynAnalysisRunner static constructor.
RoslynAnalysisRunner will not be running.
RoslynAnalysisRunner has terminated.
Mono: successfully reloaded assembly
- Completed reload, in  0.682 seconds
Platform modules already initialized, skipping
Refreshing native plugins compatible for Editor in 0.33 ms, found 1 plugins.
Preloading 0 native plugins for Editor in 0.00 ms.
Unloading 1806 Unused Serialized files (Serialized files now loaded: 0)
System memory in use before: 89.0 MB.
System memory in use after: 89.0 MB.

Unloading 12 unused Assets to reduce memory usage. Loaded Objects now: 2318.
Total: 2.175100 ms (FindLiveObjects: 0.230200 ms CreateObjectMapping: 0.075700 ms MarkObjects: 1.730300 ms  DeleteObjects: 0.138100 ms)

========================================================================
Received Prepare
Registering precompiled user dll's ...
Registered in 0.000700 seconds.
Begin MonoManager ReloadAssembly
Native extension for WindowsStandalone target not found
Refreshing native plugins compatible for Editor in 0.36 ms, found 1 plugins.
Preloading 0 native plugins for Editor in 0.00 ms.
Invoked RoslynAnalysisRunner static constructor.
RoslynAnalysisRunner will not be running.
RoslynAnalysisRunner has terminated.
Mono: successfully reloaded assembly
- Completed reload, in  0.676 seconds
Platform modules already initialized, skipping
Refreshing native plugins compatible for Editor in 0.32 ms, found 1 plugins.
Preloading 0 native plugins for Editor in 0.00 ms.
Unloading 1806 Unused Serialized files (Serialized files now loaded: 0)
System memory in use before: 89.0 MB.
System memory in use after: 89.0 MB.

Unloading 12 unused Assets to reduce memory usage. Loaded Objects now: 2322.
Total: 1.799000 ms (FindLiveObjects: 0.216600 ms CreateObjectMapping: 0.061800 ms MarkObjects: 1.433600 ms  DeleteObjects: 0.086300 ms)

========================================================================
Received Import Request.
  Time since last request: 487.121643 seconds.
  path: Assets/Scenes/SampleScene.unity
  artifactKey: Guid(2cda990e2423bbf4892e6590ba056729) Importer(815301076,1909f56bfc062723c751e8b465ee728b)
Start importing Assets/Scenes/SampleScene.unity using Guid(2cda990e2423bbf4892e6590ba056729) Importer(815301076,1909f56bfc062723c751e8b465ee728b)  -> (artifact id: 'e2760a5c357856d159d503469f9b8e67') in 0.013665 seconds
  Import took 0.017958 seconds .

AssetImportWorkerClient::OnTransportError - code=2 error=End of file
