Using pre-set license
Built from '2020.3/staging' branch; Version is '2020.3.0f1 (c7b5465681fb) revision 13088070'; Using compiler version '192528614'; Build Type 'Release'
OS: 'Windows 10 Home; OS build 19042.1526; Version 2009; 64bit' Language: 'en' Physical Memory: 8013 MB
BatchMode: 1, IsHumanControllingUs: 0, StartBugReporterOnCrash: 0, Is64bit: 1, IsPro: 0

 COMMAND LINE ARGUMENTS:
C:\Program Files\Unity\Hub\Editor\2020.3.0f1\Editor\Unity.exe
-adb2
-batchMode
-noUpm
-name
AssetImportWorker0
-projectPath
C:/Users/Code Ninjas Markham/Documents/Tyler-Lin-Purple/New Unity Project (1)/KK-MyDroppingBombs4
-logFile
Logs/AssetImportWorker0.log
-srvPort
55650
Successfully changed project path to: C:/Users/Code Ninjas Markham/Documents/Tyler-Lin-Purple/New Unity Project (1)/KK-MyDroppingBombs4
C:/Users/Code Ninjas Markham/Documents/Tyler-Lin-Purple/New Unity Project (1)/KK-MyDroppingBombs4
Using Asset Import Pipeline V2.
Refreshing native plugins compatible for Editor in 21.29 ms, found 0 plugins.
Preloading 0 native plugins for Editor in 0.00 ms.
Initialize engine version: 2020.3.0f1 (c7b5465681fb)
[Subsystems] Discovering subsystems at path C:/Program Files/Unity/Hub/Editor/2020.3.0f1/Editor/Data/Resources/UnitySubsystems
[Subsystems] Discovering subsystems at path C:/Users/Code Ninjas Markham/Documents/Tyler-Lin-Purple/New Unity Project (1)/KK-MyDroppingBombs4/Assets
GfxDevice: creating device client; threaded=0
Direct3D:
    Version:  Direct3D 11.0 [level 11.1]
    Renderer: NVIDIA GeForce GTX 1650 with Max-Q Design (ID=0x1f9d)
    Vendor:   
    VRAM:     3962 MB
    Driver:   27.21.14.6221
Initialize mono
Mono path[0] = 'C:/Program Files/Unity/Hub/Editor/2020.3.0f1/Editor/Data/Managed'
Mono path[1] = 'C:/Program Files/Unity/Hub/Editor/2020.3.0f1/Editor/Data/MonoBleedingEdge/lib/mono/unityjit'
Mono config path = 'C:/Program Files/Unity/Hub/Editor/2020.3.0f1/Editor/Data/MonoBleedingEdge/etc'
Using monoOptions --debugger-agent=transport=dt_socket,embedding=1,server=y,suspend=n,address=127.0.0.1:56940
Begin MonoManager ReloadAssembly
Registering precompiled unity dll's ...
Register platform support module: C:/Program Files/Unity/Hub/Editor/2020.3.0f1/Editor/Data/PlaybackEngines/WindowsStandaloneSupport/UnityEditor.WindowsStandalone.Extensions.dll
Registered in 0.001694 seconds.
Native extension for WindowsStandalone target not found
Refreshing native plugins compatible for Editor in 28.71 ms, found 0 plugins.
Preloading 0 native plugins for Editor in 0.00 ms.
Invoked RoslynAnalysisRunner static constructor.
RoslynAnalysisRunner will not be running.
RoslynAnalysisRunner has terminated.
Mono: successfully reloaded assembly
- Completed reload, in  1.092 seconds
Platform modules already initialized, skipping
Registering precompiled user dll's ...
Registered in 0.000523 seconds.
Begin MonoManager ReloadAssembly
Native extension for WindowsStandalone target not found
Refreshing native plugins compatible for Editor in 0.27 ms, found 0 plugins.
Preloading 0 native plugins for Editor in 0.00 ms.
Invoked RoslynAnalysisRunner static constructor.
RoslynAnalysisRunner will not be running.
RoslynAnalysisRunner has terminated.
Mono: successfully reloaded assembly
- Completed reload, in  0.836 seconds
Platform modules already initialized, skipping
========================================================================
Worker process is ready to serve import requests
Launched and connected shader compiler UnityShaderCompiler.exe after 0.04 seconds
Refreshing native plugins compatible for Editor in 0.23 ms, found 0 plugins.
Preloading 0 native plugins for Editor in 0.00 ms.
Unloading 1121 Unused Serialized files (Serialized files now loaded: 0)
System memory in use before: 57.5 MB.
System memory in use after: 57.5 MB.

Unloading 10 unused Assets to reduce memory usage. Loaded Objects now: 1563.
Total: 1.908400 ms (FindLiveObjects: 0.175500 ms CreateObjectMapping: 0.055100 ms MarkObjects: 1.594300 ms  DeleteObjects: 0.082000 ms)

========================================================================
Received Import Request.
  path: Assets/Scenes/DroppingBombs.unity
  artifactKey: Guid(85687c07a84d7014b9999283399f28d3) Importer(815301076,1909f56bfc062723c751e8b465ee728b)
Start importing Assets/Scenes/DroppingBombs.unity using Guid(85687c07a84d7014b9999283399f28d3) Importer(815301076,1909f56bfc062723c751e8b465ee728b)  -> (artifact id: '79e8e2b95fdfe0e4d47285288d47bd6a') in 0.058087 seconds
  Import took 0.061200 seconds .

========================================================================
Received Import Request.
  Time since last request: 11.795521 seconds.
  path: Assets/Prefabs/Bomb.prefab
  artifactKey: Guid(efe029c5467f57c4aa62af92ccb2d253) Importer(815301076,1909f56bfc062723c751e8b465ee728b)
Start importing Assets/Prefabs/Bomb.prefab using Guid(efe029c5467f57c4aa62af92ccb2d253) Importer(815301076,1909f56bfc062723c751e8b465ee728b)  -> (artifact id: 'ef508cdc2b25f10f9ff599c3d74c0cce') in 0.182157 seconds
  Import took 0.184720 seconds .

========================================================================
Received Import Request.
  Time since last request: 0.000277 seconds.
  path: Assets/Prefabs/Rocket.prefab
  artifactKey: Guid(82169fb5eac75114e9dae4d2dd916e6f) Importer(815301076,1909f56bfc062723c751e8b465ee728b)
Start importing Assets/Prefabs/Rocket.prefab using Guid(82169fb5eac75114e9dae4d2dd916e6f) Importer(815301076,1909f56bfc062723c751e8b465ee728b)  -> (artifact id: '5e6458d79c6c38d9a3f53a2911915452') in 0.023959 seconds
  Import took 0.025694 seconds .

========================================================================
Received Import Request.
  Time since last request: 34.664936 seconds.
  path: Assets/Prefabs/Rocket.prefab
  artifactKey: Guid(82169fb5eac75114e9dae4d2dd916e6f) Importer(815301076,1909f56bfc062723c751e8b465ee728b)
Start importing Assets/Prefabs/Rocket.prefab using Guid(82169fb5eac75114e9dae4d2dd916e6f) Importer(815301076,1909f56bfc062723c751e8b465ee728b)  -> (artifact id: '3d6f487cf7eb0ad382ef190cc9e2192e') in 0.074774 seconds
  Import took 0.076852 seconds .

========================================================================
Received Import Request.
  Time since last request: 208.293991 seconds.
  path: Assets/Prefabs/Rocket.prefab
  artifactKey: Guid(82169fb5eac75114e9dae4d2dd916e6f) Importer(815301076,1909f56bfc062723c751e8b465ee728b)
Start importing Assets/Prefabs/Rocket.prefab using Guid(82169fb5eac75114e9dae4d2dd916e6f) Importer(815301076,1909f56bfc062723c751e8b465ee728b)  -> (artifact id: '846f5e5e615eeb9007f82c59e27c14fc') in 0.015426 seconds
  Import took 0.018566 seconds .

========================================================================
Received Import Request.
  Time since last request: 72.512528 seconds.
  path: Assets/Prefabs/Rocket.prefab
  artifactKey: Guid(82169fb5eac75114e9dae4d2dd916e6f) Importer(815301076,1909f56bfc062723c751e8b465ee728b)
Start importing Assets/Prefabs/Rocket.prefab using Guid(82169fb5eac75114e9dae4d2dd916e6f) Importer(815301076,1909f56bfc062723c751e8b465ee728b)  -> (artifact id: '15885c562d7df7e5e77b4c46cf3ad52b') in 0.013577 seconds
  Import took 0.016671 seconds .

========================================================================
Received Import Request.
  Time since last request: 40.474884 seconds.
  path: Assets/Prefabs/Rocket.prefab
  artifactKey: Guid(82169fb5eac75114e9dae4d2dd916e6f) Importer(815301076,1909f56bfc062723c751e8b465ee728b)
Start importing Assets/Prefabs/Rocket.prefab using Guid(82169fb5eac75114e9dae4d2dd916e6f) Importer(815301076,1909f56bfc062723c751e8b465ee728b)  -> (artifact id: '4f3ae99d5a620a37aedaf9f6305ab3de') in 0.014358 seconds
  Import took 0.017205 seconds .

========================================================================
Received Import Request.
  Time since last request: 11.730987 seconds.
  path: Assets/Prefabs/Rocket.prefab
  artifactKey: Guid(82169fb5eac75114e9dae4d2dd916e6f) Importer(815301076,1909f56bfc062723c751e8b465ee728b)
Start importing Assets/Prefabs/Rocket.prefab using Guid(82169fb5eac75114e9dae4d2dd916e6f) Importer(815301076,1909f56bfc062723c751e8b465ee728b)  -> (artifact id: '9516e4568bc121179187e96226b1e881') in 0.013299 seconds
  Import took 0.016409 seconds .

========================================================================
Received Import Request.
  Time since last request: 36.805901 seconds.
  path: Assets/Prefabs/Rocket.prefab
  artifactKey: Guid(82169fb5eac75114e9dae4d2dd916e6f) Importer(815301076,1909f56bfc062723c751e8b465ee728b)
Start importing Assets/Prefabs/Rocket.prefab using Guid(82169fb5eac75114e9dae4d2dd916e6f) Importer(815301076,1909f56bfc062723c751e8b465ee728b)  -> (artifact id: '9c887642115c3312805b29241301ddbe') in 0.020501 seconds
  Import took 0.023978 seconds .

========================================================================
Received Prepare
Registering precompiled user dll's ...
Registered in 0.001534 seconds.
Begin MonoManager ReloadAssembly
Native extension for WindowsStandalone target not found
Refreshing native plugins compatible for Editor in 0.25 ms, found 0 plugins.
Preloading 0 native plugins for Editor in 0.00 ms.
Invoked RoslynAnalysisRunner static constructor.
RoslynAnalysisRunner will not be running.
RoslynAnalysisRunner has terminated.
Mono: successfully reloaded assembly
- Completed reload, in  0.874 seconds
Platform modules already initialized, skipping
Refreshing native plugins compatible for Editor in 0.82 ms, found 0 plugins.
Preloading 0 native plugins for Editor in 0.00 ms.
Unloading 1116 Unused Serialized files (Serialized files now loaded: 0)
System memory in use before: 60.8 MB.
System memory in use after: 60.9 MB.

Unloading 7 unused Assets to reduce memory usage. Loaded Objects now: 1575.
Total: 1.892500 ms (FindLiveObjects: 0.161100 ms CreateObjectMapping: 0.043700 ms MarkObjects: 1.616600 ms  DeleteObjects: 0.070000 ms)

========================================================================
Received Import Request.
  Time since last request: 80.280178 seconds.
  path: Assets/Prefabs/Rocket.prefab
  artifactKey: Guid(82169fb5eac75114e9dae4d2dd916e6f) Importer(815301076,1909f56bfc062723c751e8b465ee728b)
Start importing Assets/Prefabs/Rocket.prefab using Guid(82169fb5eac75114e9dae4d2dd916e6f) Importer(815301076,1909f56bfc062723c751e8b465ee728b)  -> (artifact id: '8e2409dce075a9ceb4ccca4cc3164286') in 0.076160 seconds
  Import took 0.079069 seconds .

========================================================================
Received Prepare
Registering precompiled user dll's ...
Registered in 0.000798 seconds.
Begin MonoManager ReloadAssembly
Native extension for WindowsStandalone target not found
Refreshing native plugins compatible for Editor in 0.27 ms, found 0 plugins.
Preloading 0 native plugins for Editor in 0.00 ms.
Invoked RoslynAnalysisRunner static constructor.
RoslynAnalysisRunner will not be running.
RoslynAnalysisRunner has terminated.
Mono: successfully reloaded assembly
- Completed reload, in  0.904 seconds
Platform modules already initialized, skipping
Refreshing native plugins compatible for Editor in 0.29 ms, found 0 plugins.
Preloading 0 native plugins for Editor in 0.00 ms.
Unloading 1116 Unused Serialized files (Serialized files now loaded: 0)
System memory in use before: 60.9 MB.
System memory in use after: 60.9 MB.

Unloading 7 unused Assets to reduce memory usage. Loaded Objects now: 1579.
Total: 1.789000 ms (FindLiveObjects: 0.172800 ms CreateObjectMapping: 0.039600 ms MarkObjects: 1.505500 ms  DeleteObjects: 0.069900 ms)

========================================================================
Received Import Request.
  Time since last request: 61.099104 seconds.
  path: Assets/Prefabs/Rocket.prefab
  artifactKey: Guid(82169fb5eac75114e9dae4d2dd916e6f) Importer(815301076,1909f56bfc062723c751e8b465ee728b)
Start importing Assets/Prefabs/Rocket.prefab using Guid(82169fb5eac75114e9dae4d2dd916e6f) Importer(815301076,1909f56bfc062723c751e8b465ee728b)  -> (artifact id: 'b1c90179354b3969611fc8600cd0f0fe') in 0.082921 seconds
  Import took 0.087186 seconds .

========================================================================
Received Prepare
Registering precompiled user dll's ...
Registered in 0.000770 seconds.
Begin MonoManager ReloadAssembly
Native extension for WindowsStandalone target not found
Refreshing native plugins compatible for Editor in 0.26 ms, found 0 plugins.
Preloading 0 native plugins for Editor in 0.00 ms.
Invoked RoslynAnalysisRunner static constructor.
RoslynAnalysisRunner will not be running.
RoslynAnalysisRunner has terminated.
Mono: successfully reloaded assembly
- Completed reload, in  0.965 seconds
Platform modules already initialized, skipping
Refreshing native plugins compatible for Editor in 0.28 ms, found 0 plugins.
Preloading 0 native plugins for Editor in 0.00 ms.
Unloading 1116 Unused Serialized files (Serialized files now loaded: 0)
System memory in use before: 60.9 MB.
System memory in use after: 61.0 MB.

Unloading 7 unused Assets to reduce memory usage. Loaded Objects now: 1583.
Total: 1.637500 ms (FindLiveObjects: 0.137400 ms CreateObjectMapping: 0.039900 ms MarkObjects: 1.397600 ms  DeleteObjects: 0.061100 ms)

========================================================================
Received Import Request.
  Time since last request: 32.674409 seconds.
  path: Assets/Prefabs/Rocket.prefab
  artifactKey: Guid(82169fb5eac75114e9dae4d2dd916e6f) Importer(815301076,1909f56bfc062723c751e8b465ee728b)
Start importing Assets/Prefabs/Rocket.prefab using Guid(82169fb5eac75114e9dae4d2dd916e6f) Importer(815301076,1909f56bfc062723c751e8b465ee728b)  -> (artifact id: '37d9f3a55e953829b16a9a3890229b05') in 0.093603 seconds
  Import took 0.097007 seconds .

========================================================================
Received Import Request.
  Time since last request: 45.001873 seconds.
  path: Assets/Prefabs/Rocket.prefab
  artifactKey: Guid(82169fb5eac75114e9dae4d2dd916e6f) Importer(815301076,1909f56bfc062723c751e8b465ee728b)
Start importing Assets/Prefabs/Rocket.prefab using Guid(82169fb5eac75114e9dae4d2dd916e6f) Importer(815301076,1909f56bfc062723c751e8b465ee728b)  -> (artifact id: 'd147132e04a964e8afc5146359e3a459') in 0.016711 seconds
  Import took 0.019787 seconds .

========================================================================
Received Import Request.
  Time since last request: 0.202019 seconds.
  path: Assets/Prefabs/Rocket.prefab
  artifactKey: Guid(82169fb5eac75114e9dae4d2dd916e6f) Importer(815301076,1909f56bfc062723c751e8b465ee728b)
Start importing Assets/Prefabs/Rocket.prefab using Guid(82169fb5eac75114e9dae4d2dd916e6f) Importer(815301076,1909f56bfc062723c751e8b465ee728b)  -> (artifact id: '13c687ae0f5f52f21a712f9e4384f490') in 0.014187 seconds
  Import took 0.018342 seconds .

========================================================================
Received Import Request.
  Time since last request: 3.832427 seconds.
  path: Assets/Prefabs/Rocket.prefab
  artifactKey: Guid(82169fb5eac75114e9dae4d2dd916e6f) Importer(815301076,1909f56bfc062723c751e8b465ee728b)
Start importing Assets/Prefabs/Rocket.prefab using Guid(82169fb5eac75114e9dae4d2dd916e6f) Importer(815301076,1909f56bfc062723c751e8b465ee728b)  -> (artifact id: '00080d61f995b538a222194f314d5dfc') in 0.019382 seconds
  Import took 0.022063 seconds .

========================================================================
Received Import Request.
  Time since last request: 17.530734 seconds.
  path: Assets
  artifactKey: Guid(00000000000000001000000000000000) Importer(815301076,1909f56bfc062723c751e8b465ee728b)
Start importing Assets using Guid(00000000000000001000000000000000) Importer(815301076,1909f56bfc062723c751e8b465ee728b)  -> (artifact id: '42baae205c97e3337697759514652acd') in 0.006325 seconds
  Import took 0.008571 seconds .

========================================================================
Received Import Request.
  Time since last request: 81.956260 seconds.
  path: Assets/Artwork/clouds.png
  artifactKey: Guid(442162cc081ca6241ad639d63fc8194b) Importer(815301076,1909f56bfc062723c751e8b465ee728b)
Start importing Assets/Artwork/clouds.png using Guid(442162cc081ca6241ad639d63fc8194b) Importer(815301076,1909f56bfc062723c751e8b465ee728b)  -> (artifact id: '8e568b7a327d1b97b4bb533709a7bfe6') in 0.030267 seconds
  Import took 0.033039 seconds .

========================================================================
Received Import Request.
  Time since last request: 0.000305 seconds.
  path: Assets/Artwork/DBTitle.png
  artifactKey: Guid(bcb606094c57c85489dc8f8dc475474e) Importer(815301076,1909f56bfc062723c751e8b465ee728b)
Start importing Assets/Artwork/DBTitle.png using Guid(bcb606094c57c85489dc8f8dc475474e) Importer(815301076,1909f56bfc062723c751e8b465ee728b)  -> (artifact id: '059aa953c02eb9f79441a220335e6734') in 0.033985 seconds
  Import took 0.036059 seconds .

========================================================================
Received Import Request.
  Time since last request: 0.000300 seconds.
  path: Assets/Artwork/grungeHazard.png
  artifactKey: Guid(71bb88777282e224e95eda13676b268f) Importer(815301076,1909f56bfc062723c751e8b465ee728b)
Start importing Assets/Artwork/grungeHazard.png using Guid(71bb88777282e224e95eda13676b268f) Importer(815301076,1909f56bfc062723c751e8b465ee728b)  -> (artifact id: '9c2ccbf3f36e14b32b9e16c4d39cd7df') in 0.019838 seconds
  Import took 0.022543 seconds .

========================================================================
Received Import Request.
  Time since last request: 0.000279 seconds.
  path: Assets/Artwork/RocketsPalletteRed.png
  artifactKey: Guid(87b14570171a8be458a29df2cd70f078) Importer(815301076,1909f56bfc062723c751e8b465ee728b)
Start importing Assets/Artwork/RocketsPalletteRed.png using Guid(87b14570171a8be458a29df2cd70f078) Importer(815301076,1909f56bfc062723c751e8b465ee728b)  -> (artifact id: '94b9bb03c4950a8564a5426a8574f24b') in 0.019021 seconds
  Import took 0.021530 seconds .

========================================================================
Received Import Request.
  Time since last request: 0.000313 seconds.
  path: Assets/Artwork/skull.png
  artifactKey: Guid(05a64b4e8daea01449eafc1a5770efce) Importer(815301076,1909f56bfc062723c751e8b465ee728b)
Start importing Assets/Artwork/skull.png using Guid(05a64b4e8daea01449eafc1a5770efce) Importer(815301076,1909f56bfc062723c751e8b465ee728b)  -> (artifact id: 'ddc3145e27e77b170380ccdb0805fc9f') in 0.017355 seconds
  Import took 0.019878 seconds .

========================================================================
Received Import Request.
  Time since last request: 0.000311 seconds.
  path: Assets/Artwork/SkyGradient.png
  artifactKey: Guid(06db43590685b154e85c65c962864223) Importer(815301076,1909f56bfc062723c751e8b465ee728b)
Start importing Assets/Artwork/SkyGradient.png using Guid(06db43590685b154e85c65c962864223) Importer(815301076,1909f56bfc062723c751e8b465ee728b)  -> (artifact id: '5fa8bed345fca79109a3e8b2977a7992') in 0.019061 seconds
  Import took 0.022289 seconds .

========================================================================
Received Import Request.
  Time since last request: 0.313448 seconds.
  path: Assets/Models/Rocket06.fbx
  artifactKey: Guid(0094b425812d49548913a84e817fac7e) Importer(815301076,1909f56bfc062723c751e8b465ee728b)
Start importing Assets/Models/Rocket06.fbx using Guid(0094b425812d49548913a84e817fac7e) Importer(815301076,1909f56bfc062723c751e8b465ee728b)  -> (artifact id: '497db0937e78922453273e4f57bc0b2f') in 0.063177 seconds
  Import took 0.065519 seconds .

========================================================================
Received Import Request.
  Time since last request: 0.573753 seconds.
  path: Assets/Prefabs/Rocket.prefab
  artifactKey: Guid(82169fb5eac75114e9dae4d2dd916e6f) Importer(815301076,1909f56bfc062723c751e8b465ee728b)
Start importing Assets/Prefabs/Rocket.prefab using Guid(82169fb5eac75114e9dae4d2dd916e6f) Importer(815301076,1909f56bfc062723c751e8b465ee728b)  -> (artifact id: '81bf803153a60cc846c3169e15950306') in 0.015069 seconds
  Import took 0.017973 seconds .

========================================================================
Received Import Request.
  Time since last request: 60.354030 seconds.
  path: Assets/Materials/Flame01.mat
  artifactKey: Guid(b1ca011c5f92d4fd4b5aeac44fd607c6) Importer(815301076,1909f56bfc062723c751e8b465ee728b)
Start importing Assets/Materials/Flame01.mat using Guid(b1ca011c5f92d4fd4b5aeac44fd607c6) Importer(815301076,1909f56bfc062723c751e8b465ee728b)  -> (artifact id: '903db9bf0a55d28a9046a2631391b4aa') in 0.051359 seconds
  Import took 0.054033 seconds .

========================================================================
Received Prepare
Registering precompiled user dll's ...
Registered in 0.000755 seconds.
Begin MonoManager ReloadAssembly
Native extension for WindowsStandalone target not found
Refreshing native plugins compatible for Editor in 0.25 ms, found 0 plugins.
Preloading 0 native plugins for Editor in 0.00 ms.
Invoked RoslynAnalysisRunner static constructor.
RoslynAnalysisRunner will not be running.
RoslynAnalysisRunner has terminated.
Mono: successfully reloaded assembly
- Completed reload, in  1.011 seconds
Platform modules already initialized, skipping
Refreshing native plugins compatible for Editor in 0.26 ms, found 0 plugins.
Preloading 0 native plugins for Editor in 0.00 ms.
Unloading 1116 Unused Serialized files (Serialized files now loaded: 0)
System memory in use before: 61.4 MB.
System memory in use after: 61.4 MB.

Unloading 7 unused Assets to reduce memory usage. Loaded Objects now: 1628.
Total: 2.984400 ms (FindLiveObjects: 0.303300 ms CreateObjectMapping: 0.125700 ms MarkObjects: 2.447000 ms  DeleteObjects: 0.106700 ms)

========================================================================
Received Prepare
Registering precompiled user dll's ...
Registered in 0.000793 seconds.
Begin MonoManager ReloadAssembly
Native extension for WindowsStandalone target not found
Refreshing native plugins compatible for Editor in 0.25 ms, found 0 plugins.
Preloading 0 native plugins for Editor in 0.00 ms.
Invoked RoslynAnalysisRunner static constructor.
RoslynAnalysisRunner will not be running.
RoslynAnalysisRunner has terminated.
Mono: successfully reloaded assembly
- Completed reload, in  1.027 seconds
Platform modules already initialized, skipping
Refreshing native plugins compatible for Editor in 0.28 ms, found 0 plugins.
Preloading 0 native plugins for Editor in 0.00 ms.
Unloading 1116 Unused Serialized files (Serialized files now loaded: 0)
System memory in use before: 61.4 MB.
System memory in use after: 61.4 MB.

Unloading 5 unused Assets to reduce memory usage. Loaded Objects now: 1631.
Total: 2.605900 ms (FindLiveObjects: 0.251000 ms CreateObjectMapping: 0.098500 ms MarkObjects: 2.197300 ms  DeleteObjects: 0.057900 ms)

========================================================================
Received Prepare
Registering precompiled user dll's ...
Registered in 0.000616 seconds.
Begin MonoManager ReloadAssembly
Native extension for WindowsStandalone target not found
Refreshing native plugins compatible for Editor in 0.20 ms, found 0 plugins.
Preloading 0 native plugins for Editor in 0.00 ms.
Invoked RoslynAnalysisRunner static constructor.
RoslynAnalysisRunner will not be running.
RoslynAnalysisRunner has terminated.
Mono: successfully reloaded assembly
- Completed reload, in  0.661 seconds
Platform modules already initialized, skipping
Refreshing native plugins compatible for Editor in 0.18 ms, found 0 plugins.
Preloading 0 native plugins for Editor in 0.00 ms.
Unloading 1116 Unused Serialized files (Serialized files now loaded: 0)
System memory in use before: 61.4 MB.
System memory in use after: 61.4 MB.

Unloading 5 unused Assets to reduce memory usage. Loaded Objects now: 1634.
Total: 1.871800 ms (FindLiveObjects: 0.297400 ms CreateObjectMapping: 0.085600 ms MarkObjects: 1.433200 ms  DeleteObjects: 0.053400 ms)

========================================================================
Received Prepare
Registering precompiled user dll's ...
Registered in 0.000635 seconds.
Begin MonoManager ReloadAssembly
Native extension for WindowsStandalone target not found
Refreshing native plugins compatible for Editor in 0.34 ms, found 0 plugins.
Preloading 0 native plugins for Editor in 0.00 ms.
Invoked RoslynAnalysisRunner static constructor.
RoslynAnalysisRunner will not be running.
RoslynAnalysisRunner has terminated.
Mono: successfully reloaded assembly
- Completed reload, in  0.884 seconds
Platform modules already initialized, skipping
Refreshing native plugins compatible for Editor in 0.34 ms, found 0 plugins.
Preloading 0 native plugins for Editor in 0.00 ms.
Unloading 1116 Unused Serialized files (Serialized files now loaded: 0)
System memory in use before: 61.4 MB.
System memory in use after: 61.5 MB.

Unloading 5 unused Assets to reduce memory usage. Loaded Objects now: 1637.
Total: 3.488400 ms (FindLiveObjects: 0.350100 ms CreateObjectMapping: 0.119700 ms MarkObjects: 2.950600 ms  DeleteObjects: 0.065100 ms)

========================================================================
Received Prepare
Registering precompiled user dll's ...
Registered in 0.000532 seconds.
Begin MonoManager ReloadAssembly
Native extension for WindowsStandalone target not found
Refreshing native plugins compatible for Editor in 0.40 ms, found 0 plugins.
Preloading 0 native plugins for Editor in 0.00 ms.
Invoked RoslynAnalysisRunner static constructor.
RoslynAnalysisRunner will not be running.
RoslynAnalysisRunner has terminated.
Mono: successfully reloaded assembly
- Completed reload, in  0.871 seconds
Platform modules already initialized, skipping
Refreshing native plugins compatible for Editor in 0.76 ms, found 0 plugins.
Preloading 0 native plugins for Editor in 0.00 ms.
Unloading 1116 Unused Serialized files (Serialized files now loaded: 0)
System memory in use before: 61.4 MB.
System memory in use after: 61.5 MB.

Unloading 5 unused Assets to reduce memory usage. Loaded Objects now: 1640.
Total: 2.092900 ms (FindLiveObjects: 0.490200 ms CreateObjectMapping: 0.045900 ms MarkObjects: 1.474400 ms  DeleteObjects: 0.079100 ms)

========================================================================
Received Prepare
Registering precompiled user dll's ...
Registered in 0.000556 seconds.
Begin MonoManager ReloadAssembly
Native extension for WindowsStandalone target not found
Refreshing native plugins compatible for Editor in 0.41 ms, found 0 plugins.
Preloading 0 native plugins for Editor in 0.00 ms.
Invoked RoslynAnalysisRunner static constructor.
RoslynAnalysisRunner will not be running.
RoslynAnalysisRunner has terminated.
Mono: successfully reloaded assembly
- Completed reload, in  0.925 seconds
Platform modules already initialized, skipping
Refreshing native plugins compatible for Editor in 0.47 ms, found 0 plugins.
Preloading 0 native plugins for Editor in 0.00 ms.
Unloading 1116 Unused Serialized files (Serialized files now loaded: 0)
System memory in use before: 61.4 MB.
System memory in use after: 61.5 MB.

Unloading 5 unused Assets to reduce memory usage. Loaded Objects now: 1643.
Total: 2.536700 ms (FindLiveObjects: 0.213900 ms CreateObjectMapping: 0.056200 ms MarkObjects: 2.166200 ms  DeleteObjects: 0.098700 ms)

========================================================================
Received Import Request.
  Time since last request: 2075.431309 seconds.
  path: Assets/Prefabs/Rocket.prefab
  artifactKey: Guid(82169fb5eac75114e9dae4d2dd916e6f) Importer(815301076,1909f56bfc062723c751e8b465ee728b)
Start importing Assets/Prefabs/Rocket.prefab using Guid(82169fb5eac75114e9dae4d2dd916e6f) Importer(815301076,1909f56bfc062723c751e8b465ee728b)  -> (artifact id: 'd49ae084b7bdbfa1e8e6dcbfb6570d6f') in 0.057863 seconds
  Import took 0.061051 seconds .

========================================================================
Received Import Request.
  Time since last request: 5.658624 seconds.
  path: Assets/Prefabs/Explosion.prefab
  artifactKey: Guid(3f157f9cee672fa4595e4143d435ecf7) Importer(815301076,1909f56bfc062723c751e8b465ee728b)
Start importing Assets/Prefabs/Explosion.prefab using Guid(3f157f9cee672fa4595e4143d435ecf7) Importer(815301076,1909f56bfc062723c751e8b465ee728b)  -> (artifact id: '0dbbe92d85dc7fab2f0225705eaeeb4e') in 0.008098 seconds
  Import took 0.010501 seconds .

========================================================================
Received Import Request.
  Time since last request: 0.006138 seconds.
  path: Assets/Prefabs/Explosion.prefab
  artifactKey: Guid(3f157f9cee672fa4595e4143d435ecf7) Importer(815301076,1909f56bfc062723c751e8b465ee728b)
Start importing Assets/Prefabs/Explosion.prefab using Guid(3f157f9cee672fa4595e4143d435ecf7) Importer(815301076,1909f56bfc062723c751e8b465ee728b)  -> (artifact id: '0dbbe92d85dc7fab2f0225705eaeeb4e') in 0.003495 seconds
  Import took 0.005384 seconds .

========================================================================
Received Import Request.
  Time since last request: 23.471180 seconds.
  path: Assets/Prefabs/Explosion.prefab
  artifactKey: Guid(3f157f9cee672fa4595e4143d435ecf7) Importer(815301076,1909f56bfc062723c751e8b465ee728b)
Start importing Assets/Prefabs/Explosion.prefab using Guid(3f157f9cee672fa4595e4143d435ecf7) Importer(815301076,1909f56bfc062723c751e8b465ee728b)  -> (artifact id: '1a99946170172d76f54a4b8f1a9fe867') in 0.004425 seconds
  Import took 0.006800 seconds .

========================================================================
Received Import Request.
  Time since last request: 9.861719 seconds.
  path: Assets/Prefabs/Explosion.prefab
  artifactKey: Guid(3f157f9cee672fa4595e4143d435ecf7) Importer(815301076,1909f56bfc062723c751e8b465ee728b)
Start importing Assets/Prefabs/Explosion.prefab using Guid(3f157f9cee672fa4595e4143d435ecf7) Importer(815301076,1909f56bfc062723c751e8b465ee728b)  -> (artifact id: '9c00460a66dfdbf177948675c5170bfc') in 0.004280 seconds
  Import took 0.006329 seconds .

========================================================================
Received Import Request.
  Time since last request: 6.664267 seconds.
  path: Assets/Prefabs/Explosion.prefab
  artifactKey: Guid(3f157f9cee672fa4595e4143d435ecf7) Importer(815301076,1909f56bfc062723c751e8b465ee728b)
Start importing Assets/Prefabs/Explosion.prefab using Guid(3f157f9cee672fa4595e4143d435ecf7) Importer(815301076,1909f56bfc062723c751e8b465ee728b)  -> (artifact id: '33abe30fd1f529eb4675386bdb5da365') in 0.004272 seconds
  Import took 0.006422 seconds .

========================================================================
Received Import Request.
  Time since last request: 31.507956 seconds.
  path: Assets/Prefabs/Explosion.prefab
  artifactKey: Guid(3f157f9cee672fa4595e4143d435ecf7) Importer(815301076,1909f56bfc062723c751e8b465ee728b)
Start importing Assets/Prefabs/Explosion.prefab using Guid(3f157f9cee672fa4595e4143d435ecf7) Importer(815301076,1909f56bfc062723c751e8b465ee728b)  -> (artifact id: '5d3a091f37611e4bb95dcb09a0906df2') in 0.004070 seconds
  Import took 0.006298 seconds .

========================================================================
Received Import Request.
  Time since last request: 20.279143 seconds.
  path: Assets/Prefabs/Explosion.prefab
  artifactKey: Guid(3f157f9cee672fa4595e4143d435ecf7) Importer(815301076,1909f56bfc062723c751e8b465ee728b)
Start importing Assets/Prefabs/Explosion.prefab using Guid(3f157f9cee672fa4595e4143d435ecf7) Importer(815301076,1909f56bfc062723c751e8b465ee728b)  -> (artifact id: '77103fb8ef9159e5fe48621f8a0ebcae') in 0.004725 seconds
  Import took 0.006830 seconds .

========================================================================
Received Import Request.
  Time since last request: 6.046479 seconds.
  path: Assets/Prefabs/Explosion.prefab
  artifactKey: Guid(3f157f9cee672fa4595e4143d435ecf7) Importer(815301076,1909f56bfc062723c751e8b465ee728b)
Start importing Assets/Prefabs/Explosion.prefab using Guid(3f157f9cee672fa4595e4143d435ecf7) Importer(815301076,1909f56bfc062723c751e8b465ee728b)  -> (artifact id: '07050526f6d2425766e270d1e1d618e0') in 0.004219 seconds
  Import took 0.006254 seconds .

========================================================================
Received Import Request.
  Time since last request: 2.417805 seconds.
  path: Assets/Prefabs/Explosion.prefab
  artifactKey: Guid(3f157f9cee672fa4595e4143d435ecf7) Importer(815301076,1909f56bfc062723c751e8b465ee728b)
Start importing Assets/Prefabs/Explosion.prefab using Guid(3f157f9cee672fa4595e4143d435ecf7) Importer(815301076,1909f56bfc062723c751e8b465ee728b)  -> (artifact id: 'f2b26fa9ef13a350a5d558bda7e42db1') in 0.004312 seconds
  Import took 0.007352 seconds .

========================================================================
Received Import Request.
  Time since last request: 6.410051 seconds.
  path: Assets/Prefabs/Explosion.prefab
  artifactKey: Guid(3f157f9cee672fa4595e4143d435ecf7) Importer(815301076,1909f56bfc062723c751e8b465ee728b)
Start importing Assets/Prefabs/Explosion.prefab using Guid(3f157f9cee672fa4595e4143d435ecf7) Importer(815301076,1909f56bfc062723c751e8b465ee728b)  -> (artifact id: '327a224bb957365f4c1c570a268f7d8f') in 0.004194 seconds
  Import took 0.006210 seconds .

========================================================================
Received Import Request.
  Time since last request: 8.336322 seconds.
  path: Assets/Prefabs/Explosion.prefab
  artifactKey: Guid(3f157f9cee672fa4595e4143d435ecf7) Importer(815301076,1909f56bfc062723c751e8b465ee728b)
Start importing Assets/Prefabs/Explosion.prefab using Guid(3f157f9cee672fa4595e4143d435ecf7) Importer(815301076,1909f56bfc062723c751e8b465ee728b)  -> (artifact id: '0fb0ac36b7ad72c80c36780865b91f84') in 0.004676 seconds
  Import took 0.006812 seconds .

========================================================================
Received Import Request.
  Time since last request: 27.270648 seconds.
  path: Assets/Prefabs/Explosion.prefab
  artifactKey: Guid(3f157f9cee672fa4595e4143d435ecf7) Importer(815301076,1909f56bfc062723c751e8b465ee728b)
Start importing Assets/Prefabs/Explosion.prefab using Guid(3f157f9cee672fa4595e4143d435ecf7) Importer(815301076,1909f56bfc062723c751e8b465ee728b)  -> (artifact id: 'ab0777e3c3ea4aefe98d26762d45fa8e') in 0.004154 seconds
  Import took 0.006552 seconds .

========================================================================
Received Import Request.
  Time since last request: 12.093334 seconds.
  path: Assets/Prefabs/Explosion.prefab
  artifactKey: Guid(3f157f9cee672fa4595e4143d435ecf7) Importer(815301076,1909f56bfc062723c751e8b465ee728b)
Start importing Assets/Prefabs/Explosion.prefab using Guid(3f157f9cee672fa4595e4143d435ecf7) Importer(815301076,1909f56bfc062723c751e8b465ee728b)  -> (artifact id: 'a1eadbe837667186f57589ff01416a36') in 0.004099 seconds
  Import took 0.006163 seconds .

========================================================================
Received Import Request.
  Time since last request: 32.752162 seconds.
  path: Assets/Prefabs/Explosion.prefab
  artifactKey: Guid(3f157f9cee672fa4595e4143d435ecf7) Importer(815301076,1909f56bfc062723c751e8b465ee728b)
Start importing Assets/Prefabs/Explosion.prefab using Guid(3f157f9cee672fa4595e4143d435ecf7) Importer(815301076,1909f56bfc062723c751e8b465ee728b)  -> (artifact id: '04687eee4bb481d24ff6281b7a258e94') in 0.004697 seconds
  Import took 0.006930 seconds .

========================================================================
Received Import Request.
  Time since last request: 21.934901 seconds.
  path: Assets/Prefabs/Explosion.prefab
  artifactKey: Guid(3f157f9cee672fa4595e4143d435ecf7) Importer(815301076,1909f56bfc062723c751e8b465ee728b)
Start importing Assets/Prefabs/Explosion.prefab using Guid(3f157f9cee672fa4595e4143d435ecf7) Importer(815301076,1909f56bfc062723c751e8b465ee728b)  -> (artifact id: 'dc0e4b6f8f7e90f54788c41f1de18e85') in 0.004648 seconds
  Import took 0.006950 seconds .

========================================================================
Received Import Request.
  Time since last request: 21.182127 seconds.
  path: Assets/Prefabs/Explosion.prefab
  artifactKey: Guid(3f157f9cee672fa4595e4143d435ecf7) Importer(815301076,1909f56bfc062723c751e8b465ee728b)
Start importing Assets/Prefabs/Explosion.prefab using Guid(3f157f9cee672fa4595e4143d435ecf7) Importer(815301076,1909f56bfc062723c751e8b465ee728b)  -> (artifact id: '59ec09e8feef4c443e63c5e064855b07') in 0.004095 seconds
  Import took 0.006129 seconds .

========================================================================
Received Import Request.
  Time since last request: 15.947789 seconds.
  path: Assets/Prefabs/Explosion.prefab
  artifactKey: Guid(3f157f9cee672fa4595e4143d435ecf7) Importer(815301076,1909f56bfc062723c751e8b465ee728b)
Start importing Assets/Prefabs/Explosion.prefab using Guid(3f157f9cee672fa4595e4143d435ecf7) Importer(815301076,1909f56bfc062723c751e8b465ee728b)  -> (artifact id: 'f5e5efa46236ec69f70a2f0cec0931f6') in 0.004214 seconds
  Import took 0.006221 seconds .

========================================================================
Received Import Request.
  Time since last request: 16.557229 seconds.
  path: Assets/Prefabs/Explosion.prefab
  artifactKey: Guid(3f157f9cee672fa4595e4143d435ecf7) Importer(815301076,1909f56bfc062723c751e8b465ee728b)
Start importing Assets/Prefabs/Explosion.prefab using Guid(3f157f9cee672fa4595e4143d435ecf7) Importer(815301076,1909f56bfc062723c751e8b465ee728b)  -> (artifact id: '801ca91d030d8113608180da7c2c5311') in 0.004263 seconds
  Import took 0.006332 seconds .

========================================================================
Received Import Request.
  Time since last request: 26.883837 seconds.
  path: Assets/Prefabs/Explosion.prefab
  artifactKey: Guid(3f157f9cee672fa4595e4143d435ecf7) Importer(815301076,1909f56bfc062723c751e8b465ee728b)
Start importing Assets/Prefabs/Explosion.prefab using Guid(3f157f9cee672fa4595e4143d435ecf7) Importer(815301076,1909f56bfc062723c751e8b465ee728b)  -> (artifact id: 'ce55ac812995041035df307ea4151fa4') in 0.004788 seconds
  Import took 0.007292 seconds .

========================================================================
Received Import Request.
  Time since last request: 33.651836 seconds.
  path: Assets/Artwork
  artifactKey: Guid(d2a2b65f2b3ebfd43b19cf3e06bf1f43) Importer(815301076,1909f56bfc062723c751e8b465ee728b)
Start importing Assets/Artwork using Guid(d2a2b65f2b3ebfd43b19cf3e06bf1f43) Importer(815301076,1909f56bfc062723c751e8b465ee728b)  -> (artifact id: '17112fba7c03e9fe21d202675ab53bd2') in 0.006941 seconds
  Import took 0.009512 seconds .

========================================================================
Received Import Request.
  Time since last request: 0.000379 seconds.
  path: Assets/Artwork
  artifactKey: Guid(d2a2b65f2b3ebfd43b19cf3e06bf1f43) Importer(815301076,1909f56bfc062723c751e8b465ee728b)
Start importing Assets/Artwork using Guid(d2a2b65f2b3ebfd43b19cf3e06bf1f43) Importer(815301076,1909f56bfc062723c751e8b465ee728b)  -> (artifact id: '17112fba7c03e9fe21d202675ab53bd2') in 0.002703 seconds
  Import took 0.004485 seconds .

========================================================================
Received Import Request.
  Time since last request: 12.658585 seconds.
  path: Assets/Artwork/debrisParticle.png
  artifactKey: Guid(9b403dc32e8d9d9459a6cf35c4c19c52) Importer(815301076,1909f56bfc062723c751e8b465ee728b)
Start importing Assets/Artwork/debrisParticle.png using Guid(9b403dc32e8d9d9459a6cf35c4c19c52) Importer(815301076,1909f56bfc062723c751e8b465ee728b)  -> (artifact id: '2bf7c2a9a2724572cfcf3b81d4a642e9') in 0.013994 seconds
  Import took 0.015917 seconds .

========================================================================
Received Import Request.
  Time since last request: 0.031848 seconds.
  path: Assets/Artwork/debrisParticle.png
  artifactKey: Guid(9b403dc32e8d9d9459a6cf35c4c19c52) Importer(815301076,1909f56bfc062723c751e8b465ee728b)
Start importing Assets/Artwork/debrisParticle.png using Guid(9b403dc32e8d9d9459a6cf35c4c19c52) Importer(815301076,1909f56bfc062723c751e8b465ee728b)  -> (artifact id: '2bf7c2a9a2724572cfcf3b81d4a642e9') in 0.004830 seconds
  Import took 0.006774 seconds .

========================================================================
Received Import Request.
  Time since last request: 26.493301 seconds.
  path: Assets/Materials/Flame.psd
  artifactKey: Guid(b260cbc8d9bc048bd8834c7a1b5aed36) Importer(815301076,1909f56bfc062723c751e8b465ee728b)
Start importing Assets/Materials/Flame.psd using Guid(b260cbc8d9bc048bd8834c7a1b5aed36) Importer(815301076,1909f56bfc062723c751e8b465ee728b)  -> (artifact id: '2db4cb5d29d494d9067fba6ffe2c42c1') in 0.012343 seconds
  Import took 0.014737 seconds .

========================================================================
Received Import Request.
  Time since last request: 0.000331 seconds.
  path: Assets/Materials/RocketsPalletteRed.mat
  artifactKey: Guid(e941d0d6425697b499256f89933a0df2) Importer(815301076,1909f56bfc062723c751e8b465ee728b)
Start importing Assets/Materials/RocketsPalletteRed.mat using Guid(e941d0d6425697b499256f89933a0df2) Importer(815301076,1909f56bfc062723c751e8b465ee728b)  -> (artifact id: '2568133f53812c7f9a27de6f98208bed') in 0.026501 seconds
  Import took 0.029154 seconds .

========================================================================
Received Import Request.
  Time since last request: 6.198912 seconds.
  path: Assets/Materials
  artifactKey: Guid(c22727d95b3ad2348a2271ea57ff15fd) Importer(815301076,1909f56bfc062723c751e8b465ee728b)
Start importing Assets/Materials using Guid(c22727d95b3ad2348a2271ea57ff15fd) Importer(815301076,1909f56bfc062723c751e8b465ee728b)  -> (artifact id: '68a9be4dd9952b7e9ba05f12e1180f0d') in 0.006530 seconds
  Import took 0.008345 seconds .

========================================================================
Received Import Request.
  Time since last request: 49.998383 seconds.
  path: Assets/Materials/Debris.mat
  artifactKey: Guid(37d4a9a2a624d8144943600960be9701) Importer(815301076,1909f56bfc062723c751e8b465ee728b)
Start importing Assets/Materials/Debris.mat using Guid(37d4a9a2a624d8144943600960be9701) Importer(815301076,1909f56bfc062723c751e8b465ee728b)  -> (artifact id: '2acf16b12948ca4b411fa5f865aebe3f') in 0.014131 seconds
  Import took 0.016273 seconds .

========================================================================
Received Import Request.
  Time since last request: 19.563858 seconds.
  path: Assets/Artwork/debrisParticle.png
  artifactKey: Guid(9b403dc32e8d9d9459a6cf35c4c19c52) Importer(815301076,1909f56bfc062723c751e8b465ee728b)
Start importing Assets/Artwork/debrisParticle.png using Guid(9b403dc32e8d9d9459a6cf35c4c19c52) Importer(815301076,1909f56bfc062723c751e8b465ee728b)  -> (artifact id: 'cd616f4c43aa006afaea0fdc964be22f') in 0.018665 seconds
  Import took 0.020629 seconds .

========================================================================
Received Import Request.
  Time since last request: 64.100851 seconds.
  path: Assets/Prefabs/Explosion.prefab
  artifactKey: Guid(3f157f9cee672fa4595e4143d435ecf7) Importer(815301076,1909f56bfc062723c751e8b465ee728b)
Start importing Assets/Prefabs/Explosion.prefab using Guid(3f157f9cee672fa4595e4143d435ecf7) Importer(815301076,1909f56bfc062723c751e8b465ee728b)  -> (artifact id: '716569e0e5edee5ef32405a6769e08b5') in 0.005930 seconds
  Import took 0.008669 seconds .

========================================================================
Received Import Request.
  Time since last request: 463.756855 seconds.
  path: Assets/Prefabs/Explosion.prefab
  artifactKey: Guid(3f157f9cee672fa4595e4143d435ecf7) Importer(815301076,1909f56bfc062723c751e8b465ee728b)
Start importing Assets/Prefabs/Explosion.prefab using Guid(3f157f9cee672fa4595e4143d435ecf7) Importer(815301076,1909f56bfc062723c751e8b465ee728b)  -> (artifact id: 'f12e884149610b59b6f928a7869ef371') in 0.004812 seconds
  Import took 0.007152 seconds .

========================================================================
Received Prepare
Registering precompiled user dll's ...
Registered in 0.000569 seconds.
Begin MonoManager ReloadAssembly
Native extension for WindowsStandalone target not found
Refreshing native plugins compatible for Editor in 0.22 ms, found 0 plugins.
Preloading 0 native plugins for Editor in 0.00 ms.
Invoked RoslynAnalysisRunner static constructor.
RoslynAnalysisRunner will not be running.
RoslynAnalysisRunner has terminated.
Mono: successfully reloaded assembly
- Completed reload, in  0.678 seconds
Platform modules already initialized, skipping
Refreshing native plugins compatible for Editor in 0.20 ms, found 0 plugins.
Preloading 0 native plugins for Editor in 0.00 ms.
Unloading 1117 Unused Serialized files (Serialized files now loaded: 0)
System memory in use before: 61.4 MB.
System memory in use after: 61.5 MB.

Unloading 7 unused Assets to reduce memory usage. Loaded Objects now: 1650.
Total: 1.443600 ms (FindLiveObjects: 0.134500 ms CreateObjectMapping: 0.041200 ms MarkObjects: 1.198800 ms  DeleteObjects: 0.068400 ms)

========================================================================
Received Prepare
Registering precompiled user dll's ...
Registered in 0.000478 seconds.
Begin MonoManager ReloadAssembly
Native extension for WindowsStandalone target not found
Refreshing native plugins compatible for Editor in 0.31 ms, found 0 plugins.
Preloading 0 native plugins for Editor in 0.00 ms.
Invoked RoslynAnalysisRunner static constructor.
RoslynAnalysisRunner will not be running.
RoslynAnalysisRunner has terminated.
Mono: successfully reloaded assembly
- Completed reload, in  0.654 seconds
Platform modules already initialized, skipping
Refreshing native plugins compatible for Editor in 0.19 ms, found 0 plugins.
Preloading 0 native plugins for Editor in 0.00 ms.
Unloading 1117 Unused Serialized files (Serialized files now loaded: 0)
System memory in use before: 61.4 MB.
System memory in use after: 61.5 MB.

Unloading 5 unused Assets to reduce memory usage. Loaded Objects now: 1653.
Total: 3.457000 ms (FindLiveObjects: 0.467800 ms CreateObjectMapping: 0.121300 ms MarkObjects: 2.780300 ms  DeleteObjects: 0.085600 ms)

========================================================================
Received Prepare
Registering precompiled user dll's ...
Registered in 0.000698 seconds.
Begin MonoManager ReloadAssembly
Native extension for WindowsStandalone target not found
Refreshing native plugins compatible for Editor in 0.22 ms, found 0 plugins.
Preloading 0 native plugins for Editor in 0.00 ms.
Invoked RoslynAnalysisRunner static constructor.
RoslynAnalysisRunner will not be running.
RoslynAnalysisRunner has terminated.
Mono: successfully reloaded assembly
- Completed reload, in  0.712 seconds
Platform modules already initialized, skipping
Refreshing native plugins compatible for Editor in 0.19 ms, found 0 plugins.
Preloading 0 native plugins for Editor in 0.00 ms.
Unloading 1117 Unused Serialized files (Serialized files now loaded: 0)
System memory in use before: 61.4 MB.
System memory in use after: 61.5 MB.

Unloading 5 unused Assets to reduce memory usage. Loaded Objects now: 1656.
Total: 1.717700 ms (FindLiveObjects: 0.202900 ms CreateObjectMapping: 0.052000 ms MarkObjects: 1.418000 ms  DeleteObjects: 0.043400 ms)

========================================================================
Received Import Request.
  Time since last request: 266.221745 seconds.
  path: Assets/Prefabs/Rocket.prefab
  artifactKey: Guid(82169fb5eac75114e9dae4d2dd916e6f) Importer(815301076,1909f56bfc062723c751e8b465ee728b)
Start importing Assets/Prefabs/Rocket.prefab using Guid(82169fb5eac75114e9dae4d2dd916e6f) Importer(815301076,1909f56bfc062723c751e8b465ee728b)  -> (artifact id: '0a4a00acd38c30c2d3f30124a1b9d0c9') in 0.062822 seconds
  Import took 0.066714 seconds .

========================================================================
Received Import Request.
  Time since last request: 100.303777 seconds.
  path: Assets/Prefabs/Rocket.prefab
  artifactKey: Guid(82169fb5eac75114e9dae4d2dd916e6f) Importer(815301076,1909f56bfc062723c751e8b465ee728b)
Start importing Assets/Prefabs/Rocket.prefab using Guid(82169fb5eac75114e9dae4d2dd916e6f) Importer(815301076,1909f56bfc062723c751e8b465ee728b)  -> (artifact id: '63ae287e695fa66b9c667883ba7fe6d8') in 0.012018 seconds
  Import took 0.014774 seconds .

========================================================================
Received Import Request.
  Time since last request: 28.888562 seconds.
  path: Assets/Scripts/GameManager.cs
  artifactKey: Guid(8c5cdc460bf8f40489affa9269d14ba9) Importer(815301076,1909f56bfc062723c751e8b465ee728b)
Start importing Assets/Scripts/GameManager.cs using Guid(8c5cdc460bf8f40489affa9269d14ba9) Importer(815301076,1909f56bfc062723c751e8b465ee728b)  -> (artifact id: 'd5b56c32b32bfbd7940e5a87599a457a') in 0.007466 seconds
  Import took 0.010289 seconds .

========================================================================
Received Prepare
Registering precompiled user dll's ...
Registered in 0.000487 seconds.
Begin MonoManager ReloadAssembly
Native extension for WindowsStandalone target not found
Refreshing native plugins compatible for Editor in 0.27 ms, found 0 plugins.
Preloading 0 native plugins for Editor in 0.00 ms.
Invoked RoslynAnalysisRunner static constructor.
RoslynAnalysisRunner will not be running.
RoslynAnalysisRunner has terminated.
Mono: successfully reloaded assembly
- Completed reload, in  0.651 seconds
Platform modules already initialized, skipping
Refreshing native plugins compatible for Editor in 0.18 ms, found 0 plugins.
Preloading 0 native plugins for Editor in 0.00 ms.
Unloading 1117 Unused Serialized files (Serialized files now loaded: 0)
System memory in use before: 61.5 MB.
System memory in use after: 61.5 MB.

Unloading 7 unused Assets to reduce memory usage. Loaded Objects now: 1660.
Total: 1.531900 ms (FindLiveObjects: 0.139700 ms CreateObjectMapping: 0.033900 ms MarkObjects: 1.303300 ms  DeleteObjects: 0.054300 ms)

========================================================================
Received Import Request.
  Time since last request: 245.496390 seconds.
  path: Assets/Scripts/GameManager.cs
  artifactKey: Guid(8c5cdc460bf8f40489affa9269d14ba9) Importer(815301076,1909f56bfc062723c751e8b465ee728b)
Start importing Assets/Scripts/GameManager.cs using Guid(8c5cdc460bf8f40489affa9269d14ba9) Importer(815301076,1909f56bfc062723c751e8b465ee728b)  -> (artifact id: '033d64383164e4d2dcf90ce63fe4b1b5') in 0.009681 seconds
  Import took 0.014418 seconds .

========================================================================
Received Prepare
Registering precompiled user dll's ...
Registered in 0.000526 seconds.
Begin MonoManager ReloadAssembly
Native extension for WindowsStandalone target not found
Refreshing native plugins compatible for Editor in 0.22 ms, found 0 plugins.
Preloading 0 native plugins for Editor in 0.00 ms.
Invoked RoslynAnalysisRunner static constructor.
RoslynAnalysisRunner will not be running.
RoslynAnalysisRunner has terminated.
Mono: successfully reloaded assembly
- Completed reload, in  0.648 seconds
Platform modules already initialized, skipping
Refreshing native plugins compatible for Editor in 0.20 ms, found 0 plugins.
Preloading 0 native plugins for Editor in 0.00 ms.
Unloading 1117 Unused Serialized files (Serialized files now loaded: 0)
System memory in use before: 61.5 MB.
System memory in use after: 61.5 MB.

Unloading 5 unused Assets to reduce memory usage. Loaded Objects now: 1663.
Total: 1.900900 ms (FindLiveObjects: 0.194400 ms CreateObjectMapping: 0.057400 ms MarkObjects: 1.583100 ms  DeleteObjects: 0.064900 ms)

========================================================================
Received Import Request.
  Time since last request: 38.992604 seconds.
  path: Assets/Scripts
  artifactKey: Guid(77a7f2f787f7d40429372d1d8c726fb1) Importer(815301076,1909f56bfc062723c751e8b465ee728b)
Start importing Assets/Scripts using Guid(77a7f2f787f7d40429372d1d8c726fb1) Importer(815301076,1909f56bfc062723c751e8b465ee728b)  -> (artifact id: '33f269df12fa2be9679d32ef5c710f0c') in 0.008995 seconds
  Import took 0.010832 seconds .

========================================================================
Received Import Request.
  Time since last request: 15.105298 seconds.
  path: Assets/Scripts/ExplosionClear.cs
  artifactKey: Guid(a97d1acfd2fd79e419cadf160b253239) Importer(815301076,1909f56bfc062723c751e8b465ee728b)
Start importing Assets/Scripts/ExplosionClear.cs using Guid(a97d1acfd2fd79e419cadf160b253239) Importer(815301076,1909f56bfc062723c751e8b465ee728b)  -> (artifact id: '2d1c78f330da64858b7612abcc94ac6f') in 0.008205 seconds
  Import took 0.010746 seconds .

========================================================================
Received Prepare
Registering precompiled user dll's ...
Registered in 0.000515 seconds.
Begin MonoManager ReloadAssembly
Native extension for WindowsStandalone target not found
Refreshing native plugins compatible for Editor in 0.19 ms, found 0 plugins.
Preloading 0 native plugins for Editor in 0.00 ms.
Invoked RoslynAnalysisRunner static constructor.
RoslynAnalysisRunner will not be running.
RoslynAnalysisRunner has terminated.
Mono: successfully reloaded assembly
- Completed reload, in  0.640 seconds
Platform modules already initialized, skipping
Refreshing native plugins compatible for Editor in 0.19 ms, found 0 plugins.
Preloading 0 native plugins for Editor in 0.00 ms.
Unloading 1118 Unused Serialized files (Serialized files now loaded: 0)
System memory in use before: 61.5 MB.
System memory in use after: 61.6 MB.

Unloading 5 unused Assets to reduce memory usage. Loaded Objects now: 1667.
Total: 1.649000 ms (FindLiveObjects: 0.170400 ms CreateObjectMapping: 0.036700 ms MarkObjects: 1.394000 ms  DeleteObjects: 0.046600 ms)

========================================================================
Received Import Request.
  Time since last request: 246.431685 seconds.
  path: Assets/Scripts/ExplosionClear.cs
  artifactKey: Guid(a97d1acfd2fd79e419cadf160b253239) Importer(815301076,1909f56bfc062723c751e8b465ee728b)
Start importing Assets/Scripts/ExplosionClear.cs using Guid(a97d1acfd2fd79e419cadf160b253239) Importer(815301076,1909f56bfc062723c751e8b465ee728b)  -> (artifact id: 'a18fdebf930137f2f90a74faef457044') in 0.005106 seconds
  Import took 0.007592 seconds .

========================================================================
Received Import Request.
  Time since last request: 0.021198 seconds.
  path: Assets/Scripts/ExplosionClear.cs
  artifactKey: Guid(a97d1acfd2fd79e419cadf160b253239) Importer(815301076,1909f56bfc062723c751e8b465ee728b)
Start importing Assets/Scripts/ExplosionClear.cs using Guid(a97d1acfd2fd79e419cadf160b253239) Importer(815301076,1909f56bfc062723c751e8b465ee728b)  -> (artifact id: 'a18fdebf930137f2f90a74faef457044') in 0.002545 seconds
  Import took 0.005334 seconds .

========================================================================
Received Prepare
Registering precompiled user dll's ...
Registered in 0.000573 seconds.
Begin MonoManager ReloadAssembly
Native extension for WindowsStandalone target not found
Refreshing native plugins compatible for Editor in 0.20 ms, found 0 plugins.
Preloading 0 native plugins for Editor in 0.00 ms.
Invoked RoslynAnalysisRunner static constructor.
RoslynAnalysisRunner will not be running.
RoslynAnalysisRunner has terminated.
Mono: successfully reloaded assembly
- Completed reload, in  0.641 seconds
Platform modules already initialized, skipping
Refreshing native plugins compatible for Editor in 0.20 ms, found 0 plugins.
Preloading 0 native plugins for Editor in 0.00 ms.
Unloading 1118 Unused Serialized files (Serialized files now loaded: 0)
System memory in use before: 61.5 MB.
System memory in use after: 61.6 MB.

Unloading 5 unused Assets to reduce memory usage. Loaded Objects now: 1670.
Total: 1.896100 ms (FindLiveObjects: 0.243600 ms CreateObjectMapping: 0.073400 ms MarkObjects: 1.527100 ms  DeleteObjects: 0.050600 ms)

========================================================================
Received Import Request.
  Time since last request: 18.041828 seconds.
  path: Assets/Scripts/ExplosionClear.cs
  artifactKey: Guid(a97d1acfd2fd79e419cadf160b253239) Importer(815301076,1909f56bfc062723c751e8b465ee728b)
Start importing Assets/Scripts/ExplosionClear.cs using Guid(a97d1acfd2fd79e419cadf160b253239) Importer(815301076,1909f56bfc062723c751e8b465ee728b)  -> (artifact id: '5c156f00b9e62e8e51fede6995483bb4') in 0.003821 seconds
  Import took 0.005479 seconds .

========================================================================
Received Import Request.
  Time since last request: 35.734209 seconds.
  path: Assets/Prefabs/Explosion.prefab
  artifactKey: Guid(3f157f9cee672fa4595e4143d435ecf7) Importer(815301076,1909f56bfc062723c751e8b465ee728b)
Start importing Assets/Prefabs/Explosion.prefab using Guid(3f157f9cee672fa4595e4143d435ecf7) Importer(815301076,1909f56bfc062723c751e8b465ee728b)  -> (artifact id: '202b729e5617dcb76318aca0c5b41703') in 0.021280 seconds
  Import took 0.023475 seconds .

========================================================================
Received Prepare
Registering precompiled user dll's ...
Registered in 0.000515 seconds.
Begin MonoManager ReloadAssembly
Native extension for WindowsStandalone target not found
Refreshing native plugins compatible for Editor in 0.22 ms, found 0 plugins.
Preloading 0 native plugins for Editor in 0.00 ms.
Invoked RoslynAnalysisRunner static constructor.
RoslynAnalysisRunner will not be running.
RoslynAnalysisRunner has terminated.
Mono: successfully reloaded assembly
- Completed reload, in  0.630 seconds
Platform modules already initialized, skipping
Refreshing native plugins compatible for Editor in 0.20 ms, found 0 plugins.
Preloading 0 native plugins for Editor in 0.00 ms.
Unloading 1118 Unused Serialized files (Serialized files now loaded: 0)
System memory in use before: 61.5 MB.
System memory in use after: 61.6 MB.

Unloading 5 unused Assets to reduce memory usage. Loaded Objects now: 1673.
Total: 3.485000 ms (FindLiveObjects: 0.337200 ms CreateObjectMapping: 0.109000 ms MarkObjects: 2.950200 ms  DeleteObjects: 0.086100 ms)

========================================================================
Received Prepare
Registering precompiled user dll's ...
Registered in 0.000603 seconds.
Begin MonoManager ReloadAssembly
Native extension for WindowsStandalone target not found
Refreshing native plugins compatible for Editor in 0.19 ms, found 0 plugins.
Preloading 0 native plugins for Editor in 0.00 ms.
Invoked RoslynAnalysisRunner static constructor.
RoslynAnalysisRunner will not be running.
RoslynAnalysisRunner has terminated.
Mono: successfully reloaded assembly
- Completed reload, in  0.655 seconds
Platform modules already initialized, skipping
Refreshing native plugins compatible for Editor in 0.19 ms, found 0 plugins.
Preloading 0 native plugins for Editor in 0.00 ms.
Unloading 1118 Unused Serialized files (Serialized files now loaded: 0)
System memory in use before: 61.6 MB.
System memory in use after: 61.6 MB.

Unloading 5 unused Assets to reduce memory usage. Loaded Objects now: 1676.
Total: 1.791500 ms (FindLiveObjects: 0.161500 ms CreateObjectMapping: 0.044400 ms MarkObjects: 1.531400 ms  DeleteObjects: 0.052700 ms)

========================================================================
Received Prepare
Registering precompiled user dll's ...
Registered in 0.000517 seconds.
Begin MonoManager ReloadAssembly
Native extension for WindowsStandalone target not found
Refreshing native plugins compatible for Editor in 0.20 ms, found 0 plugins.
Preloading 0 native plugins for Editor in 0.00 ms.
Invoked RoslynAnalysisRunner static constructor.
RoslynAnalysisRunner will not be running.
RoslynAnalysisRunner has terminated.
Mono: successfully reloaded assembly
- Completed reload, in  0.637 seconds
Platform modules already initialized, skipping
Refreshing native plugins compatible for Editor in 0.19 ms, found 0 plugins.
Preloading 0 native plugins for Editor in 0.00 ms.
Unloading 1118 Unused Serialized files (Serialized files now loaded: 0)
System memory in use before: 61.6 MB.
System memory in use after: 61.6 MB.

Unloading 5 unused Assets to reduce memory usage. Loaded Objects now: 1679.
Total: 1.987900 ms (FindLiveObjects: 0.274900 ms CreateObjectMapping: 0.094100 ms MarkObjects: 1.574000 ms  DeleteObjects: 0.043700 ms)

========================================================================
Received Prepare
Registering precompiled user dll's ...
Registered in 0.001681 seconds.
Begin MonoManager ReloadAssembly
Native extension for WindowsStandalone target not found
Refreshing native plugins compatible for Editor in 0.93 ms, found 0 plugins.
Preloading 0 native plugins for Editor in 0.00 ms.
Invoked RoslynAnalysisRunner static constructor.
RoslynAnalysisRunner will not be running.
RoslynAnalysisRunner has terminated.
Mono: successfully reloaded assembly
- Completed reload, in  1.003 seconds
Platform modules already initialized, skipping
Refreshing native plugins compatible for Editor in 0.30 ms, found 0 plugins.
Preloading 0 native plugins for Editor in 0.00 ms.
Unloading 1118 Unused Serialized files (Serialized files now loaded: 0)
System memory in use before: 61.6 MB.
System memory in use after: 61.6 MB.

Unloading 5 unused Assets to reduce memory usage. Loaded Objects now: 1682.
Total: 3.067800 ms (FindLiveObjects: 0.494000 ms CreateObjectMapping: 0.146700 ms MarkObjects: 2.351700 ms  DeleteObjects: 0.071500 ms)

========================================================================
Received Import Request.
  Time since last request: 484.162446 seconds.
  path: Assets/Resources/Icons/boundaries.png
  artifactKey: Guid(a071d3b53493f594a9b5e18ad60f2029) Importer(815301076,1909f56bfc062723c751e8b465ee728b)
Start importing Assets/Resources/Icons/boundaries.png using Guid(a071d3b53493f594a9b5e18ad60f2029) Importer(815301076,1909f56bfc062723c751e8b465ee728b)  -> (artifact id: '7b1897f5aef895fc7b6e51efcd7b5bbb') in 0.033653 seconds
  Import took 0.035688 seconds .

========================================================================
Received Import Request.
  Time since last request: 0.004904 seconds.
  path: Assets/Scripts/RocketAnimation.cs
  artifactKey: Guid(6c47a1eda23be90498b13149e381626c) Importer(815301076,1909f56bfc062723c751e8b465ee728b)
Start importing Assets/Scripts/RocketAnimation.cs using Guid(6c47a1eda23be90498b13149e381626c) Importer(815301076,1909f56bfc062723c751e8b465ee728b)  -> (artifact id: '4afaa2e0ddb6edae9f708ee00a5b8725') in 0.008087 seconds
  Import took 0.010103 seconds .

========================================================================
Received Import Request.
  Time since last request: 0.004293 seconds.
  path: Assets/Resources/Icons/movement.png
  artifactKey: Guid(b83026fd4fb9e1246882eff0072a590c) Importer(815301076,1909f56bfc062723c751e8b465ee728b)
Start importing Assets/Resources/Icons/movement.png using Guid(b83026fd4fb9e1246882eff0072a590c) Importer(815301076,1909f56bfc062723c751e8b465ee728b)  -> (artifact id: '4e76d5141b232a9fd8a879ef1a2982a2') in 0.010384 seconds
  Import took 0.012138 seconds .

========================================================================
Received Import Request.
  Time since last request: 0.004900 seconds.
  path: Assets/Scripts/Reset.cs
  artifactKey: Guid(9220624dcb0b78744869b9f56c91f25e) Importer(815301076,1909f56bfc062723c751e8b465ee728b)
Start importing Assets/Scripts/Reset.cs using Guid(9220624dcb0b78744869b9f56c91f25e) Importer(815301076,1909f56bfc062723c751e8b465ee728b)  -> (artifact id: '357386d1caa0bed70c41fde8e9711ec5') in 0.008275 seconds
  Import took 0.010606 seconds .

========================================================================
Received Import Request.
  Time since last request: 0.007870 seconds.
  path: Assets/Scripts/Spawner.cs
  artifactKey: Guid(ce4699094d9e5e44aaa74657d33aedf1) Importer(815301076,1909f56bfc062723c751e8b465ee728b)
Start importing Assets/Scripts/Spawner.cs using Guid(ce4699094d9e5e44aaa74657d33aedf1) Importer(815301076,1909f56bfc062723c751e8b465ee728b)  -> (artifact id: 'ffbdf122e24e9b02952a34cd4ae595c5') in 0.006920 seconds
  Import took 0.009345 seconds .

========================================================================
Received Import Request.
  Time since last request: 0.004350 seconds.
  path: Assets/Resources/Icons/reset.png
  artifactKey: Guid(7aa3faa8702ed2d45b4bae5c39511876) Importer(815301076,1909f56bfc062723c751e8b465ee728b)
Start importing Assets/Resources/Icons/reset.png using Guid(7aa3faa8702ed2d45b4bae5c39511876) Importer(815301076,1909f56bfc062723c751e8b465ee728b)  -> (artifact id: 'c981ab1362c5f999a2a4d16609f9f633') in 0.010286 seconds
  Import took 0.012248 seconds .

========================================================================
Received Import Request.
  Time since last request: 0.004925 seconds.
  path: Assets/Scripts/Boundaries.cs
  artifactKey: Guid(788cfcae67b43b24ea5792d09e19b2e1) Importer(815301076,1909f56bfc062723c751e8b465ee728b)
Start importing Assets/Scripts/Boundaries.cs using Guid(788cfcae67b43b24ea5792d09e19b2e1) Importer(815301076,1909f56bfc062723c751e8b465ee728b)  -> (artifact id: 'e502dac47c7814c2cacf415030cd9d6f') in 0.007085 seconds
  Import took 0.009145 seconds .

========================================================================
Received Import Request.
  Time since last request: 0.007954 seconds.
  path: Assets/Scripts/TriggerExplosion.cs
  artifactKey: Guid(08d6ad602f9f5514698edf25715537f7) Importer(815301076,1909f56bfc062723c751e8b465ee728b)
Start importing Assets/Scripts/TriggerExplosion.cs using Guid(08d6ad602f9f5514698edf25715537f7) Importer(815301076,1909f56bfc062723c751e8b465ee728b)  -> (artifact id: '5879286d7cb4e6040d0327b2b1cfc19d') in 0.004703 seconds
  Import took 0.006895 seconds .

========================================================================
Received Import Request.
  Time since last request: 0.004259 seconds.
  path: Assets/Scripts/Score.cs
  artifactKey: Guid(d37e7986f3534ea4faf8ce8efd741ab1) Importer(815301076,1909f56bfc062723c751e8b465ee728b)
Start importing Assets/Scripts/Score.cs using Guid(d37e7986f3534ea4faf8ce8efd741ab1) Importer(815301076,1909f56bfc062723c751e8b465ee728b)  -> (artifact id: '8adb42426a98a226c99c0f7e3218b31e') in 0.004761 seconds
  Import took 0.006446 seconds .

========================================================================
Received Import Request.
  Time since last request: 0.004267 seconds.
  path: Assets/Resources/Icons/teleport.png
  artifactKey: Guid(16c31b1270e811f44b87f181efc9edcb) Importer(815301076,1909f56bfc062723c751e8b465ee728b)
Start importing Assets/Resources/Icons/teleport.png using Guid(16c31b1270e811f44b87f181efc9edcb) Importer(815301076,1909f56bfc062723c751e8b465ee728b)  -> (artifact id: 'cbe6345ef9f766e3d1d20ed3d4e5ce82') in 0.007885 seconds
  Import took 0.009834 seconds .

========================================================================
Received Import Request.
  Time since last request: 0.004734 seconds.
  path: Assets/Scripts/Teleport.cs
  artifactKey: Guid(d63b882c141630c4faa97e7e3e3d9020) Importer(815301076,1909f56bfc062723c751e8b465ee728b)
Start importing Assets/Scripts/Teleport.cs using Guid(d63b882c141630c4faa97e7e3e3d9020) Importer(815301076,1909f56bfc062723c751e8b465ee728b)  -> (artifact id: 'd485cd0b9df9c54f3488609da882a851') in 0.004638 seconds
  Import took 0.006336 seconds .

========================================================================
Received Import Request.
  Time since last request: 0.004268 seconds.
  path: Assets/Scripts/Movement.cs
  artifactKey: Guid(c22efc2fca1c7ad4f89183c00c88dec1) Importer(815301076,1909f56bfc062723c751e8b465ee728b)
Start importing Assets/Scripts/Movement.cs using Guid(c22efc2fca1c7ad4f89183c00c88dec1) Importer(815301076,1909f56bfc062723c751e8b465ee728b)  -> (artifact id: 'c4d23cfaf24bb094e50401a0489cd6ab') in 0.004732 seconds
  Import took 0.006675 seconds .

AssetImportWorkerClient::OnTransportError - code=2 error=End of file
