Using pre-set license
Built from '2020.3/staging' branch; Version is '2020.3.23f1 (c5d91304a876) revision 12966163'; Using compiler version '192528614'; Build Type 'Release'
OS: 'Windows 10 Home; OS build 19044.1706; Version 2009; 64bit' Language: 'en' Physical Memory: 8013 MB
BatchMode: 1, IsHumanControllingUs: 0, StartBugReporterOnCrash: 0, Is64bit: 1, IsPro: 0

COMMAND LINE ARGUMENTS:
C:\Program Files\Unity\Hub\Editor\2020.3.23f1\Editor\Unity.exe
-adb2
-batchMode
-noUpm
-name
AssetImportWorker0
-projectPath
C:/Users/Code Ninjas Markham/Documents/Tyler-Lin-Purple/Evil Fortress of Doctor Worm-TL
-logFile
Logs/AssetImportWorker0.log
-srvPort
50117
Successfully changed project path to: C:/Users/Code Ninjas Markham/Documents/Tyler-Lin-Purple/Evil Fortress of Doctor Worm-TL
C:/Users/Code Ninjas Markham/Documents/Tyler-Lin-Purple/Evil Fortress of Doctor Worm-TL
Using Asset Import Pipeline V2.
Refreshing native plugins compatible for Editor in 67.17 ms, found 2 plugins.
Preloading 0 native plugins for Editor in 0.00 ms.
Initialize engine version: 2020.3.23f1 (c5d91304a876)
[Subsystems] Discovering subsystems at path C:/Program Files/Unity/Hub/Editor/2020.3.23f1/Editor/Data/Resources/UnitySubsystems
[Subsystems] Discovering subsystems at path C:/Users/Code Ninjas Markham/Documents/Tyler-Lin-Purple/Evil Fortress of Doctor Worm-TL/Assets
GfxDevice: creating device client; threaded=0
Direct3D:
    Version:  Direct3D 11.0 [level 11.1]
    Renderer: NVIDIA GeForce GTX 1650 with Max-Q Design (ID=0x1f9d)
    Vendor:   
    VRAM:     3962 MB
    Driver:   27.21.14.6221
Initialize mono
Mono path[0] = 'C:/Program Files/Unity/Hub/Editor/2020.3.23f1/Editor/Data/Managed'
Mono path[1] = 'C:/Program Files/Unity/Hub/Editor/2020.3.23f1/Editor/Data/MonoBleedingEdge/lib/mono/unityjit'
Mono config path = 'C:/Program Files/Unity/Hub/Editor/2020.3.23f1/Editor/Data/MonoBleedingEdge/etc'
Using monoOptions --debugger-agent=transport=dt_socket,embedding=1,server=y,suspend=n,address=127.0.0.1:56864
Begin MonoManager ReloadAssembly
Registering precompiled unity dll's ...
Register platform support module: C:/Program Files/Unity/Hub/Editor/2020.3.23f1/Editor/Data/PlaybackEngines/WindowsStandaloneSupport/UnityEditor.WindowsStandalone.Extensions.dll
Registered in 0.001848 seconds.
Native extension for WindowsStandalone target not found
Refreshing native plugins compatible for Editor in 29.19 ms, found 2 plugins.
Preloading 0 native plugins for Editor in 0.00 ms.
Mono: successfully reloaded assembly
- Completed reload, in  0.518 seconds
Domain Reload Profiling:
	ReloadAssembly (518ms)
		BeginReloadAssembly (49ms)
			ExecutionOrderSort (0ms)
			DisableScriptedObjects (0ms)
			BackupInstance (0ms)
			ReleaseScriptingObjects (0ms)
			CreateAndSetChildDomain (1ms)
		EndReloadAssembly (402ms)
			LoadAssemblies (47ms)
			RebuildTransferFunctionScriptingTraits (0ms)
			SetupTypeCache (139ms)
			ReleaseScriptCaches (0ms)
			RebuildScriptCaches (28ms)
			SetupLoadedEditorAssemblies (146ms)
				LogAssemblyErrors (0ms)
				InitializePlatformSupportModulesInManaged (4ms)
				SetLoadedEditorAssemblies (0ms)
				RefreshPlugins (29ms)
				BeforeProcessingInitializeOnLoad (15ms)
				ProcessInitializeOnLoadAttributes (73ms)
				ProcessInitializeOnLoadMethodAttributes (25ms)
				AfterProcessingInitializeOnLoad (0ms)
				EditorAssembliesLoaded (0ms)
			ExecutionOrderSort2 (0ms)
			AwakeInstancesAfterBackupRestoration (0ms)
Platform modules already initialized, skipping
Registering precompiled user dll's ...
Registered in 0.003707 seconds.
Begin MonoManager ReloadAssembly
Native extension for WindowsStandalone target not found
Refreshing native plugins compatible for Editor in 0.44 ms, found 2 plugins.
Preloading 0 native plugins for Editor in 0.00 ms.
Mono: successfully reloaded assembly
- Completed reload, in  0.903 seconds
Domain Reload Profiling:
	ReloadAssembly (904ms)
		BeginReloadAssembly (130ms)
			ExecutionOrderSort (0ms)
			DisableScriptedObjects (4ms)
			BackupInstance (0ms)
			ReleaseScriptingObjects (0ms)
			CreateAndSetChildDomain (16ms)
		EndReloadAssembly (716ms)
			LoadAssemblies (91ms)
			RebuildTransferFunctionScriptingTraits (0ms)
			SetupTypeCache (245ms)
			ReleaseScriptCaches (0ms)
			RebuildScriptCaches (36ms)
			SetupLoadedEditorAssemblies (262ms)
				LogAssemblyErrors (0ms)
				InitializePlatformSupportModulesInManaged (4ms)
				SetLoadedEditorAssemblies (0ms)
				RefreshPlugins (0ms)
				BeforeProcessingInitializeOnLoad (71ms)
				ProcessInitializeOnLoadAttributes (171ms)
				ProcessInitializeOnLoadMethodAttributes (10ms)
				AfterProcessingInitializeOnLoad (6ms)
				EditorAssembliesLoaded (0ms)
			ExecutionOrderSort2 (0ms)
			AwakeInstancesAfterBackupRestoration (6ms)
Platform modules already initialized, skipping
========================================================================
Worker process is ready to serve import requests
Launched and connected shader compiler UnityShaderCompiler.exe after 0.06 seconds
Refreshing native plugins compatible for Editor in 0.63 ms, found 2 plugins.
Preloading 0 native plugins for Editor in 0.00 ms.
Unloading 1522 Unused Serialized files (Serialized files now loaded: 0)
System memory in use before: 73.1 MB.
System memory in use after: 73.2 MB.

Unloading 19 unused Assets to reduce memory usage. Loaded Objects now: 1958.
Total: 2.442200 ms (FindLiveObjects: 0.166200 ms CreateObjectMapping: 0.055900 ms MarkObjects: 2.141500 ms  DeleteObjects: 0.077400 ms)

AssetImportParameters requested are different than current active one (requested -> active):
  custom:framework-win-MediaFoundation: 216162199b28c13a410421893ffa2e32 -> 
  custom:video-decoder-ogg-theora: a1e56fd34408186e4bbccfd4996cb3dc -> 
  custom:container-muxer-webm: aa71ff27fc2769a1b78a27578f13a17b -> 
  custom:container-demuxer-webm: 4f35f7cbe854078d1ac9338744f61a02 -> 
  custom:container-demuxer-ogg: 62fdf1f143b41e24485cea50d1cbac27 -> 
  custom:video-encoder-webm-vp8: eb34c28f22e8b96e1ab97ce403110664 -> 
  custom:video-decoder-webm-vp8: 9c59270c3fd7afecdb556c50c9e8de78 -> 
  custom:audio-decoder-ogg-vorbis: bf7c407c2cedff20999df2af8eb42d56 -> 
  custom:audio-encoder-webm-vorbis: bf7c407c2cedff20999df2af8eb42d56 -> 
========================================================================
Received Import Request.
  path: Assets/Scenes/Level1.unity
  artifactKey: Guid(fe9c70ae84d61754c809783afbd641fb) Importer(815301076,1909f56bfc062723c751e8b465ee728b)
Start importing Assets/Scenes/Level1.unity using Guid(fe9c70ae84d61754c809783afbd641fb) Importer(815301076,1909f56bfc062723c751e8b465ee728b)  -> (artifact id: '44d1e422bc28ea7c271a7e426c6eff19') in 0.017588 seconds 
  Import took 0.019858 seconds .

========================================================================
Received Import Request.
  Time since last request: 50.386055 seconds.
  path: Assets/Scenes/Level2.unity
  artifactKey: Guid(70d451264f87f5d498d1ae527502c53d) Importer(815301076,1909f56bfc062723c751e8b465ee728b)
Start importing Assets/Scenes/Level2.unity using Guid(70d451264f87f5d498d1ae527502c53d) Importer(815301076,1909f56bfc062723c751e8b465ee728b)  -> (artifact id: '339a6a48d21254f5796c4b0061d9280a') in 0.007696 seconds 
  Import took 0.010749 seconds .

========================================================================
Received Import Request.
  Time since last request: 13.970954 seconds.
  path: Assets/Scenes/Level3.unity
  artifactKey: Guid(504963c54a5ce6541a620aec32eea829) Importer(815301076,1909f56bfc062723c751e8b465ee728b)
Start importing Assets/Scenes/Level3.unity using Guid(504963c54a5ce6541a620aec32eea829) Importer(815301076,1909f56bfc062723c751e8b465ee728b)  -> (artifact id: '862d73107fc95e414a95413903366a70') in 0.007588 seconds 
  Import took 0.009887 seconds .

========================================================================
Received Import Request.
  Time since last request: 1.968265 seconds.
  path: Assets/Scenes/Level4.unity
  artifactKey: Guid(69388e37bb4caf44cb8af64500e366a8) Importer(815301076,1909f56bfc062723c751e8b465ee728b)
Start importing Assets/Scenes/Level4.unity using Guid(69388e37bb4caf44cb8af64500e366a8) Importer(815301076,1909f56bfc062723c751e8b465ee728b)  -> (artifact id: 'e3ad44af964e2611578f619693d8a696') in 0.007044 seconds 
  Import took 0.010192 seconds .

========================================================================
Received Prepare
Registering precompiled user dll's ...
Registered in 0.004994 seconds.
Begin MonoManager ReloadAssembly
Native extension for WindowsStandalone target not found
Refreshing native plugins compatible for Editor in 0.56 ms, found 2 plugins.
Preloading 0 native plugins for Editor in 0.00 ms.
Mono: successfully reloaded assembly
- Completed reload, in  1.356 seconds
Domain Reload Profiling:
	ReloadAssembly (1357ms)
		BeginReloadAssembly (151ms)
			ExecutionOrderSort (0ms)
			DisableScriptedObjects (6ms)
			BackupInstance (0ms)
			ReleaseScriptingObjects (0ms)
			CreateAndSetChildDomain (51ms)
		EndReloadAssembly (1121ms)
			LoadAssemblies (119ms)
			RebuildTransferFunctionScriptingTraits (0ms)
			SetupTypeCache (403ms)
			ReleaseScriptCaches (1ms)
			RebuildScriptCaches (53ms)
			SetupLoadedEditorAssemblies (411ms)
				LogAssemblyErrors (0ms)
				InitializePlatformSupportModulesInManaged (7ms)
				SetLoadedEditorAssemblies (1ms)
				RefreshPlugins (1ms)
				BeforeProcessingInitializeOnLoad (113ms)
				ProcessInitializeOnLoadAttributes (265ms)
				ProcessInitializeOnLoadMethodAttributes (15ms)
				AfterProcessingInitializeOnLoad (9ms)
				EditorAssembliesLoaded (1ms)
			ExecutionOrderSort2 (0ms)
			AwakeInstancesAfterBackupRestoration (10ms)
Platform modules already initialized, skipping
Refreshing native plugins compatible for Editor in 0.61 ms, found 2 plugins.
Preloading 0 native plugins for Editor in 0.00 ms.
Unloading 1504 Unused Serialized files (Serialized files now loaded: 0)
System memory in use before: 71.8 MB.
System memory in use after: 72.0 MB.

Unloading 14 unused Assets to reduce memory usage. Loaded Objects now: 1960.
Total: 4.924700 ms (FindLiveObjects: 0.259200 ms CreateObjectMapping: 0.108500 ms MarkObjects: 4.528900 ms  DeleteObjects: 0.026400 ms)

AssetImportParameters requested are different than current active one (requested -> active):
  custom:framework-win-MediaFoundation: 216162199b28c13a410421893ffa2e32 -> 
  custom:video-decoder-ogg-theora: a1e56fd34408186e4bbccfd4996cb3dc -> 
  custom:container-muxer-webm: aa71ff27fc2769a1b78a27578f13a17b -> 
  custom:container-demuxer-webm: 4f35f7cbe854078d1ac9338744f61a02 -> 
  custom:container-demuxer-ogg: 62fdf1f143b41e24485cea50d1cbac27 -> 
  custom:video-encoder-webm-vp8: eb34c28f22e8b96e1ab97ce403110664 -> 
  custom:video-decoder-webm-vp8: 9c59270c3fd7afecdb556c50c9e8de78 -> 
  custom:audio-decoder-ogg-vorbis: bf7c407c2cedff20999df2af8eb42d56 -> 
  custom:audio-encoder-webm-vorbis: bf7c407c2cedff20999df2af8eb42d56 -> 
========================================================================
Received Import Request.
  Time since last request: 566.507437 seconds.
  path: Assets/Scripts/DoorTrigger.cs
  artifactKey: Guid(66d97797ac5fcdf46a63526a28448913) Importer(815301076,1909f56bfc062723c751e8b465ee728b)
Start importing Assets/Scripts/DoorTrigger.cs using Guid(66d97797ac5fcdf46a63526a28448913) Importer(815301076,1909f56bfc062723c751e8b465ee728b)  -> (artifact id: 'd6feefcae6157383206c2a02aca195d9') in 0.029475 seconds 
  Import took 0.031944 seconds .

========================================================================
Received Import Request.
  Time since last request: 22.937562 seconds.
  path: Assets/Scripts/DoorSwitch.cs
  artifactKey: Guid(fb480f37d7aea884c91a7fb20f3f1dd9) Importer(815301076,1909f56bfc062723c751e8b465ee728b)
Start importing Assets/Scripts/DoorSwitch.cs using Guid(fb480f37d7aea884c91a7fb20f3f1dd9) Importer(815301076,1909f56bfc062723c751e8b465ee728b)  -> (artifact id: '7ec995f078211b553812ae88b8065c60') in 0.011061 seconds 
  Import took 0.014718 seconds .

========================================================================
Received Prepare
Registering precompiled user dll's ...
Registered in 0.004928 seconds.
Begin MonoManager ReloadAssembly
Native extension for WindowsStandalone target not found
Refreshing native plugins compatible for Editor in 0.38 ms, found 2 plugins.
Preloading 0 native plugins for Editor in 0.00 ms.
Mono: successfully reloaded assembly
- Completed reload, in  0.917 seconds
Domain Reload Profiling:
	ReloadAssembly (917ms)
		BeginReloadAssembly (114ms)
			ExecutionOrderSort (0ms)
			DisableScriptedObjects (4ms)
			BackupInstance (0ms)
			ReleaseScriptingObjects (0ms)
			CreateAndSetChildDomain (35ms)
		EndReloadAssembly (742ms)
			LoadAssemblies (81ms)
			RebuildTransferFunctionScriptingTraits (0ms)
			SetupTypeCache (268ms)
			ReleaseScriptCaches (1ms)
			RebuildScriptCaches (36ms)
			SetupLoadedEditorAssemblies (266ms)
				LogAssemblyErrors (0ms)
				InitializePlatformSupportModulesInManaged (4ms)
				SetLoadedEditorAssemblies (0ms)
				RefreshPlugins (0ms)
				BeforeProcessingInitializeOnLoad (69ms)
				ProcessInitializeOnLoadAttributes (177ms)
				ProcessInitializeOnLoadMethodAttributes (9ms)
				AfterProcessingInitializeOnLoad (6ms)
				EditorAssembliesLoaded (0ms)
			ExecutionOrderSort2 (0ms)
			AwakeInstancesAfterBackupRestoration (6ms)
Platform modules already initialized, skipping
Refreshing native plugins compatible for Editor in 0.52 ms, found 2 plugins.
Preloading 0 native plugins for Editor in 0.00 ms.
Unloading 1504 Unused Serialized files (Serialized files now loaded: 0)
System memory in use before: 71.9 MB.
System memory in use after: 72.0 MB.

Unloading 14 unused Assets to reduce memory usage. Loaded Objects now: 1962.
Total: 3.030100 ms (FindLiveObjects: 0.187500 ms CreateObjectMapping: 0.066400 ms MarkObjects: 2.733900 ms  DeleteObjects: 0.041100 ms)

AssetImportParameters requested are different than current active one (requested -> active):
  custom:framework-win-MediaFoundation: 216162199b28c13a410421893ffa2e32 -> 
  custom:video-decoder-ogg-theora: a1e56fd34408186e4bbccfd4996cb3dc -> 
  custom:container-muxer-webm: aa71ff27fc2769a1b78a27578f13a17b -> 
  custom:container-demuxer-webm: 4f35f7cbe854078d1ac9338744f61a02 -> 
  custom:container-demuxer-ogg: 62fdf1f143b41e24485cea50d1cbac27 -> 
  custom:video-encoder-webm-vp8: eb34c28f22e8b96e1ab97ce403110664 -> 
  custom:video-decoder-webm-vp8: 9c59270c3fd7afecdb556c50c9e8de78 -> 
  custom:audio-decoder-ogg-vorbis: bf7c407c2cedff20999df2af8eb42d56 -> 
  custom:audio-encoder-webm-vorbis: bf7c407c2cedff20999df2af8eb42d56 -> 
========================================================================
Received Prepare
Registering precompiled user dll's ...
Registered in 0.003493 seconds.
Begin MonoManager ReloadAssembly
Native extension for WindowsStandalone target not found
Refreshing native plugins compatible for Editor in 0.34 ms, found 2 plugins.
Preloading 0 native plugins for Editor in 0.00 ms.
Mono: successfully reloaded assembly
- Completed reload, in  0.805 seconds
Domain Reload Profiling:
	ReloadAssembly (805ms)
		BeginReloadAssembly (96ms)
			ExecutionOrderSort (0ms)
			DisableScriptedObjects (4ms)
			BackupInstance (0ms)
			ReleaseScriptingObjects (0ms)
			CreateAndSetChildDomain (25ms)
		EndReloadAssembly (657ms)
			LoadAssemblies (71ms)
			RebuildTransferFunctionScriptingTraits (0ms)
			SetupTypeCache (231ms)
			ReleaseScriptCaches (1ms)
			RebuildScriptCaches (32ms)
			SetupLoadedEditorAssemblies (240ms)
				LogAssemblyErrors (0ms)
				InitializePlatformSupportModulesInManaged (4ms)
				SetLoadedEditorAssemblies (0ms)
				RefreshPlugins (0ms)
				BeforeProcessingInitializeOnLoad (62ms)
				ProcessInitializeOnLoadAttributes (159ms)
				ProcessInitializeOnLoadMethodAttributes (8ms)
				AfterProcessingInitializeOnLoad (6ms)
				EditorAssembliesLoaded (0ms)
			ExecutionOrderSort2 (0ms)
			AwakeInstancesAfterBackupRestoration (6ms)
Platform modules already initialized, skipping
Refreshing native plugins compatible for Editor in 0.36 ms, found 2 plugins.
Preloading 0 native plugins for Editor in 0.00 ms.
Unloading 1504 Unused Serialized files (Serialized files now loaded: 0)
System memory in use before: 71.9 MB.
System memory in use after: 72.0 MB.

Unloading 14 unused Assets to reduce memory usage. Loaded Objects now: 1964.
Total: 2.463500 ms (FindLiveObjects: 0.146700 ms CreateObjectMapping: 0.049700 ms MarkObjects: 2.250700 ms  DeleteObjects: 0.015500 ms)

AssetImportParameters requested are different than current active one (requested -> active):
  custom:framework-win-MediaFoundation: 216162199b28c13a410421893ffa2e32 -> 
  custom:video-decoder-ogg-theora: a1e56fd34408186e4bbccfd4996cb3dc -> 
  custom:container-muxer-webm: aa71ff27fc2769a1b78a27578f13a17b -> 
  custom:container-demuxer-webm: 4f35f7cbe854078d1ac9338744f61a02 -> 
  custom:container-demuxer-ogg: 62fdf1f143b41e24485cea50d1cbac27 -> 
  custom:video-encoder-webm-vp8: eb34c28f22e8b96e1ab97ce403110664 -> 
  custom:video-decoder-webm-vp8: 9c59270c3fd7afecdb556c50c9e8de78 -> 
  custom:audio-decoder-ogg-vorbis: bf7c407c2cedff20999df2af8eb42d56 -> 
  custom:audio-encoder-webm-vorbis: bf7c407c2cedff20999df2af8eb42d56 -> 
========================================================================
Received Prepare
Registering precompiled user dll's ...
Registered in 0.003516 seconds.
Begin MonoManager ReloadAssembly
Native extension for WindowsStandalone target not found
Refreshing native plugins compatible for Editor in 0.34 ms, found 2 plugins.
Preloading 0 native plugins for Editor in 0.00 ms.
Mono: successfully reloaded assembly
- Completed reload, in  0.801 seconds
Domain Reload Profiling:
	ReloadAssembly (801ms)
		BeginReloadAssembly (92ms)
			ExecutionOrderSort (0ms)
			DisableScriptedObjects (4ms)
			BackupInstance (0ms)
			ReleaseScriptingObjects (0ms)
			CreateAndSetChildDomain (24ms)
		EndReloadAssembly (657ms)
			LoadAssemblies (70ms)
			RebuildTransferFunctionScriptingTraits (0ms)
			SetupTypeCache (229ms)
			ReleaseScriptCaches (1ms)
			RebuildScriptCaches (32ms)
			SetupLoadedEditorAssemblies (241ms)
				LogAssemblyErrors (0ms)
				InitializePlatformSupportModulesInManaged (4ms)
				SetLoadedEditorAssemblies (0ms)
				RefreshPlugins (0ms)
				BeforeProcessingInitializeOnLoad (63ms)
				ProcessInitializeOnLoadAttributes (160ms)
				ProcessInitializeOnLoadMethodAttributes (7ms)
				AfterProcessingInitializeOnLoad (5ms)
				EditorAssembliesLoaded (0ms)
			ExecutionOrderSort2 (0ms)
			AwakeInstancesAfterBackupRestoration (6ms)
Platform modules already initialized, skipping
Refreshing native plugins compatible for Editor in 0.39 ms, found 2 plugins.
Preloading 0 native plugins for Editor in 0.00 ms.
Unloading 1504 Unused Serialized files (Serialized files now loaded: 0)
System memory in use before: 71.9 MB.
System memory in use after: 72.0 MB.

Unloading 14 unused Assets to reduce memory usage. Loaded Objects now: 1966.
Total: 2.420000 ms (FindLiveObjects: 0.145700 ms CreateObjectMapping: 0.050400 ms MarkObjects: 2.208000 ms  DeleteObjects: 0.015100 ms)

AssetImportParameters requested are different than current active one (requested -> active):
  custom:framework-win-MediaFoundation: 216162199b28c13a410421893ffa2e32 -> 
  custom:video-decoder-ogg-theora: a1e56fd34408186e4bbccfd4996cb3dc -> 
  custom:container-muxer-webm: aa71ff27fc2769a1b78a27578f13a17b -> 
  custom:container-demuxer-webm: 4f35f7cbe854078d1ac9338744f61a02 -> 
  custom:container-demuxer-ogg: 62fdf1f143b41e24485cea50d1cbac27 -> 
  custom:video-encoder-webm-vp8: eb34c28f22e8b96e1ab97ce403110664 -> 
  custom:video-decoder-webm-vp8: 9c59270c3fd7afecdb556c50c9e8de78 -> 
  custom:audio-decoder-ogg-vorbis: bf7c407c2cedff20999df2af8eb42d56 -> 
  custom:audio-encoder-webm-vorbis: bf7c407c2cedff20999df2af8eb42d56 -> 
========================================================================
Received Import Request.
  Time since last request: 418.554275 seconds.
  path: Assets/Robo's turret (free)/Textures/128black.png
  artifactKey: Guid(44cd580edceccb74ba821caefd09a5a7) Importer(815301076,1909f56bfc062723c751e8b465ee728b)
Start importing Assets/Robo's turret (free)/Textures/128black.png using Guid(44cd580edceccb74ba821caefd09a5a7) Importer(815301076,1909f56bfc062723c751e8b465ee728b)  -> (artifact id: '507f5b17f81bacc360d2e4dab5d034b7') in 0.086344 seconds 
  Import took 0.089216 seconds .

========================================================================
Received Import Request.
  Time since last request: 0.000165 seconds.
  path: Assets/Audio/Achievement.wav
  artifactKey: Guid(d1e494645ef6a43dd99a6e8b786cdb84) Importer(815301076,1909f56bfc062723c751e8b465ee728b)
Start importing Assets/Audio/Achievement.wav using Guid(d1e494645ef6a43dd99a6e8b786cdb84) Importer(815301076,1909f56bfc062723c751e8b465ee728b)  -> (artifact id: 'd44f14ba37e592ba319e0990e86a0b11') in 0.064863 seconds 
  Import took 0.067980 seconds .

========================================================================
Received Import Request.
  Time since last request: 0.000156 seconds.
  path: Assets/Robo's turret (free)/Textures/128white.png
  artifactKey: Guid(0cb313caacd904845971fc61a3cd8dc1) Importer(815301076,1909f56bfc062723c751e8b465ee728b)
Start importing Assets/Robo's turret (free)/Textures/128white.png using Guid(0cb313caacd904845971fc61a3cd8dc1) Importer(815301076,1909f56bfc062723c751e8b465ee728b)  -> (artifact id: '541dda073aba90c8f5d2a8db20913a4f') in 0.013703 seconds 
  Import took 0.016345 seconds .

========================================================================
Received Import Request.
  Time since last request: 0.000164 seconds.
  path: Assets/Models/SCI_FI_Barrels_Sample.FBX
  artifactKey: Guid(5c5915e3b1cd1e9498fc34258639b7e5) Importer(815301076,1909f56bfc062723c751e8b465ee728b)
Start importing Assets/Models/SCI_FI_Barrels_Sample.FBX using Guid(5c5915e3b1cd1e9498fc34258639b7e5) Importer(815301076,1909f56bfc062723c751e8b465ee728b)  -> (artifact id: '371f9aced24427b2f68f7ab4b57a17b3') in 0.124455 seconds 
  Import took 0.127210 seconds .

========================================================================
Received Import Request.
  Time since last request: 0.000152 seconds.
  path: Assets/Prefabs/AutomaticDoors.prefab
  artifactKey: Guid(c5d21eb9eeeef6e4da8fe6f3b9048b5c) Importer(815301076,1909f56bfc062723c751e8b465ee728b)
Start importing Assets/Prefabs/AutomaticDoors.prefab using Guid(c5d21eb9eeeef6e4da8fe6f3b9048b5c) Importer(815301076,1909f56bfc062723c751e8b465ee728b)  -> (artifact id: 'ee88870400a86cb50db0243f576dac91') in 0.031131 seconds 
  Import took 0.033862 seconds .

========================================================================
Received Import Request.
  Time since last request: 16.839524 seconds.
  path: Assets/Scenes/Level2.unity
  artifactKey: Guid(70d451264f87f5d498d1ae527502c53d) Importer(815301076,1909f56bfc062723c751e8b465ee728b)
Start importing Assets/Scenes/Level2.unity using Guid(70d451264f87f5d498d1ae527502c53d) Importer(815301076,1909f56bfc062723c751e8b465ee728b)  -> (artifact id: 'd4f6f76b63402c4a6430c36bf3ca9974') in 0.002256 seconds 
  Import took 0.004961 seconds .

========================================================================
Received Import Request.
  Time since last request: 33.362693 seconds.
  path: Assets/Teleportation Pad/Materials/Shockwave.mat
  artifactKey: Guid(f2bffbeb094e1415586c0fdcaa089b71) Importer(815301076,1909f56bfc062723c751e8b465ee728b)
Start importing Assets/Teleportation Pad/Materials/Shockwave.mat using Guid(f2bffbeb094e1415586c0fdcaa089b71) Importer(815301076,1909f56bfc062723c751e8b465ee728b)  -> (artifact id: 'f55e4434a7cd733940f49e898152d926') in 0.044342 seconds 
  Import took 0.047407 seconds .

========================================================================
Received Import Request.
  Time since last request: 16.025827 seconds.
  path: Assets/Scenes/Level4.unity
  artifactKey: Guid(69388e37bb4caf44cb8af64500e366a8) Importer(815301076,1909f56bfc062723c751e8b465ee728b)
Start importing Assets/Scenes/Level4.unity using Guid(69388e37bb4caf44cb8af64500e366a8) Importer(815301076,1909f56bfc062723c751e8b465ee728b)  -> (artifact id: 'b9508b076f517979fec9f82875d00c17') in 0.002377 seconds 
  Import took 0.005380 seconds .

========================================================================
Received Import Request.
  Time since last request: 16.612708 seconds.
  path: Assets/Audio/Barrier.wav
  artifactKey: Guid(5245017668d4740649aea03b22abf7ee) Importer(815301076,1909f56bfc062723c751e8b465ee728b)
Start importing Assets/Audio/Barrier.wav using Guid(5245017668d4740649aea03b22abf7ee) Importer(815301076,1909f56bfc062723c751e8b465ee728b)  -> (artifact id: '6106b0f2ae23b69e0c4e56adc5ac3bc6') in 0.010889 seconds 
  Import took 0.013591 seconds .

========================================================================
Received Import Request.
  Time since last request: 0.000148 seconds.
  path: Assets/Audio/Barrier Drop.wav
  artifactKey: Guid(4875d6da6669a4d75a8f0a6b3dbf20b8) Importer(815301076,1909f56bfc062723c751e8b465ee728b)
Start importing Assets/Audio/Barrier Drop.wav using Guid(4875d6da6669a4d75a8f0a6b3dbf20b8) Importer(815301076,1909f56bfc062723c751e8b465ee728b)  -> (artifact id: '1a130a482d912892ab3453168c9f3de5') in 0.012898 seconds 
  Import took 0.015178 seconds .

========================================================================
Received Import Request.
  Time since last request: 0.203212 seconds.
  path: Assets/Robo's turret (free)/Prefabs/Base_square.prefab
  artifactKey: Guid(f99a687e918c4914ab1b4898e09d9cad) Importer(815301076,1909f56bfc062723c751e8b465ee728b)
Start importing Assets/Robo's turret (free)/Prefabs/Base_square.prefab using Guid(f99a687e918c4914ab1b4898e09d9cad) Importer(815301076,1909f56bfc062723c751e8b465ee728b)  -> (artifact id: 'c7c081f3d19e2813b39cefb4f89ca49b') in 0.149371 seconds 
  Import took 0.152463 seconds .

========================================================================
Received Import Request.
  Time since last request: 0.000185 seconds.
  path: Assets/Robo's turret (free)/Models/TBasic_lvl1_bot.fbx
  artifactKey: Guid(c8507fecf542c8c409e60220a3f0283a) Importer(815301076,1909f56bfc062723c751e8b465ee728b)
Start importing Assets/Robo's turret (free)/Models/TBasic_lvl1_bot.fbx using Guid(c8507fecf542c8c409e60220a3f0283a) Importer(815301076,1909f56bfc062723c751e8b465ee728b)  -> (artifact id: '105b328ec13e25cc2cef9831c0c24f95') in 0.023349 seconds 
  Import took 0.025790 seconds .

========================================================================
Received Import Request.
  Time since last request: 0.000119 seconds.
  path: Assets/Materials/BaseBoard.mat
  artifactKey: Guid(5f0b189e634511c48b62d9244db543e1) Importer(815301076,1909f56bfc062723c751e8b465ee728b)
Start importing Assets/Materials/BaseBoard.mat using Guid(5f0b189e634511c48b62d9244db543e1) Importer(815301076,1909f56bfc062723c751e8b465ee728b)  -> (artifact id: '2faf54764aefcd967677f9569b1ac75e') in 0.013234 seconds 
  Import took 0.015554 seconds .

========================================================================
Received Import Request.
  Time since last request: 0.000147 seconds.
  path: Assets/Robo's turret (free)/Models/TBasic_lvl1_top.fbx
  artifactKey: Guid(45dced71007592c41bcdd3a43ba7644d) Importer(815301076,1909f56bfc062723c751e8b465ee728b)
Start importing Assets/Robo's turret (free)/Models/TBasic_lvl1_top.fbx using Guid(45dced71007592c41bcdd3a43ba7644d) Importer(815301076,1909f56bfc062723c751e8b465ee728b)  -> (artifact id: 'b9e9b709d3872611ecbf4e5be848ca15') in 0.023115 seconds 
  Import took 0.025812 seconds .

========================================================================
Received Import Request.
  Time since last request: 0.466385 seconds.
  path: Assets/Textures/button.png
  artifactKey: Guid(9c51704854ab68f4a9a297015c559936) Importer(815301076,1909f56bfc062723c751e8b465ee728b)
Start importing Assets/Textures/button.png using Guid(9c51704854ab68f4a9a297015c559936) Importer(815301076,1909f56bfc062723c751e8b465ee728b)  -> (artifact id: 'c2ab23fadbcfc1bf1f8119db08a18b68') in 0.023427 seconds 
  Import took 0.026347 seconds .

========================================================================
Received Import Request.
  Time since last request: 0.000166 seconds.
  path: Assets/Prefabs/Canvas.prefab
  artifactKey: Guid(0cf971997b2ca1f478ffd5ba469b6ea2) Importer(815301076,1909f56bfc062723c751e8b465ee728b)
Start importing Assets/Prefabs/Canvas.prefab using Guid(0cf971997b2ca1f478ffd5ba469b6ea2) Importer(815301076,1909f56bfc062723c751e8b465ee728b)  -> (artifact id: '6da2772f1536e8a82c4bf44d69aa6235') in 0.061824 seconds 
  Import took 0.064219 seconds .

========================================================================
Received Import Request.
  Time since last request: 0.000188 seconds.
  path: Assets/Materials/CargoCubeGrey.mat
  artifactKey: Guid(bd6fad54255e3f646816c0d4f861b3b2) Importer(815301076,1909f56bfc062723c751e8b465ee728b)
Start importing Assets/Materials/CargoCubeGrey.mat using Guid(bd6fad54255e3f646816c0d4f861b3b2) Importer(815301076,1909f56bfc062723c751e8b465ee728b)  -> (artifact id: '5142d3115ec5cfa91cf3fc9abb69dfd4') in 0.013174 seconds 
  Import took 0.015439 seconds .

========================================================================
Received Import Request.
  Time since last request: 0.000183 seconds.
  path: Assets/Models/Codey.fbx
  artifactKey: Guid(a656d097d5ac93b4cabeb8a33bbe1bca) Importer(815301076,1909f56bfc062723c751e8b465ee728b)
Start importing Assets/Models/Codey.fbx using Guid(a656d097d5ac93b4cabeb8a33bbe1bca) Importer(815301076,1909f56bfc062723c751e8b465ee728b)  -> (artifact id: '891632ae5c060a2d3ba0dd295d3a1845') in 0.049759 seconds 
  Import took 0.052313 seconds .

========================================================================
Received Import Request.
  Time since last request: 0.000129 seconds.
  path: Assets/Prefabs/Codey.prefab
  artifactKey: Guid(3e23642a54e18284cb4e99ac955e2939) Importer(815301076,1909f56bfc062723c751e8b465ee728b)
Start importing Assets/Prefabs/Codey.prefab using Guid(3e23642a54e18284cb4e99ac955e2939) Importer(815301076,1909f56bfc062723c751e8b465ee728b)  -> (artifact id: '5b69877ad26731b2c2ee3b17f9594020') in 0.029001 seconds 
  Import took 0.031714 seconds .

========================================================================
Received Import Request.
  Time since last request: 0.000186 seconds.
  path: Assets/Materials/Codey.mat
  artifactKey: Guid(21f49ebcdc6a517468f34e74c0c814d0) Importer(815301076,1909f56bfc062723c751e8b465ee728b)
Start importing Assets/Materials/Codey.mat using Guid(21f49ebcdc6a517468f34e74c0c814d0) Importer(815301076,1909f56bfc062723c751e8b465ee728b)  -> (artifact id: 'c7838651cea7f6d933d0a2e1942aa5f7') in 0.016635 seconds 
  Import took 0.018969 seconds .

========================================================================
Received Import Request.
  Time since last request: 4.048175 seconds.
  path: Assets/Teleportation Pad/Materials/Teleporter Pad A.mat
  artifactKey: Guid(bfc9bdb5a8d54a14583c9a8363ef23eb) Importer(815301076,1909f56bfc062723c751e8b465ee728b)
Start importing Assets/Teleportation Pad/Materials/Teleporter Pad A.mat using Guid(bfc9bdb5a8d54a14583c9a8363ef23eb) Importer(815301076,1909f56bfc062723c751e8b465ee728b)  -> (artifact id: '988133fa2b3dfdc51a4b1031db156048') in 0.062717 seconds 
  Import took 0.065413 seconds .

========================================================================
Received Import Request.
  Time since last request: 0.000201 seconds.
  path: Assets/Teleportation Pad/Prefabs/Teleporter Pad A.prefab
  artifactKey: Guid(60ea8a8ee79fc564294d0a35f8b0ae4a) Importer(815301076,1909f56bfc062723c751e8b465ee728b)
Start importing Assets/Teleportation Pad/Prefabs/Teleporter Pad A.prefab using Guid(60ea8a8ee79fc564294d0a35f8b0ae4a) Importer(815301076,1909f56bfc062723c751e8b465ee728b)  -> (artifact id: 'b3d89514cb5c0212f46bad2bd1e5e6bd') in 0.022016 seconds 
  Import took 0.025003 seconds .

========================================================================
Received Import Request.
  Time since last request: 0.000289 seconds.
  path: Assets/Teleportation Pad/Model/Teleporter Pad fbx.fbx
  artifactKey: Guid(da35992fbe2e75d40b634d87d754fd41) Importer(815301076,1909f56bfc062723c751e8b465ee728b)
Start importing Assets/Teleportation Pad/Model/Teleporter Pad fbx.fbx using Guid(da35992fbe2e75d40b634d87d754fd41) Importer(815301076,1909f56bfc062723c751e8b465ee728b)  -> (artifact id: '7d3a5126935d4eb5061d158c57cc112a') in 0.018519 seconds 
  Import took 0.022473 seconds .

========================================================================
Received Import Request.
  Time since last request: 0.000197 seconds.
  path: Assets/Teleportation Pad/Textures/Teleporter Pad Texture A.png
  artifactKey: Guid(6bedc0c0416251346b2697aec7529888) Importer(815301076,1909f56bfc062723c751e8b465ee728b)
Start importing Assets/Teleportation Pad/Textures/Teleporter Pad Texture A.png using Guid(6bedc0c0416251346b2697aec7529888) Importer(815301076,1909f56bfc062723c751e8b465ee728b)  -> (artifact id: '6b618cb92670f52de25c6de6fe6d80cd') in 0.012949 seconds 
  Import took 0.015995 seconds .

========================================================================
Received Import Request.
  Time since last request: 0.000160 seconds.
  path: Assets/Teleportation Pad/Model/Teleporter Pad UV.png
  artifactKey: Guid(a969afd0311347344aa6825c964aabf5) Importer(815301076,1909f56bfc062723c751e8b465ee728b)
Start importing Assets/Teleportation Pad/Model/Teleporter Pad UV.png using Guid(a969afd0311347344aa6825c964aabf5) Importer(815301076,1909f56bfc062723c751e8b465ee728b)  -> (artifact id: '4e17ce9c2b51332f2a43a97c26175968') in 0.015970 seconds 
  Import took 0.018837 seconds .

========================================================================
Received Prepare
Registering precompiled user dll's ...
Registered in 0.003466 seconds.
Begin MonoManager ReloadAssembly
Native extension for WindowsStandalone target not found
Refreshing native plugins compatible for Editor in 0.33 ms, found 2 plugins.
Preloading 0 native plugins for Editor in 0.00 ms.
Mono: successfully reloaded assembly
- Completed reload, in  0.803 seconds
Domain Reload Profiling:
	ReloadAssembly (803ms)
		BeginReloadAssembly (91ms)
			ExecutionOrderSort (0ms)
			DisableScriptedObjects (3ms)
			BackupInstance (0ms)
			ReleaseScriptingObjects (0ms)
			CreateAndSetChildDomain (27ms)
		EndReloadAssembly (659ms)
			LoadAssemblies (72ms)
			RebuildTransferFunctionScriptingTraits (0ms)
			SetupTypeCache (227ms)
			ReleaseScriptCaches (1ms)
			RebuildScriptCaches (31ms)
			SetupLoadedEditorAssemblies (243ms)
				LogAssemblyErrors (0ms)
				InitializePlatformSupportModulesInManaged (5ms)
				SetLoadedEditorAssemblies (0ms)
				RefreshPlugins (0ms)
				BeforeProcessingInitializeOnLoad (65ms)
				ProcessInitializeOnLoadAttributes (158ms)
				ProcessInitializeOnLoadMethodAttributes (7ms)
				AfterProcessingInitializeOnLoad (6ms)
				EditorAssembliesLoaded (0ms)
			ExecutionOrderSort2 (0ms)
			AwakeInstancesAfterBackupRestoration (6ms)
Platform modules already initialized, skipping
Refreshing native plugins compatible for Editor in 0.57 ms, found 2 plugins.
Preloading 0 native plugins for Editor in 0.00 ms.
Unloading 1504 Unused Serialized files (Serialized files now loaded: 0)
System memory in use before: 89.2 MB.
System memory in use after: 89.3 MB.

Unloading 15 unused Assets to reduce memory usage. Loaded Objects now: 2018.
Total: 2.590100 ms (FindLiveObjects: 0.161100 ms CreateObjectMapping: 0.051900 ms MarkObjects: 2.329700 ms  DeleteObjects: 0.046300 ms)

AssetImportParameters requested are different than current active one (requested -> active):
  custom:framework-win-MediaFoundation: 216162199b28c13a410421893ffa2e32 -> 
  custom:video-decoder-ogg-theora: a1e56fd34408186e4bbccfd4996cb3dc -> 
  custom:container-muxer-webm: aa71ff27fc2769a1b78a27578f13a17b -> 
  custom:container-demuxer-webm: 4f35f7cbe854078d1ac9338744f61a02 -> 
  custom:container-demuxer-ogg: 62fdf1f143b41e24485cea50d1cbac27 -> 
  custom:video-encoder-webm-vp8: eb34c28f22e8b96e1ab97ce403110664 -> 
  custom:video-decoder-webm-vp8: 9c59270c3fd7afecdb556c50c9e8de78 -> 
  custom:audio-decoder-ogg-vorbis: bf7c407c2cedff20999df2af8eb42d56 -> 
  custom:audio-encoder-webm-vorbis: bf7c407c2cedff20999df2af8eb42d56 -> 
========================================================================
Received Import Request.
  Time since last request: 54.139835 seconds.
  path: Assets/Scenes/Level4.unity
  artifactKey: Guid(69388e37bb4caf44cb8af64500e366a8) Importer(815301076,1909f56bfc062723c751e8b465ee728b)
Start importing Assets/Scenes/Level4.unity using Guid(69388e37bb4caf44cb8af64500e366a8) Importer(815301076,1909f56bfc062723c751e8b465ee728b)  -> (artifact id: 'dd0a1ba243df6bcb62c648bf8decdeca') in 0.013727 seconds 
  Import took 0.016105 seconds .

========================================================================
Received Import Request.
  Time since last request: 16.182143 seconds.
  path: Assets/Animations/Codey@death.fbx
  artifactKey: Guid(042ef3c651db36441ad4b41931fa4bad) Importer(815301076,1909f56bfc062723c751e8b465ee728b)
Start importing Assets/Animations/Codey@death.fbx using Guid(042ef3c651db36441ad4b41931fa4bad) Importer(815301076,1909f56bfc062723c751e8b465ee728b)  -> (artifact id: '6b85cf9ba9d674cf1121bde3f384b68f') in 0.018888 seconds 
  Import took 0.021886 seconds .

========================================================================
Received Import Request.
  Time since last request: 0.000254 seconds.
  path: Assets/Animations/Codey@idelPose.fbx
  artifactKey: Guid(e6ee5e2b4f423f84c8b0e4a087bed79b) Importer(815301076,1909f56bfc062723c751e8b465ee728b)
Start importing Assets/Animations/Codey@idelPose.fbx using Guid(e6ee5e2b4f423f84c8b0e4a087bed79b) Importer(815301076,1909f56bfc062723c751e8b465ee728b)  -> (artifact id: 'a028e5896591aa8f944c37a57c8e42a0') in 0.011045 seconds 
  Import took 0.014215 seconds .

========================================================================
Received Import Request.
  Time since last request: 0.000460 seconds.
  path: Assets/Animations/Codey@rightTurn.fbx
  artifactKey: Guid(00e28f9beac33c348a9eb9693625244f) Importer(815301076,1909f56bfc062723c751e8b465ee728b)
Start importing Assets/Animations/Codey@rightTurn.fbx using Guid(00e28f9beac33c348a9eb9693625244f) Importer(815301076,1909f56bfc062723c751e8b465ee728b)  -> (artifact id: '7f74d8d6576581781227824db53278a5') in 0.012917 seconds 
  Import took 0.017679 seconds .

========================================================================
Received Import Request.
  Time since last request: 0.000181 seconds.
  path: Assets/Animations/Codey@pushing.fbx
  artifactKey: Guid(c9eaf0bb2350ee140a58e40cf16e52c4) Importer(815301076,1909f56bfc062723c751e8b465ee728b)
Start importing Assets/Animations/Codey@pushing.fbx using Guid(c9eaf0bb2350ee140a58e40cf16e52c4) Importer(815301076,1909f56bfc062723c751e8b465ee728b)  -> (artifact id: '6d99b10019b2ba8df352459a30bea331') in 0.010366 seconds 
  Import took 0.013276 seconds .

========================================================================
Received Import Request.
  Time since last request: 0.000429 seconds.
  path: Assets/Animations/Codey@leftTurn.fbx
  artifactKey: Guid(093f3ddb9a167ab47ae6a4fb5dc8df38) Importer(815301076,1909f56bfc062723c751e8b465ee728b)
Start importing Assets/Animations/Codey@leftTurn.fbx using Guid(093f3ddb9a167ab47ae6a4fb5dc8df38) Importer(815301076,1909f56bfc062723c751e8b465ee728b)  -> (artifact id: '86280f8c02dd3a9ef64b0dfa9895125b') in 0.012380 seconds 
  Import took 0.016414 seconds .

========================================================================
Received Import Request.
  Time since last request: 0.000139 seconds.
  path: Assets/Animations/Codey@run.fbx
  artifactKey: Guid(c22be356be1efd3488ac6e73d74190b0) Importer(815301076,1909f56bfc062723c751e8b465ee728b)
Start importing Assets/Animations/Codey@run.fbx using Guid(c22be356be1efd3488ac6e73d74190b0) Importer(815301076,1909f56bfc062723c751e8b465ee728b)  -> (artifact id: '7f98609f25697a08bff8fbd1820c2e69') in 0.011078 seconds 
  Import took 0.016039 seconds .

========================================================================
Received Import Request.
  Time since last request: 54.812701 seconds.
  path: Assets/Scenes/Level4.unity
  artifactKey: Guid(69388e37bb4caf44cb8af64500e366a8) Importer(815301076,1909f56bfc062723c751e8b465ee728b)
Start importing Assets/Scenes/Level4.unity using Guid(69388e37bb4caf44cb8af64500e366a8) Importer(815301076,1909f56bfc062723c751e8b465ee728b)  -> (artifact id: '0b1dc90870135127fe9822fd19af81fd') in 0.004231 seconds 
  Import took 0.008741 seconds .

========================================================================
Received Import Request.
  Time since last request: 22.946261 seconds.
  path: Assets/Scripts/Character.cs
  artifactKey: Guid(21ff53061a3aa8542aa3fc0dfa9acc25) Importer(815301076,1909f56bfc062723c751e8b465ee728b)
Start importing Assets/Scripts/Character.cs using Guid(21ff53061a3aa8542aa3fc0dfa9acc25) Importer(815301076,1909f56bfc062723c751e8b465ee728b)  -> (artifact id: '78855d1657ae73f261b267f2cdc4b360') in 0.005567 seconds 
  Import took 0.008368 seconds .

========================================================================
Received Prepare
Registering precompiled user dll's ...
Registered in 0.003504 seconds.
Begin MonoManager ReloadAssembly
Native extension for WindowsStandalone target not found
Refreshing native plugins compatible for Editor in 0.34 ms, found 2 plugins.
Preloading 0 native plugins for Editor in 0.00 ms.
Mono: successfully reloaded assembly
- Completed reload, in  0.803 seconds
Domain Reload Profiling:
	ReloadAssembly (803ms)
		BeginReloadAssembly (101ms)
			ExecutionOrderSort (0ms)
			DisableScriptedObjects (4ms)
			BackupInstance (0ms)
			ReleaseScriptingObjects (0ms)
			CreateAndSetChildDomain (26ms)
		EndReloadAssembly (649ms)
			LoadAssemblies (72ms)
			RebuildTransferFunctionScriptingTraits (0ms)
			SetupTypeCache (225ms)
			ReleaseScriptCaches (1ms)
			RebuildScriptCaches (31ms)
			SetupLoadedEditorAssemblies (240ms)
				LogAssemblyErrors (0ms)
				InitializePlatformSupportModulesInManaged (4ms)
				SetLoadedEditorAssemblies (0ms)
				RefreshPlugins (0ms)
				BeforeProcessingInitializeOnLoad (62ms)
				ProcessInitializeOnLoadAttributes (160ms)
				ProcessInitializeOnLoadMethodAttributes (8ms)
				AfterProcessingInitializeOnLoad (6ms)
				EditorAssembliesLoaded (0ms)
			ExecutionOrderSort2 (0ms)
			AwakeInstancesAfterBackupRestoration (6ms)
Platform modules already initialized, skipping
Refreshing native plugins compatible for Editor in 0.44 ms, found 2 plugins.
Preloading 0 native plugins for Editor in 0.00 ms.
Unloading 1504 Unused Serialized files (Serialized files now loaded: 0)
System memory in use before: 89.3 MB.
System memory in use after: 89.4 MB.

Unloading 14 unused Assets to reduce memory usage. Loaded Objects now: 2020.
Total: 2.453100 ms (FindLiveObjects: 0.161500 ms CreateObjectMapping: 0.050800 ms MarkObjects: 2.225500 ms  DeleteObjects: 0.014100 ms)

AssetImportParameters requested are different than current active one (requested -> active):
  custom:framework-win-MediaFoundation: 216162199b28c13a410421893ffa2e32 -> 
  custom:video-decoder-ogg-theora: a1e56fd34408186e4bbccfd4996cb3dc -> 
  custom:container-muxer-webm: aa71ff27fc2769a1b78a27578f13a17b -> 
  custom:container-demuxer-webm: 4f35f7cbe854078d1ac9338744f61a02 -> 
  custom:container-demuxer-ogg: 62fdf1f143b41e24485cea50d1cbac27 -> 
  custom:video-encoder-webm-vp8: eb34c28f22e8b96e1ab97ce403110664 -> 
  custom:video-decoder-webm-vp8: 9c59270c3fd7afecdb556c50c9e8de78 -> 
  custom:audio-decoder-ogg-vorbis: bf7c407c2cedff20999df2af8eb42d56 -> 
  custom:audio-encoder-webm-vorbis: bf7c407c2cedff20999df2af8eb42d56 -> 
========================================================================
Received Prepare
Registering precompiled user dll's ...
Registered in 0.004677 seconds.
Begin MonoManager ReloadAssembly
Native extension for WindowsStandalone target not found
Refreshing native plugins compatible for Editor in 0.34 ms, found 2 plugins.
Preloading 0 native plugins for Editor in 0.00 ms.
Mono: successfully reloaded assembly
- Completed reload, in  0.846 seconds
Domain Reload Profiling:
	ReloadAssembly (847ms)
		BeginReloadAssembly (98ms)
			ExecutionOrderSort (0ms)
			DisableScriptedObjects (4ms)
			BackupInstance (0ms)
			ReleaseScriptingObjects (0ms)
			CreateAndSetChildDomain (26ms)
		EndReloadAssembly (691ms)
			LoadAssemblies (73ms)
			RebuildTransferFunctionScriptingTraits (0ms)
			SetupTypeCache (251ms)
			ReleaseScriptCaches (1ms)
			RebuildScriptCaches (34ms)
			SetupLoadedEditorAssemblies (241ms)
				LogAssemblyErrors (0ms)
				InitializePlatformSupportModulesInManaged (4ms)
				SetLoadedEditorAssemblies (0ms)
				RefreshPlugins (0ms)
				BeforeProcessingInitializeOnLoad (65ms)
				ProcessInitializeOnLoadAttributes (157ms)
				ProcessInitializeOnLoadMethodAttributes (7ms)
				AfterProcessingInitializeOnLoad (6ms)
				EditorAssembliesLoaded (0ms)
			ExecutionOrderSort2 (0ms)
			AwakeInstancesAfterBackupRestoration (6ms)
Platform modules already initialized, skipping
Refreshing native plugins compatible for Editor in 0.34 ms, found 2 plugins.
Preloading 0 native plugins for Editor in 0.00 ms.
Unloading 1504 Unused Serialized files (Serialized files now loaded: 0)
System memory in use before: 89.3 MB.
System memory in use after: 89.4 MB.

Unloading 14 unused Assets to reduce memory usage. Loaded Objects now: 2022.
Total: 2.325400 ms (FindLiveObjects: 0.161900 ms CreateObjectMapping: 0.048900 ms MarkObjects: 2.098100 ms  DeleteObjects: 0.015800 ms)

AssetImportParameters requested are different than current active one (requested -> active):
  custom:framework-win-MediaFoundation: 216162199b28c13a410421893ffa2e32 -> 
  custom:video-decoder-ogg-theora: a1e56fd34408186e4bbccfd4996cb3dc -> 
  custom:container-muxer-webm: aa71ff27fc2769a1b78a27578f13a17b -> 
  custom:container-demuxer-webm: 4f35f7cbe854078d1ac9338744f61a02 -> 
  custom:container-demuxer-ogg: 62fdf1f143b41e24485cea50d1cbac27 -> 
  custom:video-encoder-webm-vp8: eb34c28f22e8b96e1ab97ce403110664 -> 
  custom:video-decoder-webm-vp8: 9c59270c3fd7afecdb556c50c9e8de78 -> 
  custom:audio-decoder-ogg-vorbis: bf7c407c2cedff20999df2af8eb42d56 -> 
  custom:audio-encoder-webm-vorbis: bf7c407c2cedff20999df2af8eb42d56 -> 
========================================================================
Received Import Request.
  Time since last request: 257.613981 seconds.
  path: Assets/Scripts/GameOver.cs
  artifactKey: Guid(32fbf7386151f324690f70a6bf271624) Importer(815301076,1909f56bfc062723c751e8b465ee728b)
Start importing Assets/Scripts/GameOver.cs using Guid(32fbf7386151f324690f70a6bf271624) Importer(815301076,1909f56bfc062723c751e8b465ee728b)  -> (artifact id: '7676892ff36250c65a9d8d5813a07141') in 0.007934 seconds 
  Import took 0.010745 seconds .

========================================================================
Received Import Request.
  Time since last request: 49.463449 seconds.
  path: Assets/Animations/Codey@walk.fbx
  artifactKey: Guid(40299b6b7b59d7544b11cb37384acf71) Importer(815301076,1909f56bfc062723c751e8b465ee728b)
Start importing Assets/Animations/Codey@walk.fbx using Guid(40299b6b7b59d7544b11cb37384acf71) Importer(815301076,1909f56bfc062723c751e8b465ee728b)  -> (artifact id: '4859b892c3859e55dcd866fdc6672da2') in 0.027759 seconds 
  Import took 0.030818 seconds .

========================================================================
Received Import Request.
  Time since last request: 36.055944 seconds.
  path: Assets/Animations/CodyController.controller
  artifactKey: Guid(61bdb146442ca6943aa108c656c556ff) Importer(815301076,1909f56bfc062723c751e8b465ee728b)
Start importing Assets/Animations/CodyController.controller using Guid(61bdb146442ca6943aa108c656c556ff) Importer(815301076,1909f56bfc062723c751e8b465ee728b)  -> (artifact id: 'f39987f7562ed3e790148aa890ccc24e') in 0.014040 seconds 
  Import took 0.016955 seconds .

========================================================================
Received Import Request.
  Time since last request: 119.350091 seconds.
  path: Assets/Scenes/Level4Settings.lighting
  artifactKey: Guid(602f73209dd7ee042bf0ffa066b6b29f) Importer(815301076,1909f56bfc062723c751e8b465ee728b)
Start importing Assets/Scenes/Level4Settings.lighting using Guid(602f73209dd7ee042bf0ffa066b6b29f) Importer(815301076,1909f56bfc062723c751e8b465ee728b)  -> (artifact id: '55cd04654024aa154de2b0da9834d98d') in 0.007839 seconds 
  Import took 0.010295 seconds .

========================================================================
Received Import Request.
  Time since last request: 1.201575 seconds.
  path: Assets/Scenes/SampleScene.unity
  artifactKey: Guid(9fc0d4010bbf28b4594072e72b8655ab) Importer(815301076,1909f56bfc062723c751e8b465ee728b)
Start importing Assets/Scenes/SampleScene.unity using Guid(9fc0d4010bbf28b4594072e72b8655ab) Importer(815301076,1909f56bfc062723c751e8b465ee728b)  -> (artifact id: 'd34b34c6f0a86b610d3a0311b41d528a') in 0.008164 seconds 
  Import took 0.011014 seconds .

========================================================================
Received Import Request.
  Time since last request: 2.557137 seconds.
  path: Assets/Scenes/Level4.unity
  artifactKey: Guid(69388e37bb4caf44cb8af64500e366a8) Importer(815301076,1909f56bfc062723c751e8b465ee728b)
Start importing Assets/Scenes/Level4.unity using Guid(69388e37bb4caf44cb8af64500e366a8) Importer(815301076,1909f56bfc062723c751e8b465ee728b)  -> (artifact id: 'eb3f42ededcd3ea2e28fff85795ebcd1') in 0.002789 seconds 
  Import took 0.006219 seconds .

========================================================================
Received Prepare
Registering precompiled user dll's ...
Registered in 0.003498 seconds.
Begin MonoManager ReloadAssembly
Native extension for WindowsStandalone target not found
Refreshing native plugins compatible for Editor in 0.35 ms, found 2 plugins.
Preloading 0 native plugins for Editor in 0.00 ms.
Mono: successfully reloaded assembly
- Completed reload, in  0.786 seconds
Domain Reload Profiling:
	ReloadAssembly (786ms)
		BeginReloadAssembly (90ms)
			ExecutionOrderSort (0ms)
			DisableScriptedObjects (4ms)
			BackupInstance (0ms)
			ReleaseScriptingObjects (0ms)
			CreateAndSetChildDomain (26ms)
		EndReloadAssembly (642ms)
			LoadAssemblies (71ms)
			RebuildTransferFunctionScriptingTraits (0ms)
			SetupTypeCache (224ms)
			ReleaseScriptCaches (1ms)
			RebuildScriptCaches (31ms)
			SetupLoadedEditorAssemblies (235ms)
				LogAssemblyErrors (0ms)
				InitializePlatformSupportModulesInManaged (4ms)
				SetLoadedEditorAssemblies (2ms)
				RefreshPlugins (0ms)
				BeforeProcessingInitializeOnLoad (62ms)
				ProcessInitializeOnLoadAttributes (154ms)
				ProcessInitializeOnLoadMethodAttributes (7ms)
				AfterProcessingInitializeOnLoad (5ms)
				EditorAssembliesLoaded (0ms)
			ExecutionOrderSort2 (0ms)
			AwakeInstancesAfterBackupRestoration (6ms)
Platform modules already initialized, skipping
Refreshing native plugins compatible for Editor in 0.34 ms, found 2 plugins.
Preloading 0 native plugins for Editor in 0.00 ms.
Unloading 1504 Unused Serialized files (Serialized files now loaded: 0)
System memory in use before: 89.3 MB.
System memory in use after: 89.4 MB.

Unloading 14 unused Assets to reduce memory usage. Loaded Objects now: 2024.
Total: 2.235000 ms (FindLiveObjects: 0.152400 ms CreateObjectMapping: 0.051100 ms MarkObjects: 2.017300 ms  DeleteObjects: 0.013400 ms)

AssetImportParameters requested are different than current active one (requested -> active):
  custom:framework-win-MediaFoundation: 216162199b28c13a410421893ffa2e32 -> 
  custom:video-decoder-ogg-theora: a1e56fd34408186e4bbccfd4996cb3dc -> 
  custom:container-muxer-webm: aa71ff27fc2769a1b78a27578f13a17b -> 
  custom:container-demuxer-webm: 4f35f7cbe854078d1ac9338744f61a02 -> 
  custom:container-demuxer-ogg: 62fdf1f143b41e24485cea50d1cbac27 -> 
  custom:video-encoder-webm-vp8: eb34c28f22e8b96e1ab97ce403110664 -> 
  custom:video-decoder-webm-vp8: 9c59270c3fd7afecdb556c50c9e8de78 -> 
  custom:audio-decoder-ogg-vorbis: bf7c407c2cedff20999df2af8eb42d56 -> 
  custom:audio-encoder-webm-vorbis: bf7c407c2cedff20999df2af8eb42d56 -> 
========================================================================
Received Prepare
Registering precompiled user dll's ...
Registered in 0.004580 seconds.
Begin MonoManager ReloadAssembly
Native extension for WindowsStandalone target not found
Refreshing native plugins compatible for Editor in 0.61 ms, found 2 plugins.
Preloading 0 native plugins for Editor in 0.00 ms.
Mono: successfully reloaded assembly
- Completed reload, in  1.150 seconds
Domain Reload Profiling:
	ReloadAssembly (1151ms)
		BeginReloadAssembly (136ms)
			ExecutionOrderSort (0ms)
			DisableScriptedObjects (5ms)
			BackupInstance (0ms)
			ReleaseScriptingObjects (0ms)
			CreateAndSetChildDomain (44ms)
		EndReloadAssembly (942ms)
			LoadAssemblies (99ms)
			RebuildTransferFunctionScriptingTraits (0ms)
			SetupTypeCache (338ms)
			ReleaseScriptCaches (1ms)
			RebuildScriptCaches (48ms)
			SetupLoadedEditorAssemblies (342ms)
				LogAssemblyErrors (0ms)
				InitializePlatformSupportModulesInManaged (5ms)
				SetLoadedEditorAssemblies (1ms)
				RefreshPlugins (1ms)
				BeforeProcessingInitializeOnLoad (86ms)
				ProcessInitializeOnLoadAttributes (231ms)
				ProcessInitializeOnLoadMethodAttributes (11ms)
				AfterProcessingInitializeOnLoad (7ms)
				EditorAssembliesLoaded (0ms)
			ExecutionOrderSort2 (0ms)
			AwakeInstancesAfterBackupRestoration (8ms)
Platform modules already initialized, skipping
Refreshing native plugins compatible for Editor in 0.73 ms, found 2 plugins.
Preloading 0 native plugins for Editor in 0.00 ms.
Unloading 1504 Unused Serialized files (Serialized files now loaded: 0)
System memory in use before: 89.3 MB.
System memory in use after: 89.4 MB.

Unloading 14 unused Assets to reduce memory usage. Loaded Objects now: 2026.
Total: 4.826000 ms (FindLiveObjects: 0.515700 ms CreateObjectMapping: 0.105500 ms MarkObjects: 4.162600 ms  DeleteObjects: 0.038400 ms)

AssetImportParameters requested are different than current active one (requested -> active):
  custom:framework-win-MediaFoundation: 216162199b28c13a410421893ffa2e32 -> 
  custom:video-decoder-ogg-theora: a1e56fd34408186e4bbccfd4996cb3dc -> 
  custom:container-muxer-webm: aa71ff27fc2769a1b78a27578f13a17b -> 
  custom:container-demuxer-webm: 4f35f7cbe854078d1ac9338744f61a02 -> 
  custom:container-demuxer-ogg: 62fdf1f143b41e24485cea50d1cbac27 -> 
  custom:video-encoder-webm-vp8: eb34c28f22e8b96e1ab97ce403110664 -> 
  custom:video-decoder-webm-vp8: 9c59270c3fd7afecdb556c50c9e8de78 -> 
  custom:audio-decoder-ogg-vorbis: bf7c407c2cedff20999df2af8eb42d56 -> 
  custom:audio-encoder-webm-vorbis: bf7c407c2cedff20999df2af8eb42d56 -> 
========================================================================
Received Import Request.
  Time since last request: 244.765351 seconds.
  path: Assets/Scripts/LaserSwitch.cs
  artifactKey: Guid(1034f7701fb50744d9b5c5bb231fb5aa) Importer(815301076,1909f56bfc062723c751e8b465ee728b)
Start importing Assets/Scripts/LaserSwitch.cs using Guid(1034f7701fb50744d9b5c5bb231fb5aa) Importer(815301076,1909f56bfc062723c751e8b465ee728b)  -> (artifact id: 'fcd30e696b6cce8da8eb4dd8f2c726d3') in 0.008025 seconds 
  Import took 0.010632 seconds .

AssetImportWorkerClient::OnTransportError - code=2 error=End of file
