Using pre-set license
Built from '2021.3/staging' branch; Version is '2021.3.11f1 (0a5ca18544bf) revision 679073'; Using compiler version '192829333'; Build Type 'Release'
OS: 'Windows 10  (10.0.19044) 64bit Core' Language: 'en' Physical Memory: 8013 MB
BatchMode: 1, IsHumanControllingUs: 0, StartBugReporterOnCrash: 0, Is64bit: 1, IsPro: 1

COMMAND LINE ARGUMENTS:
C:\Program Files\Unity\Hub\Editor\2021.3.11f1\Editor\Unity.exe
-adb2
-batchMode
-noUpm
-name
AssetImportWorker2
-projectPath
C:/Users/Ninjas/Documents/GitHub/Tyler-Lin-Purple/ShapeJam-TL
-logFile
Logs/AssetImportWorker2.log
-srvPort
52117
Successfully changed project path to: C:/Users/Ninjas/Documents/GitHub/Tyler-Lin-Purple/ShapeJam-TL
C:/Users/Ninjas/Documents/GitHub/Tyler-Lin-Purple/ShapeJam-TL
[UnityMemory] Configuration Parameters - Can be set up in boot.config
    "memorysetup-bucket-allocator-granularity=16"
    "memorysetup-bucket-allocator-bucket-count=8"
    "memorysetup-bucket-allocator-block-size=33554432"
    "memorysetup-bucket-allocator-block-count=8"
    "memorysetup-main-allocator-block-size=16777216"
    "memorysetup-thread-allocator-block-size=16777216"
    "memorysetup-gfx-main-allocator-block-size=16777216"
    "memorysetup-gfx-thread-allocator-block-size=16777216"
    "memorysetup-cache-allocator-block-size=4194304"
    "memorysetup-typetree-allocator-block-size=2097152"
    "memorysetup-profiler-bucket-allocator-granularity=16"
    "memorysetup-profiler-bucket-allocator-bucket-count=8"
    "memorysetup-profiler-bucket-allocator-block-size=33554432"
    "memorysetup-profiler-bucket-allocator-block-count=8"
    "memorysetup-profiler-allocator-block-size=16777216"
    "memorysetup-profiler-editor-allocator-block-size=1048576"
    "memorysetup-temp-allocator-size-main=16777216"
    "memorysetup-job-temp-allocator-block-size=2097152"
    "memorysetup-job-temp-allocator-block-size-background=1048576"
    "memorysetup-job-temp-allocator-reduction-small-platforms=262144"
    "memorysetup-temp-allocator-size-background-worker=32768"
    "memorysetup-temp-allocator-size-job-worker=262144"
    "memorysetup-temp-allocator-size-preload-manager=33554432"
    "memorysetup-temp-allocator-size-nav-mesh-worker=65536"
    "memorysetup-temp-allocator-size-audio-worker=65536"
    "memorysetup-temp-allocator-size-cloud-worker=32768"
    "memorysetup-temp-allocator-size-gi-baking-worker=262144"
    "memorysetup-temp-allocator-size-gfx=262144"
Refreshing native plugins compatible for Editor in 29.62 ms, found 2 plugins.
Preloading 0 native plugins for Editor in 0.00 ms.
Initialize engine version: 2021.3.11f1 (0a5ca18544bf)
[Subsystems] Discovering subsystems at path C:/Program Files/Unity/Hub/Editor/2021.3.11f1/Editor/Data/Resources/UnitySubsystems
[Subsystems] Discovering subsystems at path C:/Users/Ninjas/Documents/GitHub/Tyler-Lin-Purple/ShapeJam-TL/Assets
GfxDevice: creating device client; threaded=0; jobified=0
Direct3D:
    Version:  Direct3D 11.0 [level 11.1]
    Renderer: NVIDIA GeForce GTX 1650 with Max-Q Design (ID=0x1f9d)
    Vendor:   NVIDIA
    VRAM:     3962 MB
    Driver:   31.0.15.1659
Initialize mono
Mono path[0] = 'C:/Program Files/Unity/Hub/Editor/2021.3.11f1/Editor/Data/Managed'
Mono path[1] = 'C:/Program Files/Unity/Hub/Editor/2021.3.11f1/Editor/Data/MonoBleedingEdge/lib/mono/unityjit-win32'
Mono config path = 'C:/Program Files/Unity/Hub/Editor/2021.3.11f1/Editor/Data/MonoBleedingEdge/etc'
Using monoOptions --debugger-agent=transport=dt_socket,embedding=1,server=y,suspend=n,address=127.0.0.1:56260
Begin MonoManager ReloadAssembly
Registering precompiled unity dll's ...
Register platform support module: C:/Program Files/Unity/Hub/Editor/2021.3.11f1/Editor/Data/PlaybackEngines/WindowsStandaloneSupport/UnityEditor.WindowsStandalone.Extensions.dll
Registered in 0.006549 seconds.
Native extension for WindowsStandalone target not found
Refreshing native plugins compatible for Editor in 24.22 ms, found 2 plugins.
Preloading 0 native plugins for Editor in 0.00 ms.
Mono: successfully reloaded assembly
- Completed reload, in  0.535 seconds
Domain Reload Profiling:
	ReloadAssembly (536ms)
		BeginReloadAssembly (65ms)
			ExecutionOrderSort (0ms)
			DisableScriptedObjects (0ms)
			BackupInstance (0ms)
			ReleaseScriptingObjects (0ms)
			CreateAndSetChildDomain (1ms)
		EndReloadAssembly (364ms)
			LoadAssemblies (63ms)
			RebuildTransferFunctionScriptingTraits (0ms)
			SetupTypeCache (95ms)
			ReleaseScriptCaches (0ms)
			RebuildScriptCaches (25ms)
			SetupLoadedEditorAssemblies (200ms)
				LogAssemblyErrors (0ms)
				InitializePlatformSupportModulesInManaged (7ms)
				SetLoadedEditorAssemblies (0ms)
				RefreshPlugins (24ms)
				BeforeProcessingInitializeOnLoad (1ms)
				ProcessInitializeOnLoadAttributes (127ms)
				ProcessInitializeOnLoadMethodAttributes (41ms)
				AfterProcessingInitializeOnLoad (0ms)
				EditorAssembliesLoaded (0ms)
			ExecutionOrderSort2 (0ms)
			AwakeInstancesAfterBackupRestoration (0ms)
Platform modules already initialized, skipping
Registering precompiled user dll's ...
Registered in 0.003256 seconds.
Begin MonoManager ReloadAssembly
Native extension for WindowsStandalone target not found
Refreshing native plugins compatible for Editor in 1.02 ms, found 2 plugins.
Preloading 0 native plugins for Editor in 0.00 ms.
Mono: successfully reloaded assembly
- Completed reload, in  0.779 seconds
Domain Reload Profiling:
	ReloadAssembly (780ms)
		BeginReloadAssembly (99ms)
			ExecutionOrderSort (0ms)
			DisableScriptedObjects (6ms)
			BackupInstance (0ms)
			ReleaseScriptingObjects (0ms)
			CreateAndSetChildDomain (16ms)
		EndReloadAssembly (574ms)
			LoadAssemblies (65ms)
			RebuildTransferFunctionScriptingTraits (0ms)
			SetupTypeCache (160ms)
			ReleaseScriptCaches (0ms)
			RebuildScriptCaches (36ms)
			SetupLoadedEditorAssemblies (281ms)
				LogAssemblyErrors (0ms)
				InitializePlatformSupportModulesInManaged (5ms)
				SetLoadedEditorAssemblies (0ms)
				RefreshPlugins (1ms)
				BeforeProcessingInitializeOnLoad (51ms)
				ProcessInitializeOnLoadAttributes (191ms)
				ProcessInitializeOnLoadMethodAttributes (25ms)
				AfterProcessingInitializeOnLoad (9ms)
				EditorAssembliesLoaded (0ms)
			ExecutionOrderSort2 (0ms)
			AwakeInstancesAfterBackupRestoration (5ms)
Platform modules already initialized, skipping
========================================================================
Worker process is ready to serve import requests
Launched and connected shader compiler UnityShaderCompiler.exe after 0.03 seconds
Refreshing native plugins compatible for Editor in 0.59 ms, found 2 plugins.
Preloading 0 native plugins for Editor in 0.00 ms.
Unloading 1697 Unused Serialized files (Serialized files now loaded: 0)
Unloading 19 unused Assets / (47.8 KB). Loaded Objects now: 2164.
Memory consumption went from 72.5 MB to 72.5 MB.
Total: 3.459200 ms (FindLiveObjects: 0.187400 ms CreateObjectMapping: 0.069100 ms MarkObjects: 3.123800 ms  DeleteObjects: 0.077700 ms)

AssetImportParameters requested are different than current active one (requested -> active):
  custom:video-decoder-ogg-theora: a1e56fd34408186e4bbccfd4996cb3dc -> 
  custom:container-muxer-webm: aa71ff27fc2769a1b78a27578f13a17b -> 
  custom:container-demuxer-webm: 4f35f7cbe854078d1ac9338744f61a02 -> 
  custom:video-encoder-webm-vp8: eb34c28f22e8b96e1ab97ce403110664 -> 
  custom:audio-encoder-webm-vorbis: bf7c407c2cedff20999df2af8eb42d56 -> 
  custom:framework-win-MediaFoundation: 216162199b28c13a410421893ffa2e32 -> 
  custom:container-demuxer-ogg: 62fdf1f143b41e24485cea50d1cbac27 -> 
  custom:video-decoder-webm-vp8: 9c59270c3fd7afecdb556c50c9e8de78 -> 
  custom:audio-decoder-ogg-vorbis: bf7c407c2cedff20999df2af8eb42d56 -> 
========================================================================
Received Import Request.
  Time since last request: 1314164.641514 seconds.
  path: Assets/Scripts/EnemyController.cs
  artifactKey: Guid(9795e4e5cf09b4347a154e6b55e38bac) Importer(815301076,1909f56bfc062723c751e8b465ee728b)
Start importing Assets/Scripts/EnemyController.cs using Guid(9795e4e5cf09b4347a154e6b55e38bac) Importer(815301076,1909f56bfc062723c751e8b465ee728b)  -> (artifact id: 'b11bdfcb90c4a1d38a262dd82ca51452') in 0.018184 seconds 
========================================================================
Received Import Request.
  Time since last request: 11.985022 seconds.
  path: Assets/Scripts/EnemyEmitterController.cs
  artifactKey: Guid(8407151a7f819884d88a69a41deb5c13) Importer(815301076,1909f56bfc062723c751e8b465ee728b)
Start importing Assets/Scripts/EnemyEmitterController.cs using Guid(8407151a7f819884d88a69a41deb5c13) Importer(815301076,1909f56bfc062723c751e8b465ee728b)  -> (artifact id: '11770dc271dfaaed7d47e8f55b9faab1') in 0.019663 seconds 
========================================================================
Received Import Request.
  Time since last request: 1.515858 seconds.
  path: Assets/Scripts/GameSpaceController.cs
  artifactKey: Guid(863367d97d427db4286a717792994532) Importer(815301076,1909f56bfc062723c751e8b465ee728b)
Start importing Assets/Scripts/GameSpaceController.cs using Guid(863367d97d427db4286a717792994532) Importer(815301076,1909f56bfc062723c751e8b465ee728b)  -> (artifact id: '340fd8847d52b32b24f0b3899cf5e355') in 0.012094 seconds 
========================================================================
Received Import Request.
  Time since last request: 1.601309 seconds.
  path: Assets/Scripts/HazardFiring.cs
  artifactKey: Guid(e2973501ae0a4e04fa8fe5e0c5de1c97) Importer(815301076,1909f56bfc062723c751e8b465ee728b)
Start importing Assets/Scripts/HazardFiring.cs using Guid(e2973501ae0a4e04fa8fe5e0c5de1c97) Importer(815301076,1909f56bfc062723c751e8b465ee728b)  -> (artifact id: '985adb5c286744664f0df4cc7b738d18') in 0.075869 seconds 
========================================================================
Received Import Request.
  Time since last request: 1.465617 seconds.
  path: Assets/Scripts/HPController.cs
  artifactKey: Guid(9bd289947f3e4804496e58f543ed2e46) Importer(815301076,1909f56bfc062723c751e8b465ee728b)
Start importing Assets/Scripts/HPController.cs using Guid(9bd289947f3e4804496e58f543ed2e46) Importer(815301076,1909f56bfc062723c751e8b465ee728b)  -> (artifact id: 'fbbff9c1a0b67a2075d8730b6669ebf1') in 0.027962 seconds 
========================================================================
Received Import Request.
  Time since last request: 1.111000 seconds.
  path: Assets/Scripts/PlayerControls.cs
  artifactKey: Guid(84b0cbeb87a094442b2947493dbf8c96) Importer(815301076,1909f56bfc062723c751e8b465ee728b)
Start importing Assets/Scripts/PlayerControls.cs using Guid(84b0cbeb87a094442b2947493dbf8c96) Importer(815301076,1909f56bfc062723c751e8b465ee728b)  -> (artifact id: '72312e822e7b4bc5c007d5cdecd7c84c') in 0.010888 seconds 
========================================================================
Received Import Request.
  Time since last request: 1.043893 seconds.
  path: Assets/Scripts/PowerupBehavior.cs
  artifactKey: Guid(9b7256dda81856448b00dbdfed9f498c) Importer(815301076,1909f56bfc062723c751e8b465ee728b)
Start importing Assets/Scripts/PowerupBehavior.cs using Guid(9b7256dda81856448b00dbdfed9f498c) Importer(815301076,1909f56bfc062723c751e8b465ee728b)  -> (artifact id: 'de52c24ad49ef98830ed1aa2748af396') in 0.009255 seconds 
========================================================================
Received Import Request.
  Time since last request: 0.918920 seconds.
  path: Assets/Scripts/PowerupController.cs
  artifactKey: Guid(891cf4ba8823c344e82dd33ba4fbda7e) Importer(815301076,1909f56bfc062723c751e8b465ee728b)
Start importing Assets/Scripts/PowerupController.cs using Guid(891cf4ba8823c344e82dd33ba4fbda7e) Importer(815301076,1909f56bfc062723c751e8b465ee728b)  -> (artifact id: '445a71b555ea0555b9a5d7ff7fc5eecc') in 0.008101 seconds 
========================================================================
Received Import Request.
  Time since last request: 2.957450 seconds.
  path: Assets/Scripts/ProjectileScript.cs
  artifactKey: Guid(6eb41e9cb82058542b6b8cbf85756777) Importer(815301076,1909f56bfc062723c751e8b465ee728b)
Start importing Assets/Scripts/ProjectileScript.cs using Guid(6eb41e9cb82058542b6b8cbf85756777) Importer(815301076,1909f56bfc062723c751e8b465ee728b)  -> (artifact id: '89a488d6bff18f7e90b047b9e1036b55') in 0.007439 seconds 
========================================================================
Received Import Request.
  Time since last request: 1.142869 seconds.
  path: Assets/Scripts/ScoreController.cs
  artifactKey: Guid(56f4168fe173b3244bf97f2548d73b06) Importer(815301076,1909f56bfc062723c751e8b465ee728b)
Start importing Assets/Scripts/ScoreController.cs using Guid(56f4168fe173b3244bf97f2548d73b06) Importer(815301076,1909f56bfc062723c751e8b465ee728b)  -> (artifact id: '69e3f0a7ff3333a12113fb68b9bcca7f') in 0.009807 seconds 
========================================================================
Received Import Request.
  Time since last request: 0.833433 seconds.
  path: Assets/Scripts/StarGenerator.cs
  artifactKey: Guid(535c0c3f92de5514781b894cd95ff8ac) Importer(815301076,1909f56bfc062723c751e8b465ee728b)
Start importing Assets/Scripts/StarGenerator.cs using Guid(535c0c3f92de5514781b894cd95ff8ac) Importer(815301076,1909f56bfc062723c751e8b465ee728b)  -> (artifact id: 'db2360ad5ad9376cde6cfccba89f6e12') in 0.010032 seconds 
========================================================================
Received Import Request.
  Time since last request: 1.458336 seconds.
  path: Assets/Scripts/TextController.cs
  artifactKey: Guid(700aadea8124f7045a79d5f5893c6c53) Importer(815301076,1909f56bfc062723c751e8b465ee728b)
Start importing Assets/Scripts/TextController.cs using Guid(700aadea8124f7045a79d5f5893c6c53) Importer(815301076,1909f56bfc062723c751e8b465ee728b)  -> (artifact id: 'b6b7ca365cd39069122188936e573bac') in 0.010143 seconds 
