Using pre-set license
Built from '2020.3/staging' branch; Version is '2020.3.23f1 (c5d91304a876) revision 12966163'; Using compiler version '192528614'; Build Type 'Release'
OS: 'Windows 10 Home; OS build 22000.978; Version 2009; 64bit' Language: 'en' Physical Memory: 8013 MB
BatchMode: 1, IsHumanControllingUs: 0, StartBugReporterOnCrash: 0, Is64bit: 1, IsPro: 0

COMMAND LINE ARGUMENTS:
C:\Program Files\Unity\Hub\Editor\2020.3.23f1\Editor\Unity.exe
-adb2
-batchMode
-noUpm
-name
AssetImportWorker0
-projectPath
C:/Users/Code Ninjas Markham/Documents/Tyler-Lin-Purple/Amazing Ninja Worlds- pt3 -TL
-logFile
Logs/AssetImportWorker0.log
-srvPort
58910
Successfully changed project path to: C:/Users/Code Ninjas Markham/Documents/Tyler-Lin-Purple/Amazing Ninja Worlds- pt3 -TL
C:/Users/Code Ninjas Markham/Documents/Tyler-Lin-Purple/Amazing Ninja Worlds- pt3 -TL
Using Asset Import Pipeline V2.
Refreshing native plugins compatible for Editor in 31.55 ms, found 2 plugins.
Preloading 0 native plugins for Editor in 0.00 ms.
Initialize engine version: 2020.3.23f1 (c5d91304a876)
[Subsystems] Discovering subsystems at path C:/Program Files/Unity/Hub/Editor/2020.3.23f1/Editor/Data/Resources/UnitySubsystems
[Subsystems] Discovering subsystems at path C:/Users/Code Ninjas Markham/Documents/Tyler-Lin-Purple/Amazing Ninja Worlds- pt3 -TL/Assets
GfxDevice: creating device client; threaded=0
Direct3D:
    Version:  Direct3D 11.0 [level 11.1]
    Renderer: NVIDIA GeForce GTX 1650 with Max-Q Design (ID=0x1f9d)
    Vendor:   
    VRAM:     3962 MB
    Driver:   27.21.14.6221
Initialize mono
Mono path[0] = 'C:/Program Files/Unity/Hub/Editor/2020.3.23f1/Editor/Data/Managed'
Mono path[1] = 'C:/Program Files/Unity/Hub/Editor/2020.3.23f1/Editor/Data/MonoBleedingEdge/lib/mono/unityjit'
Mono config path = 'C:/Program Files/Unity/Hub/Editor/2020.3.23f1/Editor/Data/MonoBleedingEdge/etc'
Using monoOptions --debugger-agent=transport=dt_socket,embedding=1,server=y,suspend=n,address=127.0.0.1:56884
Begin MonoManager ReloadAssembly
Registering precompiled unity dll's ...
Register platform support module: C:/Program Files/Unity/Hub/Editor/2020.3.23f1/Editor/Data/PlaybackEngines/WebGLSupport/UnityEditor.WebGL.Extensions.dll
Register platform support module: C:/Program Files/Unity/Hub/Editor/2020.3.23f1/Editor/Data/PlaybackEngines/WindowsStandaloneSupport/UnityEditor.WindowsStandalone.Extensions.dll
Registered in 0.001372 seconds.
Native extension for WindowsStandalone target not found
Native extension for WebGL target not found
Refreshing native plugins compatible for Editor in 31.33 ms, found 2 plugins.
Preloading 0 native plugins for Editor in 0.00 ms.
Mono: successfully reloaded assembly
- Completed reload, in  0.505 seconds
Domain Reload Profiling:
	ReloadAssembly (505ms)
		BeginReloadAssembly (42ms)
			ExecutionOrderSort (0ms)
			DisableScriptedObjects (0ms)
			BackupInstance (0ms)
			ReleaseScriptingObjects (0ms)
			CreateAndSetChildDomain (1ms)
		EndReloadAssembly (403ms)
			LoadAssemblies (40ms)
			RebuildTransferFunctionScriptingTraits (0ms)
			SetupTypeCache (127ms)
			ReleaseScriptCaches (0ms)
			RebuildScriptCaches (26ms)
			SetupLoadedEditorAssemblies (153ms)
				LogAssemblyErrors (0ms)
				InitializePlatformSupportModulesInManaged (4ms)
				SetLoadedEditorAssemblies (0ms)
				RefreshPlugins (31ms)
				BeforeProcessingInitializeOnLoad (17ms)
				ProcessInitializeOnLoadAttributes (76ms)
				ProcessInitializeOnLoadMethodAttributes (24ms)
				AfterProcessingInitializeOnLoad (0ms)
				EditorAssembliesLoaded (0ms)
			ExecutionOrderSort2 (0ms)
			AwakeInstancesAfterBackupRestoration (0ms)
Platform modules already initialized, skipping
Registering precompiled user dll's ...
Registered in 0.003231 seconds.
Begin MonoManager ReloadAssembly
Native extension for WindowsStandalone target not found
Native extension for WebGL target not found
Refreshing native plugins compatible for Editor in 0.44 ms, found 2 plugins.
Preloading 0 native plugins for Editor in 0.00 ms.
Mono: successfully reloaded assembly
- Completed reload, in  0.890 seconds
Domain Reload Profiling:
	ReloadAssembly (891ms)
		BeginReloadAssembly (121ms)
			ExecutionOrderSort (0ms)
			DisableScriptedObjects (4ms)
			BackupInstance (0ms)
			ReleaseScriptingObjects (0ms)
			CreateAndSetChildDomain (17ms)
		EndReloadAssembly (717ms)
			LoadAssemblies (70ms)
			RebuildTransferFunctionScriptingTraits (0ms)
			SetupTypeCache (251ms)
			ReleaseScriptCaches (0ms)
			RebuildScriptCaches (42ms)
			SetupLoadedEditorAssemblies (269ms)
				LogAssemblyErrors (0ms)
				InitializePlatformSupportModulesInManaged (5ms)
				SetLoadedEditorAssemblies (0ms)
				RefreshPlugins (0ms)
				BeforeProcessingInitializeOnLoad (69ms)
				ProcessInitializeOnLoadAttributes (183ms)
				ProcessInitializeOnLoadMethodAttributes (7ms)
				AfterProcessingInitializeOnLoad (4ms)
				EditorAssembliesLoaded (0ms)
			ExecutionOrderSort2 (0ms)
			AwakeInstancesAfterBackupRestoration (6ms)
Platform modules already initialized, skipping
========================================================================
Worker process is ready to serve import requests
Launched and connected shader compiler UnityShaderCompiler.exe after 0.03 seconds
Refreshing native plugins compatible for Editor in 0.42 ms, found 2 plugins.
Preloading 0 native plugins for Editor in 0.00 ms.
Unloading 1703 Unused Serialized files (Serialized files now loaded: 0)
System memory in use before: 78.7 MB.
System memory in use after: 78.8 MB.

Unloading 20 unused Assets to reduce memory usage. Loaded Objects now: 2142.
Total: 2.381200 ms (FindLiveObjects: 0.173800 ms CreateObjectMapping: 0.059900 ms MarkObjects: 2.085500 ms  DeleteObjects: 0.061100 ms)

AssetImportParameters requested are different than current active one (requested -> active):
  custom:framework-win-MediaFoundation: 216162199b28c13a410421893ffa2e32 -> 
  custom:video-decoder-ogg-theora: a1e56fd34408186e4bbccfd4996cb3dc -> 
  custom:container-muxer-webm: aa71ff27fc2769a1b78a27578f13a17b -> 
  custom:container-demuxer-webm: 4f35f7cbe854078d1ac9338744f61a02 -> 
  custom:container-demuxer-ogg: 62fdf1f143b41e24485cea50d1cbac27 -> 
  custom:video-encoder-webm-vp8: eb34c28f22e8b96e1ab97ce403110664 -> 
  custom:video-decoder-webm-vp8: 9c59270c3fd7afecdb556c50c9e8de78 -> 
  custom:audio-decoder-ogg-vorbis: bf7c407c2cedff20999df2af8eb42d56 -> 
  custom:audio-encoder-webm-vorbis: bf7c407c2cedff20999df2af8eb42d56 -> 
========================================================================
Received Import Request.
  path: Assets/Scenes/Level3.unity
  artifactKey: Guid(55fd0c57dd152344d85b5341c0f7403a) Importer(815301076,1909f56bfc062723c751e8b465ee728b)
Start importing Assets/Scenes/Level3.unity using Guid(55fd0c57dd152344d85b5341c0f7403a) Importer(815301076,1909f56bfc062723c751e8b465ee728b)  -> (artifact id: '6d37322e9ff7a0419a8eb27da918b3a5') in 0.015191 seconds 
  Import took 0.017673 seconds .

========================================================================
Received Import Request.
  Time since last request: 82.612604 seconds.
  path: Assets/Scenes/Level1.unity
  artifactKey: Guid(be907c4a8f5050a44b320048ff4ed148) Importer(815301076,1909f56bfc062723c751e8b465ee728b)
Start importing Assets/Scenes/Level1.unity using Guid(be907c4a8f5050a44b320048ff4ed148) Importer(815301076,1909f56bfc062723c751e8b465ee728b)  -> (artifact id: '824decfc1ecaa2dfb8601daf0b713d6b') in 0.007325 seconds 
  Import took 0.010793 seconds .

========================================================================
Received Prepare
Registering precompiled user dll's ...
Registered in 0.002902 seconds.
Begin MonoManager ReloadAssembly
Native extension for WindowsStandalone target not found
Native extension for WebGL target not found
Refreshing native plugins compatible for Editor in 0.39 ms, found 2 plugins.
Preloading 0 native plugins for Editor in 0.00 ms.
Mono: successfully reloaded assembly
- Completed reload, in  0.815 seconds
Domain Reload Profiling:
	ReloadAssembly (816ms)
		BeginReloadAssembly (89ms)
			ExecutionOrderSort (0ms)
			DisableScriptedObjects (4ms)
			BackupInstance (0ms)
			ReleaseScriptingObjects (0ms)
			CreateAndSetChildDomain (29ms)
		EndReloadAssembly (677ms)
			LoadAssemblies (67ms)
			RebuildTransferFunctionScriptingTraits (0ms)
			SetupTypeCache (239ms)
			ReleaseScriptCaches (1ms)
			RebuildScriptCaches (34ms)
			SetupLoadedEditorAssemblies (252ms)
				LogAssemblyErrors (0ms)
				InitializePlatformSupportModulesInManaged (5ms)
				SetLoadedEditorAssemblies (0ms)
				RefreshPlugins (0ms)
				BeforeProcessingInitializeOnLoad (65ms)
				ProcessInitializeOnLoadAttributes (171ms)
				ProcessInitializeOnLoadMethodAttributes (7ms)
				AfterProcessingInitializeOnLoad (4ms)
				EditorAssembliesLoaded (0ms)
			ExecutionOrderSort2 (0ms)
			AwakeInstancesAfterBackupRestoration (5ms)
Platform modules already initialized, skipping
Refreshing native plugins compatible for Editor in 0.37 ms, found 2 plugins.
Preloading 0 native plugins for Editor in 0.00 ms.
Unloading 1684 Unused Serialized files (Serialized files now loaded: 0)
System memory in use before: 77.3 MB.
System memory in use after: 77.4 MB.

Unloading 15 unused Assets to reduce memory usage. Loaded Objects now: 2144.
Total: 2.343200 ms (FindLiveObjects: 0.170800 ms CreateObjectMapping: 0.053400 ms MarkObjects: 2.102700 ms  DeleteObjects: 0.015500 ms)

AssetImportParameters requested are different than current active one (requested -> active):
  custom:framework-win-MediaFoundation: 216162199b28c13a410421893ffa2e32 -> 
  custom:video-decoder-ogg-theora: a1e56fd34408186e4bbccfd4996cb3dc -> 
  custom:container-muxer-webm: aa71ff27fc2769a1b78a27578f13a17b -> 
  custom:container-demuxer-webm: 4f35f7cbe854078d1ac9338744f61a02 -> 
  custom:container-demuxer-ogg: 62fdf1f143b41e24485cea50d1cbac27 -> 
  custom:video-encoder-webm-vp8: eb34c28f22e8b96e1ab97ce403110664 -> 
  custom:video-decoder-webm-vp8: 9c59270c3fd7afecdb556c50c9e8de78 -> 
  custom:audio-decoder-ogg-vorbis: bf7c407c2cedff20999df2af8eb42d56 -> 
  custom:audio-encoder-webm-vorbis: bf7c407c2cedff20999df2af8eb42d56 -> 
========================================================================
Received Import Request.
  Time since last request: 267.470463 seconds.
  path: Assets/Scenes/Level3.unity
  artifactKey: Guid(55fd0c57dd152344d85b5341c0f7403a) Importer(815301076,1909f56bfc062723c751e8b465ee728b)
Start importing Assets/Scenes/Level3.unity using Guid(55fd0c57dd152344d85b5341c0f7403a) Importer(815301076,1909f56bfc062723c751e8b465ee728b)  -> (artifact id: 'e9ba9750b0a045f5157762483b31fc34') in 0.014420 seconds 
  Import took 0.017349 seconds .

========================================================================
Received Prepare
Registering precompiled user dll's ...
Registered in 0.004553 seconds.
Begin MonoManager ReloadAssembly
Native extension for WindowsStandalone target not found
Native extension for WebGL target not found
Refreshing native plugins compatible for Editor in 0.40 ms, found 2 plugins.
Preloading 0 native plugins for Editor in 0.00 ms.
Mono: successfully reloaded assembly
- Completed reload, in  0.894 seconds
Domain Reload Profiling:
	ReloadAssembly (896ms)
		BeginReloadAssembly (130ms)
			ExecutionOrderSort (0ms)
			DisableScriptedObjects (5ms)
			BackupInstance (0ms)
			ReleaseScriptingObjects (0ms)
			CreateAndSetChildDomain (49ms)
		EndReloadAssembly (694ms)
			LoadAssemblies (88ms)
			RebuildTransferFunctionScriptingTraits (0ms)
			SetupTypeCache (248ms)
			ReleaseScriptCaches (1ms)
			RebuildScriptCaches (35ms)
			SetupLoadedEditorAssemblies (254ms)
				LogAssemblyErrors (0ms)
				InitializePlatformSupportModulesInManaged (5ms)
				SetLoadedEditorAssemblies (0ms)
				RefreshPlugins (0ms)
				BeforeProcessingInitializeOnLoad (61ms)
				ProcessInitializeOnLoadAttributes (175ms)
				ProcessInitializeOnLoadMethodAttributes (7ms)
				AfterProcessingInitializeOnLoad (4ms)
				EditorAssembliesLoaded (0ms)
			ExecutionOrderSort2 (0ms)
			AwakeInstancesAfterBackupRestoration (6ms)
Platform modules already initialized, skipping
Refreshing native plugins compatible for Editor in 0.37 ms, found 2 plugins.
Preloading 0 native plugins for Editor in 0.00 ms.
Unloading 1684 Unused Serialized files (Serialized files now loaded: 0)
System memory in use before: 77.4 MB.
System memory in use after: 77.5 MB.

Unloading 15 unused Assets to reduce memory usage. Loaded Objects now: 2146.
Total: 2.344100 ms (FindLiveObjects: 0.205000 ms CreateObjectMapping: 0.066300 ms MarkObjects: 2.052600 ms  DeleteObjects: 0.019100 ms)

AssetImportParameters requested are different than current active one (requested -> active):
  custom:framework-win-MediaFoundation: 216162199b28c13a410421893ffa2e32 -> 
  custom:video-decoder-ogg-theora: a1e56fd34408186e4bbccfd4996cb3dc -> 
  custom:container-muxer-webm: aa71ff27fc2769a1b78a27578f13a17b -> 
  custom:container-demuxer-webm: 4f35f7cbe854078d1ac9338744f61a02 -> 
  custom:container-demuxer-ogg: 62fdf1f143b41e24485cea50d1cbac27 -> 
  custom:video-encoder-webm-vp8: eb34c28f22e8b96e1ab97ce403110664 -> 
  custom:video-decoder-webm-vp8: 9c59270c3fd7afecdb556c50c9e8de78 -> 
  custom:audio-decoder-ogg-vorbis: bf7c407c2cedff20999df2af8eb42d56 -> 
  custom:audio-encoder-webm-vorbis: bf7c407c2cedff20999df2af8eb42d56 -> 
========================================================================
Received Import Request.
  Time since last request: 117.983409 seconds.
  path: Assets/Materials/AlienVines.mat
  artifactKey: Guid(370ff2be7d9992f4d9d335e91ddd154f) Importer(815301076,1909f56bfc062723c751e8b465ee728b)
Start importing Assets/Materials/AlienVines.mat using Guid(370ff2be7d9992f4d9d335e91ddd154f) Importer(815301076,1909f56bfc062723c751e8b465ee728b)  -> (artifact id: '584213613de5724d77e76c43ef212c0d') in 0.129428 seconds 
  Import took 0.132740 seconds .

========================================================================
Received Import Request.
  Time since last request: 0.000176 seconds.
  path: Assets/Materials/spaceBGNeaestrLevel3.mat
  artifactKey: Guid(461833de1b0845a4cb5d34e405ebd965) Importer(815301076,1909f56bfc062723c751e8b465ee728b)
Start importing Assets/Materials/spaceBGNeaestrLevel3.mat using Guid(461833de1b0845a4cb5d34e405ebd965) Importer(815301076,1909f56bfc062723c751e8b465ee728b)  -> (artifact id: '127ae985e2dc9323746f1b404b46304a') in 0.035599 seconds 
  Import took 0.038183 seconds .

========================================================================
Received Import Request.
  Time since last request: 0.000141 seconds.
  path: Assets/Materials/spaceBGNearLevel3.mat
  artifactKey: Guid(6633602df71054543bedd7b110091040) Importer(815301076,1909f56bfc062723c751e8b465ee728b)
Start importing Assets/Materials/spaceBGNearLevel3.mat using Guid(6633602df71054543bedd7b110091040) Importer(815301076,1909f56bfc062723c751e8b465ee728b)  -> (artifact id: 'cf0d730976a169fa5f8ca836018461e6') in 0.017414 seconds 
  Import took 0.019839 seconds .

========================================================================
Received Import Request.
  Time since last request: 0.000152 seconds.
  path: Assets/Materials/gem.mat
  artifactKey: Guid(873572eb2897f4a43b8db7a411a8ae03) Importer(815301076,1909f56bfc062723c751e8b465ee728b)
Start importing Assets/Materials/gem.mat using Guid(873572eb2897f4a43b8db7a411a8ae03) Importer(815301076,1909f56bfc062723c751e8b465ee728b)  -> (artifact id: '1c1b6c5eed634c155b630e078e15a9bb') in 0.009218 seconds 
  Import took 0.011689 seconds .

========================================================================
Received Import Request.
  Time since last request: 0.000142 seconds.
  path: Assets/Materials/BasicPlatform.mat
  artifactKey: Guid(adb9b0efb5dc7c941801997f8c31aec7) Importer(815301076,1909f56bfc062723c751e8b465ee728b)
Start importing Assets/Materials/BasicPlatform.mat using Guid(adb9b0efb5dc7c941801997f8c31aec7) Importer(815301076,1909f56bfc062723c751e8b465ee728b)  -> (artifact id: 'd56e6caacf8fc77802f36f4e5428934a') in 0.009569 seconds 
  Import took 0.012059 seconds .

========================================================================
Received Import Request.
  Time since last request: 0.000285 seconds.
  path: Assets/Materials/spaceBGfarLevel3.mat
  artifactKey: Guid(c8cbacc58a015fe4eb016a623463b6df) Importer(815301076,1909f56bfc062723c751e8b465ee728b)
Start importing Assets/Materials/spaceBGfarLevel3.mat using Guid(c8cbacc58a015fe4eb016a623463b6df) Importer(815301076,1909f56bfc062723c751e8b465ee728b)  -> (artifact id: '5f1acbbc154bdad59e4fa308e556bd93') in 0.018535 seconds 
  Import took 0.021100 seconds .

========================================================================
Received Import Request.
  Time since last request: 0.000201 seconds.
  path: Assets/Materials/spaceBGLevel3.mat
  artifactKey: Guid(82ad4d13553f2664b85ca9281bd61003) Importer(815301076,1909f56bfc062723c751e8b465ee728b)
Start importing Assets/Materials/spaceBGLevel3.mat using Guid(82ad4d13553f2664b85ca9281bd61003) Importer(815301076,1909f56bfc062723c751e8b465ee728b)  -> (artifact id: 'feda9c1d25f7acc4c2636ae4d6b84d69') in 0.012316 seconds 
  Import took 0.015012 seconds .

========================================================================
Received Import Request.
  Time since last request: 0.000136 seconds.
  path: Assets/Materials/spaceBG 2.mat
  artifactKey: Guid(16abd129f1e98fc4b87803c5830cc858) Importer(815301076,1909f56bfc062723c751e8b465ee728b)
Start importing Assets/Materials/spaceBG 2.mat using Guid(16abd129f1e98fc4b87803c5830cc858) Importer(815301076,1909f56bfc062723c751e8b465ee728b)  -> (artifact id: '2219a24b39f2b7389a404f200a431a85') in 0.027880 seconds 
  Import took 0.030280 seconds .

========================================================================
Received Import Request.
  Time since last request: 0.000138 seconds.
  path: Assets/Materials/spaceBGfar.mat
  artifactKey: Guid(e016a77fb217db84ea86041675a998f0) Importer(815301076,1909f56bfc062723c751e8b465ee728b)
Start importing Assets/Materials/spaceBGfar.mat using Guid(e016a77fb217db84ea86041675a998f0) Importer(815301076,1909f56bfc062723c751e8b465ee728b)  -> (artifact id: 'ea59ad6b425a81fe9ed3022efa553583') in 0.012103 seconds 
  Import took 0.014531 seconds .

========================================================================
Received Import Request.
  Time since last request: 0.000127 seconds.
  path: Assets/Materials/MountainPart1.mat
  artifactKey: Guid(4b62696d802280e46b7d462a74b7bd7c) Importer(815301076,1909f56bfc062723c751e8b465ee728b)
Start importing Assets/Materials/MountainPart1.mat using Guid(4b62696d802280e46b7d462a74b7bd7c) Importer(815301076,1909f56bfc062723c751e8b465ee728b)  -> (artifact id: '036fa8af83dde2765c1c59362a772623') in 0.135559 seconds 
  Import took 0.137964 seconds .

========================================================================
Received Import Request.
  Time since last request: 0.000205 seconds.
  path: Assets/Materials/CodeyShader.mat
  artifactKey: Guid(3492891162e45ec4297f9c71509e8f3e) Importer(815301076,1909f56bfc062723c751e8b465ee728b)
Start importing Assets/Materials/CodeyShader.mat using Guid(3492891162e45ec4297f9c71509e8f3e) Importer(815301076,1909f56bfc062723c751e8b465ee728b)  -> (artifact id: '6434d2d8e75c1ff1be669a769a5d9e4f') in 0.014168 seconds 
  Import took 0.016545 seconds .

========================================================================
Received Import Request.
  Time since last request: 0.000136 seconds.
  path: Assets/Materials/caveTexture.mat
  artifactKey: Guid(34e526e07e6a6214d95b9789e5a11c32) Importer(815301076,1909f56bfc062723c751e8b465ee728b)
Start importing Assets/Materials/caveTexture.mat using Guid(34e526e07e6a6214d95b9789e5a11c32) Importer(815301076,1909f56bfc062723c751e8b465ee728b)  -> (artifact id: '4c8f09207a0d2d59ba66eae71175fab4') in 0.072802 seconds 
  Import took 0.075247 seconds .

========================================================================
Received Import Request.
  Time since last request: 0.000175 seconds.
  path: Assets/Materials/CodeyTexture.mat
  artifactKey: Guid(8b1710ca63201694da8be04592dfd4ac) Importer(815301076,1909f56bfc062723c751e8b465ee728b)
Start importing Assets/Materials/CodeyTexture.mat using Guid(8b1710ca63201694da8be04592dfd4ac) Importer(815301076,1909f56bfc062723c751e8b465ee728b)  -> (artifact id: '1b631896977d1394718bdc2dae2c9a85') in 0.010942 seconds 
  Import took 0.013344 seconds .

========================================================================
Received Import Request.
  Time since last request: 0.000183 seconds.
  path: Assets/Materials/avatar-scale.mat
  artifactKey: Guid(5e479af1fefef1441a321f9ba31ccac4) Importer(815301076,1909f56bfc062723c751e8b465ee728b)
Start importing Assets/Materials/avatar-scale.mat using Guid(5e479af1fefef1441a321f9ba31ccac4) Importer(815301076,1909f56bfc062723c751e8b465ee728b)  -> (artifact id: '3d34be4f807a1aac850f32ed7f8b1d55') in 0.009788 seconds 
  Import took 0.012173 seconds .

========================================================================
Received Import Request.
  Time since last request: 0.000134 seconds.
  path: Assets/Materials/spaceBGfarLevel2.mat
  artifactKey: Guid(eb464688358981f429a640ca19a8c8b3) Importer(815301076,1909f56bfc062723c751e8b465ee728b)
Start importing Assets/Materials/spaceBGfarLevel2.mat using Guid(eb464688358981f429a640ca19a8c8b3) Importer(815301076,1909f56bfc062723c751e8b465ee728b)  -> (artifact id: 'f91e8434a217cc93882434aa75f859d6') in 0.013716 seconds 
  Import took 0.016127 seconds .

========================================================================
Received Import Request.
  Time since last request: 0.000146 seconds.
  path: Assets/Materials/MountainPart2.mat
  artifactKey: Guid(f795cfd932a7a0842baa3b3d57743c61) Importer(815301076,1909f56bfc062723c751e8b465ee728b)
Start importing Assets/Materials/MountainPart2.mat using Guid(f795cfd932a7a0842baa3b3d57743c61) Importer(815301076,1909f56bfc062723c751e8b465ee728b)  -> (artifact id: '9e81e02fdd2865180828fc4344ace45b') in 0.011888 seconds 
  Import took 0.014320 seconds .

========================================================================
Received Import Request.
  Time since last request: 0.000150 seconds.
  path: Assets/Materials/MountainPart3.mat
  artifactKey: Guid(c1c988645150ece49b74b89a043feb55) Importer(815301076,1909f56bfc062723c751e8b465ee728b)
Start importing Assets/Materials/MountainPart3.mat using Guid(c1c988645150ece49b74b89a043feb55) Importer(815301076,1909f56bfc062723c751e8b465ee728b)  -> (artifact id: 'a807b1e35672f4d2491853919b887846') in 0.013842 seconds 
  Import took 0.016256 seconds .

========================================================================
Received Import Request.
  Time since last request: 0.000138 seconds.
  path: Assets/Materials/NoStick.physicMaterial
  artifactKey: Guid(bf32f9666624fb1408d52033d2b7fd03) Importer(815301076,1909f56bfc062723c751e8b465ee728b)
Start importing Assets/Materials/NoStick.physicMaterial using Guid(bf32f9666624fb1408d52033d2b7fd03) Importer(815301076,1909f56bfc062723c751e8b465ee728b)  -> (artifact id: '11e1c7b0c2382ce8952eaf9ee2c81e29') in 0.006408 seconds 
  Import took 0.008754 seconds .

========================================================================
Received Import Request.
  Time since last request: 0.000164 seconds.
  path: Assets/Materials/spaceBGNearLevel2.mat
  artifactKey: Guid(0ad80a96f879f08438ac3912cf74dc49) Importer(815301076,1909f56bfc062723c751e8b465ee728b)
Start importing Assets/Materials/spaceBGNearLevel2.mat using Guid(0ad80a96f879f08438ac3912cf74dc49) Importer(815301076,1909f56bfc062723c751e8b465ee728b)  -> (artifact id: '8e34060c2579ea1ddba3ab1041674319') in 0.012753 seconds 
  Import took 0.015207 seconds .

========================================================================
Received Import Request.
  Time since last request: 0.000159 seconds.
  path: Assets/Materials/Gold.mat
  artifactKey: Guid(fc5bdec498fa3c74b850f90799c9a3b5) Importer(815301076,1909f56bfc062723c751e8b465ee728b)
Start importing Assets/Materials/Gold.mat using Guid(fc5bdec498fa3c74b850f90799c9a3b5) Importer(815301076,1909f56bfc062723c751e8b465ee728b)  -> (artifact id: 'beddf5b77f5cbcd64c0eb7184bc965e0') in 0.009196 seconds 
  Import took 0.011628 seconds .

========================================================================
Received Import Request.
  Time since last request: 0.000151 seconds.
  path: Assets/Materials/spaceBG 1.mat
  artifactKey: Guid(f16d1e8def06c0d469b88ec81c1a123a) Importer(815301076,1909f56bfc062723c751e8b465ee728b)
Start importing Assets/Materials/spaceBG 1.mat using Guid(f16d1e8def06c0d469b88ec81c1a123a) Importer(815301076,1909f56bfc062723c751e8b465ee728b)  -> (artifact id: '2b6c8006ce6d2d33aeaac207dca6f422') in 0.013235 seconds 
  Import took 0.015762 seconds .

========================================================================
Received Import Request.
  Time since last request: 0.000209 seconds.
  path: Assets/Materials/spaceBGLevel2.mat
  artifactKey: Guid(7953692b7ca4ef048bcd66cbe7af83d5) Importer(815301076,1909f56bfc062723c751e8b465ee728b)
Start importing Assets/Materials/spaceBGLevel2.mat using Guid(7953692b7ca4ef048bcd66cbe7af83d5) Importer(815301076,1909f56bfc062723c751e8b465ee728b)  -> (artifact id: 'a791a3642a282839538c43305db5f713') in 0.018936 seconds 
  Import took 0.021306 seconds .

========================================================================
Received Import Request.
  Time since last request: 0.000142 seconds.
  path: Assets/Materials/spaceBGNear.mat
  artifactKey: Guid(33f9098655a80b74b80c99a71a7f6b1d) Importer(815301076,1909f56bfc062723c751e8b465ee728b)
Start importing Assets/Materials/spaceBGNear.mat using Guid(33f9098655a80b74b80c99a71a7f6b1d) Importer(815301076,1909f56bfc062723c751e8b465ee728b)  -> (artifact id: '27753f1737d4a3d1e44f56e22d914237') in 0.012082 seconds 
  Import took 0.015014 seconds .

========================================================================
Received Import Request.
  Time since last request: 0.000143 seconds.
  path: Assets/Materials/spaceBG.mat
  artifactKey: Guid(19a72635d725e3641a9b76ad4ae6786f) Importer(815301076,1909f56bfc062723c751e8b465ee728b)
Start importing Assets/Materials/spaceBG.mat using Guid(19a72635d725e3641a9b76ad4ae6786f) Importer(815301076,1909f56bfc062723c751e8b465ee728b)  -> (artifact id: 'afa2ccc27687980105eb771fcfcd20f5') in 0.008944 seconds 
  Import took 0.011237 seconds .

========================================================================
Received Prepare
Registering precompiled user dll's ...
Registered in 0.005227 seconds.
Begin MonoManager ReloadAssembly
Native extension for WindowsStandalone target not found
Native extension for WebGL target not found
Refreshing native plugins compatible for Editor in 0.52 ms, found 2 plugins.
Preloading 0 native plugins for Editor in 0.00 ms.
Mono: successfully reloaded assembly
- Completed reload, in  1.178 seconds
Domain Reload Profiling:
	ReloadAssembly (1179ms)
		BeginReloadAssembly (130ms)
			ExecutionOrderSort (0ms)
			DisableScriptedObjects (7ms)
			BackupInstance (0ms)
			ReleaseScriptingObjects (0ms)
			CreateAndSetChildDomain (44ms)
		EndReloadAssembly (978ms)
			LoadAssemblies (100ms)
			RebuildTransferFunctionScriptingTraits (0ms)
			SetupTypeCache (344ms)
			ReleaseScriptCaches (2ms)
			RebuildScriptCaches (49ms)
			SetupLoadedEditorAssemblies (366ms)
				LogAssemblyErrors (0ms)
				InitializePlatformSupportModulesInManaged (8ms)
				SetLoadedEditorAssemblies (1ms)
				RefreshPlugins (1ms)
				BeforeProcessingInitializeOnLoad (89ms)
				ProcessInitializeOnLoadAttributes (251ms)
				ProcessInitializeOnLoadMethodAttributes (11ms)
				AfterProcessingInitializeOnLoad (5ms)
				EditorAssembliesLoaded (0ms)
			ExecutionOrderSort2 (0ms)
			AwakeInstancesAfterBackupRestoration (8ms)
Platform modules already initialized, skipping
Refreshing native plugins compatible for Editor in 0.55 ms, found 2 plugins.
Preloading 0 native plugins for Editor in 0.00 ms.
Unloading 1684 Unused Serialized files (Serialized files now loaded: 0)
System memory in use before: 81.1 MB.
System memory in use after: 81.2 MB.

Unloading 15 unused Assets to reduce memory usage. Loaded Objects now: 2190.
Total: 3.546400 ms (FindLiveObjects: 0.272200 ms CreateObjectMapping: 0.100700 ms MarkObjects: 3.145200 ms  DeleteObjects: 0.026100 ms)

AssetImportParameters requested are different than current active one (requested -> active):
  custom:framework-win-MediaFoundation: 216162199b28c13a410421893ffa2e32 -> 
  custom:video-decoder-ogg-theora: a1e56fd34408186e4bbccfd4996cb3dc -> 
  custom:container-muxer-webm: aa71ff27fc2769a1b78a27578f13a17b -> 
  custom:container-demuxer-webm: 4f35f7cbe854078d1ac9338744f61a02 -> 
  custom:container-demuxer-ogg: 62fdf1f143b41e24485cea50d1cbac27 -> 
  custom:video-encoder-webm-vp8: eb34c28f22e8b96e1ab97ce403110664 -> 
  custom:video-decoder-webm-vp8: 9c59270c3fd7afecdb556c50c9e8de78 -> 
  custom:audio-decoder-ogg-vorbis: bf7c407c2cedff20999df2af8eb42d56 -> 
  custom:audio-encoder-webm-vorbis: bf7c407c2cedff20999df2af8eb42d56 -> 
========================================================================
Received Import Request.
  Time since last request: 101.383145 seconds.
  path: Assets/Prefabs/Canvas.prefab
  artifactKey: Guid(0cf971997b2ca1f478ffd5ba469b6ea2) Importer(815301076,1909f56bfc062723c751e8b465ee728b)
Start importing Assets/Prefabs/Canvas.prefab using Guid(0cf971997b2ca1f478ffd5ba469b6ea2) Importer(815301076,1909f56bfc062723c751e8b465ee728b)  -> (artifact id: '998567c3964d1bae0d7e13d19fb51ece') in 0.147326 seconds 
  Import took 0.151757 seconds .

========================================================================
Received Import Request.
  Time since last request: 0.000214 seconds.
  path: Assets/Prefabs/CustomHealth.prefab
  artifactKey: Guid(e4304fe893eab8540a7f0a888bbd3096) Importer(815301076,1909f56bfc062723c751e8b465ee728b)
Start importing Assets/Prefabs/CustomHealth.prefab using Guid(e4304fe893eab8540a7f0a888bbd3096) Importer(815301076,1909f56bfc062723c751e8b465ee728b)  -> (artifact id: '17a02e79a79a3dca360a25dc5d24b2d6') in 0.017399 seconds 
  Import took 0.021008 seconds .

========================================================================
Received Import Request.
  Time since last request: 0.000331 seconds.
  path: Assets/Prefabs/gem.prefab
  artifactKey: Guid(050efd230c4094246b4f2c6039b362e7) Importer(815301076,1909f56bfc062723c751e8b465ee728b)
Start importing Assets/Prefabs/gem.prefab using Guid(050efd230c4094246b4f2c6039b362e7) Importer(815301076,1909f56bfc062723c751e8b465ee728b)  -> (artifact id: '946b3e9c57da170faffe1df1a649b43d') in 0.056354 seconds 
  Import took 0.061158 seconds .

========================================================================
Received Import Request.
  Time since last request: 0.000303 seconds.
  path: Assets/Prefabs/TeleportPad.prefab
  artifactKey: Guid(96524b76c6a28e54d8bf1b2e3d7ddb55) Importer(815301076,1909f56bfc062723c751e8b465ee728b)
Start importing Assets/Prefabs/TeleportPad.prefab using Guid(96524b76c6a28e54d8bf1b2e3d7ddb55) Importer(815301076,1909f56bfc062723c751e8b465ee728b)  -> (artifact id: 'cdb8d11b99997a86414c5f213b52a127') in 0.021332 seconds 
  Import took 0.026468 seconds .

========================================================================
Received Import Request.
  Time since last request: 0.000207 seconds.
  path: Assets/Prefabs/Rock.prefab
  artifactKey: Guid(22333f9a79c85d14ba3b22deb38224cf) Importer(815301076,1909f56bfc062723c751e8b465ee728b)
Start importing Assets/Prefabs/Rock.prefab using Guid(22333f9a79c85d14ba3b22deb38224cf) Importer(815301076,1909f56bfc062723c751e8b465ee728b)  -> (artifact id: '46239d29a1aff9d71a86108a3ea46dd6') in 0.032419 seconds 
  Import took 0.036262 seconds .

========================================================================
Received Import Request.
  Time since last request: 0.000187 seconds.
  path: Assets/Prefabs/vines.prefab
  artifactKey: Guid(b1ce24d6f71e9d84baa29a86dab2314f) Importer(815301076,1909f56bfc062723c751e8b465ee728b)
Start importing Assets/Prefabs/vines.prefab using Guid(b1ce24d6f71e9d84baa29a86dab2314f) Importer(815301076,1909f56bfc062723c751e8b465ee728b)  -> (artifact id: 'aa958c940314f4c09a6229b213021c38') in 0.021411 seconds 
  Import took 0.025466 seconds .

========================================================================
Received Import Request.
  Time since last request: 0.000601 seconds.
  path: Assets/Prefabs/SnowRock.prefab
  artifactKey: Guid(2cc2d336f55fcd342b083c2a033cc30d) Importer(815301076,1909f56bfc062723c751e8b465ee728b)
Start importing Assets/Prefabs/SnowRock.prefab using Guid(2cc2d336f55fcd342b083c2a033cc30d) Importer(815301076,1909f56bfc062723c751e8b465ee728b)  -> (artifact id: '35da7c24ea4ff33f1e6b5999c4d8b69a') in 0.023642 seconds 
  Import took 0.028437 seconds .

========================================================================
Received Import Request.
  Time since last request: 0.000182 seconds.
  path: Assets/Prefabs/GroundPlatform.prefab
  artifactKey: Guid(6593d5fdd5d52024f917ce854fedbce8) Importer(815301076,1909f56bfc062723c751e8b465ee728b)
Start importing Assets/Prefabs/GroundPlatform.prefab using Guid(6593d5fdd5d52024f917ce854fedbce8) Importer(815301076,1909f56bfc062723c751e8b465ee728b)  -> (artifact id: '9592420db0e81fa8014b8cc4e7ceae83') in 0.025249 seconds 
  Import took 0.028727 seconds .

========================================================================
Received Import Request.
  Time since last request: 0.000210 seconds.
  path: Assets/Prefabs/Edge.prefab
  artifactKey: Guid(5465356c44b0c93458aff7b20b040e7c) Importer(815301076,1909f56bfc062723c751e8b465ee728b)
Start importing Assets/Prefabs/Edge.prefab using Guid(5465356c44b0c93458aff7b20b040e7c) Importer(815301076,1909f56bfc062723c751e8b465ee728b)  -> (artifact id: 'bb40dd78d822cd2aa90c841590578204') in 0.016259 seconds 
  Import took 0.019698 seconds .

========================================================================
Received Import Request.
  Time since last request: 0.000333 seconds.
  path: Assets/Prefabs/Codey Variant.prefab
  artifactKey: Guid(b32bd5e0a44542f40b06626d0f879530) Importer(815301076,1909f56bfc062723c751e8b465ee728b)
Start importing Assets/Prefabs/Codey Variant.prefab using Guid(b32bd5e0a44542f40b06626d0f879530) Importer(815301076,1909f56bfc062723c751e8b465ee728b)  -> (artifact id: 'be630dff89f05f8523ea068c77a491f0') in 0.044423 seconds 
  Import took 0.048551 seconds .

========================================================================
Received Import Request.
  Time since last request: 0.000239 seconds.
  path: Assets/Prefabs/HealthBar.prefab
  artifactKey: Guid(18762877e76126b4ca949481390c53a2) Importer(815301076,1909f56bfc062723c751e8b465ee728b)
Start importing Assets/Prefabs/HealthBar.prefab using Guid(18762877e76126b4ca949481390c53a2) Importer(815301076,1909f56bfc062723c751e8b465ee728b)  -> (artifact id: 'b719384303fa41a4e7b0262b0840467e') in 0.013953 seconds 
  Import took 0.017572 seconds .

========================================================================
Received Import Request.
  Time since last request: 0.000318 seconds.
  path: Assets/Prefabs/gemGreen.prefab
  artifactKey: Guid(b65431e0b138af345bf081447c79d45a) Importer(815301076,1909f56bfc062723c751e8b465ee728b)
Start importing Assets/Prefabs/gemGreen.prefab using Guid(b65431e0b138af345bf081447c79d45a) Importer(815301076,1909f56bfc062723c751e8b465ee728b)  -> (artifact id: 'e3211e75940a59da5b3a05f30a6485c7') in 0.017988 seconds 
  Import took 0.023068 seconds .

========================================================================
Received Import Request.
  Time since last request: 0.000177 seconds.
  path: Assets/Prefabs/checkPoint.prefab
  artifactKey: Guid(57823928e9a093c42983a9b1bc51fd93) Importer(815301076,1909f56bfc062723c751e8b465ee728b)
Start importing Assets/Prefabs/checkPoint.prefab using Guid(57823928e9a093c42983a9b1bc51fd93) Importer(815301076,1909f56bfc062723c751e8b465ee728b)  -> (artifact id: 'e3e4f1e27be60ebb77542dd7b5528f1d') in 0.020306 seconds 
  Import took 0.024524 seconds .

========================================================================
Received Import Request.
  Time since last request: 0.000218 seconds.
  path: Assets/Prefabs/Music.prefab
  artifactKey: Guid(d5109ab4d7e99a941850b7069b7d8d55) Importer(815301076,1909f56bfc062723c751e8b465ee728b)
Start importing Assets/Prefabs/Music.prefab using Guid(d5109ab4d7e99a941850b7069b7d8d55) Importer(815301076,1909f56bfc062723c751e8b465ee728b)  -> (artifact id: 'c4a74788aaef483d885f620ae7c6564e') in 0.012726 seconds 
  Import took 0.016681 seconds .

========================================================================
Received Prepare
Registering precompiled user dll's ...
Registered in 0.003395 seconds.
Begin MonoManager ReloadAssembly
Native extension for WindowsStandalone target not found
Native extension for WebGL target not found
Refreshing native plugins compatible for Editor in 0.37 ms, found 2 plugins.
Preloading 0 native plugins for Editor in 0.00 ms.
Mono: successfully reloaded assembly
- Completed reload, in  0.826 seconds
Domain Reload Profiling:
	ReloadAssembly (826ms)
		BeginReloadAssembly (88ms)
			ExecutionOrderSort (0ms)
			DisableScriptedObjects (4ms)
			BackupInstance (0ms)
			ReleaseScriptingObjects (0ms)
			CreateAndSetChildDomain (27ms)
		EndReloadAssembly (686ms)
			LoadAssemblies (70ms)
			RebuildTransferFunctionScriptingTraits (0ms)
			SetupTypeCache (240ms)
			ReleaseScriptCaches (1ms)
			RebuildScriptCaches (34ms)
			SetupLoadedEditorAssemblies (257ms)
				LogAssemblyErrors (0ms)
				InitializePlatformSupportModulesInManaged (5ms)
				SetLoadedEditorAssemblies (0ms)
				RefreshPlugins (0ms)
				BeforeProcessingInitializeOnLoad (63ms)
				ProcessInitializeOnLoadAttributes (176ms)
				ProcessInitializeOnLoadMethodAttributes (7ms)
				AfterProcessingInitializeOnLoad (4ms)
				EditorAssembliesLoaded (0ms)
			ExecutionOrderSort2 (0ms)
			AwakeInstancesAfterBackupRestoration (5ms)
Platform modules already initialized, skipping
Refreshing native plugins compatible for Editor in 0.62 ms, found 2 plugins.
Preloading 0 native plugins for Editor in 0.00 ms.
Unloading 1684 Unused Serialized files (Serialized files now loaded: 0)
System memory in use before: 94.8 MB.
System memory in use after: 94.9 MB.

Unloading 18 unused Assets to reduce memory usage. Loaded Objects now: 2196.
Total: 2.492800 ms (FindLiveObjects: 0.176400 ms CreateObjectMapping: 0.060400 ms MarkObjects: 2.215200 ms  DeleteObjects: 0.040000 ms)

AssetImportParameters requested are different than current active one (requested -> active):
  custom:framework-win-MediaFoundation: 216162199b28c13a410421893ffa2e32 -> 
  custom:video-decoder-ogg-theora: a1e56fd34408186e4bbccfd4996cb3dc -> 
  custom:container-muxer-webm: aa71ff27fc2769a1b78a27578f13a17b -> 
  custom:container-demuxer-webm: 4f35f7cbe854078d1ac9338744f61a02 -> 
  custom:container-demuxer-ogg: 62fdf1f143b41e24485cea50d1cbac27 -> 
  custom:video-encoder-webm-vp8: eb34c28f22e8b96e1ab97ce403110664 -> 
  custom:video-decoder-webm-vp8: 9c59270c3fd7afecdb556c50c9e8de78 -> 
  custom:audio-decoder-ogg-vorbis: bf7c407c2cedff20999df2af8eb42d56 -> 
  custom:audio-encoder-webm-vorbis: bf7c407c2cedff20999df2af8eb42d56 -> 
========================================================================
Received Import Request.
  Time since last request: 301.218905 seconds.
  path: Assets/Scenes/Main.unity
  artifactKey: Guid(3dc5984234b6b09468376710e8e437dd) Importer(815301076,1909f56bfc062723c751e8b465ee728b)
Start importing Assets/Scenes/Main.unity using Guid(3dc5984234b6b09468376710e8e437dd) Importer(815301076,1909f56bfc062723c751e8b465ee728b)  -> (artifact id: '1b0527af1bc302d7fe4a9ac00a93ab44') in 0.019145 seconds 
  Import took 0.023057 seconds .

========================================================================
Received Prepare
Registering precompiled user dll's ...
Registered in 0.002802 seconds.
Begin MonoManager ReloadAssembly
Native extension for WindowsStandalone target not found
Native extension for WebGL target not found
Refreshing native plugins compatible for Editor in 0.36 ms, found 2 plugins.
Preloading 0 native plugins for Editor in 0.00 ms.
Mono: successfully reloaded assembly
- Completed reload, in  0.823 seconds
Domain Reload Profiling:
	ReloadAssembly (824ms)
		BeginReloadAssembly (93ms)
			ExecutionOrderSort (0ms)
			DisableScriptedObjects (4ms)
			BackupInstance (0ms)
			ReleaseScriptingObjects (0ms)
			CreateAndSetChildDomain (27ms)
		EndReloadAssembly (680ms)
			LoadAssemblies (68ms)
			RebuildTransferFunctionScriptingTraits (0ms)
			SetupTypeCache (242ms)
			ReleaseScriptCaches (1ms)
			RebuildScriptCaches (35ms)
			SetupLoadedEditorAssemblies (252ms)
				LogAssemblyErrors (0ms)
				InitializePlatformSupportModulesInManaged (5ms)
				SetLoadedEditorAssemblies (0ms)
				RefreshPlugins (0ms)
				BeforeProcessingInitializeOnLoad (61ms)
				ProcessInitializeOnLoadAttributes (174ms)
				ProcessInitializeOnLoadMethodAttributes (7ms)
				AfterProcessingInitializeOnLoad (4ms)
				EditorAssembliesLoaded (0ms)
			ExecutionOrderSort2 (0ms)
			AwakeInstancesAfterBackupRestoration (6ms)
Platform modules already initialized, skipping
Refreshing native plugins compatible for Editor in 0.37 ms, found 2 plugins.
Preloading 0 native plugins for Editor in 0.00 ms.
Unloading 1684 Unused Serialized files (Serialized files now loaded: 0)
System memory in use before: 94.8 MB.
System memory in use after: 94.9 MB.

Unloading 15 unused Assets to reduce memory usage. Loaded Objects now: 2198.
Total: 2.780900 ms (FindLiveObjects: 0.222200 ms CreateObjectMapping: 0.081800 ms MarkObjects: 2.460300 ms  DeleteObjects: 0.015600 ms)

AssetImportParameters requested are different than current active one (requested -> active):
  custom:framework-win-MediaFoundation: 216162199b28c13a410421893ffa2e32 -> 
  custom:video-decoder-ogg-theora: a1e56fd34408186e4bbccfd4996cb3dc -> 
  custom:container-muxer-webm: aa71ff27fc2769a1b78a27578f13a17b -> 
  custom:container-demuxer-webm: 4f35f7cbe854078d1ac9338744f61a02 -> 
  custom:container-demuxer-ogg: 62fdf1f143b41e24485cea50d1cbac27 -> 
  custom:video-encoder-webm-vp8: eb34c28f22e8b96e1ab97ce403110664 -> 
  custom:video-decoder-webm-vp8: 9c59270c3fd7afecdb556c50c9e8de78 -> 
  custom:audio-decoder-ogg-vorbis: bf7c407c2cedff20999df2af8eb42d56 -> 
  custom:audio-encoder-webm-vorbis: bf7c407c2cedff20999df2af8eb42d56 -> 
========================================================================
Received Import Request.
  Time since last request: 90.620017 seconds.
  path: Assets/Scenes/Level3.unity
  artifactKey: Guid(55fd0c57dd152344d85b5341c0f7403a) Importer(815301076,1909f56bfc062723c751e8b465ee728b)
Start importing Assets/Scenes/Level3.unity using Guid(55fd0c57dd152344d85b5341c0f7403a) Importer(815301076,1909f56bfc062723c751e8b465ee728b)  -> (artifact id: '5c0bfdc2a7a980e6cfc22dcd05e6ff9a') in 0.013228 seconds 
  Import took 0.016493 seconds .

========================================================================
Received Prepare
Registering precompiled user dll's ...
Registered in 0.003285 seconds.
Begin MonoManager ReloadAssembly
Native extension for WindowsStandalone target not found
Native extension for WebGL target not found
Refreshing native plugins compatible for Editor in 0.37 ms, found 2 plugins.
Preloading 0 native plugins for Editor in 0.00 ms.
Mono: successfully reloaded assembly
- Completed reload, in  0.830 seconds
Domain Reload Profiling:
	ReloadAssembly (830ms)
		BeginReloadAssembly (99ms)
			ExecutionOrderSort (0ms)
			DisableScriptedObjects (4ms)
			BackupInstance (0ms)
			ReleaseScriptingObjects (0ms)
			CreateAndSetChildDomain (28ms)
		EndReloadAssembly (679ms)
			LoadAssemblies (73ms)
			RebuildTransferFunctionScriptingTraits (0ms)
			SetupTypeCache (234ms)
			ReleaseScriptCaches (1ms)
			RebuildScriptCaches (37ms)
			SetupLoadedEditorAssemblies (251ms)
				LogAssemblyErrors (0ms)
				InitializePlatformSupportModulesInManaged (5ms)
				SetLoadedEditorAssemblies (0ms)
				RefreshPlugins (0ms)
				BeforeProcessingInitializeOnLoad (62ms)
				ProcessInitializeOnLoadAttributes (172ms)
				ProcessInitializeOnLoadMethodAttributes (7ms)
				AfterProcessingInitializeOnLoad (5ms)
				EditorAssembliesLoaded (0ms)
			ExecutionOrderSort2 (0ms)
			AwakeInstancesAfterBackupRestoration (6ms)
Platform modules already initialized, skipping
Refreshing native plugins compatible for Editor in 0.40 ms, found 2 plugins.
Preloading 0 native plugins for Editor in 0.00 ms.
Unloading 1684 Unused Serialized files (Serialized files now loaded: 0)
System memory in use before: 94.8 MB.
System memory in use after: 95.0 MB.

Unloading 15 unused Assets to reduce memory usage. Loaded Objects now: 2200.
Total: 2.503900 ms (FindLiveObjects: 0.204100 ms CreateObjectMapping: 0.063600 ms MarkObjects: 2.217600 ms  DeleteObjects: 0.017800 ms)

AssetImportParameters requested are different than current active one (requested -> active):
  custom:framework-win-MediaFoundation: 216162199b28c13a410421893ffa2e32 -> 
  custom:video-decoder-ogg-theora: a1e56fd34408186e4bbccfd4996cb3dc -> 
  custom:container-muxer-webm: aa71ff27fc2769a1b78a27578f13a17b -> 
  custom:container-demuxer-webm: 4f35f7cbe854078d1ac9338744f61a02 -> 
  custom:container-demuxer-ogg: 62fdf1f143b41e24485cea50d1cbac27 -> 
  custom:video-encoder-webm-vp8: eb34c28f22e8b96e1ab97ce403110664 -> 
  custom:video-decoder-webm-vp8: 9c59270c3fd7afecdb556c50c9e8de78 -> 
  custom:audio-decoder-ogg-vorbis: bf7c407c2cedff20999df2af8eb42d56 -> 
  custom:audio-encoder-webm-vorbis: bf7c407c2cedff20999df2af8eb42d56 -> 
========================================================================
Received Prepare
Registering precompiled user dll's ...
Registered in 0.004228 seconds.
Begin MonoManager ReloadAssembly
Native extension for WindowsStandalone target not found
Native extension for WebGL target not found
Refreshing native plugins compatible for Editor in 0.37 ms, found 2 plugins.
Preloading 0 native plugins for Editor in 0.00 ms.
Mono: successfully reloaded assembly
- Completed reload, in  0.907 seconds
Domain Reload Profiling:
	ReloadAssembly (907ms)
		BeginReloadAssembly (110ms)
			ExecutionOrderSort (0ms)
			DisableScriptedObjects (4ms)
			BackupInstance (0ms)
			ReleaseScriptingObjects (0ms)
			CreateAndSetChildDomain (39ms)
		EndReloadAssembly (733ms)
			LoadAssemblies (87ms)
			RebuildTransferFunctionScriptingTraits (0ms)
			SetupTypeCache (286ms)
			ReleaseScriptCaches (1ms)
			RebuildScriptCaches (35ms)
			SetupLoadedEditorAssemblies (248ms)
				LogAssemblyErrors (0ms)
				InitializePlatformSupportModulesInManaged (4ms)
				SetLoadedEditorAssemblies (0ms)
				RefreshPlugins (0ms)
				BeforeProcessingInitializeOnLoad (61ms)
				ProcessInitializeOnLoadAttributes (170ms)
				ProcessInitializeOnLoadMethodAttributes (7ms)
				AfterProcessingInitializeOnLoad (4ms)
				EditorAssembliesLoaded (0ms)
			ExecutionOrderSort2 (0ms)
			AwakeInstancesAfterBackupRestoration (6ms)
Platform modules already initialized, skipping
Refreshing native plugins compatible for Editor in 0.39 ms, found 2 plugins.
Preloading 0 native plugins for Editor in 0.00 ms.
Unloading 1684 Unused Serialized files (Serialized files now loaded: 0)
System memory in use before: 94.8 MB.
System memory in use after: 95.0 MB.

Unloading 15 unused Assets to reduce memory usage. Loaded Objects now: 2202.
Total: 2.336500 ms (FindLiveObjects: 0.180900 ms CreateObjectMapping: 0.072800 ms MarkObjects: 2.067100 ms  DeleteObjects: 0.014600 ms)

AssetImportParameters requested are different than current active one (requested -> active):
  custom:framework-win-MediaFoundation: 216162199b28c13a410421893ffa2e32 -> 
  custom:video-decoder-ogg-theora: a1e56fd34408186e4bbccfd4996cb3dc -> 
  custom:container-muxer-webm: aa71ff27fc2769a1b78a27578f13a17b -> 
  custom:container-demuxer-webm: 4f35f7cbe854078d1ac9338744f61a02 -> 
  custom:container-demuxer-ogg: 62fdf1f143b41e24485cea50d1cbac27 -> 
  custom:video-encoder-webm-vp8: eb34c28f22e8b96e1ab97ce403110664 -> 
  custom:video-decoder-webm-vp8: 9c59270c3fd7afecdb556c50c9e8de78 -> 
  custom:audio-decoder-ogg-vorbis: bf7c407c2cedff20999df2af8eb42d56 -> 
  custom:audio-encoder-webm-vorbis: bf7c407c2cedff20999df2af8eb42d56 -> 
========================================================================
Received Prepare
Registering precompiled user dll's ...
Registered in 0.003274 seconds.
Begin MonoManager ReloadAssembly
Native extension for WindowsStandalone target not found
Native extension for WebGL target not found
Refreshing native plugins compatible for Editor in 0.36 ms, found 2 plugins.
Preloading 0 native plugins for Editor in 0.00 ms.
Mono: successfully reloaded assembly
- Completed reload, in  0.814 seconds
Domain Reload Profiling:
	ReloadAssembly (814ms)
		BeginReloadAssembly (87ms)
			ExecutionOrderSort (0ms)
			DisableScriptedObjects (4ms)
			BackupInstance (0ms)
			ReleaseScriptingObjects (0ms)
			CreateAndSetChildDomain (25ms)
		EndReloadAssembly (676ms)
			LoadAssemblies (67ms)
			RebuildTransferFunctionScriptingTraits (0ms)
			SetupTypeCache (238ms)
			ReleaseScriptCaches (1ms)
			RebuildScriptCaches (34ms)
			SetupLoadedEditorAssemblies (251ms)
				LogAssemblyErrors (0ms)
				InitializePlatformSupportModulesInManaged (5ms)
				SetLoadedEditorAssemblies (0ms)
				RefreshPlugins (0ms)
				BeforeProcessingInitializeOnLoad (60ms)
				ProcessInitializeOnLoadAttributes (174ms)
				ProcessInitializeOnLoadMethodAttributes (7ms)
				AfterProcessingInitializeOnLoad (4ms)
				EditorAssembliesLoaded (0ms)
			ExecutionOrderSort2 (0ms)
			AwakeInstancesAfterBackupRestoration (6ms)
Platform modules already initialized, skipping
Refreshing native plugins compatible for Editor in 0.45 ms, found 2 plugins.
Preloading 0 native plugins for Editor in 0.00 ms.
Unloading 1684 Unused Serialized files (Serialized files now loaded: 0)
System memory in use before: 94.9 MB.
System memory in use after: 95.0 MB.

Unloading 15 unused Assets to reduce memory usage. Loaded Objects now: 2204.
Total: 2.344600 ms (FindLiveObjects: 0.170200 ms CreateObjectMapping: 0.060300 ms MarkObjects: 2.097000 ms  DeleteObjects: 0.016300 ms)

AssetImportParameters requested are different than current active one (requested -> active):
  custom:framework-win-MediaFoundation: 216162199b28c13a410421893ffa2e32 -> 
  custom:video-decoder-ogg-theora: a1e56fd34408186e4bbccfd4996cb3dc -> 
  custom:container-muxer-webm: aa71ff27fc2769a1b78a27578f13a17b -> 
  custom:container-demuxer-webm: 4f35f7cbe854078d1ac9338744f61a02 -> 
  custom:container-demuxer-ogg: 62fdf1f143b41e24485cea50d1cbac27 -> 
  custom:video-encoder-webm-vp8: eb34c28f22e8b96e1ab97ce403110664 -> 
  custom:video-decoder-webm-vp8: 9c59270c3fd7afecdb556c50c9e8de78 -> 
  custom:audio-decoder-ogg-vorbis: bf7c407c2cedff20999df2af8eb42d56 -> 
  custom:audio-encoder-webm-vorbis: bf7c407c2cedff20999df2af8eb42d56 -> 
========================================================================
Received Import Request.
  Time since last request: 449.356084 seconds.
  path: Assets/Scenes/Level2.unity
  artifactKey: Guid(82aa21fa29badcb448e009ebd860fb14) Importer(815301076,1909f56bfc062723c751e8b465ee728b)
Start importing Assets/Scenes/Level2.unity using Guid(82aa21fa29badcb448e009ebd860fb14) Importer(815301076,1909f56bfc062723c751e8b465ee728b)  -> (artifact id: 'ac5e4f0aff43ff7d5a871f38649c9e81') in 0.023456 seconds 
  Import took 0.026268 seconds .

========================================================================
Received Prepare
Registering precompiled user dll's ...
Registered in 0.002986 seconds.
Begin MonoManager ReloadAssembly
Native extension for WindowsStandalone target not found
Native extension for WebGL target not found
Refreshing native plugins compatible for Editor in 0.42 ms, found 2 plugins.
Preloading 0 native plugins for Editor in 0.00 ms.
Mono: successfully reloaded assembly
- Completed reload, in  0.830 seconds
Domain Reload Profiling:
	ReloadAssembly (830ms)
		BeginReloadAssembly (87ms)
			ExecutionOrderSort (0ms)
			DisableScriptedObjects (4ms)
			BackupInstance (0ms)
			ReleaseScriptingObjects (0ms)
			CreateAndSetChildDomain (25ms)
		EndReloadAssembly (690ms)
			LoadAssemblies (70ms)
			RebuildTransferFunctionScriptingTraits (0ms)
			SetupTypeCache (233ms)
			ReleaseScriptCaches (1ms)
			RebuildScriptCaches (36ms)
			SetupLoadedEditorAssemblies (257ms)
				LogAssemblyErrors (0ms)
				InitializePlatformSupportModulesInManaged (5ms)
				SetLoadedEditorAssemblies (0ms)
				RefreshPlugins (0ms)
				BeforeProcessingInitializeOnLoad (62ms)
				ProcessInitializeOnLoadAttributes (177ms)
				ProcessInitializeOnLoadMethodAttributes (7ms)
				AfterProcessingInitializeOnLoad (5ms)
				EditorAssembliesLoaded (0ms)
			ExecutionOrderSort2 (0ms)
			AwakeInstancesAfterBackupRestoration (6ms)
Platform modules already initialized, skipping
Refreshing native plugins compatible for Editor in 0.38 ms, found 2 plugins.
Preloading 0 native plugins for Editor in 0.00 ms.
Unloading 1684 Unused Serialized files (Serialized files now loaded: 0)
System memory in use before: 94.9 MB.
System memory in use after: 95.0 MB.

Unloading 15 unused Assets to reduce memory usage. Loaded Objects now: 2206.
Total: 2.362200 ms (FindLiveObjects: 0.168100 ms CreateObjectMapping: 0.058400 ms MarkObjects: 2.117400 ms  DeleteObjects: 0.017400 ms)

AssetImportParameters requested are different than current active one (requested -> active):
  custom:framework-win-MediaFoundation: 216162199b28c13a410421893ffa2e32 -> 
  custom:video-decoder-ogg-theora: a1e56fd34408186e4bbccfd4996cb3dc -> 
  custom:container-muxer-webm: aa71ff27fc2769a1b78a27578f13a17b -> 
  custom:container-demuxer-webm: 4f35f7cbe854078d1ac9338744f61a02 -> 
  custom:container-demuxer-ogg: 62fdf1f143b41e24485cea50d1cbac27 -> 
  custom:video-encoder-webm-vp8: eb34c28f22e8b96e1ab97ce403110664 -> 
  custom:video-decoder-webm-vp8: 9c59270c3fd7afecdb556c50c9e8de78 -> 
  custom:audio-decoder-ogg-vorbis: bf7c407c2cedff20999df2af8eb42d56 -> 
  custom:audio-encoder-webm-vorbis: bf7c407c2cedff20999df2af8eb42d56 -> 
========================================================================
Received Import Request.
  Time since last request: 8.726497 seconds.
  path: Assets/Scenes/Level3.unity
  artifactKey: Guid(55fd0c57dd152344d85b5341c0f7403a) Importer(815301076,1909f56bfc062723c751e8b465ee728b)
Start importing Assets/Scenes/Level3.unity using Guid(55fd0c57dd152344d85b5341c0f7403a) Importer(815301076,1909f56bfc062723c751e8b465ee728b)  -> (artifact id: 'a6cd9294543ced637644cdc6446df1a1') in 0.014343 seconds 
  Import took 0.018617 seconds .

========================================================================
Received Prepare
Registering precompiled user dll's ...
Registered in 0.003159 seconds.
Begin MonoManager ReloadAssembly
Native extension for WindowsStandalone target not found
Native extension for WebGL target not found
Refreshing native plugins compatible for Editor in 0.38 ms, found 2 plugins.
Preloading 0 native plugins for Editor in 0.00 ms.
Mono: successfully reloaded assembly
- Completed reload, in  0.803 seconds
Domain Reload Profiling:
	ReloadAssembly (803ms)
		BeginReloadAssembly (86ms)
			ExecutionOrderSort (0ms)
			DisableScriptedObjects (4ms)
			BackupInstance (0ms)
			ReleaseScriptingObjects (0ms)
			CreateAndSetChildDomain (26ms)
		EndReloadAssembly (667ms)
			LoadAssemblies (66ms)
			RebuildTransferFunctionScriptingTraits (0ms)
			SetupTypeCache (227ms)
			ReleaseScriptCaches (1ms)
			RebuildScriptCaches (34ms)
			SetupLoadedEditorAssemblies (250ms)
				LogAssemblyErrors (0ms)
				InitializePlatformSupportModulesInManaged (5ms)
				SetLoadedEditorAssemblies (0ms)
				RefreshPlugins (0ms)
				BeforeProcessingInitializeOnLoad (62ms)
				ProcessInitializeOnLoadAttributes (171ms)
				ProcessInitializeOnLoadMethodAttributes (7ms)
				AfterProcessingInitializeOnLoad (4ms)
				EditorAssembliesLoaded (0ms)
			ExecutionOrderSort2 (0ms)
			AwakeInstancesAfterBackupRestoration (6ms)
Platform modules already initialized, skipping
Refreshing native plugins compatible for Editor in 0.42 ms, found 2 plugins.
Preloading 0 native plugins for Editor in 0.00 ms.
Unloading 1684 Unused Serialized files (Serialized files now loaded: 0)
System memory in use before: 94.9 MB.
System memory in use after: 95.0 MB.

Unloading 15 unused Assets to reduce memory usage. Loaded Objects now: 2208.
Total: 2.541200 ms (FindLiveObjects: 0.210800 ms CreateObjectMapping: 0.073700 ms MarkObjects: 2.239500 ms  DeleteObjects: 0.016100 ms)

AssetImportParameters requested are different than current active one (requested -> active):
  custom:framework-win-MediaFoundation: 216162199b28c13a410421893ffa2e32 -> 
  custom:video-decoder-ogg-theora: a1e56fd34408186e4bbccfd4996cb3dc -> 
  custom:container-muxer-webm: aa71ff27fc2769a1b78a27578f13a17b -> 
  custom:container-demuxer-webm: 4f35f7cbe854078d1ac9338744f61a02 -> 
  custom:container-demuxer-ogg: 62fdf1f143b41e24485cea50d1cbac27 -> 
  custom:video-encoder-webm-vp8: eb34c28f22e8b96e1ab97ce403110664 -> 
  custom:video-decoder-webm-vp8: 9c59270c3fd7afecdb556c50c9e8de78 -> 
  custom:audio-decoder-ogg-vorbis: bf7c407c2cedff20999df2af8eb42d56 -> 
  custom:audio-encoder-webm-vorbis: bf7c407c2cedff20999df2af8eb42d56 -> 
========================================================================
Received Import Request.
  Time since last request: 103.022439 seconds.
  path: Assets/Scripts/MainMenu.cs
  artifactKey: Guid(cf58f42ebc63c8a47b7e62cd55d0ebe9) Importer(815301076,1909f56bfc062723c751e8b465ee728b)
Start importing Assets/Scripts/MainMenu.cs using Guid(cf58f42ebc63c8a47b7e62cd55d0ebe9) Importer(815301076,1909f56bfc062723c751e8b465ee728b)  -> (artifact id: 'af1c83a6a6b8a5ee4ed0af5b7fc4a541') in 0.011183 seconds 
  Import took 0.013990 seconds .

========================================================================
Received Prepare
Registering precompiled user dll's ...
Registered in 0.003210 seconds.
Begin MonoManager ReloadAssembly
Native extension for WindowsStandalone target not found
Native extension for WebGL target not found
Refreshing native plugins compatible for Editor in 0.38 ms, found 2 plugins.
Preloading 0 native plugins for Editor in 0.00 ms.
Mono: successfully reloaded assembly
- Completed reload, in  0.828 seconds
Domain Reload Profiling:
	ReloadAssembly (829ms)
		BeginReloadAssembly (99ms)
			ExecutionOrderSort (0ms)
			DisableScriptedObjects (4ms)
			BackupInstance (0ms)
			ReleaseScriptingObjects (0ms)
			CreateAndSetChildDomain (26ms)
		EndReloadAssembly (675ms)
			LoadAssemblies (72ms)
			RebuildTransferFunctionScriptingTraits (0ms)
			SetupTypeCache (238ms)
			ReleaseScriptCaches (1ms)
			RebuildScriptCaches (35ms)
			SetupLoadedEditorAssemblies (246ms)
				LogAssemblyErrors (0ms)
				InitializePlatformSupportModulesInManaged (5ms)
				SetLoadedEditorAssemblies (0ms)
				RefreshPlugins (0ms)
				BeforeProcessingInitializeOnLoad (61ms)
				ProcessInitializeOnLoadAttributes (169ms)
				ProcessInitializeOnLoadMethodAttributes (7ms)
				AfterProcessingInitializeOnLoad (4ms)
				EditorAssembliesLoaded (0ms)
			ExecutionOrderSort2 (0ms)
			AwakeInstancesAfterBackupRestoration (5ms)
Platform modules already initialized, skipping
Refreshing native plugins compatible for Editor in 0.39 ms, found 2 plugins.
Preloading 0 native plugins for Editor in 0.00 ms.
Unloading 1684 Unused Serialized files (Serialized files now loaded: 0)
System memory in use before: 94.9 MB.
System memory in use after: 95.0 MB.

Unloading 15 unused Assets to reduce memory usage. Loaded Objects now: 2210.
Total: 2.666900 ms (FindLiveObjects: 0.156200 ms CreateObjectMapping: 0.099000 ms MarkObjects: 2.396000 ms  DeleteObjects: 0.014900 ms)

AssetImportParameters requested are different than current active one (requested -> active):
  custom:framework-win-MediaFoundation: 216162199b28c13a410421893ffa2e32 -> 
  custom:video-decoder-ogg-theora: a1e56fd34408186e4bbccfd4996cb3dc -> 
  custom:container-muxer-webm: aa71ff27fc2769a1b78a27578f13a17b -> 
  custom:container-demuxer-webm: 4f35f7cbe854078d1ac9338744f61a02 -> 
  custom:container-demuxer-ogg: 62fdf1f143b41e24485cea50d1cbac27 -> 
  custom:video-encoder-webm-vp8: eb34c28f22e8b96e1ab97ce403110664 -> 
  custom:video-decoder-webm-vp8: 9c59270c3fd7afecdb556c50c9e8de78 -> 
  custom:audio-decoder-ogg-vorbis: bf7c407c2cedff20999df2af8eb42d56 -> 
  custom:audio-encoder-webm-vorbis: bf7c407c2cedff20999df2af8eb42d56 -> 
========================================================================
Received Import Request.
  Time since last request: 98.060925 seconds.
  path: Assets/Scripts/Exit.cs
  artifactKey: Guid(c2685e536c2c1474292b68135e56e611) Importer(815301076,1909f56bfc062723c751e8b465ee728b)
Start importing Assets/Scripts/Exit.cs using Guid(c2685e536c2c1474292b68135e56e611) Importer(815301076,1909f56bfc062723c751e8b465ee728b)  -> (artifact id: '080776758443bae06a139adcbc2816f1') in 0.008434 seconds 
  Import took 0.011525 seconds .

========================================================================
Received Prepare
Registering precompiled user dll's ...
Registered in 0.004692 seconds.
Begin MonoManager ReloadAssembly
Native extension for WindowsStandalone target not found
Native extension for WebGL target not found
Refreshing native plugins compatible for Editor in 0.58 ms, found 2 plugins.
Preloading 0 native plugins for Editor in 0.00 ms.
Mono: successfully reloaded assembly
- Completed reload, in  1.238 seconds
Domain Reload Profiling:
	ReloadAssembly (1239ms)
		BeginReloadAssembly (134ms)
			ExecutionOrderSort (0ms)
			DisableScriptedObjects (6ms)
			BackupInstance (0ms)
			ReleaseScriptingObjects (0ms)
			CreateAndSetChildDomain (45ms)
		EndReloadAssembly (1031ms)
			LoadAssemblies (105ms)
			RebuildTransferFunctionScriptingTraits (0ms)
			SetupTypeCache (362ms)
			ReleaseScriptCaches (2ms)
			RebuildScriptCaches (52ms)
			SetupLoadedEditorAssemblies (385ms)
				LogAssemblyErrors (0ms)
				InitializePlatformSupportModulesInManaged (7ms)
				SetLoadedEditorAssemblies (1ms)
				RefreshPlugins (1ms)
				BeforeProcessingInitializeOnLoad (93ms)
				ProcessInitializeOnLoadAttributes (267ms)
				ProcessInitializeOnLoadMethodAttributes (11ms)
				AfterProcessingInitializeOnLoad (6ms)
				EditorAssembliesLoaded (0ms)
			ExecutionOrderSort2 (0ms)
			AwakeInstancesAfterBackupRestoration (8ms)
Platform modules already initialized, skipping
Refreshing native plugins compatible for Editor in 0.74 ms, found 2 plugins.
Preloading 0 native plugins for Editor in 0.00 ms.
Unloading 1684 Unused Serialized files (Serialized files now loaded: 0)
System memory in use before: 94.9 MB.
System memory in use after: 95.0 MB.

Unloading 15 unused Assets to reduce memory usage. Loaded Objects now: 2212.
Total: 4.633900 ms (FindLiveObjects: 0.321400 ms CreateObjectMapping: 0.104000 ms MarkObjects: 4.177100 ms  DeleteObjects: 0.029900 ms)

AssetImportParameters requested are different than current active one (requested -> active):
  custom:framework-win-MediaFoundation: 216162199b28c13a410421893ffa2e32 -> 
  custom:video-decoder-ogg-theora: a1e56fd34408186e4bbccfd4996cb3dc -> 
  custom:container-muxer-webm: aa71ff27fc2769a1b78a27578f13a17b -> 
  custom:container-demuxer-webm: 4f35f7cbe854078d1ac9338744f61a02 -> 
  custom:container-demuxer-ogg: 62fdf1f143b41e24485cea50d1cbac27 -> 
  custom:video-encoder-webm-vp8: eb34c28f22e8b96e1ab97ce403110664 -> 
  custom:video-decoder-webm-vp8: 9c59270c3fd7afecdb556c50c9e8de78 -> 
  custom:audio-decoder-ogg-vorbis: bf7c407c2cedff20999df2af8eb42d56 -> 
  custom:audio-encoder-webm-vorbis: bf7c407c2cedff20999df2af8eb42d56 -> 
AssetImportWorkerClient::OnTransportError - code=2 error=End of file
