Using pre-set license
Built from '2020.3/staging' branch; Version is '2020.3.23f1 (c5d91304a876) revision 12966163'; Using compiler version '192528614'; Build Type 'Release'
OS: 'Windows 10 Home; OS build 19044.2006; Version 2009; 64bit' Language: 'en' Physical Memory: 8013 MB
BatchMode: 1, IsHumanControllingUs: 0, StartBugReporterOnCrash: 0, Is64bit: 1, IsPro: 0

COMMAND LINE ARGUMENTS:
C:\Program Files\Unity\Hub\Editor\2020.3.23f1\Editor\Unity.exe
-adb2
-batchMode
-noUpm
-name
AssetImportWorker0
-projectPath
C:/Users/Ninjas/Documents/GitHub/Tyler-Lin-Purple/Scavenger Hunt Deluxe-TL
-logFile
Logs/AssetImportWorker0.log
-srvPort
63589
Successfully changed project path to: C:/Users/Ninjas/Documents/GitHub/Tyler-Lin-Purple/Scavenger Hunt Deluxe-TL
C:/Users/Ninjas/Documents/GitHub/Tyler-Lin-Purple/Scavenger Hunt Deluxe-TL
Using Asset Import Pipeline V2.
Refreshing native plugins compatible for Editor in 31.16 ms, found 2 plugins.
Preloading 0 native plugins for Editor in 0.00 ms.
Initialize engine version: 2020.3.23f1 (c5d91304a876)
[Subsystems] Discovering subsystems at path C:/Program Files/Unity/Hub/Editor/2020.3.23f1/Editor/Data/Resources/UnitySubsystems
[Subsystems] Discovering subsystems at path C:/Users/Ninjas/Documents/GitHub/Tyler-Lin-Purple/Scavenger Hunt Deluxe-TL/Assets
GfxDevice: creating device client; threaded=0
Direct3D:
    Version:  Direct3D 11.0 [level 11.1]
    Renderer: NVIDIA GeForce GTX 1650 with Max-Q Design (ID=0x1f9d)
    Vendor:   
    VRAM:     3962 MB
    Driver:   31.0.15.1659
Initialize mono
Mono path[0] = 'C:/Program Files/Unity/Hub/Editor/2020.3.23f1/Editor/Data/Managed'
Mono path[1] = 'C:/Program Files/Unity/Hub/Editor/2020.3.23f1/Editor/Data/MonoBleedingEdge/lib/mono/unityjit'
Mono config path = 'C:/Program Files/Unity/Hub/Editor/2020.3.23f1/Editor/Data/MonoBleedingEdge/etc'
Using monoOptions --debugger-agent=transport=dt_socket,embedding=1,server=y,suspend=n,address=127.0.0.1:56592
Begin MonoManager ReloadAssembly
Registering precompiled unity dll's ...
Register platform support module: C:/Program Files/Unity/Hub/Editor/2020.3.23f1/Editor/Data/PlaybackEngines/WindowsStandaloneSupport/UnityEditor.WindowsStandalone.Extensions.dll
Registered in 0.001569 seconds.
Native extension for WindowsStandalone target not found
Refreshing native plugins compatible for Editor in 31.80 ms, found 2 plugins.
Preloading 0 native plugins for Editor in 0.00 ms.
Mono: successfully reloaded assembly
- Completed reload, in  0.486 seconds
Domain Reload Profiling:
	ReloadAssembly (487ms)
		BeginReloadAssembly (46ms)
			ExecutionOrderSort (0ms)
			DisableScriptedObjects (0ms)
			BackupInstance (0ms)
			ReleaseScriptingObjects (0ms)
			CreateAndSetChildDomain (1ms)
		EndReloadAssembly (380ms)
			LoadAssemblies (44ms)
			RebuildTransferFunctionScriptingTraits (0ms)
			SetupTypeCache (126ms)
			ReleaseScriptCaches (0ms)
			RebuildScriptCaches (27ms)
			SetupLoadedEditorAssemblies (143ms)
				LogAssemblyErrors (0ms)
				InitializePlatformSupportModulesInManaged (4ms)
				SetLoadedEditorAssemblies (0ms)
				RefreshPlugins (32ms)
				BeforeProcessingInitializeOnLoad (14ms)
				ProcessInitializeOnLoadAttributes (69ms)
				ProcessInitializeOnLoadMethodAttributes (24ms)
				AfterProcessingInitializeOnLoad (0ms)
				EditorAssembliesLoaded (0ms)
			ExecutionOrderSort2 (0ms)
			AwakeInstancesAfterBackupRestoration (0ms)
Platform modules already initialized, skipping
Registering precompiled user dll's ...
Registered in 0.003988 seconds.
Begin MonoManager ReloadAssembly
Native extension for WindowsStandalone target not found
Refreshing native plugins compatible for Editor in 0.35 ms, found 2 plugins.
Preloading 0 native plugins for Editor in 0.00 ms.
Mono: successfully reloaded assembly
- Completed reload, in  0.871 seconds
Domain Reload Profiling:
	ReloadAssembly (871ms)
		BeginReloadAssembly (120ms)
			ExecutionOrderSort (0ms)
			DisableScriptedObjects (4ms)
			BackupInstance (0ms)
			ReleaseScriptingObjects (0ms)
			CreateAndSetChildDomain (15ms)
		EndReloadAssembly (698ms)
			LoadAssemblies (72ms)
			RebuildTransferFunctionScriptingTraits (0ms)
			SetupTypeCache (236ms)
			ReleaseScriptCaches (0ms)
			RebuildScriptCaches (40ms)
			SetupLoadedEditorAssemblies (268ms)
				LogAssemblyErrors (0ms)
				InitializePlatformSupportModulesInManaged (4ms)
				SetLoadedEditorAssemblies (1ms)
				RefreshPlugins (0ms)
				BeforeProcessingInitializeOnLoad (71ms)
				ProcessInitializeOnLoadAttributes (179ms)
				ProcessInitializeOnLoadMethodAttributes (8ms)
				AfterProcessingInitializeOnLoad (5ms)
				EditorAssembliesLoaded (0ms)
			ExecutionOrderSort2 (0ms)
			AwakeInstancesAfterBackupRestoration (6ms)
Platform modules already initialized, skipping
========================================================================
Worker process is ready to serve import requests
Launched and connected shader compiler UnityShaderCompiler.exe after 0.03 seconds
Refreshing native plugins compatible for Editor in 0.37 ms, found 2 plugins.
Preloading 0 native plugins for Editor in 0.00 ms.
Unloading 1672 Unused Serialized files (Serialized files now loaded: 0)
System memory in use before: 75.1 MB.
System memory in use after: 75.2 MB.

Unloading 21 unused Assets to reduce memory usage. Loaded Objects now: 2109.
Total: 2.319200 ms (FindLiveObjects: 0.147200 ms CreateObjectMapping: 0.054600 ms MarkObjects: 2.069400 ms  DeleteObjects: 0.047000 ms)

AssetImportParameters requested are different than current active one (requested -> active):
  custom:framework-win-MediaFoundation: 216162199b28c13a410421893ffa2e32 -> 
  custom:video-decoder-ogg-theora: a1e56fd34408186e4bbccfd4996cb3dc -> 
  custom:container-muxer-webm: aa71ff27fc2769a1b78a27578f13a17b -> 
  custom:container-demuxer-webm: 4f35f7cbe854078d1ac9338744f61a02 -> 
  custom:container-demuxer-ogg: 62fdf1f143b41e24485cea50d1cbac27 -> 
  custom:video-encoder-webm-vp8: eb34c28f22e8b96e1ab97ce403110664 -> 
  custom:video-decoder-webm-vp8: 9c59270c3fd7afecdb556c50c9e8de78 -> 
  custom:audio-decoder-ogg-vorbis: bf7c407c2cedff20999df2af8eb42d56 -> 
  custom:audio-encoder-webm-vorbis: bf7c407c2cedff20999df2af8eb42d56 -> 
========================================================================
Received Import Request.
  path: Assets/Scripts
  artifactKey: Guid(1cbb9e956765ec64f8060b69c82184e8) Importer(815301076,1909f56bfc062723c751e8b465ee728b)
Start importing Assets/Scripts using Guid(1cbb9e956765ec64f8060b69c82184e8) Importer(815301076,1909f56bfc062723c751e8b465ee728b)  -> (artifact id: 'ee163037542c3cc5a1408319ae9ffee8') in 0.006720 seconds 
  Import took 0.008952 seconds .

========================================================================
Received Import Request.
  Time since last request: 1.702354 seconds.
  path: Assets/Scripts/DialogOpen.cs
  artifactKey: Guid(f1daff06c40bc3a4380123be1f141ad3) Importer(815301076,1909f56bfc062723c751e8b465ee728b)
Start importing Assets/Scripts/DialogOpen.cs using Guid(f1daff06c40bc3a4380123be1f141ad3) Importer(815301076,1909f56bfc062723c751e8b465ee728b)  -> (artifact id: '4ce44dbd49b8297791af4513eb75ec86') in 0.015155 seconds 
  Import took 0.017463 seconds .

========================================================================
Received Import Request.
  Time since last request: 46.660313 seconds.
  path: Assets/JMO Assets/Cartoon FX/Demo/Assets/CFX_Demo_RotateCamera.cs
  artifactKey: Guid(f71e90e62dfae594490eb4d9b611f930) Importer(815301076,1909f56bfc062723c751e8b465ee728b)
Start importing Assets/JMO Assets/Cartoon FX/Demo/Assets/CFX_Demo_RotateCamera.cs using Guid(f71e90e62dfae594490eb4d9b611f930) Importer(815301076,1909f56bfc062723c751e8b465ee728b)  -> (artifact id: 'c768b1dea453b2427c16edd37dfb5951') in 0.007040 seconds 
  Import took 0.011470 seconds .

========================================================================
Received Import Request.
  Time since last request: 0.003019 seconds.
  path: Assets/Scripts/CoinAnimate.cs
  artifactKey: Guid(036db81d483b1e849a3f64ed9257f062) Importer(815301076,1909f56bfc062723c751e8b465ee728b)
Start importing Assets/Scripts/CoinAnimate.cs using Guid(036db81d483b1e849a3f64ed9257f062) Importer(815301076,1909f56bfc062723c751e8b465ee728b)  -> (artifact id: '6dbe64ce3630427883ab14e1668987fd') in 0.007379 seconds 
  Import took 0.010148 seconds .

========================================================================
Received Import Request.
  Time since last request: 0.005733 seconds.
  path: Assets/JMO Assets/Cartoon FX/Demo/Assets/CFX_Demo_Translate.cs
  artifactKey: Guid(1e42ac40a6fba2e4d94a0070ef45cea1) Importer(815301076,1909f56bfc062723c751e8b465ee728b)
Start importing Assets/JMO Assets/Cartoon FX/Demo/Assets/CFX_Demo_Translate.cs using Guid(1e42ac40a6fba2e4d94a0070ef45cea1) Importer(815301076,1909f56bfc062723c751e8b465ee728b)  -> (artifact id: '3be29ec6a55dc7b24697a7dff2dc366f') in 0.007766 seconds 
  Import took 0.010805 seconds .

========================================================================
Received Import Request.
  Time since last request: 0.054096 seconds.
  path: Assets/JMO Assets/Cartoon FX/Scripts/CFX_AutoRotate.cs
  artifactKey: Guid(b78c1ba9facacbd48b8e1d9a4fb3ee0d) Importer(815301076,1909f56bfc062723c751e8b465ee728b)
Start importing Assets/JMO Assets/Cartoon FX/Scripts/CFX_AutoRotate.cs using Guid(b78c1ba9facacbd48b8e1d9a4fb3ee0d) Importer(815301076,1909f56bfc062723c751e8b465ee728b)  -> (artifact id: 'bcc226afa294f971ea8fce25be6f9e01') in 0.005151 seconds 
  Import took 0.008822 seconds .

========================================================================
Received Import Request.
  Time since last request: 0.004606 seconds.
  path: Assets/JMO Assets/Cartoon FX/Demo/Assets/CFX_Demo_RandomDir.cs
  artifactKey: Guid(27666076fd6e86245aa62dfd9e943d6c) Importer(815301076,1909f56bfc062723c751e8b465ee728b)
Start importing Assets/JMO Assets/Cartoon FX/Demo/Assets/CFX_Demo_RandomDir.cs using Guid(27666076fd6e86245aa62dfd9e943d6c) Importer(815301076,1909f56bfc062723c751e8b465ee728b)  -> (artifact id: 'f87038ed6985ec7cb8a6dc4363651a05') in 0.004527 seconds 
  Import took 0.006784 seconds .

========================================================================
Received Import Request.
  Time since last request: 0.003989 seconds.
  path: Assets/Scripts/ClonePrefab.cs
  artifactKey: Guid(04af56c83a41f244f9347734308edfb9) Importer(815301076,1909f56bfc062723c751e8b465ee728b)
Start importing Assets/Scripts/ClonePrefab.cs using Guid(04af56c83a41f244f9347734308edfb9) Importer(815301076,1909f56bfc062723c751e8b465ee728b)  -> (artifact id: '820d72542866d7080e9d9c7cf25a99c5') in 0.004041 seconds 
  Import took 0.006239 seconds .

========================================================================
Received Import Request.
  Time since last request: 0.008553 seconds.
  path: Assets/JMO Assets/Cartoon FX/Demo/Assets/CFX_Demo_New.cs
  artifactKey: Guid(8b17383a625e88348a99a6eeef772d40) Importer(815301076,1909f56bfc062723c751e8b465ee728b)
Start importing Assets/JMO Assets/Cartoon FX/Demo/Assets/CFX_Demo_New.cs using Guid(8b17383a625e88348a99a6eeef772d40) Importer(815301076,1909f56bfc062723c751e8b465ee728b)  -> (artifact id: 'b7eef1c386901790e93808f59204586f') in 0.004108 seconds 
  Import took 0.006295 seconds .

========================================================================
Received Import Request.
  Time since last request: 0.012107 seconds.
  path: Assets/Scripts/InterfaceManager.cs
  artifactKey: Guid(2942cf40d9a3ae14c8f30b81a2aebac6) Importer(815301076,1909f56bfc062723c751e8b465ee728b)
Start importing Assets/Scripts/InterfaceManager.cs using Guid(2942cf40d9a3ae14c8f30b81a2aebac6) Importer(815301076,1909f56bfc062723c751e8b465ee728b)  -> (artifact id: '680e1189afc1557d9ab84c25efb23b3b') in 0.001379 seconds 
  Import took 0.003532 seconds .

========================================================================
Received Import Request.
  Time since last request: 0.007806 seconds.
  path: Assets/JMO Assets/Cartoon FX/Scripts/CFX_LightFlicker.cs
  artifactKey: Guid(74eb290077a495b4f8489f895b2cc599) Importer(815301076,1909f56bfc062723c751e8b465ee728b)
Start importing Assets/JMO Assets/Cartoon FX/Scripts/CFX_LightFlicker.cs using Guid(74eb290077a495b4f8489f895b2cc599) Importer(815301076,1909f56bfc062723c751e8b465ee728b)  -> (artifact id: 'd7dd1678ac36621e6a4633b3bbb05072') in 0.004273 seconds 
  Import took 0.006495 seconds .

========================================================================
Received Import Request.
  Time since last request: 0.004070 seconds.
  path: Assets/Scripts/FallingLeaves.cs
  artifactKey: Guid(344e34275d5c7104e8c6ea93ea32a77b) Importer(815301076,1909f56bfc062723c751e8b465ee728b)
Start importing Assets/Scripts/FallingLeaves.cs using Guid(344e34275d5c7104e8c6ea93ea32a77b) Importer(815301076,1909f56bfc062723c751e8b465ee728b)  -> (artifact id: 'e293790c338bd6bbd3f2c5f21889a3e1') in 0.004240 seconds 
  Import took 0.006435 seconds .

========================================================================
Received Import Request.
  Time since last request: 0.004153 seconds.
  path: Assets/Scripts/Jump.cs
  artifactKey: Guid(67d8f41f421b4fa47af40482b4686387) Importer(815301076,1909f56bfc062723c751e8b465ee728b)
Start importing Assets/Scripts/Jump.cs using Guid(67d8f41f421b4fa47af40482b4686387) Importer(815301076,1909f56bfc062723c751e8b465ee728b)  -> (artifact id: 'd155f61b2704f5e62983c947a34bef92') in 0.004250 seconds 
  Import took 0.006408 seconds .

========================================================================
Received Import Request.
  Time since last request: 0.004018 seconds.
  path: Assets/Scripts/AnimateMovement.cs
  artifactKey: Guid(6a3d3b23043ad9949a7224d4e64ca0b2) Importer(815301076,1909f56bfc062723c751e8b465ee728b)
Start importing Assets/Scripts/AnimateMovement.cs using Guid(6a3d3b23043ad9949a7224d4e64ca0b2) Importer(815301076,1909f56bfc062723c751e8b465ee728b)  -> (artifact id: 'ea2492c754014d40d9736e1957057429') in 0.004135 seconds 
  Import took 0.006316 seconds .

========================================================================
Received Import Request.
  Time since last request: 0.011673 seconds.
  path: Assets/JMO Assets/Cartoon FX/Demo/Assets/CFX_Demo_RandomDirectionTranslate.cs
  artifactKey: Guid(83982eed39974834bada258fbddd1e72) Importer(815301076,1909f56bfc062723c751e8b465ee728b)
Start importing Assets/JMO Assets/Cartoon FX/Demo/Assets/CFX_Demo_RandomDirectionTranslate.cs using Guid(83982eed39974834bada258fbddd1e72) Importer(815301076,1909f56bfc062723c751e8b465ee728b)  -> (artifact id: '48c5e62bf847cd9630ae0c6b2abe91bd') in 0.004302 seconds 
  Import took 0.006496 seconds .

========================================================================
Received Import Request.
  Time since last request: 0.004082 seconds.
  path: Assets/JMO Assets/Cartoon FX/Scripts/CFX_AutoDestructShuriken.cs
  artifactKey: Guid(6fd2e8874f60266498a388d7229a1bac) Importer(815301076,1909f56bfc062723c751e8b465ee728b)
Start importing Assets/JMO Assets/Cartoon FX/Scripts/CFX_AutoDestructShuriken.cs using Guid(6fd2e8874f60266498a388d7229a1bac) Importer(815301076,1909f56bfc062723c751e8b465ee728b)  -> (artifact id: 'a2e695580dbd76513e58c70e22e1cd7a') in 0.004330 seconds 
  Import took 0.006571 seconds .

========================================================================
Received Import Request.
  Time since last request: 0.004010 seconds.
  path: Assets/JMO Assets/Cartoon FX/Scripts/CFX_LightIntensityFade.cs
  artifactKey: Guid(c2255468ea97f384a9ebbb13e497e050) Importer(815301076,1909f56bfc062723c751e8b465ee728b)
Start importing Assets/JMO Assets/Cartoon FX/Scripts/CFX_LightIntensityFade.cs using Guid(c2255468ea97f384a9ebbb13e497e050) Importer(815301076,1909f56bfc062723c751e8b465ee728b)  -> (artifact id: 'b3b9cb8bdcfcda405ab42ef53badf281') in 0.004104 seconds 
  Import took 0.006289 seconds .

========================================================================
Received Import Request.
  Time since last request: 0.008217 seconds.
  path: Assets/Scripts/AvatarAppearance.cs
  artifactKey: Guid(68efbd3772237f7459fc6b420df60901) Importer(815301076,1909f56bfc062723c751e8b465ee728b)
Start importing Assets/Scripts/AvatarAppearance.cs using Guid(68efbd3772237f7459fc6b420df60901) Importer(815301076,1909f56bfc062723c751e8b465ee728b)  -> (artifact id: '5881d1fa768ef903cb0151cbf47e22ce') in 0.004124 seconds 
  Import took 0.006323 seconds .

========================================================================
Received Import Request.
  Time since last request: 0.004492 seconds.
  path: Assets/JMO Assets/Editor/JMOAssets_CartoonFXFreeWelcome.dll
  artifactKey: Guid(e0fd66b536db819448c4cc1cf0c1d697) Importer(815301076,1909f56bfc062723c751e8b465ee728b)
Start importing Assets/JMO Assets/Editor/JMOAssets_CartoonFXFreeWelcome.dll using Guid(e0fd66b536db819448c4cc1cf0c1d697) Importer(815301076,1909f56bfc062723c751e8b465ee728b)  -> (artifact id: 'bc03d2b1b44195f92b03d713054ad511') in 0.009506 seconds 
  Import took 0.011770 seconds .

========================================================================
Received Import Request.
  Time since last request: 0.003944 seconds.
  path: Assets/JMO Assets/Cartoon FX/Demo/Assets/CFX_AutoStopLoopedEffect.cs
  artifactKey: Guid(d9c4e89389fa607479b0744ec6611490) Importer(815301076,1909f56bfc062723c751e8b465ee728b)
Start importing Assets/JMO Assets/Cartoon FX/Demo/Assets/CFX_AutoStopLoopedEffect.cs using Guid(d9c4e89389fa607479b0744ec6611490) Importer(815301076,1909f56bfc062723c751e8b465ee728b)  -> (artifact id: 'd1cc5f50af43ff625475823fd9d4662a') in 0.004349 seconds 
  Import took 0.006609 seconds .

========================================================================
Received Import Request.
  Time since last request: 0.003980 seconds.
  path: Assets/JMO Assets/Cartoon FX Easy Editor/Editor/CFXEasyEditor.cs
  artifactKey: Guid(d56b3c7055d81cb44803b5d7db4b65e0) Importer(815301076,1909f56bfc062723c751e8b465ee728b)
Start importing Assets/JMO Assets/Cartoon FX Easy Editor/Editor/CFXEasyEditor.cs using Guid(d56b3c7055d81cb44803b5d7db4b65e0) Importer(815301076,1909f56bfc062723c751e8b465ee728b)  -> (artifact id: '8f86293b13e141819ec43e3e991b6a4f') in 0.004425 seconds 
  Import took 0.006635 seconds .

========================================================================
Received Import Request.
  Time since last request: 0.007353 seconds.
  path: Assets/Scripts/Movement.cs
  artifactKey: Guid(c22efc2fca1c7ad4f89183c00c88dec1) Importer(815301076,1909f56bfc062723c751e8b465ee728b)
Start importing Assets/Scripts/Movement.cs using Guid(c22efc2fca1c7ad4f89183c00c88dec1) Importer(815301076,1909f56bfc062723c751e8b465ee728b)  -> (artifact id: '889b01aaaf2c28f1a31b556b6504c1b3') in 0.004263 seconds 
  Import took 0.006508 seconds .

AssetImportWorkerClient::OnTransportError - code=2 error=End of file
