Using pre-set license
Built from '2020.3/staging' branch; Version is '2020.3.23f1 (c5d91304a876) revision 12966163'; Using compiler version '192528614'; Build Type 'Release'
OS: 'Windows 10 Home; OS build 19044.1645; Version 2009; 64bit' Language: 'en' Physical Memory: 8013 MB
BatchMode: 1, IsHumanControllingUs: 0, StartBugReporterOnCrash: 0, Is64bit: 1, IsPro: 0

COMMAND LINE ARGUMENTS:
C:\Program Files\Unity\Hub\Editor\2020.3.23f1\Editor\Unity.exe
-adb2
-batchMode
-noUpm
-name
AssetImportWorker0
-projectPath
C:/Users/Code Ninjas Markham/Documents/Tyler-Lin-Purple/Find The Exit-TL
-logFile
Logs/AssetImportWorker0.log
-srvPort
52193
Successfully changed project path to: C:/Users/Code Ninjas Markham/Documents/Tyler-Lin-Purple/Find The Exit-TL
C:/Users/Code Ninjas Markham/Documents/Tyler-Lin-Purple/Find The Exit-TL
Using Asset Import Pipeline V2.
Refreshing native plugins compatible for Editor in 29.26 ms, found 2 plugins.
Preloading 0 native plugins for Editor in 0.00 ms.
Initialize engine version: 2020.3.23f1 (c5d91304a876)
[Subsystems] Discovering subsystems at path C:/Program Files/Unity/Hub/Editor/2020.3.23f1/Editor/Data/Resources/UnitySubsystems
[Subsystems] Discovering subsystems at path C:/Users/Code Ninjas Markham/Documents/Tyler-Lin-Purple/Find The Exit-TL/Assets
GfxDevice: creating device client; threaded=0
Direct3D:
    Version:  Direct3D 11.0 [level 11.1]
    Renderer: NVIDIA GeForce GTX 1650 with Max-Q Design (ID=0x1f9d)
    Vendor:   
    VRAM:     3962 MB
    Driver:   27.21.14.6221
Initialize mono
Mono path[0] = 'C:/Program Files/Unity/Hub/Editor/2020.3.23f1/Editor/Data/Managed'
Mono path[1] = 'C:/Program Files/Unity/Hub/Editor/2020.3.23f1/Editor/Data/MonoBleedingEdge/lib/mono/unityjit'
Mono config path = 'C:/Program Files/Unity/Hub/Editor/2020.3.23f1/Editor/Data/MonoBleedingEdge/etc'
Using monoOptions --debugger-agent=transport=dt_socket,embedding=1,server=y,suspend=n,address=127.0.0.1:56700
Begin MonoManager ReloadAssembly
Registering precompiled unity dll's ...
Register platform support module: C:/Program Files/Unity/Hub/Editor/2020.3.23f1/Editor/Data/PlaybackEngines/WindowsStandaloneSupport/UnityEditor.WindowsStandalone.Extensions.dll
Registered in 0.001632 seconds.
Native extension for WindowsStandalone target not found
Refreshing native plugins compatible for Editor in 27.43 ms, found 2 plugins.
Preloading 0 native plugins for Editor in 0.00 ms.
Mono: successfully reloaded assembly
- Completed reload, in  0.476 seconds
Domain Reload Profiling:
	ReloadAssembly (476ms)
		BeginReloadAssembly (45ms)
			ExecutionOrderSort (0ms)
			DisableScriptedObjects (0ms)
			BackupInstance (0ms)
			ReleaseScriptingObjects (0ms)
			CreateAndSetChildDomain (1ms)
		EndReloadAssembly (369ms)
			LoadAssemblies (43ms)
			RebuildTransferFunctionScriptingTraits (0ms)
			SetupTypeCache (124ms)
			ReleaseScriptCaches (0ms)
			RebuildScriptCaches (25ms)
			SetupLoadedEditorAssemblies (137ms)
				LogAssemblyErrors (0ms)
				InitializePlatformSupportModulesInManaged (3ms)
				SetLoadedEditorAssemblies (0ms)
				RefreshPlugins (27ms)
				BeforeProcessingInitializeOnLoad (14ms)
				ProcessInitializeOnLoadAttributes (68ms)
				ProcessInitializeOnLoadMethodAttributes (24ms)
				AfterProcessingInitializeOnLoad (0ms)
				EditorAssembliesLoaded (0ms)
			ExecutionOrderSort2 (0ms)
			AwakeInstancesAfterBackupRestoration (0ms)
Platform modules already initialized, skipping
Registering precompiled user dll's ...
Registered in 0.003561 seconds.
Begin MonoManager ReloadAssembly
Native extension for WindowsStandalone target not found
Refreshing native plugins compatible for Editor in 0.34 ms, found 2 plugins.
Preloading 0 native plugins for Editor in 0.00 ms.
Mono: successfully reloaded assembly
- Completed reload, in  0.859 seconds
Domain Reload Profiling:
	ReloadAssembly (859ms)
		BeginReloadAssembly (122ms)
			ExecutionOrderSort (0ms)
			DisableScriptedObjects (4ms)
			BackupInstance (0ms)
			ReleaseScriptingObjects (0ms)
			CreateAndSetChildDomain (16ms)
		EndReloadAssembly (684ms)
			LoadAssemblies (72ms)
			RebuildTransferFunctionScriptingTraits (0ms)
			SetupTypeCache (235ms)
			ReleaseScriptCaches (0ms)
			RebuildScriptCaches (39ms)
			SetupLoadedEditorAssemblies (261ms)
				LogAssemblyErrors (0ms)
				InitializePlatformSupportModulesInManaged (4ms)
				SetLoadedEditorAssemblies (0ms)
				RefreshPlugins (0ms)
				BeforeProcessingInitializeOnLoad (67ms)
				ProcessInitializeOnLoadAttributes (177ms)
				ProcessInitializeOnLoadMethodAttributes (8ms)
				AfterProcessingInitializeOnLoad (5ms)
				EditorAssembliesLoaded (0ms)
			ExecutionOrderSort2 (0ms)
			AwakeInstancesAfterBackupRestoration (5ms)
Platform modules already initialized, skipping
========================================================================
Worker process is ready to serve import requests
Launched and connected shader compiler UnityShaderCompiler.exe after 0.05 seconds
Refreshing native plugins compatible for Editor in 0.34 ms, found 2 plugins.
Preloading 0 native plugins for Editor in 0.00 ms.
Unloading 1654 Unused Serialized files (Serialized files now loaded: 0)
System memory in use before: 74.1 MB.
System memory in use after: 74.2 MB.

Unloading 20 unused Assets to reduce memory usage. Loaded Objects now: 2091.
Total: 2.374400 ms (FindLiveObjects: 0.154100 ms CreateObjectMapping: 0.058400 ms MarkObjects: 2.111000 ms  DeleteObjects: 0.049900 ms)

AssetImportParameters requested are different than current active one (requested -> active):
  custom:framework-win-MediaFoundation: 216162199b28c13a410421893ffa2e32 -> 
  custom:video-decoder-ogg-theora: a1e56fd34408186e4bbccfd4996cb3dc -> 
  custom:container-muxer-webm: aa71ff27fc2769a1b78a27578f13a17b -> 
  custom:container-demuxer-webm: 4f35f7cbe854078d1ac9338744f61a02 -> 
  custom:container-demuxer-ogg: 62fdf1f143b41e24485cea50d1cbac27 -> 
  custom:video-encoder-webm-vp8: eb34c28f22e8b96e1ab97ce403110664 -> 
  custom:video-decoder-webm-vp8: 9c59270c3fd7afecdb556c50c9e8de78 -> 
  custom:audio-decoder-ogg-vorbis: bf7c407c2cedff20999df2af8eb42d56 -> 
  custom:audio-encoder-webm-vorbis: bf7c407c2cedff20999df2af8eb42d56 -> 
========================================================================
Received Import Request.
  path: Assets/Materials/Codey.mat
  artifactKey: Guid(21f49ebcdc6a517468f34e74c0c814d0) Importer(815301076,1909f56bfc062723c751e8b465ee728b)
Start importing Assets/Materials/Codey.mat using Guid(21f49ebcdc6a517468f34e74c0c814d0) Importer(815301076,1909f56bfc062723c751e8b465ee728b)  -> (artifact id: 'c7838651cea7f6d933d0a2e1942aa5f7') in 0.104261 seconds 
  Import took 0.106660 seconds .

========================================================================
Received Import Request.
  Time since last request: 0.002431 seconds.
  path: Assets/Materials/brick.mat
  artifactKey: Guid(7c9be04cfc1f1404eab96470a123529b) Importer(815301076,1909f56bfc062723c751e8b465ee728b)
Start importing Assets/Materials/brick.mat using Guid(7c9be04cfc1f1404eab96470a123529b) Importer(815301076,1909f56bfc062723c751e8b465ee728b)  -> (artifact id: '06e2eee1200498771948b1af887ae404') in 0.017937 seconds 
  Import took 0.020507 seconds .

========================================================================
Received Import Request.
  Time since last request: 0.002443 seconds.
  path: Assets/FX/JMO Assets/Materials/CFX_Star Add.mat
  artifactKey: Guid(28bd8c3c14d3f214da37557b91e0fa5d) Importer(815301076,1909f56bfc062723c751e8b465ee728b)
Start importing Assets/FX/JMO Assets/Materials/CFX_Star Add.mat using Guid(28bd8c3c14d3f214da37557b91e0fa5d) Importer(815301076,1909f56bfc062723c751e8b465ee728b)  -> (artifact id: '16c6115770d2137225ae45fac7290563') in 0.009403 seconds 
  Import took 0.012137 seconds .

========================================================================
Received Import Request.
  Time since last request: 0.027986 seconds.
  path: Assets/ProveYourself/FX/hitWall.prefab
  artifactKey: Guid(9ca4cf61ec45f694ba748fd799e7607f) Importer(815301076,1909f56bfc062723c751e8b465ee728b)
Start importing Assets/ProveYourself/FX/hitWall.prefab using Guid(9ca4cf61ec45f694ba748fd799e7607f) Importer(815301076,1909f56bfc062723c751e8b465ee728b)  -> (artifact id: 'daae49c4aa76953f13c8671035f8fbf7') in 0.026073 seconds 
  Import took 0.030759 seconds .

========================================================================
Received Import Request.
  Time since last request: 0.010269 seconds.
  path: Assets/Materials/CodeyTexture.jpg
  artifactKey: Guid(b3b0e444b4e2b1342a1ba4615b0b97fa) Importer(815301076,1909f56bfc062723c751e8b465ee728b)
Start importing Assets/Materials/CodeyTexture.jpg using Guid(b3b0e444b4e2b1342a1ba4615b0b97fa) Importer(815301076,1909f56bfc062723c751e8b465ee728b)  -> (artifact id: '00db91799f4f4056f4a730d5045b7028') in 0.058937 seconds 
  Import took 0.062125 seconds .

========================================================================
Received Import Request.
  Time since last request: 0.004964 seconds.
  path: Assets/Models/castleWall-long.fbx
  artifactKey: Guid(c15aea4a3030755499caa82746d6cb46) Importer(815301076,1909f56bfc062723c751e8b465ee728b)
Start importing Assets/Models/castleWall-long.fbx using Guid(c15aea4a3030755499caa82746d6cb46) Importer(815301076,1909f56bfc062723c751e8b465ee728b)  -> (artifact id: 'cee358c31aee4f310c54d876ce9966ba') in 0.227337 seconds 
  Import took 0.229907 seconds .

========================================================================
Received Import Request.
  Time since last request: 0.003017 seconds.
  path: Assets/Prefabs
  artifactKey: Guid(3ec49ee9e35fa2b4cbf41c270b2d2db5) Importer(815301076,1909f56bfc062723c751e8b465ee728b)
Start importing Assets/Prefabs using Guid(3ec49ee9e35fa2b4cbf41c270b2d2db5) Importer(815301076,1909f56bfc062723c751e8b465ee728b)  -> (artifact id: '8776f19a96a9908d71b80eccb69cf95b') in 0.004506 seconds 
  Import took 0.006998 seconds .

========================================================================
Received Import Request.
  Time since last request: 0.004827 seconds.
  path: Assets/Animations/Codey@idelPose.fbx
  artifactKey: Guid(e6ee5e2b4f423f84c8b0e4a087bed79b) Importer(815301076,1909f56bfc062723c751e8b465ee728b)
Start importing Assets/Animations/Codey@idelPose.fbx using Guid(e6ee5e2b4f423f84c8b0e4a087bed79b) Importer(815301076,1909f56bfc062723c751e8b465ee728b)  -> (artifact id: 'a028e5896591aa8f944c37a57c8e42a0') in 0.009763 seconds 
  Import took 0.012514 seconds .

========================================================================
Received Import Request.
  Time since last request: 0.002749 seconds.
  path: Assets/Models
  artifactKey: Guid(5e44e8b7909f9094b88eafb033aa6269) Importer(815301076,1909f56bfc062723c751e8b465ee728b)
Start importing Assets/Models using Guid(5e44e8b7909f9094b88eafb033aa6269) Importer(815301076,1909f56bfc062723c751e8b465ee728b)  -> (artifact id: '8948f3bc10a89d59e6e8f1f09ff990ed') in 0.003882 seconds 
  Import took 0.006368 seconds .

========================================================================
Received Import Request.
  Time since last request: 0.009505 seconds.
  path: Assets/Prefabs/gem.prefab
  artifactKey: Guid(050efd230c4094246b4f2c6039b362e7) Importer(815301076,1909f56bfc062723c751e8b465ee728b)
Start importing Assets/Prefabs/gem.prefab using Guid(050efd230c4094246b4f2c6039b362e7) Importer(815301076,1909f56bfc062723c751e8b465ee728b)  -> (artifact id: '22103c973656e7e30c06438fab6d9c7d') in 0.075005 seconds 
  Import took 0.078029 seconds .

========================================================================
Received Import Request.
  Time since last request: 0.004470 seconds.
  path: Assets/Materials/sandstone.mat
  artifactKey: Guid(cbb0d6e64be7e194ba35d276d7113443) Importer(815301076,1909f56bfc062723c751e8b465ee728b)
Start importing Assets/Materials/sandstone.mat using Guid(cbb0d6e64be7e194ba35d276d7113443) Importer(815301076,1909f56bfc062723c751e8b465ee728b)  -> (artifact id: '013847897cbad59fe7134807db720fc6') in 0.014043 seconds 
  Import took 0.016573 seconds .

========================================================================
Received Import Request.
  Time since last request: 0.004477 seconds.
  path: Assets/Scenes/SampleScene.unity
  artifactKey: Guid(9fc0d4010bbf28b4594072e72b8655ab) Importer(815301076,1909f56bfc062723c751e8b465ee728b)
Start importing Assets/Scenes/SampleScene.unity using Guid(9fc0d4010bbf28b4594072e72b8655ab) Importer(815301076,1909f56bfc062723c751e8b465ee728b)  -> (artifact id: 'dcc088d1731b590f9572c6f2bab98c6a') in 0.004258 seconds 
  Import took 0.007104 seconds .

========================================================================
Received Import Request.
  Time since last request: 0.004465 seconds.
  path: Assets/Models/Codey.fbx
  artifactKey: Guid(a656d097d5ac93b4cabeb8a33bbe1bca) Importer(815301076,1909f56bfc062723c751e8b465ee728b)
Start importing Assets/Models/Codey.fbx using Guid(a656d097d5ac93b4cabeb8a33bbe1bca) Importer(815301076,1909f56bfc062723c751e8b465ee728b)  -> (artifact id: '891632ae5c060a2d3ba0dd295d3a1845') in 0.040040 seconds 
  Import took 0.042954 seconds .

========================================================================
Received Import Request.
  Time since last request: 0.005458 seconds.
  path: Assets/FX/JMO Assets/Materials/Textures/CFX_T_Anim4_RoundedLines.png
  artifactKey: Guid(7987b6791dff098469332588914e2c84) Importer(815301076,1909f56bfc062723c751e8b465ee728b)
Start importing Assets/FX/JMO Assets/Materials/Textures/CFX_T_Anim4_RoundedLines.png using Guid(7987b6791dff098469332588914e2c84) Importer(815301076,1909f56bfc062723c751e8b465ee728b)  -> (artifact id: '4ded3299d538c77cdbd0857b840335dc') in 0.008993 seconds 
  Import took 0.011496 seconds .

========================================================================
Received Import Request.
  Time since last request: 0.006285 seconds.
  path: Assets/Models/castleTurret.fbx
  artifactKey: Guid(863bc32fd25b7a245aeed002aba5b844) Importer(815301076,1909f56bfc062723c751e8b465ee728b)
Start importing Assets/Models/castleTurret.fbx using Guid(863bc32fd25b7a245aeed002aba5b844) Importer(815301076,1909f56bfc062723c751e8b465ee728b)  -> (artifact id: '9e41926474932f124c05cff3a8436895') in 0.023255 seconds 
  Import took 0.025788 seconds .

========================================================================
Received Import Request.
  Time since last request: 0.007279 seconds.
  path: Assets/Models/castleWall-short.fbx
  artifactKey: Guid(1a3e3b7e3e65ab74b85d4b467c829b59) Importer(815301076,1909f56bfc062723c751e8b465ee728b)
Start importing Assets/Models/castleWall-short.fbx using Guid(1a3e3b7e3e65ab74b85d4b467c829b59) Importer(815301076,1909f56bfc062723c751e8b465ee728b)  -> (artifact id: '4ede417e7b0f214f2c693bfa3f16dea0') in 0.024009 seconds 
  Import took 0.026820 seconds .

========================================================================
Received Import Request.
  Time since last request: 0.009939 seconds.
  path: Assets/FX/JMO Assets/Materials/Textures/CFX_T_Star.tga
  artifactKey: Guid(95b22be2b746dff46a95032d1620aae1) Importer(815301076,1909f56bfc062723c751e8b465ee728b)
Start importing Assets/FX/JMO Assets/Materials/Textures/CFX_T_Star.tga using Guid(95b22be2b746dff46a95032d1620aae1) Importer(815301076,1909f56bfc062723c751e8b465ee728b)  -> (artifact id: '99c0670587e64bb5a59558b809dffcec') in 0.009937 seconds 
  Import took 0.012426 seconds .

========================================================================
Received Import Request.
  Time since last request: 0.005250 seconds.
  path: Assets/FX/JMO Assets
  artifactKey: Guid(794f2779a2e674f4f854bb41b18ddfc0) Importer(815301076,1909f56bfc062723c751e8b465ee728b)
Start importing Assets/FX/JMO Assets using Guid(794f2779a2e674f4f854bb41b18ddfc0) Importer(815301076,1909f56bfc062723c751e8b465ee728b)  -> (artifact id: 'a15e0052652074d1e1da8891aa458ffa') in 0.003943 seconds 
  Import took 0.006449 seconds .

========================================================================
Received Import Request.
  Time since last request: 0.005312 seconds.
  path: Assets/Animations/CodyController.controller
  artifactKey: Guid(61bdb146442ca6943aa108c656c556ff) Importer(815301076,1909f56bfc062723c751e8b465ee728b)
Start importing Assets/Animations/CodyController.controller using Guid(61bdb146442ca6943aa108c656c556ff) Importer(815301076,1909f56bfc062723c751e8b465ee728b)  -> (artifact id: '899c997d9798b829086d44dffb1de752') in 0.009106 seconds 
  Import took 0.011962 seconds .

========================================================================
Received Import Request.
  Time since last request: 0.004045 seconds.
  path: Assets/Scenes
  artifactKey: Guid(291803c61b55cb241b5dc65f0f81db1a) Importer(815301076,1909f56bfc062723c751e8b465ee728b)
Start importing Assets/Scenes using Guid(291803c61b55cb241b5dc65f0f81db1a) Importer(815301076,1909f56bfc062723c751e8b465ee728b)  -> (artifact id: '5a227008ef92c1591ad124cd5b2a40de') in 0.003934 seconds 
  Import took 0.006430 seconds .

========================================================================
Received Import Request.
  Time since last request: 0.003040 seconds.
  path: Assets/Animations
  artifactKey: Guid(1aee99c9d6bfe5e4e88655bbc7f8619a) Importer(815301076,1909f56bfc062723c751e8b465ee728b)
Start importing Assets/Animations using Guid(1aee99c9d6bfe5e4e88655bbc7f8619a) Importer(815301076,1909f56bfc062723c751e8b465ee728b)  -> (artifact id: 'f7b58c356c67a8aca8034f287b2e18a4') in 0.004632 seconds 
  Import took 0.007069 seconds .

========================================================================
Received Import Request.
  Time since last request: 0.004139 seconds.
  path: Assets/FX/JMO Assets/Materials/CFX_Anim_Poof_AddSoft.mat
  artifactKey: Guid(74a6f6cd13c058a43858627e5383715e) Importer(815301076,1909f56bfc062723c751e8b465ee728b)
Start importing Assets/FX/JMO Assets/Materials/CFX_Anim_Poof_AddSoft.mat using Guid(74a6f6cd13c058a43858627e5383715e) Importer(815301076,1909f56bfc062723c751e8b465ee728b)  -> (artifact id: '28900e13a9738d6c066e48966447d49d') in 0.010529 seconds 
  Import took 0.013055 seconds .

========================================================================
Received Import Request.
  Time since last request: 0.004547 seconds.
  path: Assets/FX/JMO Assets/Materials/CFX_Smoke_4frms.mat
  artifactKey: Guid(3217b570b11b257469c5461f0457e5d4) Importer(815301076,1909f56bfc062723c751e8b465ee728b)
Start importing Assets/FX/JMO Assets/Materials/CFX_Smoke_4frms.mat using Guid(3217b570b11b257469c5461f0457e5d4) Importer(815301076,1909f56bfc062723c751e8b465ee728b)  -> (artifact id: 'ea8fa834216c6a0641e06cee459c0610') in 0.010641 seconds 
  Import took 0.013249 seconds .

========================================================================
Received Import Request.
  Time since last request: 0.002991 seconds.
  path: Assets/FX
  artifactKey: Guid(050b89438619ab147a8c3ebe0aaec055) Importer(815301076,1909f56bfc062723c751e8b465ee728b)
Start importing Assets/FX using Guid(050b89438619ab147a8c3ebe0aaec055) Importer(815301076,1909f56bfc062723c751e8b465ee728b)  -> (artifact id: '2c220e8571fb0b089727d4fd7389e34e') in 0.003851 seconds 
  Import took 0.006385 seconds .

========================================================================
Received Import Request.
  Time since last request: 0.003262 seconds.
  path: Assets/FX/JMO Assets/Materials
  artifactKey: Guid(1b2e8b4034e02a44fa55a6d381d7d2f9) Importer(815301076,1909f56bfc062723c751e8b465ee728b)
Start importing Assets/FX/JMO Assets/Materials using Guid(1b2e8b4034e02a44fa55a6d381d7d2f9) Importer(815301076,1909f56bfc062723c751e8b465ee728b)  -> (artifact id: '0922bcdf888e35d1f087c021874fa8c6') in 0.004183 seconds 
  Import took 0.006810 seconds .

========================================================================
Received Import Request.
  Time since last request: 0.004615 seconds.
  path: Assets/FX/JMO Assets/Materials/Textures/CFX_T_Smoke_4Frames.tga
  artifactKey: Guid(3d70761f9ae377945a3aad2a3936df5e) Importer(815301076,1909f56bfc062723c751e8b465ee728b)
Start importing Assets/FX/JMO Assets/Materials/Textures/CFX_T_Smoke_4Frames.tga using Guid(3d70761f9ae377945a3aad2a3936df5e) Importer(815301076,1909f56bfc062723c751e8b465ee728b)  -> (artifact id: '6340ee58be3398719611010de182df5d') in 0.008728 seconds 
  Import took 0.011287 seconds .

========================================================================
Received Import Request.
  Time since last request: 0.004305 seconds.
  path: Assets/ProveYourself/Scripts/Restart.cs
  artifactKey: Guid(151691da88854c54cad511234dcddb85) Importer(815301076,1909f56bfc062723c751e8b465ee728b)
Start importing Assets/ProveYourself/Scripts/Restart.cs using Guid(151691da88854c54cad511234dcddb85) Importer(815301076,1909f56bfc062723c751e8b465ee728b)  -> (artifact id: '199fd890b62048f440a586a94ecb7a3e') in 0.007595 seconds 
  Import took 0.010086 seconds .

========================================================================
Received Import Request.
  Time since last request: 0.004055 seconds.
  path: Assets/Models/castleWall-middle.fbx
  artifactKey: Guid(e57d1c60b513e664d9d93a5aa8fc5473) Importer(815301076,1909f56bfc062723c751e8b465ee728b)
Start importing Assets/Models/castleWall-middle.fbx using Guid(e57d1c60b513e664d9d93a5aa8fc5473) Importer(815301076,1909f56bfc062723c751e8b465ee728b)  -> (artifact id: '58cd17a865dea2f9b9c9b2e1f067c372') in 0.022023 seconds 
  Import took 0.024538 seconds .

========================================================================
Received Import Request.
  Time since last request: 0.005414 seconds.
  path: Assets/Scripts/Animation.cs
  artifactKey: Guid(a67102701437a7d40a6211c9bd178167) Importer(815301076,1909f56bfc062723c751e8b465ee728b)
Start importing Assets/Scripts/Animation.cs using Guid(a67102701437a7d40a6211c9bd178167) Importer(815301076,1909f56bfc062723c751e8b465ee728b)  -> (artifact id: '2a47e0147279defc1971cd9cf879dea5') in 0.003912 seconds 
  Import took 0.006272 seconds .

========================================================================
Received Import Request.
  Time since last request: 0.005499 seconds.
  path: Assets/FX/JMO Assets/Materials/CFX_YellowStar.mat
  artifactKey: Guid(26c880ce3c053d04982d2c8e435fdb95) Importer(815301076,1909f56bfc062723c751e8b465ee728b)
Start importing Assets/FX/JMO Assets/Materials/CFX_YellowStar.mat using Guid(26c880ce3c053d04982d2c8e435fdb95) Importer(815301076,1909f56bfc062723c751e8b465ee728b)  -> (artifact id: '0e2aa58a60a47835532ea65efff1720b') in 0.008582 seconds 
  Import took 0.011293 seconds .

========================================================================
Received Import Request.
  Time since last request: 0.006452 seconds.
  path: Assets/Prefabs/CFX_MagicPoof.prefab
  artifactKey: Guid(3265c07d5c8b9064792b752e584fbe35) Importer(815301076,1909f56bfc062723c751e8b465ee728b)
Start importing Assets/Prefabs/CFX_MagicPoof.prefab using Guid(3265c07d5c8b9064792b752e584fbe35) Importer(815301076,1909f56bfc062723c751e8b465ee728b)  -> (artifact id: '5846c6ade39d11f4d86980c5c6fa07d6') in 0.015526 seconds 
  Import took 0.018724 seconds .

========================================================================
Received Import Request.
  Time since last request: 0.004637 seconds.
  path: Assets/Scenes/FindTheExit.unity
  artifactKey: Guid(22c8553cd79e40b4c910741a9340f4c6) Importer(815301076,1909f56bfc062723c751e8b465ee728b)
Start importing Assets/Scenes/FindTheExit.unity using Guid(22c8553cd79e40b4c910741a9340f4c6) Importer(815301076,1909f56bfc062723c751e8b465ee728b)  -> (artifact id: '94766983415f8e59cbe7aa7349000228') in 0.004417 seconds 
  Import took 0.007818 seconds .

========================================================================
Received Import Request.
  Time since last request: 0.003428 seconds.
  path: Assets/Scripts
  artifactKey: Guid(3233c9263bc718b48b0b538347880bc2) Importer(815301076,1909f56bfc062723c751e8b465ee728b)
Start importing Assets/Scripts using Guid(3233c9263bc718b48b0b538347880bc2) Importer(815301076,1909f56bfc062723c751e8b465ee728b)  -> (artifact id: '446f56c048d4a995b10e53d16cf5a739') in 0.001303 seconds 
  Import took 0.003702 seconds .

========================================================================
Received Import Request.
  Time since last request: 0.004573 seconds.
  path: Assets/FX/JMO Assets/CFX_MagicPoof.prefab
  artifactKey: Guid(a40b64bf23366dc42a892af2c6ff6140) Importer(815301076,1909f56bfc062723c751e8b465ee728b)
Start importing Assets/FX/JMO Assets/CFX_MagicPoof.prefab using Guid(a40b64bf23366dc42a892af2c6ff6140) Importer(815301076,1909f56bfc062723c751e8b465ee728b)  -> (artifact id: '5e49ee9c1b09e1ef99b84de6313bcbec') in 0.012073 seconds 
  Import took 0.015156 seconds .

========================================================================
Received Import Request.
  Time since last request: 0.002857 seconds.
  path: Assets/Materials
  artifactKey: Guid(4842b02c7e7ca7a4a863002e79edec03) Importer(815301076,1909f56bfc062723c751e8b465ee728b)
Start importing Assets/Materials using Guid(4842b02c7e7ca7a4a863002e79edec03) Importer(815301076,1909f56bfc062723c751e8b465ee728b)  -> (artifact id: '02271ba96799fe13a9530111137629bc') in 0.001798 seconds 
  Import took 0.004871 seconds .

========================================================================
Received Import Request.
  Time since last request: 0.004079 seconds.
  path: Assets/ProveYourself/Scripts/finishParticlePlay.cs
  artifactKey: Guid(43ad623dfeeda1f498d5f662915d983a) Importer(815301076,1909f56bfc062723c751e8b465ee728b)
Start importing Assets/ProveYourself/Scripts/finishParticlePlay.cs using Guid(43ad623dfeeda1f498d5f662915d983a) Importer(815301076,1909f56bfc062723c751e8b465ee728b)  -> (artifact id: 'c99715f6ae3986a7a0e543066f540d99') in 0.003926 seconds 
  Import took 0.006382 seconds .

========================================================================
Received Import Request.
  Time since last request: 0.005158 seconds.
  path: Assets/Scripts/EndGame.cs
  artifactKey: Guid(cce201df2863c484699a245f108f7cd1) Importer(815301076,1909f56bfc062723c751e8b465ee728b)
Start importing Assets/Scripts/EndGame.cs using Guid(cce201df2863c484699a245f108f7cd1) Importer(815301076,1909f56bfc062723c751e8b465ee728b)  -> (artifact id: '3de189b01fd90874cb43c97bf84ebbd8') in 0.004185 seconds 
  Import took 0.007137 seconds .

========================================================================
Received Import Request.
  Time since last request: 0.003921 seconds.
  path: Assets/Scripts/PlayerRotate.cs
  artifactKey: Guid(9995dadd18a4c1c4f9eef0c156198881) Importer(815301076,1909f56bfc062723c751e8b465ee728b)
Start importing Assets/Scripts/PlayerRotate.cs using Guid(9995dadd18a4c1c4f9eef0c156198881) Importer(815301076,1909f56bfc062723c751e8b465ee728b)  -> (artifact id: '2666809a01ea97eec3341f259ffb6935') in 0.004211 seconds 
  Import took 0.006632 seconds .

========================================================================
Received Import Request.
  Time since last request: 0.002697 seconds.
  path: Assets/FX/JMO Assets/Materials/Textures
  artifactKey: Guid(be11574018eb9cc4882e2d9ddb8c7926) Importer(815301076,1909f56bfc062723c751e8b465ee728b)
Start importing Assets/FX/JMO Assets/Materials/Textures using Guid(be11574018eb9cc4882e2d9ddb8c7926) Importer(815301076,1909f56bfc062723c751e8b465ee728b)  -> (artifact id: '03a68b714566d404429ed522f95ddb25') in 0.003860 seconds 
  Import took 0.006301 seconds .

========================================================================
Received Import Request.
  Time since last request: 0.003874 seconds.
  path: Assets/Materials/Sky.mat
  artifactKey: Guid(a3efd15c37e1c4e4fb847f133d23d06d) Importer(815301076,1909f56bfc062723c751e8b465ee728b)
Start importing Assets/Materials/Sky.mat using Guid(a3efd15c37e1c4e4fb847f133d23d06d) Importer(815301076,1909f56bfc062723c751e8b465ee728b)  -> (artifact id: '2387609f8a0a61bf16d2e8343da14949') in 0.010396 seconds 
  Import took 0.013411 seconds .

========================================================================
Received Import Request.
  Time since last request: 0.008013 seconds.
  path: Assets/Materials/Grass.png
  artifactKey: Guid(3c1035af8075ff34bb1e8020eb178a79) Importer(815301076,1909f56bfc062723c751e8b465ee728b)
Start importing Assets/Materials/Grass.png using Guid(3c1035af8075ff34bb1e8020eb178a79) Importer(815301076,1909f56bfc062723c751e8b465ee728b)  -> (artifact id: '42171ebb4c0a3956a1880046bfbacd85') in 0.010920 seconds 
  Import took 0.014343 seconds .

========================================================================
Received Import Request.
  Time since last request: 0.004730 seconds.
  path: Assets/Scripts/CamFollow.cs
  artifactKey: Guid(e60137c32b7dbf74a9077c6010a53f3f) Importer(815301076,1909f56bfc062723c751e8b465ee728b)
Start importing Assets/Scripts/CamFollow.cs using Guid(e60137c32b7dbf74a9077c6010a53f3f) Importer(815301076,1909f56bfc062723c751e8b465ee728b)  -> (artifact id: '8e90772349628f9d26eead5683a41814') in 0.004111 seconds 
  Import took 0.006678 seconds .

========================================================================
Received Import Request.
  Time since last request: 0.008717 seconds.
  path: Assets/Materials/blocks.png
  artifactKey: Guid(5d1930178b18e3d40a86dfbc72c6dbb5) Importer(815301076,1909f56bfc062723c751e8b465ee728b)
Start importing Assets/Materials/blocks.png using Guid(5d1930178b18e3d40a86dfbc72c6dbb5) Importer(815301076,1909f56bfc062723c751e8b465ee728b)  -> (artifact id: '8e300bd00cfd627ecf88d3716f7e590f') in 0.013465 seconds 
  Import took 0.015976 seconds .

========================================================================
Received Import Request.
  Time since last request: 0.004563 seconds.
  path: Assets/FX/JMO Assets/Materials/Textures/CFX_T_Star Add.png
  artifactKey: Guid(df9dab791d4192b4694f9a442f64b18d) Importer(815301076,1909f56bfc062723c751e8b465ee728b)
Start importing Assets/FX/JMO Assets/Materials/Textures/CFX_T_Star Add.png using Guid(df9dab791d4192b4694f9a442f64b18d) Importer(815301076,1909f56bfc062723c751e8b465ee728b)  -> (artifact id: '3c30c51e282e1d1ba6211557a9460211') in 0.007776 seconds 
  Import took 0.010304 seconds .

========================================================================
Received Import Request.
  Time since last request: 0.005827 seconds.
  path: Assets/Materials/grass.mat
  artifactKey: Guid(31ff13618ed5b9f4985d2505d3921702) Importer(815301076,1909f56bfc062723c751e8b465ee728b)
Start importing Assets/Materials/grass.mat using Guid(31ff13618ed5b9f4985d2505d3921702) Importer(815301076,1909f56bfc062723c751e8b465ee728b)  -> (artifact id: '3ec3b38e5f94b0c30068b1e41c02ddfc') in 0.011382 seconds 
  Import took 0.014027 seconds .

========================================================================
Received Import Request.
  Time since last request: 0.002896 seconds.
  path: Assets/ProveYourself/FX
  artifactKey: Guid(4900bb7b5c2655d469545112aab66e31) Importer(815301076,1909f56bfc062723c751e8b465ee728b)
Start importing Assets/ProveYourself/FX using Guid(4900bb7b5c2655d469545112aab66e31) Importer(815301076,1909f56bfc062723c751e8b465ee728b)  -> (artifact id: 'd7abf8261c7c28199eabeb6a7a2da65c') in 0.001304 seconds 
  Import took 0.003633 seconds .

========================================================================
Received Import Request.
  Time since last request: 0.008911 seconds.
  path: Assets/Materials/sandstone.png
  artifactKey: Guid(2eb7abf283a54614d995d4fe1c533575) Importer(815301076,1909f56bfc062723c751e8b465ee728b)
Start importing Assets/Materials/sandstone.png using Guid(2eb7abf283a54614d995d4fe1c533575) Importer(815301076,1909f56bfc062723c751e8b465ee728b)  -> (artifact id: '27720d8348529e6b985822ed47b3f703') in 0.012882 seconds 
  Import took 0.015418 seconds .

========================================================================
Received Import Request.
  Time since last request: 0.006215 seconds.
  path: Assets/Animations/Codey@run.fbx
  artifactKey: Guid(c22be356be1efd3488ac6e73d74190b0) Importer(815301076,1909f56bfc062723c751e8b465ee728b)
Start importing Assets/Animations/Codey@run.fbx using Guid(c22be356be1efd3488ac6e73d74190b0) Importer(815301076,1909f56bfc062723c751e8b465ee728b)  -> (artifact id: '7f98609f25697a08bff8fbd1820c2e69') in 0.010273 seconds 
  Import took 0.013196 seconds .

========================================================================
Received Import Request.
  Time since last request: 0.004073 seconds.
  path: Assets/Scripts/Timer.cs
  artifactKey: Guid(a00cdfcef1049a4438d62752da566967) Importer(815301076,1909f56bfc062723c751e8b465ee728b)
Start importing Assets/Scripts/Timer.cs using Guid(a00cdfcef1049a4438d62752da566967) Importer(815301076,1909f56bfc062723c751e8b465ee728b)  -> (artifact id: '8c640350c0f4d4527663466ecae0e3b7') in 0.006201 seconds 
  Import took 0.009124 seconds .

AssetImportWorkerClient::OnTransportError - code=2 error=End of file
